Forces:     0.020347
Candidates: 0.020000
Neighbors:  0.081000
Iterations: 0.079361
Vorticity:  0.000231
Viscosity:  0.000104
Update:     0.000025

Forces:     0.000025
Candidates: 0.000027
Neighbors:  0.000664
Iterations: 0.002599
Vorticity:  0.000227
Viscosity:  0.000141
Update:     0.000030

Forces:     0.000023
Candidates: 0.000030
Neighbors:  0.000668
Iterations: 0.002891
Vorticity:  0.000226
Viscosity:  0.000096
Update:     0.000029

Forces:     0.000019
Candidates: 0.000040
Neighbors:  0.000672
Iterations: 0.002709
Vorticity:  0.000251
Viscosity:  0.000140
Update:     0.000029

Forces:     0.000023
Candidates: 0.000037
Neighbors:  0.000679
Iterations: 0.002950
Vorticity:  0.000237
Viscosity:  0.000095
Update:     0.000030

Forces:     0.000022
Candidates: 0.000040
Neighbors:  0.000698
Iterations: 0.002764
Vorticity:  0.000242
Viscosity:  0.000135
Update:     0.000036

Forces:     0.000021
Candidates: 0.000034
Neighbors:  0.000694
Iterations: 0.003082
Vorticity:  0.000241
Viscosity:  0.000101
Update:     0.000029

Forces:     0.000024
Candidates: 0.000032
Neighbors:  0.000674
Iterations: 0.002783
Vorticity:  0.000245
Viscosity:  0.000137
Update:     0.000029

Forces:     0.000021
Candidates: 0.000031
Neighbors:  0.000670
Iterations: 0.003005
Vorticity:  0.000249
Viscosity:  0.000098
Update:     0.000028

Forces:     0.000020
Candidates: 0.000034
Neighbors:  0.000677
Iterations: 0.002799
Vorticity:  0.000241
Viscosity:  0.000146
Update:     0.000028

Forces:     0.000024
Candidates: 0.000041
Neighbors:  0.000683
Iterations: 0.002981
Vorticity:  0.000240
Viscosity:  0.000110
Update:     0.000036

Forces:     0.000021
Candidates: 0.000035
Neighbors:  0.000671
Iterations: 0.002783
Vorticity:  0.000244
Viscosity:  0.000137
Update:     0.000029

Forces:     0.000023
Candidates: 0.000033
Neighbors:  0.000677
Iterations: 0.002972
Vorticity:  0.000242
Viscosity:  0.000107
Update:     0.000028

Forces:     0.000019
Candidates: 0.000031
Neighbors:  0.000675
Iterations: 0.002762
Vorticity:  0.000239
Viscosity:  0.000142
Update:     0.000029

Forces:     0.000023
Candidates: 0.000035
Neighbors:  0.000674
Iterations: 0.002951
Vorticity:  0.000238
Viscosity:  0.000103
Update:     0.000028

Forces:     0.000023
Candidates: 0.000036
Neighbors:  0.000682
Iterations: 0.002898
Vorticity:  0.000239
Viscosity:  0.000102
Update:     0.000037

Forces:     0.000021
Candidates: 0.000038
Neighbors:  0.000667
Iterations: 0.002748
Vorticity:  0.000236
Viscosity:  0.000134
Update:     0.000023

Forces:     0.000024
Candidates: 0.000032
Neighbors:  0.000658
Iterations: 0.002902
Vorticity:  0.000237
Viscosity:  0.000108
Update:     0.000028

Forces:     0.000021
Candidates: 0.000040
Neighbors:  0.000666
Iterations: 0.002787
Vorticity:  0.000237
Viscosity:  0.000104
Update:     0.000030

Forces:     0.000022
Candidates: 0.000033
Neighbors:  0.000666
Iterations: 0.002774
Vorticity:  0.000238
Viscosity:  0.000142
Update:     0.000024

Forces:     0.000026
Candidates: 0.000038
Neighbors:  0.000665
Iterations: 0.002968
Vorticity:  0.000236
Viscosity:  0.000108
Update:     0.000041

Forces:     0.000020
Candidates: 0.000035
Neighbors:  0.000664
Iterations: 0.002802
Vorticity:  0.000232
Viscosity:  0.000142
Update:     0.000031

Forces:     0.000023
Candidates: 0.000034
Neighbors:  0.000670
Iterations: 0.002802
Vorticity:  0.000237
Viscosity:  0.000133
Update:     0.000022

Forces:     0.000023
Candidates: 0.000038
Neighbors:  0.000652
Iterations: 0.002916
Vorticity:  0.000236
Viscosity:  0.000105
Update:     0.000028

Forces:     0.000022
Candidates: 0.000040
Neighbors:  0.000666
Iterations: 0.002948
Vorticity:  0.000230
Viscosity:  0.000111
Update:     0.000031

Forces:     0.000026
Candidates: 0.000036
Neighbors:  0.000673
Iterations: 0.002777
Vorticity:  0.000238
Viscosity:  0.000132
Update:     0.000040

Forces:     0.000023
Candidates: 0.000033
Neighbors:  0.000667
Iterations: 0.002917
Vorticity:  0.000232
Viscosity:  0.000139
Update:     0.000030

Forces:     0.000023
Candidates: 0.000036
Neighbors:  0.000686
Iterations: 0.002952
Vorticity:  0.000232
Viscosity:  0.000105
Update:     0.000030

Forces:     0.000035
Candidates: 0.000027
Neighbors:  0.000660
Iterations: 0.002992
Vorticity:  0.000229
Viscosity:  0.000107
Update:     0.000030

Forces:     0.000023
Candidates: 0.000033
Neighbors:  0.000663
Iterations: 0.002716
Vorticity:  0.000233
Viscosity:  0.000125
Update:     0.000029

Forces:     0.000027
Candidates: 0.000038
Neighbors:  0.000668
Iterations: 0.002752
Vorticity:  0.000232
Viscosity:  0.000140
Update:     0.000037

Forces:     0.000023
Candidates: 0.000042
Neighbors:  0.000662
Iterations: 0.002990
Vorticity:  0.000231
Viscosity:  0.000112
Update:     0.000029

Forces:     0.000023
Candidates: 0.000033
Neighbors:  0.000671
Iterations: 0.002797
Vorticity:  0.000231
Viscosity:  0.000135
Update:     0.000028

Forces:     0.000023
Candidates: 0.000035
Neighbors:  0.000664
Iterations: 0.002869
Vorticity:  0.000234
Viscosity:  0.000146
Update:     0.000032

Forces:     0.000021
Candidates: 0.000032
Neighbors:  0.000675
Iterations: 0.003241
Vorticity:  0.000262
Viscosity:  0.000107
Update:     0.000028

Forces:     0.000022
Candidates: 0.000040
Neighbors:  0.000677
Iterations: 0.002838
Vorticity:  0.000231
Viscosity:  0.000144
Update:     0.000037

Forces:     0.000022
Candidates: 0.000033
Neighbors:  0.000698
Iterations: 0.003085
Vorticity:  0.000254
Viscosity:  0.000098
Update:     0.000027

Forces:     0.000027
Candidates: 0.000040
Neighbors:  0.000689
Iterations: 0.002941
Vorticity:  0.000254
Viscosity:  0.000151
Update:     0.000021

Forces:     0.000021
Candidates: 0.000042
Neighbors:  0.000687
Iterations: 0.003155
Vorticity:  0.000252
Viscosity:  0.000096
Update:     0.000023

Forces:     0.000020
Candidates: 0.000040
Neighbors:  0.000694
Iterations: 0.002890
Vorticity:  0.000252
Viscosity:  0.000137
Update:     0.000024

Forces:     0.000022
Candidates: 0.000045
Neighbors:  0.000685
Iterations: 0.003160
Vorticity:  0.000281
Viscosity:  0.000096
Update:     0.000037

Forces:     0.000023
Candidates: 0.000036
Neighbors:  0.000713
Iterations: 0.002918
Vorticity:  0.000251
Viscosity:  0.000145
Update:     0.000027

Forces:     0.000026
Candidates: 0.000033
Neighbors:  0.000699
Iterations: 0.003122
Vorticity:  0.000259
Viscosity:  0.000102
Update:     0.000026

Forces:     0.000020
Candidates: 0.000043
Neighbors:  0.000696
Iterations: 0.002915
Vorticity:  0.000253
Viscosity:  0.000166
Update:     0.000026

Forces:     0.000024
Candidates: 0.000039
Neighbors:  0.000683
Iterations: 0.003226
Vorticity:  0.000267
Viscosity:  0.000105
Update:     0.000023

Forces:     0.000021
Candidates: 0.000034
Neighbors:  0.000694
Iterations: 0.003707
Vorticity:  0.000327
Viscosity:  0.000111
Update:     0.000035

Forces:     0.000022
Candidates: 0.000036
Neighbors:  0.000699
Iterations: 0.002918
Vorticity:  0.000255
Viscosity:  0.000150
Update:     0.000026

Forces:     0.000021
Candidates: 0.000039
Neighbors:  0.000694
Iterations: 0.003840
Vorticity:  0.000336
Viscosity:  0.000115
Update:     0.000025

Forces:     0.000024
Candidates: 0.000035
Neighbors:  0.000696
Iterations: 0.002977
Vorticity:  0.000260
Viscosity:  0.000142
Update:     0.000023

Forces:     0.000020
Candidates: 0.000031
Neighbors:  0.000716
Iterations: 0.003849
Vorticity:  0.000332
Viscosity:  0.000113
Update:     0.000026

Forces:     0.000021
Candidates: 0.000046
Neighbors:  0.000697
Iterations: 0.002978
Vorticity:  0.000260
Viscosity:  0.000159
Update:     0.000035

Forces:     0.000022
Candidates: 0.000037
Neighbors:  0.000716
Iterations: 0.003941
Vorticity:  0.000348
Viscosity:  0.000114
Update:     0.000028

Forces:     0.000020
Candidates: 0.000036
Neighbors:  0.000704
Iterations: 0.003035
Vorticity:  0.000256
Viscosity:  0.000159
Update:     0.000026

Forces:     0.000019
Candidates: 0.000033
Neighbors:  0.000700
Iterations: 0.003886
Vorticity:  0.000326
Viscosity:  0.000114
Update:     0.000025

Forces:     0.000023
Candidates: 0.000042
Neighbors:  0.000699
Iterations: 0.003033
Vorticity:  0.000293
Viscosity:  0.000102
Update:     0.000031

Forces:     0.000023
Candidates: 0.000051
Neighbors:  0.000717
Iterations: 0.003016
Vorticity:  0.000263
Viscosity:  0.000137
Update:     0.000039

Forces:     0.000020
Candidates: 0.000033
Neighbors:  0.000706
Iterations: 0.004008
Vorticity:  0.000329
Viscosity:  0.000116
Update:     0.000026

Forces:     0.000023
Candidates: 0.000040
Neighbors:  0.000705
Iterations: 0.003039
Vorticity:  0.000259
Viscosity:  0.000155
Update:     0.000027

Forces:     0.000021
Candidates: 0.000030
Neighbors:  0.000713
Iterations: 0.003988
Vorticity:  0.000335
Viscosity:  0.000116
Update:     0.000025

Forces:     0.000022
Candidates: 0.000035
Neighbors:  0.000706
Iterations: 0.003102
Vorticity:  0.000263
Viscosity:  0.000165
Update:     0.000029

Forces:     0.000021
Candidates: 0.000035
Neighbors:  0.000718
Iterations: 0.003098
Vorticity:  0.000263
Viscosity:  0.000171
Update:     0.000039

Forces:     0.000021
Candidates: 0.000034
Neighbors:  0.000716
Iterations: 0.004123
Vorticity:  0.000361
Viscosity:  0.000104
Update:     0.000029

Forces:     0.000023
Candidates: 0.000031
Neighbors:  0.000715
Iterations: 0.003132
Vorticity:  0.000267
Viscosity:  0.000165
Update:     0.000026

Forces:     0.000019
Candidates: 0.000032
Neighbors:  0.000721
Iterations: 0.004190
Vorticity:  0.000343
Viscosity:  0.000128
Update:     0.000026

Forces:     0.000022
Candidates: 0.000034
Neighbors:  0.000713
Iterations: 0.003176
Vorticity:  0.000267
Viscosity:  0.000169
Update:     0.000042

Forces:     0.000022
Candidates: 0.000034
Neighbors:  0.000717
Iterations: 0.003149
Vorticity:  0.000266
Viscosity:  0.000156
Update:     0.000038

Forces:     0.000021
Candidates: 0.000037
Neighbors:  0.000722
Iterations: 0.004256
Vorticity:  0.000367
Viscosity:  0.000118
Update:     0.000025

Forces:     0.000025
Candidates: 0.000031
Neighbors:  0.000715
Iterations: 0.003292
Vorticity:  0.000267
Viscosity:  0.000183
Update:     0.000028

Forces:     0.000022
Candidates: 0.000038
Neighbors:  0.000725
Iterations: 0.004255
Vorticity:  0.000368
Viscosity:  0.000119
Update:     0.000024

Forces:     0.000023
Candidates: 0.000036
Neighbors:  0.000753
Iterations: 0.003273
Vorticity:  0.000273
Viscosity:  0.000168
Update:     0.000068

Forces:     0.000023
Candidates: 0.000038
Neighbors:  0.000750
Iterations: 0.004486
Vorticity:  0.000367
Viscosity:  0.000120
Update:     0.000035

Forces:     0.000023
Candidates: 0.000032
Neighbors:  0.000743
Iterations: 0.003296
Vorticity:  0.000276
Viscosity:  0.000178
Update:     0.000095

Forces:     0.000053
Candidates: 0.000033
Neighbors:  0.000748
Iterations: 0.004406
Vorticity:  0.000377
Viscosity:  0.000123
Update:     0.000024

Forces:     0.000022
Candidates: 0.000031
Neighbors:  0.000716
Iterations: 0.003338
Vorticity:  0.000279
Viscosity:  0.000164
Update:     0.000112

Forces:     0.000022
Candidates: 0.000036
Neighbors:  0.000746
Iterations: 0.004549
Vorticity:  0.000384
Viscosity:  0.000123
Update:     0.000025

Forces:     0.000021
Candidates: 0.000044
Neighbors:  0.000736
Iterations: 0.003404
Vorticity:  0.000280
Viscosity:  0.000173
Update:     0.000040

Forces:     0.000022
Candidates: 0.000036
Neighbors:  0.000733
Iterations: 0.004699
Vorticity:  0.000424
Viscosity:  0.000125
Update:     0.000024

Forces:     0.000023
Candidates: 0.000042
Neighbors:  0.000732
Iterations: 0.003389
Vorticity:  0.000284
Viscosity:  0.000182
Update:     0.000028

Forces:     0.000021
Candidates: 0.000035
Neighbors:  0.000731
Iterations: 0.004831
Vorticity:  0.000413
Viscosity:  0.000132
Update:     0.000025

Forces:     0.000020
Candidates: 0.000041
Neighbors:  0.000727
Iterations: 0.003441
Vorticity:  0.000287
Viscosity:  0.000174
Update:     0.000035

Forces:     0.000021
Candidates: 0.000038
Neighbors:  0.000741
Iterations: 0.004660
Vorticity:  0.000381
Viscosity:  0.000134
Update:     0.000037

Forces:     0.000022
Candidates: 0.000036
Neighbors:  0.000736
Iterations: 0.004203
Vorticity:  0.000396
Viscosity:  0.000138
Update:     0.000026

Forces:     0.000021
Candidates: 0.000035
Neighbors:  0.000744
Iterations: 0.003523
Vorticity:  0.000293
Viscosity:  0.000189
Update:     0.000027

Forces:     0.000027
Candidates: 0.000031
Neighbors:  0.000749
Iterations: 0.004903
Vorticity:  0.000392
Viscosity:  0.000146
Update:     0.000063

Forces:     0.000039
Candidates: 0.000033
Neighbors:  0.000748
Iterations: 0.004850
Vorticity:  0.000389
Viscosity:  0.000145
Update:     0.000078

Forces:     0.000025
Candidates: 0.000048
Neighbors:  0.000743
Iterations: 0.003655
Vorticity:  0.000301
Viscosity:  0.000190
Update:     0.000040

Forces:     0.000023
Candidates: 0.000037
Neighbors:  0.000741
Iterations: 0.004994
Vorticity:  0.000409
Viscosity:  0.000152
Update:     0.000027

Forces:     0.000022
Candidates: 0.000040
Neighbors:  0.000746
Iterations: 0.004233
Vorticity:  0.000298
Viscosity:  0.000174
Update:     0.000034

Forces:     0.000032
Candidates: 0.000040
Neighbors:  0.000783
Iterations: 0.004009
Vorticity:  0.000300
Viscosity:  0.000209
Update:     0.000033

Forces:     0.000030
Candidates: 0.000039
Neighbors:  0.000778
Iterations: 0.004067
Vorticity:  0.000304
Viscosity:  0.000192
Update:     0.000034

Forces:     0.000033
Candidates: 0.000046
Neighbors:  0.000800
Iterations: 0.004100
Vorticity:  0.000303
Viscosity:  0.000205
Update:     0.000038

Forces:     0.000027
Candidates: 0.000039
Neighbors:  0.000781
Iterations: 0.004089
Vorticity:  0.000307
Viscosity:  0.000197
Update:     0.000034

Forces:     0.000027
Candidates: 0.000037
Neighbors:  0.000786
Iterations: 0.004151
Vorticity:  0.000310
Viscosity:  0.000210
Update:     0.000032

Forces:     0.000029
Candidates: 0.000040
Neighbors:  0.000791
Iterations: 0.004138
Vorticity:  0.000313
Viscosity:  0.000211
Update:     0.000036

Forces:     0.000027
Candidates: 0.000043
Neighbors:  0.000800
Iterations: 0.004197
Vorticity:  0.000313
Viscosity:  0.000221
Update:     0.000046

Forces:     0.000024
Candidates: 0.000049
Neighbors:  0.000796
Iterations: 0.004033
Vorticity:  0.000299
Viscosity:  0.000189
Update:     0.000041

Forces:     0.000028
Candidates: 0.000040
Neighbors:  0.000784
Iterations: 0.004039
Vorticity:  0.000310
Viscosity:  0.000207
Update:     0.000042

Forces:     0.000027
Candidates: 0.000036
Neighbors:  0.000810
Iterations: 0.004105
Vorticity:  0.000303
Viscosity:  0.000201
Update:     0.000034

Forces:     0.000034
Candidates: 0.000031
Neighbors:  0.000784
Iterations: 0.004130
Vorticity:  0.000311
Viscosity:  0.000205
Update:     0.000039

Forces:     0.000029
Candidates: 0.000036
Neighbors:  0.000802
Iterations: 0.004167
Vorticity:  0.000309
Viscosity:  0.000215
Update:     0.000075

Forces:     0.000027
Candidates: 0.000037
Neighbors:  0.000802
Iterations: 0.004233
Vorticity:  0.000310
Viscosity:  0.000248
Update:     0.000040

Forces:     0.000031
Candidates: 0.000033
Neighbors:  0.000803
Iterations: 0.004330
Vorticity:  0.000315
Viscosity:  0.000221
Update:     0.000043

Forces:     0.000029
Candidates: 0.000038
Neighbors:  0.000805
Iterations: 0.005006
Vorticity:  0.000396
Viscosity:  0.000214
Update:     0.000032

Forces:     0.000028
Candidates: 0.000041
Neighbors:  0.000819
Iterations: 0.004595
Vorticity:  0.000404
Viscosity:  0.000250
Update:     0.000031

Forces:     0.000031
Candidates: 0.000032
Neighbors:  0.000790
Iterations: 0.004647
Vorticity:  0.000404
Viscosity:  0.000265
Update:     0.000037

Forces:     0.000023
Candidates: 0.000046
Neighbors:  0.000800
Iterations: 0.005310
Vorticity:  0.000445
Viscosity:  0.000227
Update:     0.000040

Forces:     0.000029
Candidates: 0.000041
Neighbors:  0.000793
Iterations: 0.004727
Vorticity:  0.000416
Viscosity:  0.000266
Update:     0.000034

Forces:     0.000031
Candidates: 0.000046
Neighbors:  0.000809
Iterations: 0.004777
Vorticity:  0.000424
Viscosity:  0.000302
Update:     0.000036

Forces:     0.000028
Candidates: 0.000034
Neighbors:  0.000803
Iterations: 0.004842
Vorticity:  0.000405
Viscosity:  0.000259
Update:     0.000034

Forces:     0.000028
Candidates: 0.000041
Neighbors:  0.000799
Iterations: 0.004847
Vorticity:  0.000424
Viscosity:  0.000274
Update:     0.000034

Forces:     0.000033
Candidates: 0.000044
Neighbors:  0.000811
Iterations: 0.004944
Vorticity:  0.000444
Viscosity:  0.000300
Update:     0.000038

Forces:     0.000032
Candidates: 0.000035
Neighbors:  0.000810
Iterations: 0.005060
Vorticity:  0.000419
Viscosity:  0.000295
Update:     0.000038

Forces:     0.000034
Candidates: 0.000030
Neighbors:  0.000870
Iterations: 0.005156
Vorticity:  0.000427
Viscosity:  0.000265
Update:     0.000033

Forces:     0.000034
Candidates: 0.000039
Neighbors:  0.000810
Iterations: 0.005203
Vorticity:  0.000469
Viscosity:  0.000268
Update:     0.000033

Forces:     0.000031
Candidates: 0.000038
Neighbors:  0.000821
Iterations: 0.005833
Vorticity:  0.000474
Viscosity:  0.000353
Update:     0.000039

Forces:     0.000033
Candidates: 0.000050
Neighbors:  0.000821
Iterations: 0.005791
Vorticity:  0.000422
Viscosity:  0.000368
Update:     0.000037

Forces:     0.000025
Candidates: 0.000044
Neighbors:  0.000812
Iterations: 0.006071
Vorticity:  0.000432
Viscosity:  0.000359
Update:     0.000036

Forces:     0.000028
Candidates: 0.000040
Neighbors:  0.000839
Iterations: 0.005985
Vorticity:  0.000425
Viscosity:  0.000287
Update:     0.000197

Forces:     0.000056
Candidates: 0.000046
Neighbors:  0.000873
Iterations: 0.006310
Vorticity:  0.000420
Viscosity:  0.000379
Update:     0.000029

Forces:     0.000030
Candidates: 0.000044
Neighbors:  0.000831
Iterations: 0.006015
Vorticity:  0.000408
Viscosity:  0.000404
Update:     0.000039

Forces:     0.000029
Candidates: 0.000054
Neighbors:  0.000828
Iterations: 0.006111
Vorticity:  0.000417
Viscosity:  0.000408
Update:     0.000038

Forces:     0.000028
Candidates: 0.000039
Neighbors:  0.000828
Iterations: 0.006347
Vorticity:  0.000440
Viscosity:  0.000409
Update:     0.000033

Forces:     0.000032
Candidates: 0.000035
Neighbors:  0.000829
Iterations: 0.006419
Vorticity:  0.000418
Viscosity:  0.000283
Update:     0.000024

Forces:     0.000021
Candidates: 0.000031
Neighbors:  0.000919
Iterations: 0.006163
Vorticity:  0.000422
Viscosity:  0.000311
Update:     0.000024

Forces:     0.000019
Candidates: 0.000034
Neighbors:  0.000878
Iterations: 0.006266
Vorticity:  0.000422
Viscosity:  0.000294
Update:     0.000021

Forces:     0.000021
Candidates: 0.000050
Neighbors:  0.000887
Iterations: 0.006330
Vorticity:  0.000424
Viscosity:  0.000293
Update:     0.000043

Forces:     0.000020
Candidates: 0.000029
Neighbors:  0.000887
Iterations: 0.006426
Vorticity:  0.000524
Viscosity:  0.000290
Update:     0.000130

Forces:     0.000030
Candidates: 0.000033
Neighbors:  0.000906
Iterations: 0.006907
Vorticity:  0.000479
Viscosity:  0.000308
Update:     0.000022

Forces:     0.000022
Candidates: 0.000031
Neighbors:  0.000905
Iterations: 0.006444
Vorticity:  0.000639
Viscosity:  0.000302
Update:     0.000058

Forces:     0.000022
Candidates: 0.000037
Neighbors:  0.000938
Iterations: 0.006861
Vorticity:  0.000471
Viscosity:  0.000300
Update:     0.000023

Forces:     0.000022
Candidates: 0.000036
Neighbors:  0.000902
Iterations: 0.006595
Vorticity:  0.000495
Viscosity:  0.000297
Update:     0.000076

Forces:     0.000020
Candidates: 0.000034
Neighbors:  0.000960
Iterations: 0.007000
Vorticity:  0.000496
Viscosity:  0.000323
Update:     0.000023

Forces:     0.000020
Candidates: 0.000035
Neighbors:  0.000924
Iterations: 0.006664
Vorticity:  0.000658
Viscosity:  0.000292
Update:     0.000078

Forces:     0.000029
Candidates: 0.000031
Neighbors:  0.000948
Iterations: 0.007155
Vorticity:  0.000468
Viscosity:  0.000336
Update:     0.000022

Forces:     0.000024
Candidates: 0.000033
Neighbors:  0.000929
Iterations: 0.006766
Vorticity:  0.000670
Viscosity:  0.000307
Update:     0.000062

Forces:     0.000021
Candidates: 0.000035
Neighbors:  0.000921
Iterations: 0.006814
Vorticity:  0.000519
Viscosity:  0.000308
Update:     0.000090

Forces:     0.000038
Candidates: 0.000029
Neighbors:  0.000949
Iterations: 0.007177
Vorticity:  0.000478
Viscosity:  0.000345
Update:     0.000022

Forces:     0.000020
Candidates: 0.000028
Neighbors:  0.000934
Iterations: 0.007116
Vorticity:  0.000457
Viscosity:  0.000318
Update:     0.000024

Forces:     0.000020
Candidates: 0.000035
Neighbors:  0.000933
Iterations: 0.006912
Vorticity:  0.000626
Viscosity:  0.000309
Update:     0.000066

Forces:     0.000020
Candidates: 0.000030
Neighbors:  0.000970
Iterations: 0.007067
Vorticity:  0.000458
Viscosity:  0.000343
Update:     0.000167

Forces:     0.000028
Candidates: 0.000050
Neighbors:  0.000935
Iterations: 0.006643
Vorticity:  0.000447
Viscosity:  0.000337
Update:     0.000111

Forces:     0.000027
Candidates: 0.000040
Neighbors:  0.000957
Iterations: 0.006779
Vorticity:  0.000450
Viscosity:  0.000322
Update:     0.000070

Forces:     0.000023
Candidates: 0.000044
Neighbors:  0.000947
Iterations: 0.006765
Vorticity:  0.000456
Viscosity:  0.000333
Update:     0.000031

Forces:     0.000030
Candidates: 0.000040
Neighbors:  0.000938
Iterations: 0.006662
Vorticity:  0.000451
Viscosity:  0.000333
Update:     0.000074

Forces:     0.000032
Candidates: 0.000039
Neighbors:  0.000944
Iterations: 0.006804
Vorticity:  0.000451
Viscosity:  0.000329
Update:     0.000032

Forces:     0.000024
Candidates: 0.000040
Neighbors:  0.000864
Iterations: 0.006926
Vorticity:  0.000661
Viscosity:  0.000314
Update:     0.000101

Forces:     0.000020
Candidates: 0.000036
Neighbors:  0.000921
Iterations: 0.006913
Vorticity:  0.000492
Viscosity:  0.000317
Update:     0.000028

Forces:     0.000022
Candidates: 0.000038
Neighbors:  0.000866
Iterations: 0.006945
Vorticity:  0.000591
Viscosity:  0.000312
Update:     0.000115

Forces:     0.000024
Candidates: 0.000039
Neighbors:  0.000906
Iterations: 0.006909
Vorticity:  0.000506
Viscosity:  0.000315
Update:     0.000028

Forces:     0.000022
Candidates: 0.000034
Neighbors:  0.000874
Iterations: 0.006980
Vorticity:  0.000535
Viscosity:  0.000315
Update:     0.000093

Forces:     0.000047
Candidates: 0.000049
Neighbors:  0.000884
Iterations: 0.006910
Vorticity:  0.000468
Viscosity:  0.000318
Update:     0.000040

Forces:     0.000022
Candidates: 0.000034
Neighbors:  0.000878
Iterations: 0.006987
Vorticity:  0.000637
Viscosity:  0.000314
Update:     0.000101

Forces:     0.000033
Candidates: 0.000035
Neighbors:  0.000939
Iterations: 0.006879
Vorticity:  0.000470
Viscosity:  0.000338
Update:     0.000028

Forces:     0.000023
Candidates: 0.000032
Neighbors:  0.000874
Iterations: 0.007082
Vorticity:  0.000664
Viscosity:  0.000311
Update:     0.000097

Forces:     0.000021
Candidates: 0.000036
Neighbors:  0.000938
Iterations: 0.007087
Vorticity:  0.000447
Viscosity:  0.000325
Update:     0.000028

Forces:     0.000021
Candidates: 0.000043
Neighbors:  0.000883
Iterations: 0.007216
Vorticity:  0.000657
Viscosity:  0.000318
Update:     0.000111

Forces:     0.000027
Candidates: 0.000035
Neighbors:  0.000925
Iterations: 0.007067
Vorticity:  0.000467
Viscosity:  0.000351
Update:     0.000029

Forces:     0.000023
Candidates: 0.000030
Neighbors:  0.000888
Iterations: 0.007134
Vorticity:  0.000570
Viscosity:  0.000327
Update:     0.000104

Forces:     0.000021
Candidates: 0.000034
Neighbors:  0.000934
Iterations: 0.007190
Vorticity:  0.000650
Viscosity:  0.000327
Update:     0.000111

Forces:     0.000020
Candidates: 0.000034
Neighbors:  0.000954
Iterations: 0.007032
Vorticity:  0.000487
Viscosity:  0.000338
Update:     0.000035

Forces:     0.000025
Candidates: 0.000046
Neighbors:  0.000888
Iterations: 0.007203
Vorticity:  0.000637
Viscosity:  0.000317
Update:     0.000102

Forces:     0.000029
Candidates: 0.000036
Neighbors:  0.000919
Iterations: 0.007094
Vorticity:  0.000468
Viscosity:  0.000331
Update:     0.000027

Forces:     0.000021
Candidates: 0.000034
Neighbors:  0.000887
Iterations: 0.007166
Vorticity:  0.000472
Viscosity:  0.000330
Update:     0.000027

Forces:     0.000022
Candidates: 0.000035
Neighbors:  0.000879
Iterations: 0.007218
Vorticity:  0.000669
Viscosity:  0.000319
Update:     0.000088

Forces:     0.000020
Candidates: 0.000038
Neighbors:  0.000932
Iterations: 0.007096
Vorticity:  0.000458
Viscosity:  0.000336
Update:     0.000026

Forces:     0.000022
Candidates: 0.000040
Neighbors:  0.000886
Iterations: 0.007322
Vorticity:  0.000596
Viscosity:  0.000319
Update:     0.000102

Forces:     0.000023
Candidates: 0.000038
Neighbors:  0.000914
Iterations: 0.007165
Vorticity:  0.000487
Viscosity:  0.000339
Update:     0.000027

Forces:     0.000022
Candidates: 0.000039
Neighbors:  0.000880
Iterations: 0.007334
Vorticity:  0.000629
Viscosity:  0.000327
Update:     0.000102

Forces:     0.000023
Candidates: 0.000035
Neighbors:  0.000912
Iterations: 0.007239
Vorticity:  0.000515
Viscosity:  0.000387
Update:     0.000028

Forces:     0.000023
Candidates: 0.000036
Neighbors:  0.000882
Iterations: 0.007331
Vorticity:  0.000646
Viscosity:  0.000320
Update:     0.000120

Forces:     0.000024
Candidates: 0.000036
Neighbors:  0.000882
Iterations: 0.007376
Vorticity:  0.000581
Viscosity:  0.000318
Update:     0.000105

Forces:     0.000021
Candidates: 0.000037
Neighbors:  0.000920
Iterations: 0.007266
Vorticity:  0.000473
Viscosity:  0.000351
Update:     0.000028

Forces:     0.000028
Candidates: 0.000042
Neighbors:  0.000882
Iterations: 0.007385
Vorticity:  0.000569
Viscosity:  0.000318
Update:     0.000112

Forces:     0.000020
Candidates: 0.000039
Neighbors:  0.000936
Iterations: 0.007185
Vorticity:  0.000535
Viscosity:  0.000383
Update:     0.000023

Forces:     0.000021
Candidates: 0.000034
Neighbors:  0.000890
Iterations: 0.007371
Vorticity:  0.000660
Viscosity:  0.000327
Update:     0.000084

Forces:     0.000024
Candidates: 0.000038
Neighbors:  0.000894
Iterations: 0.007319
Vorticity:  0.000491
Viscosity:  0.000351
Update:     0.000040

Forces:     0.000022
Candidates: 0.000034
Neighbors:  0.000889
Iterations: 0.007388
Vorticity:  0.000592
Viscosity:  0.000322
Update:     0.000103

Forces:     0.000022
Candidates: 0.000038
Neighbors:  0.000913
Iterations: 0.007270
Vorticity:  0.000475
Viscosity:  0.000353
Update:     0.000024

Forces:     0.000022
Candidates: 0.000034
Neighbors:  0.000886
Iterations: 0.007343
Vorticity:  0.000590
Viscosity:  0.000330
Update:     0.000102

Forces:     0.000021
Candidates: 0.000039
Neighbors:  0.000924
Iterations: 0.007378
Vorticity:  0.000640
Viscosity:  0.000321
Update:     0.000110

Forces:     0.000022
Candidates: 0.000040
Neighbors:  0.000874
Iterations: 0.007392
Vorticity:  0.000700
Viscosity:  0.000326
Update:     0.000109

Forces:     0.000022
Candidates: 0.000035
Neighbors:  0.000916
Iterations: 0.007266
Vorticity:  0.000483
Viscosity:  0.000333
Update:     0.000026

Forces:     0.000025
Candidates: 0.000037
Neighbors:  0.000873
Iterations: 0.007486
Vorticity:  0.000626
Viscosity:  0.000348
Update:     0.000082

Forces:     0.000023
Candidates: 0.000042
Neighbors:  0.000919
Iterations: 0.007268
Vorticity:  0.000533
Viscosity:  0.000398
Update:     0.000027

Forces:     0.000024
Candidates: 0.000033
Neighbors:  0.001008
Iterations: 0.007879
Vorticity:  0.000525
Viscosity:  0.000338
Update:     0.000024

Forces:     0.000020
Candidates: 0.000037
Neighbors:  0.001035
Iterations: 0.007727
Vorticity:  0.000527
Viscosity:  0.000314
Update:     0.000036

Forces:     0.000020
Candidates: 0.000036
Neighbors:  0.001004
Iterations: 0.007779
Vorticity:  0.000521
Viscosity:  0.000412
Update:     0.000027

Forces:     0.000025
Candidates: 0.000035
Neighbors:  0.001011
Iterations: 0.008784
Vorticity:  0.000732
Viscosity:  0.000334
Update:     0.000190

Forces:     0.000021
Candidates: 0.000029
Neighbors:  0.001039
Iterations: 0.008297
Vorticity:  0.000500
Viscosity:  0.000371
Update:     0.000024

Forces:     0.000024
Candidates: 0.000035
Neighbors:  0.000997
Iterations: 0.007792
Vorticity:  0.000496
Viscosity:  0.000374
Update:     0.000021

Forces:     0.000021
Candidates: 0.000046
Neighbors:  0.000982
Iterations: 0.007610
Vorticity:  0.000493
Viscosity:  0.000372
Update:     0.000033

Forces:     0.000020
Candidates: 0.000037
Neighbors:  0.002170
Iterations: 0.007710
Vorticity:  0.000493
Viscosity:  0.000454
Update:     0.000025

Forces:     0.000021
Candidates: 0.000040
Neighbors:  0.000971
Iterations: 0.007435
Vorticity:  0.000494
Viscosity:  0.000360
Update:     0.000025

Forces:     0.000019
Candidates: 0.000039
Neighbors:  0.000980
Iterations: 0.007692
Vorticity:  0.000487
Viscosity:  0.000379
Update:     0.000025

Forces:     0.000020
Candidates: 0.000041
Neighbors:  0.000980
Iterations: 0.007653
Vorticity:  0.000491
Viscosity:  0.000366
Update:     0.000023

Forces:     0.000020
Candidates: 0.000049
Neighbors:  0.000980
Iterations: 0.007637
Vorticity:  0.000489
Viscosity:  0.000369
Update:     0.000035

Forces:     0.000020
Candidates: 0.000035
Neighbors:  0.000961
Iterations: 0.007378
Vorticity:  0.000490
Viscosity:  0.000350
Update:     0.000023

Forces:     0.000025
Candidates: 0.000038
Neighbors:  0.000990
Iterations: 0.007555
Vorticity:  0.000483
Viscosity:  0.000390
Update:     0.000023

Forces:     0.000023
Candidates: 0.000035
Neighbors:  0.000957
Iterations: 0.007414
Vorticity:  0.000486
Viscosity:  0.000347
Update:     0.000020

Forces:     0.000020
Candidates: 0.000037
Neighbors:  0.000963
Iterations: 0.007499
Vorticity:  0.000481
Viscosity:  0.000373
Update:     0.000022

Forces:     0.000021
Candidates: 0.000048
Neighbors:  0.000963
Iterations: 0.007478
Vorticity:  0.000481
Viscosity:  0.000361
Update:     0.000039

Forces:     0.000020
Candidates: 0.000039
Neighbors:  0.000948
Iterations: 0.007481
Vorticity:  0.000475
Viscosity:  0.000350
Update:     0.000023

Forces:     0.000019
Candidates: 0.000031
Neighbors:  0.000943
Iterations: 0.007393
Vorticity:  0.000534
Viscosity:  0.000373
Update:     0.000022

Forces:     0.000019
Candidates: 0.000040
Neighbors:  0.000945
Iterations: 0.007313
Vorticity:  0.000497
Viscosity:  0.000363
Update:     0.000022

Forces:     0.000021
Candidates: 0.000031
Neighbors:  0.000950
Iterations: 0.007320
Vorticity:  0.000471
Viscosity:  0.000350
Update:     0.000023

Forces:     0.000020
Candidates: 0.000050
Neighbors:  0.000951
Iterations: 0.007141
Vorticity:  0.000468
Viscosity:  0.000351
Update:     0.000033

Forces:     0.000019
Candidates: 0.000035
Neighbors:  0.000937
Iterations: 0.007187
Vorticity:  0.000465
Viscosity:  0.000361
Update:     0.000022

Forces:     0.000021
Candidates: 0.000034
Neighbors:  0.000929
Iterations: 0.007090
Vorticity:  0.000465
Viscosity:  0.000350
Update:     0.000024

Forces:     0.000020
Candidates: 0.000038
Neighbors:  0.000942
Iterations: 0.007143
Vorticity:  0.000460
Viscosity:  0.000363
Update:     0.000024

Forces:     0.000023
Candidates: 0.000029
Neighbors:  0.000945
Iterations: 0.007028
Vorticity:  0.000459
Viscosity:  0.000359
Update:     0.000022

Forces:     0.000020
Candidates: 0.000048
Neighbors:  0.000922
Iterations: 0.135013
Vorticity:  0.019994
Viscosity:  0.009954
Update:     0.012899

Forces:     0.009999
Candidates: 0.004849
Neighbors:  0.000863
Iterations: 0.006626
Vorticity:  0.000412
Viscosity:  0.000366
Update:     0.000030

Forces:     0.000023
Candidates: 0.000031
Neighbors:  0.000878
Iterations: 0.006517
Vorticity:  0.000431
Viscosity:  0.000368
Update:     0.000029

Forces:     0.000021
Candidates: 0.000033
Neighbors:  0.000865
Iterations: 0.008215
Vorticity:  0.000679
Viscosity:  0.000342
Update:     0.000024

Forces:     0.000025
Candidates: 0.000030
Neighbors:  0.000835
Iterations: 0.006927
Vorticity:  0.000563
Viscosity:  0.000376
Update:     0.000411

Forces:     0.000030
Candidates: 0.000036
Neighbors:  0.000838
Iterations: 0.006887
Vorticity:  0.000554
Viscosity:  0.000358
Update:     0.000391

Forces:     0.000030
Candidates: 0.000031
Neighbors:  0.000878
Iterations: 0.008670
Vorticity:  0.000653
Viscosity:  0.000342
Update:     0.000029

Forces:     0.000024
Candidates: 0.000035
Neighbors:  0.000845
Iterations: 0.008649
Vorticity:  0.000665
Viscosity:  0.000335
Update:     0.000033

Forces:     0.000026
Candidates: 0.000035
Neighbors:  0.000855
Iterations: 0.006885
Vorticity:  0.000538
Viscosity:  0.000366
Update:     0.000399

Forces:     0.000029
Candidates: 0.000030
Neighbors:  0.000898
Iterations: 0.008575
Vorticity:  0.000635
Viscosity:  0.000343
Update:     0.000026

Forces:     0.000023
Candidates: 0.000036
Neighbors:  0.000984
Iterations: 0.007223
Vorticity:  0.000474
Viscosity:  0.000367
Update:     0.000033

Forces:     0.000022
Candidates: 0.000032
Neighbors:  0.000976
Iterations: 0.007132
Vorticity:  0.000471
Viscosity:  0.000359
Update:     0.000025

Forces:     0.000021
Candidates: 0.000035
Neighbors:  0.000978
Iterations: 0.007233
Vorticity:  0.000468
Viscosity:  0.000361
Update:     0.000028

Forces:     0.000023
Candidates: 0.000030
Neighbors:  0.000964
Iterations: 0.007066
Vorticity:  0.000500
Viscosity:  0.000350
Update:     0.000029

Forces:     0.000021
Candidates: 0.000031
Neighbors:  0.000967
Iterations: 0.007185
Vorticity:  0.000568
Viscosity:  0.000355
Update:     0.000024

Forces:     0.000021
Candidates: 0.000033
Neighbors:  0.000987
Iterations: 0.007917
Vorticity:  0.000581
Viscosity:  0.000386
Update:     0.000042

Forces:     0.000022
Candidates: 0.000031
Neighbors:  0.000997
Iterations: 0.006999
Vorticity:  0.000458
Viscosity:  0.000346
Update:     0.000027

Forces:     0.000025
Candidates: 0.000025
Neighbors:  0.000989
Iterations: 0.006917
Vorticity:  0.000457
Viscosity:  0.000360
Update:     0.000023

Forces:     0.000023
Candidates: 0.000036
Neighbors:  0.000993
Iterations: 0.006966
Vorticity:  0.000461
Viscosity:  0.000339
Update:     0.000025

Forces:     0.000022
Candidates: 0.000036
Neighbors:  0.000955
Iterations: 0.006866
Vorticity:  0.000480
Viscosity:  0.000352
Update:     0.000026

Forces:     0.000024
Candidates: 0.000037
Neighbors:  0.000962
Iterations: 0.006571
Vorticity:  0.000416
Viscosity:  0.000370
Update:     0.000033

Forces:     0.000021
Candidates: 0.000030
Neighbors:  0.000928
Iterations: 0.008843
Vorticity:  0.000666
Viscosity:  0.000328
Update:     0.000027

Forces:     0.000021
Candidates: 0.000034
Neighbors:  0.000910
Iterations: 0.006589
Vorticity:  0.000604
Viscosity:  0.000347
Update:     0.000382

Forces:     0.000021
Candidates: 0.000029
Neighbors:  0.000889
Iterations: 0.006559
Vorticity:  0.000572
Viscosity:  0.000343
Update:     0.000353

Forces:     0.000028
Candidates: 0.000029
Neighbors:  0.000931
Iterations: 0.008819
Vorticity:  0.000657
Viscosity:  0.000314
Update:     0.000024

Forces:     0.000022
Candidates: 0.000035
Neighbors:  0.000906
Iterations: 0.008663
Vorticity:  0.000674
Viscosity:  0.000315
Update:     0.000037

Forces:     0.000021
Candidates: 0.000040
Neighbors:  0.000909
Iterations: 0.006584
Vorticity:  0.000620
Viscosity:  0.000354
Update:     0.000345

Forces:     0.000024
Candidates: 0.000031
Neighbors:  0.000940
Iterations: 0.008685
Vorticity:  0.000606
Viscosity:  0.000312
Update:     0.000025

Forces:     0.000022
Candidates: 0.000033
Neighbors:  0.000878
Iterations: 0.006398
Vorticity:  0.000568
Viscosity:  0.000335
Update:     0.000349

Forces:     0.000028
Candidates: 0.000030
Neighbors:  0.000934
Iterations: 0.007413
Vorticity:  0.000529
Viscosity:  0.000345
Update:     0.000354

Forces:     0.000022
Candidates: 0.000038
Neighbors:  0.000897
Iterations: 0.006802
Vorticity:  0.000405
Viscosity:  0.000296
Update:     0.000030

Forces:     0.000020
Candidates: 0.000033
Neighbors:  0.000859
Iterations: 0.005974
Vorticity:  0.000396
Viscosity:  0.000285
Update:     0.000026

Forces:     0.000023
Candidates: 0.000032
Neighbors:  0.000883
Iterations: 0.005928
Vorticity:  0.000395
Viscosity:  0.000307
Update:     0.000023

Forces:     0.000021
Candidates: 0.000030
Neighbors:  0.000869
Iterations: 0.005927
Vorticity:  0.000393
Viscosity:  0.000298
Update:     0.000023

Forces:     0.000020
Candidates: 0.000031
Neighbors:  0.000859
Iterations: 0.005916
Vorticity:  0.000386
Viscosity:  0.000295
Update:     0.000141

Forces:     0.000028
Candidates: 0.000048
Neighbors:  0.000873
Iterations: 0.005835
Vorticity:  0.000545
Viscosity:  0.000286
Update:     0.000278

Forces:     0.000028
Candidates: 0.000029
Neighbors:  0.000871
Iterations: 0.006087
Vorticity:  0.000412
Viscosity:  0.000289
Update:     0.000025

Forces:     0.000020
Candidates: 0.000032
Neighbors:  0.000847
Iterations: 0.005811
Vorticity:  0.000510
Viscosity:  0.000287
Update:     0.000277

Forces:     0.000021
Candidates: 0.000031
Neighbors:  0.000878
Iterations: 0.005816
Vorticity:  0.000379
Viscosity:  0.000282
Update:     0.000131

Forces:     0.000021
Candidates: 0.000031
Neighbors:  0.000861
Iterations: 0.005827
Vorticity:  0.000376
Viscosity:  0.000274
Update:     0.000125

Forces:     0.000023
Candidates: 0.000040
Neighbors:  0.000843
Iterations: 0.005846
Vorticity:  0.000377
Viscosity:  0.000281
Update:     0.000159

Forces:     0.000047
Candidates: 0.000029
Neighbors:  0.000848
Iterations: 0.005766
Vorticity:  0.000374
Viscosity:  0.000269
Update:     0.000120

Forces:     0.000020
Candidates: 0.000030
Neighbors:  0.000854
Iterations: 0.005752
Vorticity:  0.000372
Viscosity:  0.000272
Update:     0.000127

Forces:     0.000020
Candidates: 0.000034
Neighbors:  0.000841
Iterations: 0.005729
Vorticity:  0.000367
Viscosity:  0.000273
Update:     0.000138

Forces:     0.000019
Candidates: 0.000033
Neighbors:  0.000842
Iterations: 0.005711
Vorticity:  0.000372
Viscosity:  0.000266
Update:     0.000143

Forces:     0.000022
Candidates: 0.000039
Neighbors:  0.000820
Iterations: 0.005615
Vorticity:  0.000360
Viscosity:  0.000265
Update:     0.000144

Forces:     0.000029
Candidates: 0.000033
Neighbors:  0.000845
Iterations: 0.005564
Vorticity:  0.000381
Viscosity:  0.000275
Update:     0.000133

Forces:     0.000020
Candidates: 0.000030
Neighbors:  0.000835
Iterations: 0.005567
Vorticity:  0.000355
Viscosity:  0.000264
Update:     0.000151

Forces:     0.000023
Candidates: 0.000029
Neighbors:  0.000830
Iterations: 0.005597
Vorticity:  0.000356
Viscosity:  0.000280
Update:     0.000093

Forces:     0.000022
Candidates: 0.000032
Neighbors:  0.000847
Iterations: 0.005481
Vorticity:  0.000500
Viscosity:  0.000269
Update:     0.000258

Forces:     0.000023
Candidates: 0.000036
Neighbors:  0.000901
Iterations: 0.005705
Vorticity:  0.000365
Viscosity:  0.000309
Update:     0.000032

Forces:     0.000021
Candidates: 0.000031
Neighbors:  0.000866
Iterations: 0.006467
Vorticity:  0.000605
Viscosity:  0.000278
Update:     0.000024

Forces:     0.000021
Candidates: 0.000031
Neighbors:  0.000827
Iterations: 0.005725
Vorticity:  0.000500
Viscosity:  0.000302
Update:     0.000313

Forces:     0.000021
Candidates: 0.000032
Neighbors:  0.000880
Iterations: 0.007642
Vorticity:  0.000585
Viscosity:  0.000284
Update:     0.000024

Forces:     0.000021
Candidates: 0.000035
Neighbors:  0.000852
Iterations: 0.007576
Vorticity:  0.000580
Viscosity:  0.000283
Update:     0.000023

Forces:     0.000021
Candidates: 0.000038
Neighbors:  0.000846
Iterations: 0.007589
Vorticity:  0.000577
Viscosity:  0.000282
Update:     0.000036

Forces:     0.000023
Candidates: 0.000036
Neighbors:  0.000816
Iterations: 0.005648
Vorticity:  0.000491
Viscosity:  0.000317
Update:     0.000330

Forces:     0.000044
Candidates: 0.000031
Neighbors:  0.000814
Iterations: 0.005792
Vorticity:  0.000592
Viscosity:  0.000274
Update:     0.000026

Forces:     0.000027
Candidates: 0.000029
Neighbors:  0.000808
Iterations: 0.005603
Vorticity:  0.000458
Viscosity:  0.000304
Update:     0.000323

Forces:     0.000020
Candidates: 0.000033
Neighbors:  0.000878
Iterations: 0.007487
Vorticity:  0.000572
Viscosity:  0.000272
Update:     0.000024

Forces:     0.000022
Candidates: 0.000033
Neighbors:  0.000827
Iterations: 0.007409
Vorticity:  0.000557
Viscosity:  0.000266
Update:     0.000034

Forces:     0.000025
Candidates: 0.000038
Neighbors:  0.000816
Iterations: 0.005588
Vorticity:  0.000497
Viscosity:  0.000297
Update:     0.000310

Forces:     0.000031
Candidates: 0.000030
Neighbors:  0.000844
Iterations: 0.007508
Vorticity:  0.000493
Viscosity:  0.000302
Update:     0.000314

Forces:     0.000022
Candidates: 0.000031
Neighbors:  0.000852
Iterations: 0.007450
Vorticity:  0.000570
Viscosity:  0.000268
Update:     0.000024

Forces:     0.000021
Candidates: 0.000031
Neighbors:  0.000810
Iterations: 0.006626
Vorticity:  0.000630
Viscosity:  0.000262
Update:     0.000023

Forces:     0.000022
Candidates: 0.000046
Neighbors:  0.000814
Iterations: 0.006112
Vorticity:  0.000557
Viscosity:  0.000255
Update:     0.000033

Forces:     0.000021
Candidates: 0.000038
Neighbors:  0.000806
Iterations: 0.005464
Vorticity:  0.000457
Viscosity:  0.000291
Update:     0.000307

Forces:     0.000022
Candidates: 0.000035
Neighbors:  0.000848
Iterations: 0.007154
Vorticity:  0.000544
Viscosity:  0.000255
Update:     0.000025

Forces:     0.000020
Candidates: 0.000035
Neighbors:  0.000796
Iterations: 0.005426
Vorticity:  0.000481
Viscosity:  0.000282
Update:     0.000329

Forces:     0.000021
Candidates: 0.000031
Neighbors:  0.000843
Iterations: 0.007102
Vorticity:  0.000571
Viscosity:  0.000254
Update:     0.000024

Forces:     0.000022
Candidates: 0.000034
Neighbors:  0.000843
Iterations: 0.006452
Vorticity:  0.000485
Viscosity:  0.000286
Update:     0.000324

Forces:     0.000022
Candidates: 0.000029
Neighbors:  0.000849
Iterations: 0.006890
Vorticity:  0.000484
Viscosity:  0.000286
Update:     0.000298

Forces:     0.000022
Candidates: 0.000032
Neighbors:  0.000838
Iterations: 0.007098
Vorticity:  0.000544
Viscosity:  0.000260
Update:     0.000024

Forces:     0.000020
Candidates: 0.000035
Neighbors:  0.000837
Iterations: 0.005422
Vorticity:  0.000453
Viscosity:  0.000289
Update:     0.000294

Forces:     0.000021
Candidates: 0.000032
Neighbors:  0.000876
Iterations: 0.006927
Vorticity:  0.000577
Viscosity:  0.000264
Update:     0.000024

Forces:     0.000022
Candidates: 0.000045
Neighbors:  0.000833
Iterations: 0.005403
Vorticity:  0.000493
Viscosity:  0.000284
Update:     0.000299

Forces:     0.000029
Candidates: 0.000033
Neighbors:  0.000891
Iterations: 0.006981
Vorticity:  0.000526
Viscosity:  0.000247
Update:     0.000025

Forces:     0.000022
Candidates: 0.000031
Neighbors:  0.000821
Iterations: 0.006713
Vorticity:  0.000518
Viscosity:  0.000252
Update:     0.000023

Forces:     0.000021
Candidates: 0.000034
Neighbors:  0.000825
Iterations: 0.005362
Vorticity:  0.000457
Viscosity:  0.000276
Update:     0.000285

Forces:     0.000029
Candidates: 0.000029
Neighbors:  0.000861
Iterations: 0.006945
Vorticity:  0.000562
Viscosity:  0.000250
Update:     0.000023

Forces:     0.000029
Candidates: 0.000032
Neighbors:  0.000855
Iterations: 0.007102
Vorticity:  0.000539
Viscosity:  0.000253
Update:     0.000035

Forces:     0.000022
Candidates: 0.000042
Neighbors:  0.000810
Iterations: 0.005281
Vorticity:  0.000471
Viscosity:  0.000282
Update:     0.000298

Forces:     0.000021
Candidates: 0.000030
Neighbors:  0.000870
Iterations: 0.007029
Vorticity:  0.000532
Viscosity:  0.000249
Update:     0.000025

Forces:     0.000021
Candidates: 0.000033
Neighbors:  0.000829
Iterations: 0.005231
Vorticity:  0.000455
Viscosity:  0.000267
Update:     0.000284

Forces:     0.000021
Candidates: 0.000031
Neighbors:  0.000867
Iterations: 0.006243
Vorticity:  0.000294
Viscosity:  0.000231
Update:     0.000024

Forces:     0.000022
Candidates: 0.000041
Neighbors:  0.000739
Iterations: 0.004505
Vorticity:  0.000294
Viscosity:  0.000231
Update:     0.000036

Forces:     0.000021
Candidates: 0.000030
Neighbors:  0.000706
Iterations: 0.004548
Vorticity:  0.000290
Viscosity:  0.000235
Update:     0.000025

Forces:     0.000021
Candidates: 0.000034
Neighbors:  0.000704
Iterations: 0.004451
Vorticity:  0.000291
Viscosity:  0.000234
Update:     0.000024

Forces:     0.000020
Candidates: 0.000029
Neighbors:  0.000710
Iterations: 0.004494
Vorticity:  0.000288
Viscosity:  0.000236
Update:     0.000022

Forces:     0.000020
Candidates: 0.000030
Neighbors:  0.000711
Iterations: 0.004432
Vorticity:  0.000291
Viscosity:  0.000219
Update:     0.000024

Forces:     0.000020
Candidates: 0.000036
Neighbors:  0.000706
Iterations: 0.004455
Vorticity:  0.000297
Viscosity:  0.000234
Update:     0.000037

Forces:     0.000020
Candidates: 0.000033
Neighbors:  0.000715
Iterations: 0.004470
Vorticity:  0.000286
Viscosity:  0.000227
Update:     0.000156

Forces:     0.000019
Candidates: 0.000028
Neighbors:  0.000719
Iterations: 0.004443
Vorticity:  0.000286
Viscosity:  0.000224
Update:     0.000136

Forces:     0.000019
Candidates: 0.000034
Neighbors:  0.000702
Iterations: 0.004478
Vorticity:  0.000285
Viscosity:  0.000227
Update:     0.000162

Forces:     0.000020
Candidates: 0.000032
Neighbors:  0.000691
Iterations: 0.004406
Vorticity:  0.000284
Viscosity:  0.000228
Update:     0.000188

Forces:     0.000021
Candidates: 0.000034
Neighbors:  0.000701
Iterations: 0.004403
Vorticity:  0.000285
Viscosity:  0.000229
Update:     0.000189

Forces:     0.000020
Candidates: 0.000028
Neighbors:  0.000704
Iterations: 0.004435
Vorticity:  0.000280
Viscosity:  0.000219
Update:     0.000022

Forces:     0.000020
Candidates: 0.000029
Neighbors:  0.000691
Iterations: 0.004378
Vorticity:  0.000280
Viscosity:  0.000224
Update:     0.000023

Forces:     0.000020
Candidates: 0.000025
Neighbors:  0.000690
Iterations: 0.004359
Vorticity:  0.000281
Viscosity:  0.000223
Update:     0.000157

Forces:     0.000020
Candidates: 0.000033
Neighbors:  0.000701
Iterations: 0.004392
Vorticity:  0.000283
Viscosity:  0.000218
Update:     0.000098

Forces:     0.000019
Candidates: 0.000036
Neighbors:  0.000688
Iterations: 0.004363
Vorticity:  0.000282
Viscosity:  0.000228
Update:     0.000032

Forces:     0.000021
Candidates: 0.000037
Neighbors:  0.000702
Iterations: 0.004366
Vorticity:  0.000282
Viscosity:  0.000218
Update:     0.000177

Forces:     0.000019
Candidates: 0.000028
Neighbors:  0.000696
Iterations: 0.004292
Vorticity:  0.000284
Viscosity:  0.000222
Update:     0.000075

Forces:     0.000027
Candidates: 0.000035
Neighbors:  0.000686
Iterations: 0.004303
Vorticity:  0.000286
Viscosity:  0.000227
Update:     0.000112

Forces:     0.000025
Candidates: 0.000031
Neighbors:  0.000681
Iterations: 0.004300
Vorticity:  0.000281
Viscosity:  0.000226
Update:     0.000060

Forces:     0.000032
Candidates: 0.000044
Neighbors:  0.000682
Iterations: 0.004258
Vorticity:  0.000284
Viscosity:  0.000222
Update:     0.000124

Forces:     0.000027
Candidates: 0.000036
Neighbors:  0.000685
Iterations: 0.004336
Vorticity:  0.000285
Viscosity:  0.000223
Update:     0.000098

Forces:     0.000027
Candidates: 0.000037
Neighbors:  0.000675
Iterations: 0.004302
Vorticity:  0.000279
Viscosity:  0.000239
Update:     0.000052

Forces:     0.000027
Candidates: 0.000038
Neighbors:  0.000685
Iterations: 0.004309
Vorticity:  0.000284
Viscosity:  0.000258
Update:     0.000123

Forces:     0.000027
Candidates: 0.000039
Neighbors:  0.000684
Iterations: 0.004270
Vorticity:  0.000284
Viscosity:  0.000219
Update:     0.000091

Forces:     0.000029
Candidates: 0.000040
Neighbors:  0.000680
Iterations: 0.004266
Vorticity:  0.000282
Viscosity:  0.000259
Update:     0.000105

Forces:     0.000032
Candidates: 0.000035
Neighbors:  0.000709
Iterations: 0.004245
Vorticity:  0.000281
Viscosity:  0.000266
Update:     0.000130

Forces:     0.000028
Candidates: 0.000039
Neighbors:  0.000678
Iterations: 0.004261
Vorticity:  0.000290
Viscosity:  0.000216
Update:     0.000097

Forces:     0.000033
Candidates: 0.000036
Neighbors:  0.000678
Iterations: 0.004307
Vorticity:  0.000286
Viscosity:  0.000214
Update:     0.000121

Forces:     0.000031
Candidates: 0.000035
Neighbors:  0.000696
Iterations: 0.004205
Vorticity:  0.000287
Viscosity:  0.000230
Update:     0.000080

Forces:     0.000071
Candidates: 0.000049
Neighbors:  0.000675
Iterations: 0.004295
Vorticity:  0.000288
Viscosity:  0.000222
Update:     0.000109

Forces:     0.000031
Candidates: 0.000037
Neighbors:  0.000677
Iterations: 0.004208
Vorticity:  0.000289
Viscosity:  0.000217
Update:     0.000036

Forces:     0.000028
Candidates: 0.000035
Neighbors:  0.000673
Iterations: 0.004224
Vorticity:  0.000288
Viscosity:  0.000225
Update:     0.000104

Forces:     0.000031
Candidates: 0.000036
Neighbors:  0.000674
Iterations: 0.004273
Vorticity:  0.000302
Viscosity:  0.000212
Update:     0.000024

Forces:     0.000020
Candidates: 0.000028
Neighbors:  0.000687
Iterations: 0.004284
Vorticity:  0.000275
Viscosity:  0.000220
Update:     0.000024

Forces:     0.000021
Candidates: 0.000045
Neighbors:  0.000682
Iterations: 0.004276
Vorticity:  0.000293
Viscosity:  0.000212
Update:     0.000033

Forces:     0.000020
Candidates: 0.000036
Neighbors:  0.000682
Iterations: 0.004253
Vorticity:  0.000276
Viscosity:  0.000211
Update:     0.000024

Forces:     0.000032
Candidates: 0.000035
Neighbors:  0.000681
Iterations: 0.004299
Vorticity:  0.000281
Viscosity:  0.000208
Update:     0.000025

Forces:     0.000020
Candidates: 0.000027
Neighbors:  0.000688
Iterations: 0.004240
Vorticity:  0.000274
Viscosity:  0.000208
Update:     0.000023

Forces:     0.000019
Candidates: 0.000028
Neighbors:  0.000677
Iterations: 0.004245
Vorticity:  0.000278
Viscosity:  0.000216
Update:     0.000181

Forces:     0.000021
Candidates: 0.000040
Neighbors:  0.000705
Iterations: 0.004229
Vorticity:  0.000277
Viscosity:  0.000216
Update:     0.000034

Forces:     0.000023
Candidates: 0.000030
Neighbors:  0.000684
Iterations: 0.004241
Vorticity:  0.000282
Viscosity:  0.000230
Update:     0.000209

Forces:     0.000019
Candidates: 0.000028
Neighbors:  0.000690
Iterations: 0.004315
Vorticity:  0.000299
Viscosity:  0.000209
Update:     0.000021

Forces:     0.000019
Candidates: 0.000034
Neighbors:  0.000697
Iterations: 0.004251
Vorticity:  0.000278
Viscosity:  0.000218
Update:     0.000022

Forces:     0.000026
Candidates: 0.000026
Neighbors:  0.000681
Iterations: 0.004276
Vorticity:  0.000280
Viscosity:  0.000203
Update:     0.000024

Forces:     0.000021
Candidates: 0.000042
Neighbors:  0.000682
Iterations: 0.004286
Vorticity:  0.000279
Viscosity:  0.000213
Update:     0.000037

Forces:     0.000021
Candidates: 0.000034
Neighbors:  0.000666
Iterations: 0.004261
Vorticity:  0.000275
Viscosity:  0.000222
Update:     0.000039

Forces:     0.000026
Candidates: 0.000040
Neighbors:  0.000635
Iterations: 0.004165
Vorticity:  0.000278
Viscosity:  0.000229
Update:     0.000035

Forces:     0.000028
Candidates: 0.000042
Neighbors:  0.000638
Iterations: 0.004195
Vorticity:  0.000273
Viscosity:  0.000239
Update:     0.000033

Forces:     0.000026
Candidates: 0.000042
Neighbors:  0.000655
Iterations: 0.004220
Vorticity:  0.000273
Viscosity:  0.000240
Update:     0.000034

Forces:     0.000029
Candidates: 0.000049
Neighbors:  0.000644
Iterations: 0.004185
Vorticity:  0.000279
Viscosity:  0.000234
Update:     0.000043

Forces:     0.000027
Candidates: 0.000041
Neighbors:  0.000654
Iterations: 0.004171
Vorticity:  0.000276
Viscosity:  0.000243
Update:     0.000035

Forces:     0.000025
Candidates: 0.000047
Neighbors:  0.000630
Iterations: 0.004199
Vorticity:  0.000282
Viscosity:  0.000241
Update:     0.000031

Forces:     0.000024
Candidates: 0.000046
Neighbors:  0.000634
Iterations: 0.004130
Vorticity:  0.000279
Viscosity:  0.000255
Update:     0.000032

Forces:     0.000029
Candidates: 0.000044
Neighbors:  0.000646
Iterations: 0.004193
Vorticity:  0.000286
Viscosity:  0.000227
Update:     0.000033

Forces:     0.000027
Candidates: 0.000050
Neighbors:  0.000661
Iterations: 0.004264
Vorticity:  0.000345
Viscosity:  0.000223
Update:     0.000047

Forces:     0.000029
Candidates: 0.000040
Neighbors:  0.000649
Iterations: 0.004535
Vorticity:  0.000444
Viscosity:  0.000236
Update:     0.000037

Forces:     0.000027
Candidates: 0.000039
Neighbors:  0.000645
Iterations: 0.004506
Vorticity:  0.000404
Viscosity:  0.000234
Update:     0.000050

Forces:     0.000027
Candidates: 0.000039
Neighbors:  0.000653
Iterations: 0.004497
Vorticity:  0.000398
Viscosity:  0.000236
Update:     0.000034

Forces:     0.000028
Candidates: 0.000045
Neighbors:  0.000652
Iterations: 0.004773
Vorticity:  0.000294
Viscosity:  0.000242
Update:     0.000033

Forces:     0.000027
Candidates: 0.000047
Neighbors:  0.000662
Iterations: 0.004736
Vorticity:  0.000399
Viscosity:  0.000225
Update:     0.000040

Forces:     0.000027
Candidates: 0.000039
Neighbors:  0.000658
Iterations: 0.004738
Vorticity:  0.000465
Viscosity:  0.000228
Update:     0.000036

Forces:     0.000029
Candidates: 0.000039
Neighbors:  0.000657
Iterations: 0.004926
Vorticity:  0.000304
Viscosity:  0.000222
Update:     0.000031

Forces:     0.000024
Candidates: 0.000043
Neighbors:  0.000633
Iterations: 0.004934
Vorticity:  0.000408
Viscosity:  0.000226
Update:     0.000036

Forces:     0.000031
Candidates: 0.000039
Neighbors:  0.000697
Iterations: 0.004542
Vorticity:  0.000265
Viscosity:  0.000238
Update:     0.000023

Forces:     0.000024
Candidates: 0.000045
Neighbors:  0.000636
Iterations: 0.004137
Vorticity:  0.000261
Viscosity:  0.000221
Update:     0.000034

Forces:     0.000022
Candidates: 0.000036
Neighbors:  0.000628
Iterations: 0.004162
Vorticity:  0.000264
Viscosity:  0.000237
Update:     0.000022

Forces:     0.000020
Candidates: 0.000033
Neighbors:  0.000629
Iterations: 0.004164
Vorticity:  0.000266
Viscosity:  0.000224
Update:     0.000023

Forces:     0.000021
Candidates: 0.000038
Neighbors:  0.000637
Iterations: 0.004243
Vorticity:  0.000268
Viscosity:  0.000218
Update:     0.000023

Forces:     0.000020
Candidates: 0.000033
Neighbors:  0.000632
Iterations: 0.004220
Vorticity:  0.000264
Viscosity:  0.000224
Update:     0.000022

Forces:     0.000020
Candidates: 0.000049
Neighbors:  0.000637
Iterations: 0.004214
Vorticity:  0.000265
Viscosity:  0.000244
Update:     0.000036

Forces:     0.000021
Candidates: 0.000044
Neighbors:  0.000615
Iterations: 0.004254
Vorticity:  0.000273
Viscosity:  0.000237
Update:     0.000021

Forces:     0.000020
Candidates: 0.000033
Neighbors:  0.000637
Iterations: 0.004224
Vorticity:  0.000267
Viscosity:  0.000244
Update:     0.000024

Forces:     0.000021
Candidates: 0.000042
Neighbors:  0.000626
Iterations: 0.004198
Vorticity:  0.000270
Viscosity:  0.000233
Update:     0.000022

Forces:     0.000019
Candidates: 0.000036
Neighbors:  0.000658
Iterations: 0.004280
Vorticity:  0.000267
Viscosity:  0.000228
Update:     0.000023

Forces:     0.000022
Candidates: 0.000047
Neighbors:  0.000636
Iterations: 0.004217
Vorticity:  0.000264
Viscosity:  0.000226
Update:     0.000031

Forces:     0.000020
Candidates: 0.000041
Neighbors:  0.000646
Iterations: 0.004212
Vorticity:  0.000293
Viscosity:  0.000230
Update:     0.000022

Forces:     0.000019
Candidates: 0.000034
Neighbors:  0.000628
Iterations: 0.004224
Vorticity:  0.000263
Viscosity:  0.000240
Update:     0.000022

Forces:     0.000019
Candidates: 0.000037
Neighbors:  0.000627
Iterations: 0.004260
Vorticity:  0.000267
Viscosity:  0.000228
Update:     0.000023

Forces:     0.000020
Candidates: 0.000032
Neighbors:  0.000648
Iterations: 0.004240
Vorticity:  0.000269
Viscosity:  0.000237
Update:     0.000024

Forces:     0.000023
Candidates: 0.000045
Neighbors:  0.000633
Iterations: 0.004227
Vorticity:  0.000268
Viscosity:  0.000240
Update:     0.000033

Forces:     0.000019
Candidates: 0.000041
Neighbors:  0.000636
Iterations: 0.004232
Vorticity:  0.000269
Viscosity:  0.000227
Update:     0.000022

Forces:     0.000020
Candidates: 0.000037
Neighbors:  0.000630
Iterations: 0.004291
Vorticity:  0.000270
Viscosity:  0.000225
Update:     0.000022

Forces:     0.000019
Candidates: 0.000034
Neighbors:  0.000637
Iterations: 0.004194
Vorticity:  0.000270
Viscosity:  0.000231
Update:     0.000023

Forces:     0.000020
Candidates: 0.000043
Neighbors:  0.000628
Iterations: 0.004287
Vorticity:  0.000270
Viscosity:  0.000224
Update:     0.000022

Forces:     0.000022
Candidates: 0.000050
Neighbors:  0.000638
Iterations: 0.004369
Vorticity:  0.000271
Viscosity:  0.000235
Update:     0.000099

Forces:     0.000020
Candidates: 0.000036
Neighbors:  0.000653
Iterations: 0.004290
Vorticity:  0.000270
Viscosity:  0.000238
Update:     0.000143

Forces:     0.000022
Candidates: 0.000033
Neighbors:  0.000646
Iterations: 0.004285
Vorticity:  0.000268
Viscosity:  0.000235
Update:     0.000024

Forces:     0.000020
Candidates: 0.000036
Neighbors:  0.000653
Iterations: 0.004377
Vorticity:  0.000278
Viscosity:  0.000255
Update:     0.000023

Forces:     0.000021
Candidates: 0.000038
Neighbors:  0.000630
Iterations: 0.004334
Vorticity:  0.000271
Viscosity:  0.000232
Update:     0.000024

Forces:     0.000021
Candidates: 0.000050
Neighbors:  0.000631
Iterations: 0.004300
Vorticity:  0.000270
Viscosity:  0.000230
Update:     0.000036

Forces:     0.000020
Candidates: 0.000034
Neighbors:  0.000628
Iterations: 0.004431
Vorticity:  0.000272
Viscosity:  0.000240
Update:     0.000132

Forces:     0.000033
Candidates: 0.000036
Neighbors:  0.000651
Iterations: 0.004372
Vorticity:  0.000332
Viscosity:  0.000216
Update:     0.000046

Forces:     0.000020
Candidates: 0.000027
Neighbors:  0.000636
Iterations: 0.004308
Vorticity:  0.000318
Viscosity:  0.000241
Update:     0.000024

Forces:     0.000021
Candidates: 0.000034
Neighbors:  0.000658
Iterations: 0.004387
Vorticity:  0.000273
Viscosity:  0.000245
Update:     0.000023

Forces:     0.000022
Candidates: 0.000039
Neighbors:  0.000734
Iterations: 0.004995
Vorticity:  0.000315
Viscosity:  0.000227
Update:     0.000044

Forces:     0.000021
Candidates: 0.000037
Neighbors:  0.000704
Iterations: 0.004900
Vorticity:  0.000325
Viscosity:  0.000272
Update:     0.000025

Forces:     0.000021
Candidates: 0.000030
Neighbors:  0.000732
Iterations: 0.005088
Vorticity:  0.000319
Viscosity:  0.000266
Update:     0.000023

Forces:     0.000028
Candidates: 0.000032
Neighbors:  0.000729
Iterations: 0.005223
Vorticity:  0.000507
Viscosity:  0.000223
Update:     0.000023

Forces:     0.000020
Candidates: 0.000038
Neighbors:  0.000714
Iterations: 0.004915
Vorticity:  0.000443
Viscosity:  0.000234
Update:     0.000024

Forces:     0.000023
Candidates: 0.000044
Neighbors:  0.000716
Iterations: 0.006487
Vorticity:  0.000525
Viscosity:  0.000231
Update:     0.000035

Forces:     0.000021
Candidates: 0.000051
Neighbors:  0.000707
Iterations: 0.004897
Vorticity:  0.000471
Viscosity:  0.000266
Update:     0.000301

Forces:     0.000032
Candidates: 0.000029
Neighbors:  0.000758
Iterations: 0.007035
Vorticity:  0.000560
Viscosity:  0.000228
Update:     0.000024

Forces:     0.000020
Candidates: 0.000036
Neighbors:  0.000706
Iterations: 0.004919
Vorticity:  0.000441
Viscosity:  0.000259
Update:     0.000272

Forces:     0.000021
Candidates: 0.000029
Neighbors:  0.000766
Iterations: 0.007059
Vorticity:  0.000510
Viscosity:  0.000228
Update:     0.000024

Forces:     0.000021
Candidates: 0.000046
Neighbors:  0.000732
Iterations: 0.004918
Vorticity:  0.000447
Viscosity:  0.000272
Update:     0.000281

Forces:     0.000026
Candidates: 0.000029
Neighbors:  0.000749
Iterations: 0.005916
Vorticity:  0.000435
Viscosity:  0.000276
Update:     0.000283

Forces:     0.000020
Candidates: 0.000031
Neighbors:  0.000764
Iterations: 0.007118
Vorticity:  0.000566
Viscosity:  0.000226
Update:     0.000025

Forces:     0.000026
Candidates: 0.000036
Neighbors:  0.000708
Iterations: 0.004930
Vorticity:  0.000471
Viscosity:  0.000272
Update:     0.000278

Forces:     0.000021
Candidates: 0.000030
Neighbors:  0.000759
Iterations: 0.007017
Vorticity:  0.000528
Viscosity:  0.000237
Update:     0.000023

Forces:     0.000023
Candidates: 0.000036
Neighbors:  0.000746
Iterations: 0.006829
Vorticity:  0.000538
Viscosity:  0.000224
Update:     0.000033

Forces:     0.000021
Candidates: 0.000030
Neighbors:  0.000704
Iterations: 0.004911
Vorticity:  0.000377
Viscosity:  0.000263
Update:     0.000274

Forces:     0.000021
Candidates: 0.000029
Neighbors:  0.000747
Iterations: 0.006910
Vorticity:  0.000534
Viscosity:  0.000225
Update:     0.000023

Forces:     0.000021
Candidates: 0.000036
Neighbors:  0.000724
Iterations: 0.004856
Vorticity:  0.000424
Viscosity:  0.000262
Update:     0.000278

Forces:     0.000020
Candidates: 0.000033
Neighbors:  0.000731
Iterations: 0.007181
Vorticity:  0.000536
Viscosity:  0.000228
Update:     0.000024

Forces:     0.000026
Candidates: 0.000049
Neighbors:  0.000687
Iterations: 0.004828
Vorticity:  0.000420
Viscosity:  0.000225
Update:     0.000033

Forces:     0.000022
Candidates: 0.000035
Neighbors:  0.000686
Iterations: 0.004849
Vorticity:  0.000376
Viscosity:  0.000283
Update:     0.000292

Forces:     0.000023
Candidates: 0.000032
Neighbors:  0.000727
Iterations: 0.103858
Vorticity:  0.019992
Viscosity:  0.009988
Update:     0.010963

Forces:     0.013007
Candidates: 0.010000
Neighbors:  0.026935
Iterations: 0.004603
Vorticity:  0.000286
Viscosity:  0.000218
Update:     0.000022

Forces:     0.000021
Candidates: 0.000029
Neighbors:  0.000659
Iterations: 0.004490
Vorticity:  0.000288
Viscosity:  0.000218
Update:     0.000021

Forces:     0.000022
Candidates: 0.000040
Neighbors:  0.000653
Iterations: 0.004570
Vorticity:  0.000287
Viscosity:  0.000232
Update:     0.000039

Forces:     0.000020
Candidates: 0.000035
Neighbors:  0.000644
Iterations: 0.004677
Vorticity:  0.000435
Viscosity:  0.000222
Update:     0.000231

Forces:     0.000022
Candidates: 0.000029
Neighbors:  0.000655
Iterations: 0.004653
Vorticity:  0.000422
Viscosity:  0.000221
Update:     0.000170

Forces:     0.000019
Candidates: 0.000029
Neighbors:  0.000659
Iterations: 0.004567
Vorticity:  0.000289
Viscosity:  0.000226
Update:     0.000023

Forces:     0.000019
Candidates: 0.000032
Neighbors:  0.000641
Iterations: 0.004700
Vorticity:  0.000411
Viscosity:  0.000224
Update:     0.000090

Forces:     0.000022
Candidates: 0.000041
Neighbors:  0.000639
Iterations: 0.004687
Vorticity:  0.000418
Viscosity:  0.000220
Update:     0.000121

Forces:     0.000019
Candidates: 0.000030
Neighbors:  0.000671
Iterations: 0.004711
Vorticity:  0.000425
Viscosity:  0.000218
Update:     0.000130

Forces:     0.000020
Candidates: 0.000032
Neighbors:  0.000664
Iterations: 0.004571
Vorticity:  0.000291
Viscosity:  0.000227
Update:     0.000022

Forces:     0.000023
Candidates: 0.000030
Neighbors:  0.000644
Iterations: 0.004692
Vorticity:  0.000441
Viscosity:  0.000221
Update:     0.000182

Forces:     0.000020
Candidates: 0.000031
Neighbors:  0.000666
Iterations: 0.004731
Vorticity:  0.000391
Viscosity:  0.000215
Update:     0.000141

Forces:     0.000020
Candidates: 0.000043
Neighbors:  0.000657
Iterations: 0.004730
Vorticity:  0.000397
Viscosity:  0.000218
Update:     0.000183

Forces:     0.000031
Candidates: 0.000029
Neighbors:  0.000661
Iterations: 0.004490
Vorticity:  0.000308
Viscosity:  0.000218
Update:     0.000022

Forces:     0.000019
Candidates: 0.000029
Neighbors:  0.000646
Iterations: 0.004685
Vorticity:  0.000410
Viscosity:  0.000333
Update:     0.000082

Forces:     0.000028
Candidates: 0.000036
Neighbors:  0.000711
Iterations: 0.005296
Vorticity:  0.000339
Viscosity:  0.000353
Update:     0.000034

Forces:     0.000033
Candidates: 0.000036
Neighbors:  0.000714
Iterations: 0.005334
Vorticity:  0.000342
Viscosity:  0.000335
Update:     0.000035

Forces:     0.000022
Candidates: 0.000034
Neighbors:  0.000758
Iterations: 0.005303
Vorticity:  0.000339
Viscosity:  0.000217
Update:     0.000034

Forces:     0.000021
Candidates: 0.000032
Neighbors:  0.000731
Iterations: 0.004869
Vorticity:  0.000331
Viscosity:  0.000252
Update:     0.000024

Forces:     0.000023
Candidates: 0.000033
Neighbors:  0.000753
Iterations: 0.005638
Vorticity:  0.000552
Viscosity:  0.000223
Update:     0.000023

Forces:     0.000027
Candidates: 0.000027
Neighbors:  0.000757
Iterations: 0.007292
Vorticity:  0.000552
Viscosity:  0.000212
Update:     0.000023

Forces:     0.000021
Candidates: 0.000029
Neighbors:  0.000778
Iterations: 0.007281
Vorticity:  0.000544
Viscosity:  0.000221
Update:     0.000023

Forces:     0.000022
Candidates: 0.000044
Neighbors:  0.000746
Iterations: 0.004851
Vorticity:  0.000415
Viscosity:  0.000254
Update:     0.000278

Forces:     0.000021
Candidates: 0.000032
Neighbors:  0.000757
Iterations: 0.007360
Vorticity:  0.000539
Viscosity:  0.000218
Update:     0.000027

Forces:     0.000020
Candidates: 0.000034
Neighbors:  0.000732
Iterations: 0.004838
Vorticity:  0.000446
Viscosity:  0.000262
Update:     0.000281

Forces:     0.000021
Candidates: 0.000033
Neighbors:  0.000776
Iterations: 0.007282
Vorticity:  0.000553
Viscosity:  0.000217
Update:     0.000025

Forces:     0.000021
Candidates: 0.000030
Neighbors:  0.000729
Iterations: 0.004960
Vorticity:  0.000404
Viscosity:  0.000251
Update:     0.000260

Forces:     0.000021
Candidates: 0.000033
Neighbors:  0.000741
Iterations: 0.007199
Vorticity:  0.000508
Viscosity:  0.000216
Update:     0.000035

Forces:     0.000022
Candidates: 0.000027
Neighbors:  0.000724
Iterations: 0.005465
Vorticity:  0.000551
Viscosity:  0.000218
Update:     0.000025

Forces:     0.000022
Candidates: 0.000033
Neighbors:  0.000724
Iterations: 0.004802
Vorticity:  0.000453
Viscosity:  0.000252
Update:     0.000257

Forces:     0.000022
Candidates: 0.000029
Neighbors:  0.000753
Iterations: 0.007201
Vorticity:  0.000584
Viscosity:  0.000217
Update:     0.000023

Forces:     0.000022
Candidates: 0.000034
Neighbors:  0.000725
Iterations: 0.004796
Vorticity:  0.000421
Viscosity:  0.000248
Update:     0.000259

Forces:     0.000022
Candidates: 0.000033
Neighbors:  0.000746
Iterations: 0.007222
Vorticity:  0.000556
Viscosity:  0.000214
Update:     0.000040

Forces:     0.000021
Candidates: 0.000032
Neighbors:  0.000724
Iterations: 0.004889
Vorticity:  0.000436
Viscosity:  0.000265
Update:     0.000272

Forces:     0.000020
Candidates: 0.000027
Neighbors:  0.000761
Iterations: 0.006792
Vorticity:  0.000322
Viscosity:  0.000233
Update:     0.000023

Forces:     0.000022
Candidates: 0.000036
Neighbors:  0.000695
Iterations: 0.004437
Vorticity:  0.000295
Viscosity:  0.000223
Update:     0.000024

Forces:     0.000021
Candidates: 0.000040
Neighbors:  0.000656
Iterations: 0.004645
Vorticity:  0.000294
Viscosity:  0.000240
Update:     0.000025

Forces:     0.000021
Candidates: 0.000040
Neighbors:  0.000660
Iterations: 0.004468
Vorticity:  0.000294
Viscosity:  0.000214
Update:     0.000034

Forces:     0.000020
Candidates: 0.000034
Neighbors:  0.000651
Iterations: 0.004648
Vorticity:  0.000296
Viscosity:  0.000228
Update:     0.000025

Forces:     0.000021
Candidates: 0.000030
Neighbors:  0.000655
Iterations: 0.004468
Vorticity:  0.000298
Viscosity:  0.000230
Update:     0.000025

Forces:     0.000019
Candidates: 0.000034
Neighbors:  0.000656
Iterations: 0.004427
Vorticity:  0.000292
Viscosity:  0.000225
Update:     0.000023

Forces:     0.000026
Candidates: 0.000039
Neighbors:  0.000657
Iterations: 0.004619
Vorticity:  0.000300
Viscosity:  0.000249
Update:     0.000024

Forces:     0.000021
Candidates: 0.000034
Neighbors:  0.000703
Iterations: 0.004751
Vorticity:  0.000316
Viscosity:  0.000256
Update:     0.000040

Forces:     0.000021
Candidates: 0.000032
Neighbors:  0.000716
Iterations: 0.004900
Vorticity:  0.000315
Viscosity:  0.000214
Update:     0.000024

Forces:     0.000022
Candidates: 0.000028
Neighbors:  0.000686
Iterations: 0.004733
Vorticity:  0.000370
Viscosity:  0.000267
Update:     0.000277

Forces:     0.000031
Candidates: 0.000030
Neighbors:  0.000712
Iterations: 0.007047
Vorticity:  0.000515
Viscosity:  0.000218
Update:     0.000023

Forces:     0.000020
Candidates: 0.000034
Neighbors:  0.000711
Iterations: 0.006330
Vorticity:  0.000540
Viscosity:  0.000218
Update:     0.000025

Forces:     0.000022
Candidates: 0.000044
Neighbors:  0.000689
Iterations: 0.004728
Vorticity:  0.000467
Viscosity:  0.000281
Update:     0.000325

Forces:     0.000020
Candidates: 0.000034
Neighbors:  0.000722
Iterations: 0.006986
Vorticity:  0.000489
Viscosity:  0.000214
Update:     0.000026

Forces:     0.000021
Candidates: 0.000029
Neighbors:  0.000712
Iterations: 0.004747
Vorticity:  0.000425
Viscosity:  0.000267
Update:     0.000285

Forces:     0.000022
Candidates: 0.000031
Neighbors:  0.000759
Iterations: 0.006930
Vorticity:  0.000533
Viscosity:  0.000220
Update:     0.000023

Forces:     0.000022
Candidates: 0.000035
Neighbors:  0.000681
Iterations: 0.004709
Vorticity:  0.000438
Viscosity:  0.000262
Update:     0.000263

Forces:     0.000021
Candidates: 0.000033
Neighbors:  0.000719
Iterations: 0.006981
Vorticity:  0.000526
Viscosity:  0.000216
Update:     0.000034

Forces:     0.000020
Candidates: 0.000037
Neighbors:  0.000681
Iterations: 0.004768
Vorticity:  0.000458
Viscosity:  0.000293
Update:     0.000277

Forces:     0.000020
Candidates: 0.000028
Neighbors:  0.000735
Iterations: 0.006774
Vorticity:  0.000521
Viscosity:  0.000210
Update:     0.000025

Forces:     0.000021
Candidates: 0.000041
Neighbors:  0.000682
Iterations: 0.004691
Vorticity:  0.000449
Viscosity:  0.000264
Update:     0.000271

Forces:     0.000022
Candidates: 0.000030
Neighbors:  0.000721
Iterations: 0.006667
Vorticity:  0.000521
Viscosity:  0.000213
Update:     0.000024

Forces:     0.000024
Candidates: 0.000044
Neighbors:  0.000683
Iterations: 0.004694
Vorticity:  0.000422
Viscosity:  0.000265
Update:     0.000309

Forces:     0.000022
Candidates: 0.000040
Neighbors:  0.000678
Iterations: 0.004700
Vorticity:  0.000457
Viscosity:  0.000257
Update:     0.000273

Forces:     0.000029
Candidates: 0.000029
Neighbors:  0.000728
Iterations: 0.006680
Vorticity:  0.000472
Viscosity:  0.000219
Update:     0.000025

Forces:     0.000021
Candidates: 0.000036
Neighbors:  0.000685
Iterations: 0.005926
Vorticity:  0.000518
Viscosity:  0.000222
Update:     0.000026

Forces:     0.000021
Candidates: 0.000036
Neighbors:  0.000695
Iterations: 0.004709
Vorticity:  0.000454
Viscosity:  0.000259
Update:     0.000262

Forces:     0.000022
Candidates: 0.000033
Neighbors:  0.000676
Iterations: 0.004695
Vorticity:  0.000471
Viscosity:  0.000258
Update:     0.000282

Forces:     0.000031
Candidates: 0.000030
Neighbors:  0.000713
Iterations: 0.006729
Vorticity:  0.000512
Viscosity:  0.000220
Update:     0.000024

Forces:     0.000024
Candidates: 0.000031
Neighbors:  0.000712
Iterations: 0.006743
Vorticity:  0.000489
Viscosity:  0.000224
Update:     0.000025

Forces:     0.000024
Candidates: 0.000037
Neighbors:  0.000699
Iterations: 0.004732
Vorticity:  0.000438
Viscosity:  0.000265
Update:     0.000277

Forces:     0.000023
Candidates: 0.000029
Neighbors:  0.000700
Iterations: 0.006799
Vorticity:  0.000545
Viscosity:  0.000227
Update:     0.000023

Forces:     0.000021
Candidates: 0.000046
Neighbors:  0.000691
Iterations: 0.005880
Vorticity:  0.000569
Viscosity:  0.000221
Update:     0.000029

Forces:     0.000021
Candidates: 0.000041
Neighbors:  0.000704
Iterations: 0.004805
Vorticity:  0.000454
Viscosity:  0.000254
Update:     0.000263

Forces:     0.000031
Candidates: 0.000028
Neighbors:  0.000676
Iterations: 0.004799
Vorticity:  0.000460
Viscosity:  0.000257
Update:     0.000266

Forces:     0.000022
Candidates: 0.000032
Neighbors:  0.000734
Iterations: 0.006963
Vorticity:  0.000533
Viscosity:  0.000224
Update:     0.000024

Forces:     0.000020
Candidates: 0.000037
Neighbors:  0.000687
Iterations: 0.004782
Vorticity:  0.000456
Viscosity:  0.000260
Update:     0.000277

Forces:     0.000022
Candidates: 0.000038
Neighbors:  0.000695
Iterations: 0.004826
Vorticity:  0.000456
Viscosity:  0.000264
Update:     0.000275

Forces:     0.000028
Candidates: 0.000032
Neighbors:  0.000749
Iterations: 0.006943
Vorticity:  0.000545
Viscosity:  0.000215
Update:     0.000024

Forces:     0.000021
Candidates: 0.000035
Neighbors:  0.000688
Iterations: 0.004779
Vorticity:  0.000507
Viscosity:  0.000262
Update:     0.000295

Forces:     0.000029
Candidates: 0.000032
Neighbors:  0.000720
Iterations: 0.006898
Vorticity:  0.000562
Viscosity:  0.000224
Update:     0.000023

Forces:     0.000021
Candidates: 0.000036
Neighbors:  0.000705
Iterations: 0.004795
Vorticity:  0.000458
Viscosity:  0.000261
Update:     0.000277

Forces:     0.000020
Candidates: 0.000035
Neighbors:  0.000703
Iterations: 0.007084
Vorticity:  0.000547
Viscosity:  0.000220
Update:     0.000035

Forces:     0.000020
Candidates: 0.000034
Neighbors:  0.000684
Iterations: 0.005813
Vorticity:  0.000550
Viscosity:  0.000219
Update:     0.000024

Forces:     0.000021
Candidates: 0.000034
Neighbors:  0.000702
Iterations: 0.006225
Vorticity:  0.000529
Viscosity:  0.000222
Update:     0.000024

Forces:     0.000023
Candidates: 0.000037
Neighbors:  0.000676
Iterations: 0.004797
Vorticity:  0.000435
Viscosity:  0.000262
Update:     0.000278

Forces:     0.000032
Candidates: 0.000030
Neighbors:  0.000720
Iterations: 0.007123
Vorticity:  0.000575
Viscosity:  0.000226
Update:     0.000022

Forces:     0.000022
Candidates: 0.000048
Neighbors:  0.000693
Iterations: 0.004770
Vorticity:  0.000397
Viscosity:  0.000266
Update:     0.000278

Forces:     0.000029
Candidates: 0.000028
Neighbors:  0.000744
Iterations: 0.006978
Vorticity:  0.000525
Viscosity:  0.000217
Update:     0.000024

Forces:     0.000021
Candidates: 0.000033
Neighbors:  0.000680
Iterations: 0.004733
Vorticity:  0.000429
Viscosity:  0.000260
Update:     0.000277

Forces:     0.000024
Candidates: 0.000030
Neighbors:  0.000712
Iterations: 0.006826
Vorticity:  0.000514
Viscosity:  0.000218
Update:     0.000023

Forces:     0.000022
Candidates: 0.000050
Neighbors:  0.000674
Iterations: 0.004744
Vorticity:  0.000436
Viscosity:  0.000248
Update:     0.000259

Total Forces:     0.055091
Total Candidates: 0.052693
Total Neighbors:  0.493567
Total Iterations: 2.975858
Total Vorticity:  0.241529
Total Viscosity:  0.143622
Total Update:     0.062176

