Forces:     0.011767
Candidates: 0.029913
Neighbors:  0.079999
Iterations: 0.109567
Vorticity:  0.004259
Viscosity:  0.001401
Update:     0.000306

Forces:     0.000182
Candidates: 0.000122
Neighbors:  0.010265
Iterations: 0.040225
Vorticity:  0.004133
Viscosity:  0.001309
Update:     0.000278

Forces:     0.000161
Candidates: 0.000104
Neighbors:  0.012319
Iterations: 0.038212
Vorticity:  0.004006
Viscosity:  0.001279
Update:     0.000362

Forces:     0.000294
Candidates: 0.000181
Neighbors:  0.012222
Iterations: 0.041326
Vorticity:  0.004751
Viscosity:  0.001518
Update:     0.000323

Forces:     0.000237
Candidates: 0.000112
Neighbors:  0.011213
Iterations: 0.044260
Vorticity:  0.004565
Viscosity:  0.001379
Update:     0.000276

Forces:     0.000235
Candidates: 0.000339
Neighbors:  0.011506
Iterations: 0.042351
Vorticity:  0.004562
Viscosity:  0.001412
Update:     0.000293

Forces:     0.000164
Candidates: 0.000115
Neighbors:  0.012461
Iterations: 0.041643
Vorticity:  0.004347
Viscosity:  0.001343
Update:     0.000284

Forces:     0.000162
Candidates: 0.000108
Neighbors:  0.011311
Iterations: 0.042041
Vorticity:  0.004421
Viscosity:  0.001339
Update:     0.000285

Forces:     0.000171
Candidates: 0.000112
Neighbors:  0.011359
Iterations: 0.044005
Vorticity:  0.004583
Viscosity:  0.001389
Update:     0.000292

Forces:     0.000249
Candidates: 0.000119
Neighbors:  0.011773
Iterations: 0.044891
Vorticity:  0.004753
Viscosity:  0.001390
Update:     0.000283

Forces:     0.000230
Candidates: 0.000328
Neighbors:  0.012324
Iterations: 0.044575
Vorticity:  0.004453
Viscosity:  0.001340
Update:     0.000299

Forces:     0.000173
Candidates: 0.000129
Neighbors:  0.012295
Iterations: 0.043722
Vorticity:  0.004634
Viscosity:  0.001474
Update:     0.000297

Forces:     0.000193
Candidates: 0.000113
Neighbors:  0.011730
Iterations: 0.044007
Vorticity:  0.004620
Viscosity:  0.001463
Update:     0.000279

Forces:     0.000171
Candidates: 0.000105
Neighbors:  0.011495
Iterations: 0.043940
Vorticity:  0.004555
Viscosity:  0.001393
Update:     0.000289

Forces:     0.000163
Candidates: 0.000110
Neighbors:  0.012396
Iterations: 0.044383
Vorticity:  0.004699
Viscosity:  0.001519
Update:     0.000283

Forces:     0.000234
Candidates: 0.000345
Neighbors:  0.011741
Iterations: 0.044804
Vorticity:  0.004666
Viscosity:  0.001483
Update:     0.000287

Forces:     0.000198
Candidates: 0.000122
Neighbors:  0.011355
Iterations: 0.045028
Vorticity:  0.004632
Viscosity:  0.001507
Update:     0.000285

Forces:     0.000171
Candidates: 0.000117
Neighbors:  0.012394
Iterations: 0.044386
Vorticity:  0.004480
Viscosity:  0.001342
Update:     0.000295

Forces:     0.000170
Candidates: 0.000120
Neighbors:  0.011550
Iterations: 0.042600
Vorticity:  0.004444
Viscosity:  0.001343
Update:     0.000281

Forces:     0.000178
Candidates: 0.000125
Neighbors:  0.011421
Iterations: 0.042514
Vorticity:  0.004443
Viscosity:  0.001336
Update:     0.000306

Forces:     0.001952
Candidates: 0.010016
Neighbors:  0.044767
Iterations: 0.109083
Vorticity:  0.004479
Viscosity:  0.001402
Update:     0.000359

Forces:     0.000168
Candidates: 0.000104
Neighbors:  0.011487
Iterations: 0.042582
Vorticity:  0.004462
Viscosity:  0.001344
Update:     0.000294

Forces:     0.000168
Candidates: 0.000106
Neighbors:  0.011674
Iterations: 0.043811
Vorticity:  0.004721
Viscosity:  0.001527
Update:     0.000281

Forces:     0.000174
Candidates: 0.000098
Neighbors:  0.011487
Iterations: 0.045461
Vorticity:  0.004725
Viscosity:  0.001539
Update:     0.000291

Forces:     0.000174
Candidates: 0.000105
Neighbors:  0.011348
Iterations: 0.045564
Vorticity:  0.005061
Viscosity:  0.001605
Update:     0.000318

Forces:     0.000235
Candidates: 0.000348
Neighbors:  0.011616
Iterations: 0.044137
Vorticity:  0.004684
Viscosity:  0.001467
Update:     0.000297

Forces:     0.000169
Candidates: 0.000118
Neighbors:  0.011670
Iterations: 0.045307
Vorticity:  0.004705
Viscosity:  0.001463
Update:     0.000281

Forces:     0.000164
Candidates: 0.000142
Neighbors:  0.011485
Iterations: 0.043978
Vorticity:  0.004486
Viscosity:  0.001507
Update:     0.000284

Forces:     0.000165
Candidates: 0.000102
Neighbors:  0.011336
Iterations: 0.043433
Vorticity:  0.004857
Viscosity:  0.001476
Update:     0.000286

Forces:     0.000171
Candidates: 0.000151
Neighbors:  0.011840
Iterations: 0.044568
Vorticity:  0.004901
Viscosity:  0.001423
Update:     0.000282

Forces:     0.000234
Candidates: 0.000366
Neighbors:  0.011529
Iterations: 0.044166
Vorticity:  0.004708
Viscosity:  0.001447
Update:     0.000300

Forces:     0.000168
Candidates: 0.000112
Neighbors:  0.011587
Iterations: 0.043162
Vorticity:  0.004480
Viscosity:  0.001392
Update:     0.000276

Forces:     0.000166
Candidates: 0.000097
Neighbors:  0.011519
Iterations: 0.042996
Vorticity:  0.004496
Viscosity:  0.001413
Update:     0.000308

Forces:     0.000184
Candidates: 0.000117
Neighbors:  0.011639
Iterations: 0.042946
Vorticity:  0.004534
Viscosity:  0.001413
Update:     0.000307

Forces:     0.000186
Candidates: 0.000113
Neighbors:  0.011669
Iterations: 0.042960
Vorticity:  0.004510
Viscosity:  0.001421
Update:     0.000308

Forces:     0.000259
Candidates: 0.000319
Neighbors:  0.011588
Iterations: 0.042770
Vorticity:  0.004385
Viscosity:  0.001294
Update:     0.000320

Forces:     0.000180
Candidates: 0.000106
Neighbors:  0.011643
Iterations: 0.041205
Vorticity:  0.004339
Viscosity:  0.001295
Update:     0.000312

Forces:     0.000188
Candidates: 0.000105
Neighbors:  0.011608
Iterations: 0.041746
Vorticity:  0.004844
Viscosity:  0.001524
Update:     0.000309

Forces:     0.000239
Candidates: 0.000097
Neighbors:  0.011661
Iterations: 0.045668
Vorticity:  0.004965
Viscosity:  0.001575
Update:     0.000311

Forces:     0.000208
Candidates: 0.000108
Neighbors:  0.011673
Iterations: 0.045623
Vorticity:  0.004994
Viscosity:  0.001582
Update:     0.000307

Forces:     0.002393
Candidates: 0.010062
Neighbors:  0.048681
Iterations: 0.091917
Vorticity:  0.004301
Viscosity:  0.001300
Update:     0.000318

Forces:     0.000185
Candidates: 0.000100
Neighbors:  0.011593
Iterations: 0.041670
Vorticity:  0.004403
Viscosity:  0.001303
Update:     0.000309

Forces:     0.000181
Candidates: 0.000100
Neighbors:  0.011553
Iterations: 0.042514
Vorticity:  0.004832
Viscosity:  0.001453
Update:     0.000314

Forces:     0.000186
Candidates: 0.000114
Neighbors:  0.011581
Iterations: 0.043910
Vorticity:  0.004852
Viscosity:  0.002015
Update:     0.000399

Forces:     0.000217
Candidates: 0.000097
Neighbors:  0.011659
Iterations: 0.043638
Vorticity:  0.004636
Viscosity:  0.001414
Update:     0.000313

Forces:     0.000259
Candidates: 0.000365
Neighbors:  0.011852
Iterations: 0.042958
Vorticity:  0.004461
Viscosity:  0.001324
Update:     0.000318

Forces:     0.000190
Candidates: 0.000101
Neighbors:  0.011975
Iterations: 0.042341
Vorticity:  0.004941
Viscosity:  0.001491
Update:     0.000305

Forces:     0.000188
Candidates: 0.000109
Neighbors:  0.011808
Iterations: 0.044110
Vorticity:  0.004940
Viscosity:  0.001531
Update:     0.000309

Forces:     0.000189
Candidates: 0.000101
Neighbors:  0.011837
Iterations: 0.044091
Vorticity:  0.004682
Viscosity:  0.001433
Update:     0.000329

Forces:     0.000186
Candidates: 0.000108
Neighbors:  0.011826
Iterations: 0.044590
Vorticity:  0.004693
Viscosity:  0.001430
Update:     0.000340

Forces:     0.000283
Candidates: 0.000384
Neighbors:  0.011875
Iterations: 0.043601
Vorticity:  0.004550
Viscosity:  0.001347
Update:     0.000321

Forces:     0.000188
Candidates: 0.000100
Neighbors:  0.011858
Iterations: 0.044072
Vorticity:  0.004970
Viscosity:  0.001546
Update:     0.000310

Forces:     0.000184
Candidates: 0.000100
Neighbors:  0.012401
Iterations: 0.045509
Vorticity:  0.004740
Viscosity:  0.001447
Update:     0.000325

Forces:     0.000187
Candidates: 0.000114
Neighbors:  0.012077
Iterations: 0.045214
Vorticity:  0.004843
Viscosity:  0.001442
Update:     0.000308

Forces:     0.000185
Candidates: 0.000118
Neighbors:  0.011938
Iterations: 0.045241
Vorticity:  0.004816
Viscosity:  0.001493
Update:     0.000315

Forces:     0.000257
Candidates: 0.000323
Neighbors:  0.011762
Iterations: 0.047970
Vorticity:  0.004799
Viscosity:  0.001508
Update:     0.000317

Forces:     0.000188
Candidates: 0.000104
Neighbors:  0.012058
Iterations: 0.046244
Vorticity:  0.005283
Viscosity:  0.001653
Update:     0.000309

Forces:     0.000221
Candidates: 0.000100
Neighbors:  0.012077
Iterations: 0.045640
Vorticity:  0.005126
Viscosity:  0.001549
Update:     0.000306

Forces:     0.000191
Candidates: 0.000123
Neighbors:  0.012111
Iterations: 0.045201
Vorticity:  0.004852
Viscosity:  0.001476
Update:     0.000312

Forces:     0.000187
Candidates: 0.000127
Neighbors:  0.012251
Iterations: 0.046035
Vorticity:  0.004880
Viscosity:  0.001509
Update:     0.000303

Forces:     0.000583
Candidates: 0.010018
Neighbors:  0.044990
Iterations: 0.106148
Vorticity:  0.004961
Viscosity:  0.001545
Update:     0.000334

Forces:     0.000187
Candidates: 0.000108
Neighbors:  0.012123
Iterations: 0.046998
Vorticity:  0.004954
Viscosity:  0.001576
Update:     0.000310

Forces:     0.000190
Candidates: 0.000103
Neighbors:  0.012170
Iterations: 0.047328
Vorticity:  0.005024
Viscosity:  0.001583
Update:     0.000327

Forces:     0.000189
Candidates: 0.000102
Neighbors:  0.012223
Iterations: 0.045070
Vorticity:  0.004864
Viscosity:  0.001586
Update:     0.000313

Forces:     0.000192
Candidates: 0.000109
Neighbors:  0.012511
Iterations: 0.046313
Vorticity:  0.005237
Viscosity:  0.001588
Update:     0.000303

Forces:     0.000258
Candidates: 0.000351
Neighbors:  0.012372
Iterations: 0.048870
Vorticity:  0.005415
Viscosity:  0.001692
Update:     0.000321

Forces:     0.000188
Candidates: 0.000121
Neighbors:  0.012504
Iterations: 0.049784
Vorticity:  0.005478
Viscosity:  0.001709
Update:     0.000310

Forces:     0.000237
Candidates: 0.000106
Neighbors:  0.012353
Iterations: 0.046862
Vorticity:  0.004919
Viscosity:  0.001461
Update:     0.000316

Forces:     0.000194
Candidates: 0.000115
Neighbors:  0.012196
Iterations: 0.046954
Vorticity:  0.004969
Viscosity:  0.001489
Update:     0.000311

Forces:     0.000192
Candidates: 0.000104
Neighbors:  0.012332
Iterations: 0.047248
Vorticity:  0.005004
Viscosity:  0.001478
Update:     0.000320

Forces:     0.000258
Candidates: 0.000315
Neighbors:  0.012318
Iterations: 0.049311
Vorticity:  0.005471
Viscosity:  0.001746
Update:     0.000321

Forces:     0.000190
Candidates: 0.000123
Neighbors:  0.012660
Iterations: 0.050041
Vorticity:  0.005539
Viscosity:  0.001741
Update:     0.000318

Forces:     0.000191
Candidates: 0.000107
Neighbors:  0.012468
Iterations: 0.050756
Vorticity:  0.005656
Viscosity:  0.001773
Update:     0.000314

Forces:     0.000197
Candidates: 0.000110
Neighbors:  0.012625
Iterations: 0.051115
Vorticity:  0.005683
Viscosity:  0.001763
Update:     0.000328

Forces:     0.000195
Candidates: 0.000116
Neighbors:  0.012717
Iterations: 0.049647
Vorticity:  0.005498
Viscosity:  0.001654
Update:     0.000322

Forces:     0.000267
Candidates: 0.000322
Neighbors:  0.012579
Iterations: 0.050314
Vorticity:  0.005348
Viscosity:  0.001636
Update:     0.000325

Forces:     0.000193
Candidates: 0.000123
Neighbors:  0.012674
Iterations: 0.050252
Vorticity:  0.005288
Viscosity:  0.001639
Update:     0.000327

Forces:     0.000187
Candidates: 0.000116
Neighbors:  0.012790
Iterations: 0.050956
Vorticity:  0.005416
Viscosity:  0.001687
Update:     0.000312

Forces:     0.000188
Candidates: 0.000109
Neighbors:  0.012800
Iterations: 0.051517
Vorticity:  0.005428
Viscosity:  0.001694
Update:     0.000320

Forces:     0.000195
Candidates: 0.000116
Neighbors:  0.013437
Iterations: 0.052115
Vorticity:  0.005519
Viscosity:  0.001642
Update:     0.000347

Forces:     0.008877
Candidates: 0.010072
Neighbors:  0.050242
Iterations: 0.064363
Vorticity:  0.005536
Viscosity:  0.001647
Update:     0.000340

Forces:     0.000194
Candidates: 0.000124
Neighbors:  0.012784
Iterations: 0.051981
Vorticity:  0.005329
Viscosity:  0.001579
Update:     0.000322

Forces:     0.000190
Candidates: 0.000110
Neighbors:  0.013066
Iterations: 0.050007
Vorticity:  0.005400
Viscosity:  0.001713
Update:     0.000323

Forces:     0.000199
Candidates: 0.000114
Neighbors:  0.013255
Iterations: 0.053371
Vorticity:  0.005697
Viscosity:  0.001735
Update:     0.000332

Forces:     0.000195
Candidates: 0.000101
Neighbors:  0.013094
Iterations: 0.055062
Vorticity:  0.006165
Viscosity:  0.001881
Update:     0.000333

Forces:     0.000265
Candidates: 0.000322
Neighbors:  0.013030
Iterations: 0.053988
Vorticity:  0.005832
Viscosity:  0.001720
Update:     0.000339

Forces:     0.000197
Candidates: 0.000133
Neighbors:  0.013047
Iterations: 0.054490
Vorticity:  0.005748
Viscosity:  0.001797
Update:     0.000328

Forces:     0.000195
Candidates: 0.000116
Neighbors:  0.013243
Iterations: 0.054916
Vorticity:  0.005841
Viscosity:  0.001811
Update:     0.000324

Forces:     0.000250
Candidates: 0.000115
Neighbors:  0.013389
Iterations: 0.057389
Vorticity:  0.006407
Viscosity:  0.001964
Update:     0.000332

Forces:     0.000196
Candidates: 0.000109
Neighbors:  0.013422
Iterations: 0.055640
Vorticity:  0.005833
Viscosity:  0.001677
Update:     0.000327

Forces:     0.000271
Candidates: 0.000309
Neighbors:  0.013412
Iterations: 0.056573
Vorticity:  0.006035
Viscosity:  0.001859
Update:     0.000335

Forces:     0.000197
Candidates: 0.000110
Neighbors:  0.013484
Iterations: 0.057570
Vorticity:  0.006442
Viscosity:  0.002004
Update:     0.000328

Forces:     0.000255
Candidates: 0.000114
Neighbors:  0.013874
Iterations: 0.061213
Vorticity:  0.006683
Viscosity:  0.002046
Update:     0.000327

Forces:     0.000201
Candidates: 0.000113
Neighbors:  0.013645
Iterations: 0.058001
Vorticity:  0.006098
Viscosity:  0.001768
Update:     0.000333

Forces:     0.000200
Candidates: 0.000137
Neighbors:  0.013810
Iterations: 0.058663
Vorticity:  0.006281
Viscosity:  0.001928
Update:     0.000326

Forces:     0.000266
Candidates: 0.000377
Neighbors:  0.013728
Iterations: 0.059868
Vorticity:  0.006393
Viscosity:  0.001955
Update:     0.000335

Forces:     0.000199
Candidates: 0.000116
Neighbors:  0.013799
Iterations: 0.060204
Vorticity:  0.006414
Viscosity:  0.001956
Update:     0.000335

Forces:     0.000202
Candidates: 0.000109
Neighbors:  0.013910
Iterations: 0.061359
Vorticity:  0.006556
Viscosity:  0.002003
Update:     0.000337

Forces:     0.000208
Candidates: 0.000113
Neighbors:  0.013874
Iterations: 0.168332
Vorticity:  0.020082
Viscosity:  0.009401
Update:     0.009111

Forces:     0.005245
Candidates: 0.000128
Neighbors:  0.014183
Iterations: 0.063108
Vorticity:  0.006730
Viscosity:  0.001984
Update:     0.000333

Forces:     0.000270
Candidates: 0.000347
Neighbors:  0.014119
Iterations: 0.064134
Vorticity:  0.006872
Viscosity:  0.002046
Update:     0.000342

Forces:     0.000214
Candidates: 0.000131
Neighbors:  0.014152
Iterations: 0.064781
Vorticity:  0.006897
Viscosity:  0.002014
Update:     0.000338

Forces:     0.000210
Candidates: 0.000130
Neighbors:  0.014009
Iterations: 0.065421
Vorticity:  0.006721
Viscosity:  0.001914
Update:     0.000352

Forces:     0.000210
Candidates: 0.000118
Neighbors:  0.014216
Iterations: 0.069912
Vorticity:  0.007638
Viscosity:  0.002291
Update:     0.000344

Forces:     0.000247
Candidates: 0.000119
Neighbors:  0.014449
Iterations: 0.067414
Vorticity:  0.007667
Viscosity:  0.002311
Update:     0.000338

Forces:     0.000269
Candidates: 0.000339
Neighbors:  0.014368
Iterations: 0.067538
Vorticity:  0.007212
Viscosity:  0.002164
Update:     0.000350

Forces:     0.000210
Candidates: 0.000119
Neighbors:  0.014528
Iterations: 0.068175
Vorticity:  0.007262
Viscosity:  0.002169
Update:     0.000343

Forces:     0.000211
Candidates: 0.000119
Neighbors:  0.014695
Iterations: 0.070793
Vorticity:  0.008065
Viscosity:  0.002395
Update:     0.000343

Forces:     0.000248
Candidates: 0.000114
Neighbors:  0.014559
Iterations: 0.069207
Vorticity:  0.007367
Viscosity:  0.002088
Update:     0.000351

Forces:     0.000222
Candidates: 0.000144
Neighbors:  0.014575
Iterations: 0.071697
Vorticity:  0.008279
Viscosity:  0.002470
Update:     0.000351

Forces:     0.000274
Candidates: 0.000302
Neighbors:  0.014661
Iterations: 0.074641
Vorticity:  0.008160
Viscosity:  0.002240
Update:     0.000354

Forces:     0.000222
Candidates: 0.000120
Neighbors:  0.014965
Iterations: 0.078494
Vorticity:  0.008523
Viscosity:  0.002539
Update:     0.000351

Forces:     0.000217
Candidates: 0.000119
Neighbors:  0.014851
Iterations: 0.080015
Vorticity:  0.008569
Viscosity:  0.002530
Update:     0.000352

Forces:     0.000245
Candidates: 0.000124
Neighbors:  0.014833
Iterations: 0.089080
Vorticity:  0.021877
Viscosity:  0.009192
Update:     0.008979

Forces:     0.010030
Candidates: 0.010002
Neighbors:  0.042265
Iterations: 0.126964
Vorticity:  0.008869
Viscosity:  0.002646
Update:     0.000355

Forces:     0.000277
Candidates: 0.000314
Neighbors:  0.015034
Iterations: 0.080776
Vorticity:  0.009003
Viscosity:  0.002649
Update:     0.000356

Forces:     0.000216
Candidates: 0.000122
Neighbors:  0.015284
Iterations: 0.080646
Vorticity:  0.009068
Viscosity:  0.002658
Update:     0.000365

Forces:     0.000223
Candidates: 0.000118
Neighbors:  0.015234
Iterations: 0.081870
Vorticity:  0.009126
Viscosity:  0.002646
Update:     0.000351

Forces:     0.000219
Candidates: 0.000128
Neighbors:  0.015262
Iterations: 0.080806
Vorticity:  0.008557
Viscosity:  0.002475
Update:     0.000352

Forces:     0.000222
Candidates: 0.000141
Neighbors:  0.015286
Iterations: 0.080482
Vorticity:  0.008621
Viscosity:  0.002497
Update:     0.000359

Forces:     0.000276
Candidates: 0.000318
Neighbors:  0.015182
Iterations: 0.083194
Vorticity:  0.009580
Viscosity:  0.002587
Update:     0.000360

Forces:     0.000224
Candidates: 0.000163
Neighbors:  0.015554
Iterations: 0.083044
Vorticity:  0.009779
Viscosity:  0.002846
Update:     0.000355

Forces:     0.000239
Candidates: 0.000136
Neighbors:  0.015826
Iterations: 0.084496
Vorticity:  0.009882
Viscosity:  0.002849
Update:     0.000361

Forces:     0.000223
Candidates: 0.000116
Neighbors:  0.015594
Iterations: 0.083869
Vorticity:  0.009004
Viscosity:  0.002631
Update:     0.000362

Forces:     0.000226
Candidates: 0.000124
Neighbors:  0.015739
Iterations: 0.086623
Vorticity:  0.010139
Viscosity:  0.002920
Update:     0.000359

Forces:     0.000275
Candidates: 0.000353
Neighbors:  0.015706
Iterations: 0.085434
Vorticity:  0.009165
Viscosity:  0.002631
Update:     0.000362

Forces:     0.000220
Candidates: 0.000127
Neighbors:  0.015933
Iterations: 0.132140
Vorticity:  0.026194
Viscosity:  0.009157
Update:     0.008794

Forces:     0.010011
Candidates: 0.010009
Neighbors:  0.046648
Iterations: 0.100801
Vorticity:  0.009409
Viscosity:  0.002774
Update:     0.000376

Forces:     0.000235
Candidates: 0.000121
Neighbors:  0.015972
Iterations: 0.088256
Vorticity:  0.009622
Viscosity:  0.003042
Update:     0.000361

Forces:     0.000229
Candidates: 0.000134
Neighbors:  0.015957
Iterations: 0.094904
Vorticity:  0.009559
Viscosity:  0.002728
Update:     0.000360

Forces:     0.000262
Candidates: 0.000308
Neighbors:  0.016062
Iterations: 0.090195
Vorticity:  0.009709
Viscosity:  0.002792
Update:     0.000365

Forces:     0.000256
Candidates: 0.000145
Neighbors:  0.016283
Iterations: 0.090725
Vorticity:  0.009863
Viscosity:  0.002779
Update:     0.000367

Forces:     0.000229
Candidates: 0.000144
Neighbors:  0.016522
Iterations: 0.091292
Vorticity:  0.009789
Viscosity:  0.002868
Update:     0.000362

Forces:     0.000228
Candidates: 0.000127
Neighbors:  0.016331
Iterations: 0.091785
Vorticity:  0.009833
Viscosity:  0.002814
Update:     0.000363

Forces:     0.000226
Candidates: 0.000119
Neighbors:  0.016456
Iterations: 0.093207
Vorticity:  0.010007
Viscosity:  0.002768
Update:     0.000371

Forces:     0.000299
Candidates: 0.000358
Neighbors:  0.016577
Iterations: 0.092641
Vorticity:  0.010057
Viscosity:  0.002722
Update:     0.000367

Forces:     0.000251
Candidates: 0.000134
Neighbors:  0.016649
Iterations: 0.093809
Vorticity:  0.010371
Viscosity:  0.003185
Update:     0.000362

Forces:     0.000224
Candidates: 0.000157
Neighbors:  0.016832
Iterations: 0.099356
Vorticity:  0.010517
Viscosity:  0.003185
Update:     0.000373

Forces:     0.000230
Candidates: 0.000136
Neighbors:  0.016803
Iterations: 0.094541
Vorticity:  0.010080
Viscosity:  0.002915
Update:     0.000365

Forces:     0.000225
Candidates: 0.000126
Neighbors:  0.017007
Iterations: 0.095327
Vorticity:  0.010247
Viscosity:  0.002920
Update:     0.000364

Forces:     0.004899
Candidates: 0.010057
Neighbors:  0.038959
Iterations: 0.095566
Vorticity:  0.010178
Viscosity:  0.002932
Update:     0.000380

Forces:     0.000225
Candidates: 0.000128
Neighbors:  0.017024
Iterations: 0.096564
Vorticity:  0.010295
Viscosity:  0.002944
Update:     0.000369

Forces:     0.000231
Candidates: 0.000131
Neighbors:  0.017362
Iterations: 0.096787
Vorticity:  0.010403
Viscosity:  0.002995
Update:     0.000374

Forces:     0.000233
Candidates: 0.000150
Neighbors:  0.017239
Iterations: 0.097374
Vorticity:  0.010478
Viscosity:  0.002973
Update:     0.000371

Forces:     0.000230
Candidates: 0.000131
Neighbors:  0.017483
Iterations: 0.098554
Vorticity:  0.010419
Viscosity:  0.003019
Update:     0.000375

Forces:     0.000274
Candidates: 0.000339
Neighbors:  0.017641
Iterations: 0.098634
Vorticity:  0.010436
Viscosity:  0.002993
Update:     0.000365

Forces:     0.000260
Candidates: 0.000126
Neighbors:  0.017447
Iterations: 0.099398
Vorticity:  0.010625
Viscosity:  0.002976
Update:     0.000371

Forces:     0.000235
Candidates: 0.000148
Neighbors:  0.016502
Iterations: 0.099245
Vorticity:  0.010531
Viscosity:  0.003022
Update:     0.000370

Forces:     0.000229
Candidates: 0.000128
Neighbors:  0.017904
Iterations: 0.100050
Vorticity:  0.010776
Viscosity:  0.003031
Update:     0.000368

Forces:     0.000234
Candidates: 0.000151
Neighbors:  0.017789
Iterations: 0.100135
Vorticity:  0.010674
Viscosity:  0.002956
Update:     0.000364

Forces:     0.000289
Candidates: 0.000344
Neighbors:  0.017998
Iterations: 0.100947
Vorticity:  0.010790
Viscosity:  0.003090
Update:     0.000370

Forces:     0.000231
Candidates: 0.000143
Neighbors:  0.018142
Iterations: 0.101512
Vorticity:  0.010953
Viscosity:  0.003129
Update:     0.001131

Forces:     0.000248
Candidates: 0.000152
Neighbors:  0.018006
Iterations: 0.184978
Vorticity:  0.020191
Viscosity:  0.008912
Update:     0.008667

Forces:     0.000256
Candidates: 0.000154
Neighbors:  0.018326
Iterations: 0.102063
Vorticity:  0.010867
Viscosity:  0.003144
Update:     0.000367

Forces:     0.000233
Candidates: 0.000128
Neighbors:  0.018198
Iterations: 0.110381
Vorticity:  0.011019
Viscosity:  0.003087
Update:     0.000369

Forces:     0.000281
Candidates: 0.000348
Neighbors:  0.018474
Iterations: 0.104216
Vorticity:  0.010706
Viscosity:  0.003183
Update:     0.000369

Forces:     0.000237
Candidates: 0.000130
Neighbors:  0.018133
Iterations: 0.101414
Vorticity:  0.010982
Viscosity:  0.003145
Update:     0.000367

Forces:     0.000240
Candidates: 0.000174
Neighbors:  0.018342
Iterations: 0.102327
Vorticity:  0.010793
Viscosity:  0.003117
Update:     0.000383

Forces:     0.000237
Candidates: 0.000160
Neighbors:  0.018056
Iterations: 0.103933
Vorticity:  0.011209
Viscosity:  0.003177
Update:     0.000375

Forces:     0.000236
Candidates: 0.000156
Neighbors:  0.018646
Iterations: 0.107031
Vorticity:  0.011420
Viscosity:  0.003147
Update:     0.002821

Forces:     0.000274
Candidates: 0.000352
Neighbors:  0.018392
Iterations: 0.101528
Vorticity:  0.011128
Viscosity:  0.003138
Update:     0.000365

Forces:     0.000241
Candidates: 0.000156
Neighbors:  0.018819
Iterations: 0.104749
Vorticity:  0.011309
Viscosity:  0.003272
Update:     0.000366

Forces:     0.000238
Candidates: 0.000160
Neighbors:  0.018755
Iterations: 0.105159
Vorticity:  0.011422
Viscosity:  0.004809
Update:     0.000371

Forces:     0.000238
Candidates: 0.000156
Neighbors:  0.018818
Iterations: 0.103442
Vorticity:  0.011424
Viscosity:  0.003238
Update:     0.000375

Forces:     0.000237
Candidates: 0.000156
Neighbors:  0.018928
Iterations: 0.154685
Vorticity:  0.020203
Viscosity:  0.009934
Update:     0.008616

Forces:     0.000178
Candidates: 0.000366
Neighbors:  0.019105
Iterations: 0.106361
Vorticity:  0.011123
Viscosity:  0.003146
Update:     0.000375

Forces:     0.000238
Candidates: 0.000153
Neighbors:  0.018559
Iterations: 0.106795
Vorticity:  0.011534
Viscosity:  0.003303
Update:     0.000378

Forces:     0.000252
Candidates: 0.000179
Neighbors:  0.018813
Iterations: 0.104145
Vorticity:  0.011164
Viscosity:  0.003411
Update:     0.000369

Forces:     0.000235
Candidates: 0.000137
Neighbors:  0.018724
Iterations: 0.106669
Vorticity:  0.011619
Viscosity:  0.003088
Update:     0.000369

Forces:     0.000242
Candidates: 0.000156
Neighbors:  0.018900
Iterations: 0.106596
Vorticity:  0.011677
Viscosity:  0.003339
Update:     0.000371

Forces:     0.000287
Candidates: 0.000346
Neighbors:  0.019175
Iterations: 0.108158
Vorticity:  0.011646
Viscosity:  0.003243
Update:     0.000378

Forces:     0.000237
Candidates: 0.000162
Neighbors:  0.019008
Iterations: 0.107913
Vorticity:  0.011354
Viscosity:  0.003309
Update:     0.000374

Forces:     0.000232
Candidates: 0.000134
Neighbors:  0.019086
Iterations: 0.109059
Vorticity:  0.011799
Viscosity:  0.003179
Update:     0.000371

Forces:     0.000237
Candidates: 0.000150
Neighbors:  0.019270
Iterations: 0.108869
Vorticity:  0.011739
Viscosity:  0.003358
Update:     0.001823

Forces:     0.000238
Candidates: 0.000159
Neighbors:  0.019294
Iterations: 0.107974
Vorticity:  0.011548
Viscosity:  0.003177
Update:     0.000377

Forces:     0.000277
Candidates: 0.000336
Neighbors:  0.019136
Iterations: 0.182334
Vorticity:  0.020179
Viscosity:  0.008866
Update:     0.007733

Forces:     0.000233
Candidates: 0.000140
Neighbors:  0.019140
Iterations: 0.107815
Vorticity:  0.011764
Viscosity:  0.003341
Update:     0.000377

Forces:     0.000239
Candidates: 0.000143
Neighbors:  0.019212
Iterations: 0.110594
Vorticity:  0.011742
Viscosity:  0.004419
Update:     0.000371

Forces:     0.000235
Candidates: 0.000135
Neighbors:  0.019768
Iterations: 0.107395
Vorticity:  0.011582
Viscosity:  0.003174
Update:     0.000367

Forces:     0.000240
Candidates: 0.000157
Neighbors:  0.019171
Iterations: 0.108925
Vorticity:  0.011790
Viscosity:  0.003237
Update:     0.000365

Forces:     0.000295
Candidates: 0.000341
Neighbors:  0.019122
Iterations: 0.106692
Vorticity:  0.011849
Viscosity:  0.003380
Update:     0.000370

Forces:     0.000242
Candidates: 0.000169
Neighbors:  0.019512
Iterations: 0.109397
Vorticity:  0.011734
Viscosity:  0.003236
Update:     0.000365

Forces:     0.000231
Candidates: 0.000147
Neighbors:  0.019490
Iterations: 0.108988
Vorticity:  0.011788
Viscosity:  0.003267
Update:     0.000415

Forces:     0.000275
Candidates: 0.000167
Neighbors:  0.019593
Iterations: 0.107675
Vorticity:  0.011623
Viscosity:  0.003179
Update:     0.000372

Forces:     0.000249
Candidates: 0.000150
Neighbors:  0.019527
Iterations: 0.108268
Vorticity:  0.012012
Viscosity:  0.003419
Update:     0.000370

Forces:     0.000272
Candidates: 0.000361
Neighbors:  0.019548
Iterations: 0.109185
Vorticity:  0.011628
Viscosity:  0.003394
Update:     0.000377

Forces:     0.000234
Candidates: 0.000141
Neighbors:  0.019469
Iterations: 0.110298
Vorticity:  0.011938
Viscosity:  0.003399
Update:     0.000374

Forces:     0.000238
Candidates: 0.000168
Neighbors:  0.019543
Iterations: 0.219779
Vorticity:  0.013719
Viscosity:  0.004039
Update:     0.000374

Forces:     0.000244
Candidates: 0.000248
Neighbors:  0.020226
Iterations: 0.114162
Vorticity:  0.013704
Viscosity:  0.003511
Update:     0.000369

Forces:     0.000236
Candidates: 0.000140
Neighbors:  0.019888
Iterations: 0.110829
Vorticity:  0.011809
Viscosity:  0.003382
Update:     0.000376

Forces:     0.000285
Candidates: 0.000328
Neighbors:  0.019744
Iterations: 0.110362
Vorticity:  0.012178
Viscosity:  0.003611
Update:     0.000374

Forces:     0.000237
Candidates: 0.000202
Neighbors:  0.019756
Iterations: 0.121104
Vorticity:  0.013297
Viscosity:  0.003806
Update:     0.000370

Forces:     0.000274
Candidates: 0.000266
Neighbors:  0.018440
Iterations: 0.110924
Vorticity:  0.012073
Viscosity:  0.003504
Update:     0.001571

Forces:     0.000238
Candidates: 0.000171
Neighbors:  0.019824
Iterations: 0.110481
Vorticity:  0.011849
Viscosity:  0.003420
Update:     0.000372

Forces:     0.000234
Candidates: 0.000137
Neighbors:  0.019485
Iterations: 0.107788
Vorticity:  0.010708
Viscosity:  0.002988
Update:     0.002925

Forces:     0.000284
Candidates: 0.000368
Neighbors:  0.019538
Iterations: 0.105083
Vorticity:  0.010764
Viscosity:  0.003804
Update:     0.000372

Forces:     0.000240
Candidates: 0.000145
Neighbors:  0.018181
Iterations: 0.101263
Vorticity:  0.010951
Viscosity:  0.003114
Update:     0.002282

Forces:     0.000241
Candidates: 0.000135
Neighbors:  0.018307
Iterations: 0.104679
Vorticity:  0.011981
Viscosity:  0.003142
Update:     0.003268

Forces:     0.000240
Candidates: 0.000136
Neighbors:  0.018093
Iterations: 0.105137
Vorticity:  0.011623
Viscosity:  0.004531
Update:     0.000370

Forces:     0.000240
Candidates: 0.000154
Neighbors:  0.019599
Iterations: 0.122259
Vorticity:  0.036174
Viscosity:  0.009281
Update:     0.008091

Forces:     0.000281
Candidates: 0.000347
Neighbors:  0.018318
Iterations: 0.108948
Vorticity:  0.011595
Viscosity:  0.003340
Update:     0.002885

Forces:     0.000243
Candidates: 0.000151
Neighbors:  0.019569
Iterations: 0.117980
Vorticity:  0.013462
Viscosity:  0.003974
Update:     0.000391

Forces:     0.000259
Candidates: 0.000225
Neighbors:  0.017619
Iterations: 0.114817
Vorticity:  0.011204
Viscosity:  0.003235
Update:     0.002621

Forces:     0.000241
Candidates: 0.000167
Neighbors:  0.018958
Iterations: 0.105774
Vorticity:  0.010343
Viscosity:  0.002845
Update:     0.000373

Forces:     0.000243
Candidates: 0.000126
Neighbors:  0.017515
Iterations: 0.099877
Vorticity:  0.011355
Viscosity:  0.003296
Update:     0.000371

Forces:     0.000278
Candidates: 0.000330
Neighbors:  0.019003
Iterations: 0.104040
Vorticity:  0.011220
Viscosity:  0.003256
Update:     0.000381

Forces:     0.000232
Candidates: 0.000156
Neighbors:  0.019128
Iterations: 0.104517
Vorticity:  0.011349
Viscosity:  0.003291
Update:     0.000369

Forces:     0.000234
Candidates: 0.000164
Neighbors:  0.019190
Iterations: 0.105450
Vorticity:  0.011355
Viscosity:  0.003286
Update:     0.002326

Forces:     0.000239
Candidates: 0.000167
Neighbors:  0.019120
Iterations: 0.106051
Vorticity:  0.011319
Viscosity:  0.003283
Update:     0.000369

Forces:     0.000245
Candidates: 0.000161
Neighbors:  0.019090
Iterations: 0.103539
Vorticity:  0.011120
Viscosity:  0.003290
Update:     0.000365

Forces:     0.000281
Candidates: 0.000331
Neighbors:  0.018637
Iterations: 0.104180
Vorticity:  0.011286
Viscosity:  0.003292
Update:     0.000720

Forces:     0.000242
Candidates: 0.000174
Neighbors:  0.019021
Iterations: 0.135234
Vorticity:  0.022888
Viscosity:  0.010122
Update:     0.008671

Forces:     0.010016
Candidates: 0.010023
Neighbors:  0.042384
Iterations: 0.113392
Vorticity:  0.011296
Viscosity:  0.003186
Update:     0.000367

Forces:     0.000235
Candidates: 0.000137
Neighbors:  0.018907
Iterations: 0.103682
Vorticity:  0.010866
Viscosity:  0.003135
Update:     0.000380

Forces:     0.000240
Candidates: 0.000127
Neighbors:  0.018111
Iterations: 0.103305
Vorticity:  0.013182
Viscosity:  0.003845
Update:     0.000365

Forces:     0.000279
Candidates: 0.000353
Neighbors:  0.019812
Iterations: 0.114102
Vorticity:  0.011453
Viscosity:  0.003411
Update:     0.000376

Forces:     0.000236
Candidates: 0.000172
Neighbors:  0.020317
Iterations: 0.116763
Vorticity:  0.013042
Viscosity:  0.003864
Update:     0.000369

Forces:     0.000261
Candidates: 0.000233
Neighbors:  0.019355
Iterations: 0.113915
Vorticity:  0.010932
Viscosity:  0.003179
Update:     0.000366

Forces:     0.000235
Candidates: 0.000144
Neighbors:  0.018636
Iterations: 0.104700
Vorticity:  0.011347
Viscosity:  0.003264
Update:     0.000365

Forces:     0.000236
Candidates: 0.000158
Neighbors:  0.019363
Iterations: 0.104220
Vorticity:  0.010990
Viscosity:  0.003143
Update:     0.000367

Forces:     0.000284
Candidates: 0.000323
Neighbors:  0.018537
Iterations: 0.103167
Vorticity:  0.010882
Viscosity:  0.003049
Update:     0.000366

Forces:     0.000237
Candidates: 0.000132
Neighbors:  0.018683
Iterations: 0.105109
Vorticity:  0.011320
Viscosity:  0.003297
Update:     0.000365

Forces:     0.000241
Candidates: 0.000209
Neighbors:  0.019553
Iterations: 0.102683
Vorticity:  0.010872
Viscosity:  0.003109
Update:     0.000365

Forces:     0.000236
Candidates: 0.000143
Neighbors:  0.019580
Iterations: 0.102927
Vorticity:  0.010675
Viscosity:  0.003084
Update:     0.000367

Forces:     0.000246
Candidates: 0.000164
Neighbors:  0.029792
Iterations: 0.192033
Vorticity:  0.011257
Viscosity:  0.003239
Update:     0.000367

Forces:     0.000282
Candidates: 0.000363
Neighbors:  0.019491
Iterations: 0.106851
Vorticity:  0.011737
Viscosity:  0.003536
Update:     0.000373

Forces:     0.000257
Candidates: 0.000215
Neighbors:  0.020627
Iterations: 0.109221
Vorticity:  0.011594
Viscosity:  0.003012
Update:     0.000368

Forces:     0.000233
Candidates: 0.000190
Neighbors:  0.020062
Iterations: 0.101370
Vorticity:  0.010871
Viscosity:  0.003003
Update:     0.000365

Forces:     0.000241
Candidates: 0.000175
Neighbors:  0.019677
Iterations: 0.102623
Vorticity:  0.010830
Viscosity:  0.003430
Update:     0.000364

Forces:     0.000245
Candidates: 0.000159
Neighbors:  0.019326
Iterations: 0.105472
Vorticity:  0.010752
Viscosity:  0.003072
Update:     0.000367

Forces:     0.000279
Candidates: 0.000361
Neighbors:  0.018926
Iterations: 0.100857
Vorticity:  0.012216
Viscosity:  0.003610
Update:     0.000363

Forces:     0.000243
Candidates: 0.000243
Neighbors:  0.018841
Iterations: 0.099030
Vorticity:  0.010503
Viscosity:  0.003089
Update:     0.000364

Forces:     0.000239
Candidates: 0.000161
Neighbors:  0.018061
Iterations: 0.097570
Vorticity:  0.010650
Viscosity:  0.003016
Update:     0.000366

Forces:     0.000230
Candidates: 0.000146
Neighbors:  0.018933
Iterations: 0.111431
Vorticity:  0.010496
Viscosity:  0.002932
Update:     0.000361

Forces:     0.000232
Candidates: 0.000168
Neighbors:  0.018104
Iterations: 0.096431
Vorticity:  0.010645
Viscosity:  0.002982
Update:     0.000362

Forces:     0.000276
Candidates: 0.000354
Neighbors:  0.018566
Iterations: 0.152820
Vorticity:  0.020188
Viscosity:  0.009037
Update:     0.008728

Forces:     0.010010
Candidates: 0.010025
Neighbors:  0.047003
Iterations: 0.094778
Vorticity:  0.010227
Viscosity:  0.002889
Update:     0.000365

Forces:     0.000234
Candidates: 0.000174
Neighbors:  0.018522
Iterations: 0.100664
Vorticity:  0.012193
Viscosity:  0.003610
Update:     0.000368

Forces:     0.000291
Candidates: 0.000263
Neighbors:  0.018283
Iterations: 0.099863
Vorticity:  0.010265
Viscosity:  0.002908
Update:     0.000362

Forces:     0.000234
Candidates: 0.000135
Neighbors:  0.017428
Iterations: 0.106482
Vorticity:  0.012073
Viscosity:  0.003585
Update:     0.000366

Forces:     0.000262
Candidates: 0.000333
Neighbors:  0.018526
Iterations: 0.093835
Vorticity:  0.009870
Viscosity:  0.002778
Update:     0.000362

Forces:     0.000238
Candidates: 0.000136
Neighbors:  0.018394
Iterations: 0.098807
Vorticity:  0.010215
Viscosity:  0.002902
Update:     0.000357

Forces:     0.000231
Candidates: 0.000170
Neighbors:  0.018551
Iterations: 0.100072
Vorticity:  0.011322
Viscosity:  0.003620
Update:     0.000365

Forces:     0.000226
Candidates: 0.000154
Neighbors:  0.017932
Iterations: 0.103862
Vorticity:  0.011236
Viscosity:  0.003395
Update:     0.000365

Forces:     0.000240
Candidates: 0.000171
Neighbors:  0.025891
Iterations: 0.100476
Vorticity:  0.011207
Viscosity:  0.003367
Update:     0.000354

Forces:     0.000278
Candidates: 0.000383
Neighbors:  0.018784
Iterations: 0.090543
Vorticity:  0.009318
Viscosity:  0.002848
Update:     0.000369

Forces:     0.000227
Candidates: 0.000192
Neighbors:  0.018762
Iterations: 0.102099
Vorticity:  0.010565
Viscosity:  0.003184
Update:     0.000362

Forces:     0.000222
Candidates: 0.000199
Neighbors:  0.019057
Iterations: 0.096893
Vorticity:  0.010341
Viscosity:  0.003086
Update:     0.000359

Forces:     0.000245
Candidates: 0.000192
Neighbors:  0.018711
Iterations: 0.230558
Vorticity:  0.010534
Viscosity:  0.003184
Update:     0.000364

Forces:     0.000223
Candidates: 0.000190
Neighbors:  0.019341
Iterations: 0.101020
Vorticity:  0.010185
Viscosity:  0.003147
Update:     0.000361

Forces:     0.000282
Candidates: 0.000315
Neighbors:  0.014804
Iterations: 0.081405
Vorticity:  0.009883
Viscosity:  0.003345
Update:     0.000368

Forces:     0.000254
Candidates: 0.000160
Neighbors:  0.019912
Iterations: 0.098403
Vorticity:  0.009646
Viscosity:  0.002815
Update:     0.000357

Forces:     0.000229
Candidates: 0.000163
Neighbors:  0.017588
Iterations: 0.101125
Vorticity:  0.011445
Viscosity:  0.003266
Update:     0.000351

Forces:     0.000257
Candidates: 0.000254
Neighbors:  0.017857
Iterations: 0.085513
Vorticity:  0.009324
Viscosity:  0.002330
Update:     0.000355

Forces:     0.000247
Candidates: 0.000129
Neighbors:  0.015626
Iterations: 0.077930
Vorticity:  0.008638
Viscosity:  0.002208
Update:     0.000355

Forces:     0.000276
Candidates: 0.000340
Neighbors:  0.016895
Iterations: 0.091467
Vorticity:  0.011262
Viscosity:  0.003252
Update:     0.000363

Forces:     0.000271
Candidates: 0.000298
Neighbors:  0.017685
Iterations: 0.104894
Vorticity:  0.009489
Viscosity:  0.002680
Update:     0.000365

Forces:     0.000228
Candidates: 0.000134
Neighbors:  0.017271
Iterations: 0.088690
Vorticity:  0.008901
Viscosity:  0.002454
Update:     0.000362

Forces:     0.000228
Candidates: 0.000130
Neighbors:  0.016655
Iterations: 0.085942
Vorticity:  0.009433
Viscosity:  0.002799
Update:     0.000358

Forces:     0.000237
Candidates: 0.000167
Neighbors:  0.018100
Iterations: 0.089204
Vorticity:  0.009840
Viscosity:  0.002972
Update:     0.000353

Forces:     0.000280
Candidates: 0.000345
Neighbors:  0.018275
Iterations: 0.092254
Vorticity:  0.011290
Viscosity:  0.003373
Update:     0.000351

Forces:     0.000284
Candidates: 0.000253
Neighbors:  0.025368
Iterations: 0.193475
Vorticity:  0.009787
Viscosity:  0.002849
Update:     0.000355

Forces:     0.000226
Candidates: 0.000167
Neighbors:  0.018223
Iterations: 0.089453
Vorticity:  0.009671
Viscosity:  0.002824
Update:     0.000356

Forces:     0.000225
Candidates: 0.000160
Neighbors:  0.017986
Iterations: 0.086475
Vorticity:  0.009106
Viscosity:  0.002593
Update:     0.000376

Forces:     0.000229
Candidates: 0.000175
Neighbors:  0.017908
Iterations: 0.096466
Vorticity:  0.010725
Viscosity:  0.003219
Update:     0.000352

Forces:     0.000282
Candidates: 0.000361
Neighbors:  0.018070
Iterations: 0.090822
Vorticity:  0.009591
Viscosity:  0.002798
Update:     0.000367

Forces:     0.000229
Candidates: 0.000161
Neighbors:  0.017883
Iterations: 0.090931
Vorticity:  0.008952
Viscosity:  0.002625
Update:     0.000373

Forces:     0.000229
Candidates: 0.000198
Neighbors:  0.017759
Iterations: 0.090691
Vorticity:  0.009287
Viscosity:  0.002711
Update:     0.000348

Forces:     0.000231
Candidates: 0.000184
Neighbors:  0.017323
Iterations: 0.084131
Vorticity:  0.008961
Viscosity:  0.002537
Update:     0.000351

Forces:     0.000224
Candidates: 0.000164
Neighbors:  0.017914
Iterations: 0.088313
Vorticity:  0.012601
Viscosity:  0.003250
Update:     0.000370

Forces:     0.000278
Candidates: 0.000574
Neighbors:  0.018352
Iterations: 0.091171
Vorticity:  0.011082
Viscosity:  0.003313
Update:     0.000354

Forces:     0.000272
Candidates: 0.000261
Neighbors:  0.018429
Iterations: 0.085090
Vorticity:  0.009145
Viscosity:  0.002607
Update:     0.000349

Forces:     0.000226
Candidates: 0.000191
Neighbors:  0.017252
Iterations: 0.089336
Vorticity:  0.008959
Viscosity:  0.002637
Update:     0.000348

Forces:     0.000227
Candidates: 0.000182
Neighbors:  0.017004
Iterations: 0.082099
Vorticity:  0.009327
Viscosity:  0.002730
Update:     0.000346

Forces:     0.000228
Candidates: 0.000161
Neighbors:  0.017460
Iterations: 0.083808
Vorticity:  0.009239
Viscosity:  0.002726
Update:     0.000351

Forces:     0.003194
Candidates: 0.011069
Neighbors:  0.041602
Iterations: 0.158835
Vorticity:  0.008396
Viscosity:  0.002568
Update:     0.000353

Forces:     0.000236
Candidates: 0.000169
Neighbors:  0.016595
Iterations: 0.077222
Vorticity:  0.008820
Viscosity:  0.002119
Update:     0.002797

Forces:     0.000231
Candidates: 0.000183
Neighbors:  0.016615
Iterations: 0.073906
Vorticity:  0.008631
Viscosity:  0.004493
Update:     0.000348

Forces:     0.000223
Candidates: 0.000134
Neighbors:  0.013548
Iterations: 0.081902
Vorticity:  0.008683
Viscosity:  0.002593
Update:     0.002280

Forces:     0.000230
Candidates: 0.000179
Neighbors:  0.016770
Iterations: 0.079347
Vorticity:  0.008584
Viscosity:  0.002534
Update:     0.000345

Forces:     0.000283
Candidates: 0.000331
Neighbors:  0.016262
Iterations: 0.074628
Vorticity:  0.009768
Viscosity:  0.003155
Update:     0.000351

Forces:     0.000285
Candidates: 0.000249
Neighbors:  0.018221
Iterations: 0.087547
Vorticity:  0.008237
Viscosity:  0.002545
Update:     0.000346

Forces:     0.000233
Candidates: 0.000185
Neighbors:  0.016623
Iterations: 0.081880
Vorticity:  0.010089
Viscosity:  0.003077
Update:     0.000358

Forces:     0.000280
Candidates: 0.000181
Neighbors:  0.018938
Iterations: 0.093966
Vorticity:  0.008639
Viscosity:  0.001931
Update:     0.000349

Forces:     0.000230
Candidates: 0.000152
Neighbors:  0.013246
Iterations: 0.071530
Vorticity:  0.009281
Viscosity:  0.004995
Update:     0.000348

Forces:     0.000274
Candidates: 0.000344
Neighbors:  0.013404
Iterations: 0.080448
Vorticity:  0.008901
Viscosity:  0.002632
Update:     0.000349

Forces:     0.000234
Candidates: 0.000181
Neighbors:  0.017622
Iterations: 0.069212
Vorticity:  0.007550
Viscosity:  0.003052
Update:     0.000357

Forces:     0.000245
Candidates: 0.000165
Neighbors:  0.013897
Iterations: 0.068678
Vorticity:  0.008500
Viscosity:  0.002016
Update:     0.002730

Forces:     0.000231
Candidates: 0.000141
Neighbors:  0.016447
Iterations: 0.070564
Vorticity:  0.006651
Viscosity:  0.002083
Update:     0.001811

Forces:     0.000225
Candidates: 0.000146
Neighbors:  0.013174
Iterations: 0.070564
Vorticity:  0.007999
Viscosity:  0.004081
Update:     0.000345

Forces:     0.000273
Candidates: 0.000339
Neighbors:  0.013196
Iterations: 0.192002
Vorticity:  0.015153
Viscosity:  0.002091
Update:     0.000351

Forces:     0.000223
Candidates: 0.000158
Neighbors:  0.013263
Iterations: 0.064865
Vorticity:  0.006597
Viscosity:  0.003187
Update:     0.000358

Forces:     0.000223
Candidates: 0.000125
Neighbors:  0.015231
Iterations: 0.072833
Vorticity:  0.006186
Viscosity:  0.001836
Update:     0.000814

Forces:     0.000224
Candidates: 0.000157
Neighbors:  0.012697
Iterations: 0.070902
Vorticity:  0.007995
Viscosity:  0.001986
Update:     0.002547

Forces:     0.000225
Candidates: 0.000139
Neighbors:  0.015382
Iterations: 0.064483
Vorticity:  0.006455
Viscosity:  0.001994
Update:     0.000354

Forces:     0.000278
Candidates: 0.000379
Neighbors:  0.016504
Iterations: 0.071202
Vorticity:  0.007758
Viscosity:  0.004063
Update:     0.000351

Forces:     0.000224
Candidates: 0.000130
Neighbors:  0.015046
Iterations: 0.074381
Vorticity:  0.008412
Viscosity:  0.002503
Update:     0.000348

Forces:     0.000227
Candidates: 0.000187
Neighbors:  0.016770
Iterations: 0.085054
Vorticity:  0.009147
Viscosity:  0.002398
Update:     0.000348

Forces:     0.000223
Candidates: 0.000168
Neighbors:  0.016361
Iterations: 0.068860
Vorticity:  0.007488
Viscosity:  0.001803
Update:     0.002305

Forces:     0.000230
Candidates: 0.000153
Neighbors:  0.015523
Iterations: 0.072981
Vorticity:  0.008090
Viscosity:  0.002397
Update:     0.000345

Forces:     0.000274
Candidates: 0.000347
Neighbors:  0.013087
Iterations: 0.076491
Vorticity:  0.008426
Viscosity:  0.002500
Update:     0.000360

Forces:     0.000225
Candidates: 0.000179
Neighbors:  0.017210
Iterations: 0.082798
Vorticity:  0.008394
Viscosity:  0.002581
Update:     0.000354

Forces:     0.000231
Candidates: 0.000168
Neighbors:  0.016294
Iterations: 0.076092
Vorticity:  0.008435
Viscosity:  0.002564
Update:     0.000342

Forces:     0.000299
Candidates: 0.000184
Neighbors:  0.016160
Iterations: 0.078385
Vorticity:  0.009488
Viscosity:  0.002799
Update:     0.000364

Forces:     0.000231
Candidates: 0.000222
Neighbors:  0.019469
Iterations: 0.069767
Vorticity:  0.009493
Viscosity:  0.002755
Update:     0.000348

Forces:     0.008410
Candidates: 0.010052
Neighbors:  0.053238
Iterations: 0.149864
Vorticity:  0.008162
Viscosity:  0.002339
Update:     0.000358

Forces:     0.000224
Candidates: 0.000185
Neighbors:  0.016485
Iterations: 0.082942
Vorticity:  0.009492
Viscosity:  0.002823
Update:     0.000341

Forces:     0.000237
Candidates: 0.000232
Neighbors:  0.018258
Iterations: 0.081217
Vorticity:  0.008345
Viscosity:  0.002602
Update:     0.000345

Forces:     0.000232
Candidates: 0.000247
Neighbors:  0.015963
Iterations: 0.077469
Vorticity:  0.009539
Viscosity:  0.002814
Update:     0.000346

Forces:     0.000248
Candidates: 0.000248
Neighbors:  0.020297
Iterations: 0.084560
Vorticity:  0.009710
Viscosity:  0.002875
Update:     0.000346

Forces:     0.000280
Candidates: 0.000339
Neighbors:  0.012531
Iterations: 0.063817
Vorticity:  0.007398
Viscosity:  0.001758
Update:     0.002293

Forces:     0.000222
Candidates: 0.000160
Neighbors:  0.014794
Iterations: 0.069402
Vorticity:  0.007494
Viscosity:  0.001843
Update:     0.002373

Forces:     0.000223
Candidates: 0.000142
Neighbors:  0.012406
Iterations: 0.069014
Vorticity:  0.007383
Viscosity:  0.002301
Update:     0.001871

Forces:     0.000224
Candidates: 0.000165
Neighbors:  0.015735
Iterations: 0.071579
Vorticity:  0.007786
Viscosity:  0.002322
Update:     0.000352

Forces:     0.000223
Candidates: 0.000153
Neighbors:  0.015979
Iterations: 0.074280
Vorticity:  0.008299
Viscosity:  0.002435
Update:     0.002156

Forces:     0.000275
Candidates: 0.000333
Neighbors:  0.012715
Iterations: 0.068711
Vorticity:  0.007678
Viscosity:  0.001999
Update:     0.000341

Forces:     0.000224
Candidates: 0.000189
Neighbors:  0.015813
Iterations: 0.062807
Vorticity:  0.007568
Viscosity:  0.002351
Update:     0.001943

Forces:     0.000235
Candidates: 0.000173
Neighbors:  0.015998
Iterations: 0.075648
Vorticity:  0.008295
Viscosity:  0.002474
Update:     0.000349

Forces:     0.000224
Candidates: 0.000161
Neighbors:  0.016498
Iterations: 0.069543
Vorticity:  0.006624
Viscosity:  0.002058
Update:     0.002515

Forces:     0.000222
Candidates: 0.000142
Neighbors:  0.016197
Iterations: 0.076285
Vorticity:  0.006436
Viscosity:  0.002148
Update:     0.000340

Forces:     0.002475
Candidates: 0.010015
Neighbors:  0.052447
Iterations: 0.132882
Vorticity:  0.008351
Viscosity:  0.002453
Update:     0.000347

Forces:     0.000224
Candidates: 0.000155
Neighbors:  0.016658
Iterations: 0.075739
Vorticity:  0.008296
Viscosity:  0.002414
Update:     0.000350

Forces:     0.000223
Candidates: 0.000164
Neighbors:  0.016809
Iterations: 0.074429
Vorticity:  0.008376
Viscosity:  0.001939
Update:     0.002758

Forces:     0.000227
Candidates: 0.000144
Neighbors:  0.012903
Iterations: 0.078979
Vorticity:  0.007694
Viscosity:  0.004003
Update:     0.000342

Forces:     0.000221
Candidates: 0.000131
Neighbors:  0.016287
Iterations: 0.077058
Vorticity:  0.008375
Viscosity:  0.002272
Update:     0.002263

Forces:     0.000268
Candidates: 0.000412
Neighbors:  0.017554
Iterations: 0.075408
Vorticity:  0.008114
Viscosity:  0.002300
Update:     0.000343

Forces:     0.000237
Candidates: 0.000173
Neighbors:  0.016685
Iterations: 0.068423
Vorticity:  0.007379
Viscosity:  0.003796
Update:     0.000346

Forces:     0.000224
Candidates: 0.000141
Neighbors:  0.012576
Iterations: 0.076156
Vorticity:  0.009101
Viscosity:  0.002690
Update:     0.000340

Forces:     0.000239
Candidates: 0.000277
Neighbors:  0.015427
Iterations: 0.084575
Vorticity:  0.009102
Viscosity:  0.002643
Update:     0.000352

Forces:     0.000283
Candidates: 0.000215
Neighbors:  0.015798
Iterations: 0.087849
Vorticity:  0.009238
Viscosity:  0.002778
Update:     0.000344

Forces:     0.000274
Candidates: 0.000359
Neighbors:  0.017153
Iterations: 0.074714
Vorticity:  0.007974
Viscosity:  0.002406
Update:     0.000348

Forces:     0.000221
Candidates: 0.000180
Neighbors:  0.016915
Iterations: 0.076617
Vorticity:  0.009082
Viscosity:  0.002724
Update:     0.000343

Forces:     0.000214
Candidates: 0.000171
Neighbors:  0.018075
Iterations: 0.081241
Vorticity:  0.008107
Viscosity:  0.002523
Update:     0.000343

Forces:     0.000298
Candidates: 0.000260
Neighbors:  0.016488
Iterations: 0.075402
Vorticity:  0.009359
Viscosity:  0.002810
Update:     0.000357

Forces:     0.000220
Candidates: 0.000166
Neighbors:  0.016404
Iterations: 0.076125
Vorticity:  0.008337
Viscosity:  0.001915
Update:     0.002765

Forces:     0.001502
Candidates: 0.010055
Neighbors:  0.040831
Iterations: 0.089852
Vorticity:  0.007800
Viscosity:  0.002275
Update:     0.000351

Forces:     0.000219
Candidates: 0.000171
Neighbors:  0.015973
Iterations: 0.071486
Vorticity:  0.007792
Viscosity:  0.002326
Update:     0.000338

Forces:     0.000219
Candidates: 0.000190
Neighbors:  0.016209
Iterations: 0.075736
Vorticity:  0.008975
Viscosity:  0.002637
Update:     0.000346

Forces:     0.000223
Candidates: 0.000195
Neighbors:  0.016618
Iterations: 0.078074
Vorticity:  0.009000
Viscosity:  0.002736
Update:     0.000357

Forces:     0.000230
Candidates: 0.000237
Neighbors:  0.015343
Iterations: 0.083920
Vorticity:  0.009135
Viscosity:  0.002602
Update:     0.000365

Forces:     0.000270
Candidates: 0.000371
Neighbors:  0.016386
Iterations: 0.064634
Vorticity:  0.009672
Viscosity:  0.002795
Update:     0.000341

Forces:     0.000222
Candidates: 0.000167
Neighbors:  0.015774
Iterations: 0.066440
Vorticity:  0.007610
Viscosity:  0.002369
Update:     0.000347

Forces:     0.000222
Candidates: 0.000169
Neighbors:  0.015912
Iterations: 0.072538
Vorticity:  0.007833
Viscosity:  0.002339
Update:     0.000346

Forces:     0.000220
Candidates: 0.000168
Neighbors:  0.015984
Iterations: 0.076116
Vorticity:  0.008246
Viscosity:  0.002454
Update:     0.000340

Forces:     0.000229
Candidates: 0.000191
Neighbors:  0.017107
Iterations: 0.077058
Vorticity:  0.009126
Viscosity:  0.002761
Update:     0.000339

Forces:     0.000274
Candidates: 0.000401
Neighbors:  0.017848
Iterations: 0.083530
Vorticity:  0.009285
Viscosity:  0.002730
Update:     0.000354

Forces:     0.000235
Candidates: 0.000233
Neighbors:  0.017070
Iterations: 0.082065
Vorticity:  0.009168
Viscosity:  0.002774
Update:     0.000337

Forces:     0.000223
Candidates: 0.000272
Neighbors:  0.016975
Iterations: 0.083282
Vorticity:  0.007549
Viscosity:  0.002157
Update:     0.000341

Forces:     0.000217
Candidates: 0.000183
Neighbors:  0.015703
Iterations: 0.067257
Vorticity:  0.006846
Viscosity:  0.002041
Update:     0.001934

Forces:     0.000230
Candidates: 0.000164
Neighbors:  0.015153
Iterations: 0.063600
Vorticity:  0.006891
Viscosity:  0.002045
Update:     0.001912

Forces:     0.009306
Candidates: 0.009977
Neighbors:  0.058524
Iterations: 0.099749
Vorticity:  0.009284
Viscosity:  0.002738
Update:     0.000357

Forces:     0.000238
Candidates: 0.000231
Neighbors:  0.016479
Iterations: 0.058874
Vorticity:  0.005823
Viscosity:  0.002302
Update:     0.000339

Forces:     0.000220
Candidates: 0.000145
Neighbors:  0.014876
Iterations: 0.062375
Vorticity:  0.007575
Viscosity:  0.001805
Update:     0.002462

Forces:     0.000220
Candidates: 0.000161
Neighbors:  0.015961
Iterations: 0.069196
Vorticity:  0.007853
Viscosity:  0.002325
Update:     0.000857

Forces:     0.000219
Candidates: 0.000183
Neighbors:  0.016325
Iterations: 0.073079
Vorticity:  0.008881
Viscosity:  0.002728
Update:     0.000344

Forces:     0.000269
Candidates: 0.000368
Neighbors:  0.015738
Iterations: 0.080860
Vorticity:  0.009103
Viscosity:  0.002711
Update:     0.000366

Forces:     0.000229
Candidates: 0.000170
Neighbors:  0.016654
Iterations: 0.079401
Vorticity:  0.008595
Viscosity:  0.002571
Update:     0.000362

Forces:     0.000219
Candidates: 0.000206
Neighbors:  0.016432
Iterations: 0.076960
Vorticity:  0.008626
Viscosity:  0.002732
Update:     0.000345

Forces:     0.000306
Candidates: 0.000161
Neighbors:  0.016092
Iterations: 0.078296
Vorticity:  0.007857
Viscosity:  0.002418
Update:     0.000341

Forces:     0.000238
Candidates: 0.000192
Neighbors:  0.015945
Iterations: 0.070247
Vorticity:  0.007373
Viscosity:  0.002203
Update:     0.000338

Forces:     0.000270
Candidates: 0.000338
Neighbors:  0.015775
Iterations: 0.068905
Vorticity:  0.007728
Viscosity:  0.002320
Update:     0.000341

Forces:     0.000223
Candidates: 0.000173
Neighbors:  0.015991
Iterations: 0.070236
Vorticity:  0.007483
Viscosity:  0.002188
Update:     0.000340

Forces:     0.000218
Candidates: 0.000174
Neighbors:  0.015576
Iterations: 0.067004
Vorticity:  0.007578
Viscosity:  0.001814
Update:     0.002444

Forces:     0.000220
Candidates: 0.000152
Neighbors:  0.016155
Iterations: 0.073311
Vorticity:  0.005956
Viscosity:  0.001718
Update:     0.000342

Forces:     0.000219
Candidates: 0.000143
Neighbors:  0.012456
Iterations: 0.071577
Vorticity:  0.007501
Viscosity:  0.002232
Update:     0.002005

Forces:     0.008187
Candidates: 0.010045
Neighbors:  0.046465
Iterations: 0.151885
Vorticity:  0.007836
Viscosity:  0.002427
Update:     0.000351

Forces:     0.000274
Candidates: 0.000183
Neighbors:  0.015948
Iterations: 0.070568
Vorticity:  0.007823
Viscosity:  0.002422
Update:     0.000348

Forces:     0.000219
Candidates: 0.000175
Neighbors:  0.015883
Iterations: 0.072113
Vorticity:  0.008053
Viscosity:  0.002638
Update:     0.000347

Forces:     0.000216
Candidates: 0.000162
Neighbors:  0.015938
Iterations: 0.069271
Vorticity:  0.006971
Viscosity:  0.002152
Update:     0.000345

Forces:     0.000219
Candidates: 0.000170
Neighbors:  0.015048
Iterations: 0.062841
Vorticity:  0.007357
Viscosity:  0.003872
Update:     0.000347

Forces:     0.000274
Candidates: 0.000325
Neighbors:  0.012221
Iterations: 0.074508
Vorticity:  0.007912
Viscosity:  0.002410
Update:     0.000388

Forces:     0.000281
Candidates: 0.000185
Neighbors:  0.015915
Iterations: 0.071171
Vorticity:  0.007863
Viscosity:  0.002431
Update:     0.000352

Forces:     0.000217
Candidates: 0.000178
Neighbors:  0.015848
Iterations: 0.070671
Vorticity:  0.007910
Viscosity:  0.002394
Update:     0.000346

Forces:     0.000221
Candidates: 0.000173
Neighbors:  0.016228
Iterations: 0.072151
Vorticity:  0.007826
Viscosity:  0.002332
Update:     0.000341

Forces:     0.000218
Candidates: 0.000169
Neighbors:  0.016073
Iterations: 0.068546
Vorticity:  0.007572
Viscosity:  0.001825
Update:     0.002448

Forces:     0.000264
Candidates: 0.000386
Neighbors:  0.016553
Iterations: 0.069672
Vorticity:  0.007621
Viscosity:  0.001822
Update:     0.002482

Forces:     0.000220
Candidates: 0.000152
Neighbors:  0.016053
Iterations: 0.070407
Vorticity:  0.007732
Viscosity:  0.002309
Update:     0.000338

Forces:     0.000219
Candidates: 0.000171
Neighbors:  0.015699
Iterations: 0.072863
Vorticity:  0.008349
Viscosity:  0.002351
Update:     0.002246

Forces:     0.000219
Candidates: 0.000165
Neighbors:  0.016471
Iterations: 0.069780
Vorticity:  0.007579
Viscosity:  0.002308
Update:     0.000343

Forces:     0.000219
Candidates: 0.000176
Neighbors:  0.015955
Iterations: 0.070676
Vorticity:  0.007972
Viscosity:  0.002347
Update:     0.000345

Forces:     0.000276
Candidates: 0.000367
Neighbors:  0.012118
Iterations: 0.066964
Vorticity:  0.006859
Viscosity:  0.001847
Update:     0.002512

Forces:     0.000222
Candidates: 0.000164
Neighbors:  0.012173
Iterations: 0.095126
Vorticity:  0.020082
Viscosity:  0.015278
Update:     0.008881

Forces:     0.010039
Candidates: 0.010030
Neighbors:  0.060866
Iterations: 0.081654
Vorticity:  0.008606
Viscosity:  0.002572
Update:     0.000359

Forces:     0.000232
Candidates: 0.000213
Neighbors:  0.016457
Iterations: 0.077449
Vorticity:  0.005894
Viscosity:  0.001861
Update:     0.000336

Forces:     0.000216
Candidates: 0.000163
Neighbors:  0.014705
Iterations: 0.075342
Vorticity:  0.009014
Viscosity:  0.002740
Update:     0.000348

Forces:     0.000271
Candidates: 0.000413
Neighbors:  0.015723
Iterations: 0.071082
Vorticity:  0.008034
Viscosity:  0.002329
Update:     0.000347

Forces:     0.000220
Candidates: 0.000240
Neighbors:  0.015710
Iterations: 0.070439
Vorticity:  0.007841
Viscosity:  0.002295
Update:     0.000340

Forces:     0.000218
Candidates: 0.000200
Neighbors:  0.016217
Iterations: 0.070336
Vorticity:  0.007912
Viscosity:  0.001853
Update:     0.002526

Forces:     0.000222
Candidates: 0.000147
Neighbors:  0.015481
Iterations: 0.066988
Vorticity:  0.007790
Viscosity:  0.001842
Update:     0.002569

Forces:     0.000218
Candidates: 0.000147
Neighbors:  0.016235
Iterations: 0.075066
Vorticity:  0.007953
Viscosity:  0.001824
Update:     0.000337

Forces:     0.000273
Candidates: 0.000378
Neighbors:  0.012348
Iterations: 0.072932
Vorticity:  0.007897
Viscosity:  0.002359
Update:     0.000354

Forces:     0.000220
Candidates: 0.000203
Neighbors:  0.016385
Iterations: 0.086873
Vorticity:  0.009263
Viscosity:  0.002778
Update:     0.000354

Forces:     0.000243
Candidates: 0.000269
Neighbors:  0.016502
Iterations: 0.081767
Vorticity:  0.008868
Viscosity:  0.002695
Update:     0.000337

Forces:     0.000275
Candidates: 0.000167
Neighbors:  0.015513
Iterations: 0.081371
Vorticity:  0.009731
Viscosity:  0.002829
Update:     0.000354

Forces:     0.000250
Candidates: 0.000272
Neighbors:  0.013008
Iterations: 0.079237
Vorticity:  0.007858
Viscosity:  0.001855
Update:     0.002496

Forces:     0.000277
Candidates: 0.000385
Neighbors:  0.015808
Iterations: 0.067348
Vorticity:  0.007297
Viscosity:  0.002368
Update:     0.000352

Forces:     0.000226
Candidates: 0.000244
Neighbors:  0.015925
Iterations: 0.074331
Vorticity:  0.008093
Viscosity:  0.002532
Update:     0.000339

Forces:     0.000238
Candidates: 0.000198
Neighbors:  0.015913
Iterations: 0.103339
Vorticity:  0.018611
Viscosity:  0.010147
Update:     0.008735

Forces:     0.010009
Candidates: 0.010069
Neighbors:  0.047425
Iterations: 0.100892
Vorticity:  0.009258
Viscosity:  0.002744
Update:     0.000350

Forces:     0.000225
Candidates: 0.000246
Neighbors:  0.016519
Iterations: 0.080341
Vorticity:  0.008992
Viscosity:  0.002697
Update:     0.000353

Forces:     0.000263
Candidates: 0.000375
Neighbors:  0.016505
Iterations: 0.083010
Vorticity:  0.009705
Viscosity:  0.002833
Update:     0.000343

Forces:     0.000234
Candidates: 0.000273
Neighbors:  0.016431
Iterations: 0.078401
Vorticity:  0.008108
Viscosity:  0.002517
Update:     0.000346

Forces:     0.000224
Candidates: 0.000243
Neighbors:  0.015983
Iterations: 0.076856
Vorticity:  0.007809
Viscosity:  0.002361
Update:     0.000341

Forces:     0.000217
Candidates: 0.000169
Neighbors:  0.016515
Iterations: 0.077806
Vorticity:  0.008859
Viscosity:  0.002689
Update:     0.000342

Forces:     0.000268
Candidates: 0.000174
Neighbors:  0.016641
Iterations: 0.079635
Vorticity:  0.008506
Viscosity:  0.002412
Update:     0.000348

Forces:     0.000266
Candidates: 0.000372
Neighbors:  0.017071
Iterations: 0.073928
Vorticity:  0.008151
Viscosity:  0.002434
Update:     0.000351

Forces:     0.000220
Candidates: 0.000163
Neighbors:  0.016525
Iterations: 0.073788
Vorticity:  0.007841
Viscosity:  0.002343
Update:     0.000340

Forces:     0.000219
Candidates: 0.000165
Neighbors:  0.015750
Iterations: 0.071957
Vorticity:  0.007821
Viscosity:  0.002350
Update:     0.000342

Forces:     0.000216
Candidates: 0.000180
Neighbors:  0.017040
Iterations: 0.076701
Vorticity:  0.008209
Viscosity:  0.002558
Update:     0.000340

Forces:     0.000219
Candidates: 0.000208
Neighbors:  0.016775
Iterations: 0.075986
Vorticity:  0.009047
Viscosity:  0.002757
Update:     0.000337

Forces:     0.000266
Candidates: 0.000362
Neighbors:  0.015693
Iterations: 0.069892
Vorticity:  0.007712
Viscosity:  0.002274
Update:     0.000344

Forces:     0.000232
Candidates: 0.000165
Neighbors:  0.016130
Iterations: 0.104178
Vorticity:  0.027165
Viscosity:  0.009406
Update:     0.012881

Forces:     0.010005
Candidates: 0.010045
Neighbors:  0.040278
Iterations: 0.092747
Vorticity:  0.009911
Viscosity:  0.002907
Update:     0.000402

Forces:     0.000241
Candidates: 0.000265
Neighbors:  0.016390
Iterations: 0.085893
Vorticity:  0.008150
Viscosity:  0.002533
Update:     0.000345

Forces:     0.000255
Candidates: 0.000252
Neighbors:  0.016222
Iterations: 0.074709
Vorticity:  0.008428
Viscosity:  0.002534
Update:     0.000336

Forces:     0.000276
Candidates: 0.000338
Neighbors:  0.012720
Iterations: 0.070633
Vorticity:  0.007757
Viscosity:  0.002462
Update:     0.000344

Forces:     0.000221
Candidates: 0.000177
Neighbors:  0.016349
Iterations: 0.072030
Vorticity:  0.007986
Viscosity:  0.002394
Update:     0.000341

Forces:     0.000222
Candidates: 0.000173
Neighbors:  0.015528
Iterations: 0.068361
Vorticity:  0.007801
Viscosity:  0.001876
Update:     0.002532

Forces:     0.000219
Candidates: 0.000154
Neighbors:  0.016345
Iterations: 0.071568
Vorticity:  0.007686
Viscosity:  0.004079
Update:     0.000335

Forces:     0.000220
Candidates: 0.000135
Neighbors:  0.012565
Iterations: 0.073692
Vorticity:  0.008015
Viscosity:  0.003229
Update:     0.000344

Forces:     0.000283
Candidates: 0.000351
Neighbors:  0.015051
Iterations: 0.089779
Vorticity:  0.010055
Viscosity:  0.002955
Update:     0.000347

Forces:     0.000275
Candidates: 0.000295
Neighbors:  0.016540
Iterations: 0.076809
Vorticity:  0.008010
Viscosity:  0.003219
Update:     0.000335

Forces:     0.000229
Candidates: 0.000177
Neighbors:  0.016472
Iterations: 0.074559
Vorticity:  0.008196
Viscosity:  0.002394
Update:     0.000341

Forces:     0.000218
Candidates: 0.000178
Neighbors:  0.016805
Iterations: 0.071105
Vorticity:  0.008243
Viscosity:  0.002409
Update:     0.000340

Forces:     0.000221
Candidates: 0.000174
Neighbors:  0.016455
Iterations: 0.073897
Vorticity:  0.008065
Viscosity:  0.002423
Update:     0.000334

Forces:     0.000277
Candidates: 0.000353
Neighbors:  0.012560
Iterations: 0.074798
Vorticity:  0.007974
Viscosity:  0.002374
Update:     0.000353

Forces:     0.000218
Candidates: 0.000182
Neighbors:  0.016079
Iterations: 0.205757
Vorticity:  0.008086
Viscosity:  0.004221
Update:     0.000343

Forces:     0.000219
Candidates: 0.000135
Neighbors:  0.012180
Iterations: 0.074502
Vorticity:  0.007414
Viscosity:  0.002248
Update:     0.002022

Forces:     0.000227
Candidates: 0.000187
Neighbors:  0.015424
Iterations: 0.073858
Vorticity:  0.008137
Viscosity:  0.002403
Update:     0.000345

Forces:     0.000221
Candidates: 0.000194
Neighbors:  0.016120
Iterations: 0.073456
Vorticity:  0.008169
Viscosity:  0.002373
Update:     0.000345

Forces:     0.000269
Candidates: 0.000357
Neighbors:  0.011832
Iterations: 0.070830
Vorticity:  0.008053
Viscosity:  0.002364
Update:     0.000351

Forces:     0.000219
Candidates: 0.000190
Neighbors:  0.016263
Iterations: 0.074675
Vorticity:  0.014868
Viscosity:  0.002694
Update:     0.000380

Forces:     0.000211
Candidates: 0.000173
Neighbors:  0.015938
Iterations: 0.073660
Vorticity:  0.010203
Viscosity:  0.002994
Update:     0.000337

Forces:     0.000248
Candidates: 0.000279
Neighbors:  0.016630
Iterations: 0.084575
Vorticity:  0.009003
Viscosity:  0.001806
Update:     0.000341

Forces:     0.000219
Candidates: 0.000164
Neighbors:  0.012563
Iterations: 0.074859
Vorticity:  0.008204
Viscosity:  0.002659
Update:     0.000340

Forces:     0.000300
Candidates: 0.000377
Neighbors:  0.017050
Iterations: 0.069269
Vorticity:  0.008166
Viscosity:  0.001925
Update:     0.002725

Forces:     0.000226
Candidates: 0.000185
Neighbors:  0.016058
Iterations: 0.075671
Vorticity:  0.008576
Viscosity:  0.002503
Update:     0.000907

Forces:     0.000214
Candidates: 0.000194
Neighbors:  0.015515
Iterations: 0.073391
Vorticity:  0.007900
Viscosity:  0.002344
Update:     0.000338

Forces:     0.000220
Candidates: 0.000167
Neighbors:  0.015961
Iterations: 0.070585
Vorticity:  0.007509
Viscosity:  0.002305
Update:     0.000337

Forces:     0.000226
Candidates: 0.000175
Neighbors:  0.016055
Iterations: 0.071892
Vorticity:  0.007767
Viscosity:  0.002395
Update:     0.000338

Forces:     0.000290
Candidates: 0.000395
Neighbors:  0.010168
Iterations: 0.050673
Vorticity:  0.009027
Viscosity:  0.019899
Update:     0.013264

Forces:     0.010011
Candidates: 0.019973
Neighbors:  0.074031
Iterations: 0.086782
Vorticity:  0.005322
Viscosity:  0.001667
Update:     0.001150

Forces:     0.000221
Candidates: 0.000138
Neighbors:  0.010069
Iterations: 0.076836
Vorticity:  0.006714
Viscosity:  0.002012
Update:     0.000338

Forces:     0.000223
Candidates: 0.000157
Neighbors:  0.009959
Iterations: 0.052892
Vorticity:  0.006294
Viscosity:  0.001881
Update:     0.000343

Forces:     0.000222
Candidates: 0.000143
Neighbors:  0.012635
Iterations: 0.063546
Vorticity:  0.007634
Viscosity:  0.001819
Update:     0.002532

Forces:     0.000274
Candidates: 0.000387
Neighbors:  0.015828
Iterations: 0.070628
Vorticity:  0.007013
Viscosity:  0.002106
Update:     0.000529

Forces:     0.000228
Candidates: 0.000167
Neighbors:  0.013476
Iterations: 0.072876
Vorticity:  0.008089
Viscosity:  0.002433
Update:     0.000344

Forces:     0.000220
Candidates: 0.000183
Neighbors:  0.013195
Iterations: 0.073222
Vorticity:  0.007760
Viscosity:  0.002411
Update:     0.000339

Forces:     0.000242
Candidates: 0.000189
Neighbors:  0.015830
Iterations: 0.072187
Vorticity:  0.008587
Viscosity:  0.002682
Update:     0.000341

Forces:     0.000253
Candidates: 0.000231
Neighbors:  0.016984
Iterations: 0.088782
Vorticity:  0.009217
Viscosity:  0.002839
Update:     0.000340

Forces:     0.000295
Candidates: 0.000368
Neighbors:  0.016669
Iterations: 0.069729
Vorticity:  0.007607
Viscosity:  0.002306
Update:     0.000344

Forces:     0.000226
Candidates: 0.000166
Neighbors:  0.015673
Iterations: 0.072183
Vorticity:  0.008368
Viscosity:  0.001960
Update:     0.002767

Forces:     0.000223
Candidates: 0.000176
Neighbors:  0.012413
Iterations: 0.072118
Vorticity:  0.007894
Viscosity:  0.004177
Update:     0.000349

Forces:     0.000221
Candidates: 0.000142
Neighbors:  0.015177
Iterations: 0.069288
Vorticity:  0.009300
Viscosity:  0.002855
Update:     0.000342

Forces:     0.000249
Candidates: 0.000264
Neighbors:  0.016222
Iterations: 0.078273
Vorticity:  0.007599
Viscosity:  0.003111
Update:     0.000341

Forces:     0.000276
Candidates: 0.000418
Neighbors:  0.016106
Iterations: 0.110367
Vorticity:  0.028371
Viscosity:  0.020003
Update:     0.010073

Forces:     0.010010
Candidates: 0.010014
Neighbors:  0.047756
Iterations: 0.077991
Vorticity:  0.007466
Viscosity:  0.002264
Update:     0.000338

Forces:     0.000223
Candidates: 0.000177
Neighbors:  0.016092
Iterations: 0.075661
Vorticity:  0.008044
Viscosity:  0.002422
Update:     0.002189

Forces:     0.000224
Candidates: 0.000171
Neighbors:  0.017155
Iterations: 0.079304
Vorticity:  0.009755
Viscosity:  0.002973
Update:     0.000339

Forces:     0.000296
Candidates: 0.000295
Neighbors:  0.017282
Iterations: 0.087741
Vorticity:  0.009989
Viscosity:  0.002930
Update:     0.000340

Forces:     0.000277
Candidates: 0.000371
Neighbors:  0.014124
Iterations: 0.080736
Vorticity:  0.008773
Viscosity:  0.002636
Update:     0.000350

Forces:     0.000232
Candidates: 0.000202
Neighbors:  0.017035
Iterations: 0.078364
Vorticity:  0.008556
Viscosity:  0.002545
Update:     0.000343

Forces:     0.000226
Candidates: 0.000169
Neighbors:  0.016498
Iterations: 0.076728
Vorticity:  0.008247
Viscosity:  0.002434
Update:     0.000344

Forces:     0.000218
Candidates: 0.000182
Neighbors:  0.016271
Iterations: 0.075985
Vorticity:  0.008217
Viscosity:  0.002474
Update:     0.000338

Forces:     0.000228
Candidates: 0.000164
Neighbors:  0.016240
Iterations: 0.074800
Vorticity:  0.008235
Viscosity:  0.002438
Update:     0.000343

Forces:     0.000274
Candidates: 0.000380
Neighbors:  0.017025
Iterations: 0.076617
Vorticity:  0.008373
Viscosity:  0.002522
Update:     0.000350

Forces:     0.000231
Candidates: 0.000185
Neighbors:  0.016524
Iterations: 0.075352
Vorticity:  0.008269
Viscosity:  0.002458
Update:     0.000344

Forces:     0.000222
Candidates: 0.000160
Neighbors:  0.016174
Iterations: 0.075658
Vorticity:  0.008223
Viscosity:  0.003398
Update:     0.000350

Forces:     0.000222
Candidates: 0.000163
Neighbors:  0.016019
Iterations: 0.073315
Vorticity:  0.008506
Viscosity:  0.001970
Update:     0.002869

Forces:     0.000222
Candidates: 0.000146
Neighbors:  0.016419
Iterations: 0.057837
Vorticity:  0.007039
Viscosity:  0.002167
Update:     0.000334

Forces:     0.007884
Candidates: 0.010040
Neighbors:  0.040569
Iterations: 0.130530
Vorticity:  0.008754
Viscosity:  0.004865
Update:     0.000360

Forces:     0.000226
Candidates: 0.000139
Neighbors:  0.016828
Iterations: 0.062225
Vorticity:  0.005561
Viscosity:  0.001707
Update:     0.001517

Forces:     0.000226
Candidates: 0.000147
Neighbors:  0.012948
Iterations: 0.075990
Vorticity:  0.007599
Viscosity:  0.002030
Update:     0.000341

Forces:     0.000228
Candidates: 0.000132
Neighbors:  0.013640
Iterations: 0.057167
Vorticity:  0.006737
Viscosity:  0.004310
Update:     0.000342

Forces:     0.000221
Candidates: 0.000143
Neighbors:  0.012566
Iterations: 0.050073
Vorticity:  0.005669
Viscosity:  0.002692
Update:     0.000350

Forces:     0.000267
Candidates: 0.000373
Neighbors:  0.016466
Iterations: 0.076810
Vorticity:  0.008479
Viscosity:  0.002508
Update:     0.000344

Forces:     0.000222
Candidates: 0.000179
Neighbors:  0.016497
Iterations: 0.078075
Vorticity:  0.008459
Viscosity:  0.002516
Update:     0.000342

Forces:     0.000225
Candidates: 0.000169
Neighbors:  0.016705
Iterations: 0.077294
Vorticity:  0.008521
Viscosity:  0.002519
Update:     0.000341

Forces:     0.000224
Candidates: 0.000176
Neighbors:  0.011945
Iterations: 0.070341
Vorticity:  0.006899
Viscosity:  0.002063
Update:     0.003080

Forces:     0.000229
Candidates: 0.000190
Neighbors:  0.017239
Iterations: 0.076118
Vorticity:  0.008172
Viscosity:  0.002475
Update:     0.000689

Forces:     0.000273
Candidates: 0.000388
Neighbors:  0.015215
Iterations: 0.074277
Vorticity:  0.007379
Viscosity:  0.003069
Update:     0.000345

Forces:     0.000227
Candidates: 0.000140
Neighbors:  0.015798
Iterations: 0.075804
Vorticity:  0.008121
Viscosity:  0.002749
Update:     0.000351

Forces:     0.000223
Candidates: 0.000171
Neighbors:  0.017342
Iterations: 0.075856
Vorticity:  0.008200
Viscosity:  0.002524
Update:     0.001181

Forces:     0.000230
Candidates: 0.000181
Neighbors:  0.016543
Iterations: 0.077003
Vorticity:  0.008352
Viscosity:  0.002538
Update:     0.002285

Forces:     0.000224
Candidates: 0.000167
Neighbors:  0.016301
Iterations: 0.073235
Vorticity:  0.007906
Viscosity:  0.002352
Update:     0.000345

Forces:     0.000276
Candidates: 0.000331
Neighbors:  0.014023
Iterations: 0.106201
Vorticity:  0.020159
Viscosity:  0.009301
Update:     0.008875

Forces:     0.010009
Candidates: 0.010029
Neighbors:  0.044176
Iterations: 0.097717
Vorticity:  0.007887
Viscosity:  0.002367
Update:     0.000337

Forces:     0.000220
Candidates: 0.000189
Neighbors:  0.014926
Iterations: 0.071120
Vorticity:  0.007937
Viscosity:  0.002282
Update:     0.000347

Forces:     0.000224
Candidates: 0.000176
Neighbors:  0.014974
Iterations: 0.069476
Vorticity:  0.007752
Viscosity:  0.002772
Update:     0.000343

Forces:     0.000228
Candidates: 0.000174
Neighbors:  0.015510
Iterations: 0.066931
Vorticity:  0.008123
Viscosity:  0.004525
Update:     0.000339

Forces:     0.000269
Candidates: 0.000384
Neighbors:  0.015480
Iterations: 0.071114
Vorticity:  0.007782
Viscosity:  0.002403
Update:     0.000348

Forces:     0.000226
Candidates: 0.000172
Neighbors:  0.015537
Iterations: 0.076249
Vorticity:  0.008340
Viscosity:  0.002548
Update:     0.000342

Forces:     0.000242
Candidates: 0.000177
Neighbors:  0.016276
Iterations: 0.078142
Vorticity:  0.008752
Viscosity:  0.002620
Update:     0.000341

Forces:     0.000224
Candidates: 0.000184
Neighbors:  0.016734
Iterations: 0.079298
Vorticity:  0.008805
Viscosity:  0.002593
Update:     0.000344

Forces:     0.000225
Candidates: 0.000180
Neighbors:  0.016813
Iterations: 0.079501
Vorticity:  0.008731
Viscosity:  0.002591
Update:     0.000345

Forces:     0.000270
Candidates: 0.000344
Neighbors:  0.016355
Iterations: 0.077307
Vorticity:  0.008540
Viscosity:  0.003673
Update:     0.000349

Forces:     0.000223
Candidates: 0.000173
Neighbors:  0.016461
Iterations: 0.080463
Vorticity:  0.008782
Viscosity:  0.002554
Update:     0.000341

Forces:     0.000221
Candidates: 0.000184
Neighbors:  0.016577
Iterations: 0.079972
Vorticity:  0.008828
Viscosity:  0.002647
Update:     0.000340

Forces:     0.000222
Candidates: 0.000165
Neighbors:  0.016952
Iterations: 0.080179
Vorticity:  0.008469
Viscosity:  0.002534
Update:     0.000342

Forces:     0.000224
Candidates: 0.000174
Neighbors:  0.016455
Iterations: 0.075459
Vorticity:  0.007803
Viscosity:  0.001981
Update:     0.000345

Total Forces:     0.287745
Total Candidates: 0.354682
Total Neighbors:  8.674411
Total Iterations: 40.537856
Total Vorticity:  4.383357
Total Viscosity:  1.388220
Total Update:     0.406999

