Forces:     0.000535
Candidates: 0.001053
Neighbors:  0.039208
Iterations: 0.204351
Vorticity:  0.019187
Viscosity:  0.006083
Update:     0.000449

Forces:     0.000287
Candidates: 0.000334
Neighbors:  0.036893
Iterations: 0.239868
Vorticity:  0.025963
Viscosity:  0.009485
Update:     0.000454

Forces:     0.000255
Candidates: 0.000310
Neighbors:  0.048683
Iterations: 0.264371
Vorticity:  0.026416
Viscosity:  0.009658
Update:     0.000453

Forces:     0.000253
Candidates: 0.000308
Neighbors:  0.049731
Iterations: 0.269882
Vorticity:  0.026542
Viscosity:  0.009699
Update:     0.000448

Forces:     0.000253
Candidates: 0.000309
Neighbors:  0.050415
Iterations: 0.286184
Vorticity:  0.029223
Viscosity:  0.010864
Update:     0.000442

Forces:     0.000255
Candidates: 0.000324
Neighbors:  0.051106
Iterations: 0.274247
Vorticity:  0.027279
Viscosity:  0.010044
Update:     0.000443

Forces:     0.000262
Candidates: 0.000308
Neighbors:  0.051185
Iterations: 0.276221
Vorticity:  0.027754
Viscosity:  0.010270
Update:     0.000450

Forces:     0.000254
Candidates: 0.000309
Neighbors:  0.051508
Iterations: 0.276794
Vorticity:  0.027494
Viscosity:  0.010126
Update:     0.000451

Forces:     0.000254
Candidates: 0.000308
Neighbors:  0.051703
Iterations: 0.277335
Vorticity:  0.027564
Viscosity:  0.010117
Update:     0.000441

Forces:     0.000258
Candidates: 0.000308
Neighbors:  0.051787
Iterations: 0.277886
Vorticity:  0.027601
Viscosity:  0.010149
Update:     0.000451

Forces:     0.000263
Candidates: 0.000329
Neighbors:  0.052358
Iterations: 0.281448
Vorticity:  0.027796
Viscosity:  0.010248
Update:     0.000443

Forces:     0.000256
Candidates: 0.000315
Neighbors:  0.052098
Iterations: 0.279366
Vorticity:  0.028122
Viscosity:  0.010369
Update:     0.000443

Forces:     0.000254
Candidates: 0.000313
Neighbors:  0.052136
Iterations: 0.277614
Vorticity:  0.027634
Viscosity:  0.010158
Update:     0.000450

Forces:     0.000254
Candidates: 0.000309
Neighbors:  0.052099
Iterations: 0.277236
Vorticity:  0.027571
Viscosity:  0.010135
Update:     0.000448

Forces:     0.000255
Candidates: 0.000308
Neighbors:  0.052124
Iterations: 0.276708
Vorticity:  0.027515
Viscosity:  0.010116
Update:     0.000445

Forces:     0.000266
Candidates: 0.000331
Neighbors:  0.052383
Iterations: 0.277503
Vorticity:  0.027573
Viscosity:  0.010182
Update:     0.000443

Forces:     0.000256
Candidates: 0.000313
Neighbors:  0.052076
Iterations: 0.275742
Vorticity:  0.027410
Viscosity:  0.010172
Update:     0.000440

Forces:     0.000257
Candidates: 0.000310
Neighbors:  0.052010
Iterations: 0.278416
Vorticity:  0.031924
Viscosity:  0.011708
Update:     0.000446

Forces:     0.000250
Candidates: 0.000305
Neighbors:  0.051885
Iterations: 0.276340
Vorticity:  0.027344
Viscosity:  0.010131
Update:     0.000444

Forces:     0.000260
Candidates: 0.000308
Neighbors:  0.051812
Iterations: 0.273933
Vorticity:  0.027222
Viscosity:  0.010063
Update:     0.000442

Forces:     0.000258
Candidates: 0.000330
Neighbors:  0.052088
Iterations: 0.274233
Vorticity:  0.027330
Viscosity:  0.010105
Update:     0.000454

Forces:     0.000255
Candidates: 0.000309
Neighbors:  0.051692
Iterations: 0.272716
Vorticity:  0.027132
Viscosity:  0.010069
Update:     0.000440

Forces:     0.000259
Candidates: 0.000309
Neighbors:  0.051643
Iterations: 0.273270
Vorticity:  0.027083
Viscosity:  0.010005
Update:     0.000443

Forces:     0.000260
Candidates: 0.000307
Neighbors:  0.051640
Iterations: 0.271531
Vorticity:  0.027065
Viscosity:  0.010006
Update:     0.000449

Forces:     0.000255
Candidates: 0.000309
Neighbors:  0.051579
Iterations: 0.271219
Vorticity:  0.027030
Viscosity:  0.010009
Update:     0.000439

Forces:     0.000261
Candidates: 0.000329
Neighbors:  0.051827
Iterations: 0.272928
Vorticity:  0.027413
Viscosity:  0.010170
Update:     0.000442

Forces:     0.000259
Candidates: 0.000308
Neighbors:  0.051587
Iterations: 0.270478
Vorticity:  0.027042
Viscosity:  0.010053
Update:     0.000447

Forces:     0.000255
Candidates: 0.000307
Neighbors:  0.051593
Iterations: 0.271664
Vorticity:  0.026973
Viscosity:  0.010014
Update:     0.000444

Forces:     0.000253
Candidates: 0.000308
Neighbors:  0.051571
Iterations: 0.269916
Vorticity:  0.026921
Viscosity:  0.009988
Update:     0.000441

Forces:     0.000263
Candidates: 0.000309
Neighbors:  0.051551
Iterations: 0.269537
Vorticity:  0.026886
Viscosity:  0.009977
Update:     0.000441

Forces:     0.000263
Candidates: 0.000327
Neighbors:  0.051827
Iterations: 0.272160
Vorticity:  0.027032
Viscosity:  0.010071
Update:     0.000440

Forces:     0.000259
Candidates: 0.000308
Neighbors:  0.051623
Iterations: 0.270545
Vorticity:  0.026915
Viscosity:  0.010024
Update:     0.000447

Forces:     0.000256
Candidates: 0.000308
Neighbors:  0.051631
Iterations: 0.270023
Vorticity:  0.027353
Viscosity:  0.010223
Update:     0.000444

Forces:     0.000256
Candidates: 0.000308
Neighbors:  0.051690
Iterations: 0.271035
Vorticity:  0.026943
Viscosity:  0.010041
Update:     0.000438

Forces:     0.000255
Candidates: 0.000308
Neighbors:  0.051653
Iterations: 0.283566
Vorticity:  0.027689
Viscosity:  0.010404
Update:     0.000445

Forces:     0.000256
Candidates: 0.000330
Neighbors:  0.052003
Iterations: 0.269955
Vorticity:  0.026752
Viscosity:  0.010075
Update:     0.000455

Forces:     0.000251
Candidates: 0.000310
Neighbors:  0.051822
Iterations: 0.269475
Vorticity:  0.026949
Viscosity:  0.010046
Update:     0.000436

Forces:     0.000254
Candidates: 0.000312
Neighbors:  0.051716
Iterations: 0.270066
Vorticity:  0.027047
Viscosity:  0.010095
Update:     0.000436

Forces:     0.000254
Candidates: 0.000311
Neighbors:  0.051731
Iterations: 0.271265
Vorticity:  0.027099
Viscosity:  0.010131
Update:     0.000432

Forces:     0.000259
Candidates: 0.000307
Neighbors:  0.051792
Iterations: 0.270095
Vorticity:  0.026959
Viscosity:  0.010040
Update:     0.000436

Forces:     0.000264
Candidates: 0.000347
Neighbors:  0.051897
Iterations: 0.207022
Vorticity:  0.020172
Viscosity:  0.006501
Update:     0.000447

Forces:     0.000283
Candidates: 0.000338
Neighbors:  0.051355
Iterations: 0.206241
Vorticity:  0.020187
Viscosity:  0.006498
Update:     0.000436

Forces:     0.000290
Candidates: 0.000334
Neighbors:  0.051228
Iterations: 0.251537
Vorticity:  0.026605
Viscosity:  0.009883
Update:     0.000445

Forces:     0.000256
Candidates: 0.000308
Neighbors:  0.051961
Iterations: 0.271706
Vorticity:  0.027071
Viscosity:  0.010152
Update:     0.000436

Forces:     0.000258
Candidates: 0.000306
Neighbors:  0.052093
Iterations: 0.287228
Vorticity:  0.027536
Viscosity:  0.010304
Update:     0.000441

Forces:     0.000262
Candidates: 0.000343
Neighbors:  0.052098
Iterations: 0.207877
Vorticity:  0.020299
Viscosity:  0.006535
Update:     0.000436

Forces:     0.000290
Candidates: 0.000334
Neighbors:  0.051546
Iterations: 0.207982
Vorticity:  0.020339
Viscosity:  0.006530
Update:     0.000442

Forces:     0.000283
Candidates: 0.000334
Neighbors:  0.051541
Iterations: 0.208733
Vorticity:  0.020342
Viscosity:  0.006539
Update:     0.000439

Forces:     0.000283
Candidates: 0.000339
Neighbors:  0.051551
Iterations: 0.257583
Vorticity:  0.026802
Viscosity:  0.009934
Update:     0.000445

Forces:     0.000256
Candidates: 0.000307
Neighbors:  0.052174
Iterations: 0.272753
Vorticity:  0.027512
Viscosity:  0.010287
Update:     0.000445

Forces:     0.000263
Candidates: 0.000328
Neighbors:  0.052518
Iterations: 0.275534
Vorticity:  0.027449
Viscosity:  0.010220
Update:     0.000444

Forces:     0.000255
Candidates: 0.000307
Neighbors:  0.052318
Iterations: 0.274200
Vorticity:  0.027387
Viscosity:  0.010175
Update:     0.000435

Forces:     0.000255
Candidates: 0.000312
Neighbors:  0.052368
Iterations: 0.285874
Vorticity:  0.028562
Viscosity:  0.010698
Update:     0.000442

Forces:     0.000253
Candidates: 0.000307
Neighbors:  0.052477
Iterations: 0.275570
Vorticity:  0.027444
Viscosity:  0.010198
Update:     0.000438

Forces:     0.000256
Candidates: 0.000311
Neighbors:  0.052512
Iterations: 0.275267
Vorticity:  0.027525
Viscosity:  0.010227
Update:     0.000442

Forces:     0.000258
Candidates: 0.000336
Neighbors:  0.052817
Iterations: 0.277680
Vorticity:  0.027587
Viscosity:  0.010274
Update:     0.000437

Forces:     0.000259
Candidates: 0.000307
Neighbors:  0.052547
Iterations: 0.275941
Vorticity:  0.027545
Viscosity:  0.010265
Update:     0.000442

Forces:     0.000254
Candidates: 0.000307
Neighbors:  0.052609
Iterations: 0.276244
Vorticity:  0.027578
Viscosity:  0.010230
Update:     0.000434

Forces:     0.000259
Candidates: 0.000308
Neighbors:  0.052633
Iterations: 0.277504
Vorticity:  0.027706
Viscosity:  0.010269
Update:     0.000440

Forces:     0.000255
Candidates: 0.000307
Neighbors:  0.052722
Iterations: 0.277036
Vorticity:  0.027655
Viscosity:  0.010251
Update:     0.000436

Forces:     0.000264
Candidates: 0.000321
Neighbors:  0.052949
Iterations: 0.281870
Vorticity:  0.027906
Viscosity:  0.010370
Update:     0.000440

Forces:     0.000254
Candidates: 0.000307
Neighbors:  0.052799
Iterations: 0.278574
Vorticity:  0.027795
Viscosity:  0.010299
Update:     0.000432

Forces:     0.000262
Candidates: 0.000307
Neighbors:  0.052891
Iterations: 0.278921
Vorticity:  0.027847
Viscosity:  0.010332
Update:     0.000435

Forces:     0.000259
Candidates: 0.000310
Neighbors:  0.052945
Iterations: 0.279249
Vorticity:  0.028157
Viscosity:  0.010386
Update:     0.000435

Forces:     0.000254
Candidates: 0.000314
Neighbors:  0.053015
Iterations: 0.279830
Vorticity:  0.028033
Viscosity:  0.010344
Update:     0.000437

Forces:     0.000263
Candidates: 0.000359
Neighbors:  0.053073
Iterations: 0.271472
Vorticity:  0.028580
Viscosity:  0.010631
Update:     0.000444

Forces:     0.000254
Candidates: 0.000308
Neighbors:  0.053189
Iterations: 0.281612
Vorticity:  0.028050
Viscosity:  0.010364
Update:     0.000437

Forces:     0.000255
Candidates: 0.000312
Neighbors:  0.053254
Iterations: 0.281458
Vorticity:  0.028111
Viscosity:  0.010365
Update:     0.000435

Forces:     0.000255
Candidates: 0.000312
Neighbors:  0.053340
Iterations: 0.281740
Vorticity:  0.028200
Viscosity:  0.010412
Update:     0.000441

Forces:     0.000253
Candidates: 0.000308
Neighbors:  0.053482
Iterations: 0.282941
Vorticity:  0.028244
Viscosity:  0.010399
Update:     0.000441

Forces:     0.000275
Candidates: 0.000338
Neighbors:  0.053692
Iterations: 0.236140
Vorticity:  0.027816
Viscosity:  0.010236
Update:     0.000433

Forces:     0.000264
Candidates: 0.000306
Neighbors:  0.053566
Iterations: 0.285155
Vorticity:  0.028490
Viscosity:  0.010496
Update:     0.000436

Forces:     0.000256
Candidates: 0.000313
Neighbors:  0.053683
Iterations: 0.285801
Vorticity:  0.028569
Viscosity:  0.010527
Update:     0.000442

Forces:     0.000254
Candidates: 0.000307
Neighbors:  0.053804
Iterations: 0.286511
Vorticity:  0.028658
Viscosity:  0.010553
Update:     0.000436

Forces:     0.000254
Candidates: 0.000312
Neighbors:  0.053893
Iterations: 0.288001
Vorticity:  0.028743
Viscosity:  0.010569
Update:     0.000436

Forces:     0.000263
Candidates: 0.000345
Neighbors:  0.054128
Iterations: 0.262793
Vorticity:  0.028741
Viscosity:  0.010543
Update:     0.000436

Forces:     0.000259
Candidates: 0.000306
Neighbors:  0.054075
Iterations: 0.289768
Vorticity:  0.028987
Viscosity:  0.010631
Update:     0.000445

Forces:     0.000256
Candidates: 0.000308
Neighbors:  0.054172
Iterations: 0.290637
Vorticity:  0.029050
Viscosity:  0.010658
Update:     0.000436

Forces:     0.000260
Candidates: 0.000309
Neighbors:  0.054248
Iterations: 0.298812
Vorticity:  0.029560
Viscosity:  0.010847
Update:     0.000442

Forces:     0.000254
Candidates: 0.000309
Neighbors:  0.054350
Iterations: 0.293275
Vorticity:  0.029297
Viscosity:  0.010728
Update:     0.000436

Forces:     0.000269
Candidates: 0.000336
Neighbors:  0.054669
Iterations: 0.235495
Vorticity:  0.023693
Viscosity:  0.009228
Update:     0.000437

Forces:     0.000261
Candidates: 0.000305
Neighbors:  0.054497
Iterations: 0.295962
Vorticity:  0.029666
Viscosity:  0.010820
Update:     0.000439

Forces:     0.000259
Candidates: 0.000307
Neighbors:  0.054686
Iterations: 0.296771
Vorticity:  0.029689
Viscosity:  0.010838
Update:     0.000436

Forces:     0.000261
Candidates: 0.000307
Neighbors:  0.054823
Iterations: 0.309228
Vorticity:  0.030917
Viscosity:  0.011343
Update:     0.000442

Forces:     0.000251
Candidates: 0.000308
Neighbors:  0.054965
Iterations: 0.300859
Vorticity:  0.030067
Viscosity:  0.010940
Update:     0.000443

Forces:     0.000264
Candidates: 0.000342
Neighbors:  0.055295
Iterations: 0.261454
Vorticity:  0.027536
Viscosity:  0.010393
Update:     0.000444

Forces:     0.000254
Candidates: 0.000306
Neighbors:  0.055180
Iterations: 0.303783
Vorticity:  0.030370
Viscosity:  0.011043
Update:     0.000436

Forces:     0.000257
Candidates: 0.000312
Neighbors:  0.055365
Iterations: 0.304517
Vorticity:  0.030504
Viscosity:  0.011068
Update:     0.000442

Forces:     0.000254
Candidates: 0.000308
Neighbors:  0.055544
Iterations: 0.306324
Vorticity:  0.030682
Viscosity:  0.011112
Update:     0.000437

Forces:     0.000254
Candidates: 0.000311
Neighbors:  0.055719
Iterations: 0.308329
Vorticity:  0.030846
Viscosity:  0.011171
Update:     0.000437

Forces:     0.000267
Candidates: 0.000338
Neighbors:  0.056138
Iterations: 0.261741
Vorticity:  0.030410
Viscosity:  0.010955
Update:     0.000445

Forces:     0.000255
Candidates: 0.000306
Neighbors:  0.056047
Iterations: 0.311775
Vorticity:  0.031217
Viscosity:  0.011291
Update:     0.000439

Forces:     0.000255
Candidates: 0.000311
Neighbors:  0.056251
Iterations: 0.313860
Vorticity:  0.031569
Viscosity:  0.011379
Update:     0.000435

Forces:     0.000256
Candidates: 0.000313
Neighbors:  0.056473
Iterations: 0.315424
Vorticity:  0.031648
Viscosity:  0.011392
Update:     0.000436

Forces:     0.000255
Candidates: 0.000312
Neighbors:  0.056716
Iterations: 0.318119
Vorticity:  0.032020
Viscosity:  0.011500
Update:     0.000434

Forces:     0.000262
Candidates: 0.000346
Neighbors:  0.057097
Iterations: 0.308158
Vorticity:  0.032788
Viscosity:  0.011820
Update:     0.000440

Forces:     0.000253
Candidates: 0.000306
Neighbors:  0.057025
Iterations: 0.322568
Vorticity:  0.032388
Viscosity:  0.011635
Update:     0.000443

Forces:     0.000254
Candidates: 0.000306
Neighbors:  0.057180
Iterations: 0.325011
Vorticity:  0.032601
Viscosity:  0.011675
Update:     0.000437

Forces:     0.000254
Candidates: 0.000314
Neighbors:  0.057429
Iterations: 0.327514
Vorticity:  0.032879
Viscosity:  0.011746
Update:     0.000443

Forces:     0.000254
Candidates: 0.000306
Neighbors:  0.057611
Iterations: 0.329470
Vorticity:  0.033121
Viscosity:  0.011868
Update:     0.000441

Forces:     0.000263
Candidates: 0.000321
Neighbors:  0.058082
Iterations: 0.333307
Vorticity:  0.033442
Viscosity:  0.011936
Update:     0.000442

Forces:     0.000255
Candidates: 0.000306
Neighbors:  0.058155
Iterations: 0.334797
Vorticity:  0.033730
Viscosity:  0.012008
Update:     0.000435

Forces:     0.000258
Candidates: 0.000306
Neighbors:  0.058401
Iterations: 0.336958
Vorticity:  0.033937
Viscosity:  0.012172
Update:     0.000441

Forces:     0.000253
Candidates: 0.000305
Neighbors:  0.058603
Iterations: 0.339317
Vorticity:  0.034205
Viscosity:  0.012126
Update:     0.000436

Forces:     0.000254
Candidates: 0.000312
Neighbors:  0.058939
Iterations: 0.343268
Vorticity:  0.034484
Viscosity:  0.012205
Update:     0.000437

Forces:     0.000265
Candidates: 0.000343
Neighbors:  0.059398
Iterations: 0.298746
Vorticity:  0.029712
Viscosity:  0.009725
Update:     0.000456

Forces:     0.000279
Candidates: 0.000332
Neighbors:  0.059372
Iterations: 0.333249
Vorticity:  0.036348
Viscosity:  0.012909
Update:     0.000448

Forces:     0.000252
Candidates: 0.000306
Neighbors:  0.059777
Iterations: 0.351729
Vorticity:  0.035360
Viscosity:  0.012478
Update:     0.000443

Forces:     0.000256
Candidates: 0.000307
Neighbors:  0.060142
Iterations: 0.354787
Vorticity:  0.035713
Viscosity:  0.012587
Update:     0.000434

Forces:     0.000252
Candidates: 0.000311
Neighbors:  0.060490
Iterations: 0.357255
Vorticity:  0.036010
Viscosity:  0.012670
Update:     0.000447

Forces:     0.000257
Candidates: 0.000321
Neighbors:  0.061071
Iterations: 0.358509
Vorticity:  0.035860
Viscosity:  0.012743
Update:     0.000446

Forces:     0.000250
Candidates: 0.000316
Neighbors:  0.061207
Iterations: 0.362116
Vorticity:  0.036704
Viscosity:  0.012855
Update:     0.000437

Forces:     0.000253
Candidates: 0.000312
Neighbors:  0.061482
Iterations: 0.366835
Vorticity:  0.037217
Viscosity:  0.012992
Update:     0.000435

Forces:     0.000256
Candidates: 0.000307
Neighbors:  0.061784
Iterations: 0.369154
Vorticity:  0.037281
Viscosity:  0.013004
Update:     0.000444

Forces:     0.000252
Candidates: 0.000306
Neighbors:  0.062191
Iterations: 0.372899
Vorticity:  0.037648
Viscosity:  0.013163
Update:     0.000444

Forces:     0.000258
Candidates: 0.000322
Neighbors:  0.062791
Iterations: 0.375837
Vorticity:  0.038072
Viscosity:  0.013247
Update:     0.000444

Forces:     0.000252
Candidates: 0.000307
Neighbors:  0.062938
Iterations: 0.381319
Vorticity:  0.040593
Viscosity:  0.014011
Update:     0.000435

Forces:     0.000255
Candidates: 0.000304
Neighbors:  0.063931
Iterations: 0.387355
Vorticity:  0.038718
Viscosity:  0.013430
Update:     0.000442

Forces:     0.000252
Candidates: 0.000305
Neighbors:  0.067112
Iterations: 0.397695
Vorticity:  0.039309
Viscosity:  0.013624
Update:     0.000444

Forces:     0.000253
Candidates: 0.000304
Neighbors:  0.064080
Iterations: 0.390813
Vorticity:  0.039436
Viscosity:  0.013638
Update:     0.000440

Forces:     0.000254
Candidates: 0.000320
Neighbors:  0.064713
Iterations: 0.393886
Vorticity:  0.039898
Viscosity:  0.013769
Update:     0.000444

Forces:     0.000252
Candidates: 0.000305
Neighbors:  0.064850
Iterations: 0.397805
Vorticity:  0.040283
Viscosity:  0.013872
Update:     0.000443

Forces:     0.000253
Candidates: 0.000305
Neighbors:  0.065336
Iterations: 0.401298
Vorticity:  0.040591
Viscosity:  0.013950
Update:     0.000443

Forces:     0.000252
Candidates: 0.000305
Neighbors:  0.065733
Iterations: 0.405701
Vorticity:  0.041072
Viscosity:  0.014069
Update:     0.000436

Forces:     0.000257
Candidates: 0.000305
Neighbors:  0.066145
Iterations: 0.410121
Vorticity:  0.041413
Viscosity:  0.014178
Update:     0.000434

Forces:     0.000258
Candidates: 0.000328
Neighbors:  0.066866
Iterations: 0.410254
Vorticity:  0.041558
Viscosity:  0.014325
Update:     0.000439

Forces:     0.000253
Candidates: 0.000309
Neighbors:  0.067083
Iterations: 0.417704
Vorticity:  0.042277
Viscosity:  0.014419
Update:     0.000441

Forces:     0.000253
Candidates: 0.000305
Neighbors:  0.067473
Iterations: 0.420966
Vorticity:  0.043085
Viscosity:  0.014861
Update:     0.000445

Forces:     0.000251
Candidates: 0.000303
Neighbors:  0.067953
Iterations: 0.426104
Vorticity:  0.043108
Viscosity:  0.014654
Update:     0.000442

Forces:     0.000252
Candidates: 0.000305
Neighbors:  0.068383
Iterations: 0.429402
Vorticity:  0.043509
Viscosity:  0.014765
Update:     0.000444

Forces:     0.000251
Candidates: 0.000321
Neighbors:  0.069015
Iterations: 0.433300
Vorticity:  0.043967
Viscosity:  0.014907
Update:     0.000444

Forces:     0.000253
Candidates: 0.000305
Neighbors:  0.069282
Iterations: 0.438305
Vorticity:  0.044341
Viscosity:  0.015005
Update:     0.000442

Forces:     0.000252
Candidates: 0.000304
Neighbors:  0.069704
Iterations: 0.441381
Vorticity:  0.044812
Viscosity:  0.015131
Update:     0.000443

Forces:     0.000251
Candidates: 0.000305
Neighbors:  0.070113
Iterations: 0.445771
Vorticity:  0.045217
Viscosity:  0.015226
Update:     0.000438

Forces:     0.000252
Candidates: 0.000310
Neighbors:  0.070564
Iterations: 0.450601
Vorticity:  0.047878
Viscosity:  0.016623
Update:     0.000442

Forces:     0.000251
Candidates: 0.000318
Neighbors:  0.071216
Iterations: 0.450967
Vorticity:  0.045438
Viscosity:  0.015448
Update:     0.000446

Forces:     0.000250
Candidates: 0.000312
Neighbors:  0.071541
Iterations: 0.454310
Vorticity:  0.045932
Viscosity:  0.015622
Update:     0.000451

Forces:     0.000250
Candidates: 0.000308
Neighbors:  0.071951
Iterations: 0.462311
Vorticity:  0.046940
Viscosity:  0.015737
Update:     0.000446

Forces:     0.000253
Candidates: 0.000304
Neighbors:  0.072366
Iterations: 0.466586
Vorticity:  0.047318
Viscosity:  0.015836
Update:     0.000443

Forces:     0.000252
Candidates: 0.000305
Neighbors:  0.072778
Iterations: 0.470812
Vorticity:  0.047751
Viscosity:  0.015938
Update:     0.000437

Forces:     0.000254
Candidates: 0.000316
Neighbors:  0.073389
Iterations: 0.475067
Vorticity:  0.048200
Viscosity:  0.016057
Update:     0.000435

Forces:     0.000252
Candidates: 0.000307
Neighbors:  0.073593
Iterations: 0.479354
Vorticity:  0.048603
Viscosity:  0.016200
Update:     0.000438

Forces:     0.000251
Candidates: 0.000309
Neighbors:  0.074082
Iterations: 0.482920
Vorticity:  0.049037
Viscosity:  0.016321
Update:     0.000437

Forces:     0.000258
Candidates: 0.000305
Neighbors:  0.074526
Iterations: 0.487022
Vorticity:  0.049521
Viscosity:  0.016474
Update:     0.000444

Forces:     0.000252
Candidates: 0.000305
Neighbors:  0.074896
Iterations: 0.492309
Vorticity:  0.049919
Viscosity:  0.016535
Update:     0.000440

Forces:     0.000260
Candidates: 0.000316
Neighbors:  0.075541
Iterations: 0.490851
Vorticity:  0.049499
Viscosity:  0.016545
Update:     0.000454

Forces:     0.000248
Candidates: 0.000307
Neighbors:  0.075832
Iterations: 0.497467
Vorticity:  0.050702
Viscosity:  0.016776
Update:     0.000442

Forces:     0.000251
Candidates: 0.000303
Neighbors:  0.076186
Iterations: 0.502893
Vorticity:  0.051053
Viscosity:  0.016857
Update:     0.000443

Forces:     0.000251
Candidates: 0.000304
Neighbors:  0.076572
Iterations: 0.505934
Vorticity:  0.051437
Viscosity:  0.016963
Update:     0.000437

Forces:     0.000256
Candidates: 0.000303
Neighbors:  0.076992
Iterations: 0.509899
Vorticity:  0.051836
Viscosity:  0.017071
Update:     0.000438

Forces:     0.000255
Candidates: 0.000317
Neighbors:  0.077570
Iterations: 0.515644
Vorticity:  0.052299
Viscosity:  0.017211
Update:     0.000435

Forces:     0.000254
Candidates: 0.000305
Neighbors:  0.077770
Iterations: 0.516725
Vorticity:  0.052504
Viscosity:  0.017251
Update:     0.000444

Forces:     0.000252
Candidates: 0.000304
Neighbors:  0.078182
Iterations: 0.520498
Vorticity:  0.052906
Viscosity:  0.017395
Update:     0.000445

Forces:     0.000251
Candidates: 0.000304
Neighbors:  0.078580
Iterations: 0.524304
Vorticity:  0.053276
Viscosity:  0.017460
Update:     0.000436

Forces:     0.000250
Candidates: 0.000308
Neighbors:  0.078923
Iterations: 0.527109
Vorticity:  0.053582
Viscosity:  0.017559
Update:     0.000437

Forces:     0.000254
Candidates: 0.000316
Neighbors:  0.079476
Iterations: 0.529811
Vorticity:  0.053941
Viscosity:  0.017654
Update:     0.000443

Forces:     0.000250
Candidates: 0.000305
Neighbors:  0.079611
Iterations: 0.533991
Vorticity:  0.054243
Viscosity:  0.017736
Update:     0.000438

Forces:     0.000255
Candidates: 0.000305
Neighbors:  0.079976
Iterations: 0.536424
Vorticity:  0.054561
Viscosity:  0.017830
Update:     0.000438

Forces:     0.000252
Candidates: 0.000310
Neighbors:  0.080335
Iterations: 0.539706
Vorticity:  0.054869
Viscosity:  0.017909
Update:     0.000436

Forces:     0.000251
Candidates: 0.000309
Neighbors:  0.080793
Iterations: 0.542824
Vorticity:  0.055166
Viscosity:  0.018013
Update:     0.000445

Forces:     0.000251
Candidates: 0.000317
Neighbors:  0.081238
Iterations: 0.540263
Vorticity:  0.055411
Viscosity:  0.018118
Update:     0.000446

Forces:     0.000250
Candidates: 0.000305
Neighbors:  0.081367
Iterations: 0.548146
Vorticity:  0.055799
Viscosity:  0.018177
Update:     0.000433

Forces:     0.000256
Candidates: 0.000303
Neighbors:  0.081706
Iterations: 0.550292
Vorticity:  0.055995
Viscosity:  0.018224
Update:     0.000445

Forces:     0.000252
Candidates: 0.000304
Neighbors:  0.082122
Iterations: 0.553178
Vorticity:  0.056252
Viscosity:  0.018311
Update:     0.000439

Forces:     0.000255
Candidates: 0.000303
Neighbors:  0.082496
Iterations: 0.557858
Vorticity:  0.056753
Viscosity:  0.018482
Update:     0.000438

Forces:     0.000249
Candidates: 0.000315
Neighbors:  0.082992
Iterations: 0.553048
Vorticity:  0.055879
Viscosity:  0.018310
Update:     0.000449

Forces:     0.000249
Candidates: 0.000315
Neighbors:  0.083311
Iterations: 0.558850
Vorticity:  0.057003
Viscosity:  0.018540
Update:     0.000443

Forces:     0.000251
Candidates: 0.000304
Neighbors:  0.083544
Iterations: 0.563091
Vorticity:  0.057183
Viscosity:  0.018582
Update:     0.000436

Forces:     0.000256
Candidates: 0.000303
Neighbors:  0.083840
Iterations: 0.564594
Vorticity:  0.057432
Viscosity:  0.018638
Update:     0.000445

Forces:     0.000250
Candidates: 0.000304
Neighbors:  0.084209
Iterations: 0.566678
Vorticity:  0.057620
Viscosity:  0.018715
Update:     0.000436

Forces:     0.000260
Candidates: 0.000314
Neighbors:  0.084626
Iterations: 0.568345
Vorticity:  0.057822
Viscosity:  0.018785
Update:     0.000439

Forces:     0.000249
Candidates: 0.000307
Neighbors:  0.084868
Iterations: 0.570437
Vorticity:  0.058056
Viscosity:  0.018847
Update:     0.000438

Forces:     0.000251
Candidates: 0.000308
Neighbors:  0.085191
Iterations: 0.572829
Vorticity:  0.058323
Viscosity:  0.018896
Update:     0.000437

Forces:     0.000255
Candidates: 0.000304
Neighbors:  0.085431
Iterations: 0.573868
Vorticity:  0.058357
Viscosity:  0.018920
Update:     0.000437

Forces:     0.000249
Candidates: 0.000309
Neighbors:  0.085663
Iterations: 0.575512
Vorticity:  0.058496
Viscosity:  0.018968
Update:     0.000442

Forces:     0.000253
Candidates: 0.000321
Neighbors:  0.086148
Iterations: 0.575905
Vorticity:  0.058666
Viscosity:  0.019012
Update:     0.000443

Forces:     0.000250
Candidates: 0.000304
Neighbors:  0.086277
Iterations: 0.578228
Vorticity:  0.058809
Viscosity:  0.019064
Update:     0.000438

Forces:     0.000249
Candidates: 0.000309
Neighbors:  0.086603
Iterations: 0.579890
Vorticity:  0.059054
Viscosity:  0.019180
Update:     0.000461

Forces:     0.000251
Candidates: 0.000304
Neighbors:  0.086797
Iterations: 0.583415
Vorticity:  0.059129
Viscosity:  0.019169
Update:     0.000437

Forces:     0.000255
Candidates: 0.000303
Neighbors:  0.087084
Iterations: 0.583037
Vorticity:  0.059261
Viscosity:  0.019205
Update:     0.000437

Forces:     0.000254
Candidates: 0.000317
Neighbors:  0.087531
Iterations: 0.583065
Vorticity:  0.059395
Viscosity:  0.019244
Update:     0.000435

Forces:     0.000250
Candidates: 0.000307
Neighbors:  0.087546
Iterations: 0.589339
Vorticity:  0.059622
Viscosity:  0.019313
Update:     0.000439

Forces:     0.000252
Candidates: 0.000308
Neighbors:  0.087870
Iterations: 0.586860
Vorticity:  0.060164
Viscosity:  0.019997
Update:     0.000447

Forces:     0.000252
Candidates: 0.000304
Neighbors:  0.088059
Iterations: 0.588539
Vorticity:  0.060281
Viscosity:  0.019852
Update:     0.000448

Forces:     0.000251
Candidates: 0.000304
Neighbors:  0.088896
Iterations: 0.599313
Vorticity:  0.060496
Viscosity:  0.019699
Update:     0.000436

Forces:     0.000250
Candidates: 0.000316
Neighbors:  0.088615
Iterations: 0.586873
Vorticity:  0.060211
Viscosity:  0.019490
Update:     0.000444

Forces:     0.000251
Candidates: 0.000304
Neighbors:  0.088628
Iterations: 0.591321
Vorticity:  0.060175
Viscosity:  0.019488
Update:     0.000443

Forces:     0.000252
Candidates: 0.000304
Neighbors:  0.088784
Iterations: 0.592533
Vorticity:  0.060242
Viscosity:  0.019498
Update:     0.000440

Forces:     0.000249
Candidates: 0.000304
Neighbors:  0.088936
Iterations: 0.593672
Vorticity:  0.060319
Viscosity:  0.019528
Update:     0.000437

Forces:     0.000250
Candidates: 0.000308
Neighbors:  0.089214
Iterations: 0.596555
Vorticity:  0.060445
Viscosity:  0.019568
Update:     0.000448

Forces:     0.000253
Candidates: 0.000315
Neighbors:  0.089530
Iterations: 0.597949
Vorticity:  0.060827
Viscosity:  0.019696
Update:     0.000443

Forces:     0.000250
Candidates: 0.000304
Neighbors:  0.089387
Iterations: 0.595778
Vorticity:  0.060592
Viscosity:  0.019606
Update:     0.000434

Forces:     0.000251
Candidates: 0.000309
Neighbors:  0.089583
Iterations: 0.596723
Vorticity:  0.060704
Viscosity:  0.019641
Update:     0.000448

Forces:     0.000250
Candidates: 0.000304
Neighbors:  0.089673
Iterations: 0.597630
Vorticity:  0.060737
Viscosity:  0.019651
Update:     0.000445

Forces:     0.000252
Candidates: 0.000303
Neighbors:  0.090048
Iterations: 0.599543
Vorticity:  0.060807
Viscosity:  0.019677
Update:     0.000444

Forces:     0.000257
Candidates: 0.000316
Neighbors:  0.090196
Iterations: 0.598458
Vorticity:  0.061033
Viscosity:  0.019788
Update:     0.000444

Forces:     0.000249
Candidates: 0.000304
Neighbors:  0.090042
Iterations: 0.598542
Vorticity:  0.060921
Viscosity:  0.019730
Update:     0.000440

Forces:     0.000250
Candidates: 0.000309
Neighbors:  0.090192
Iterations: 0.599351
Vorticity:  0.060942
Viscosity:  0.019748
Update:     0.000437

Forces:     0.000249
Candidates: 0.000308
Neighbors:  0.090262
Iterations: 0.600155
Vorticity:  0.060980
Viscosity:  0.019764
Update:     0.000439

Forces:     0.000256
Candidates: 0.000304
Neighbors:  0.090329
Iterations: 0.599939
Vorticity:  0.061932
Viscosity:  0.020274
Update:     0.000444

Forces:     0.000251
Candidates: 0.000314
Neighbors:  0.090477
Iterations: 0.600371
Vorticity:  0.061122
Viscosity:  0.019812
Update:     0.000442

Forces:     0.000251
Candidates: 0.000304
Neighbors:  0.090575
Iterations: 0.600675
Vorticity:  0.061113
Viscosity:  0.019801
Update:     0.000436

Forces:     0.000250
Candidates: 0.000309
Neighbors:  0.090651
Iterations: 0.600902
Vorticity:  0.061155
Viscosity:  0.019813
Update:     0.000444

Forces:     0.000249
Candidates: 0.000304
Neighbors:  0.090695
Iterations: 0.601285
Vorticity:  0.061252
Viscosity:  0.019851
Update:     0.000446

Forces:     0.000250
Candidates: 0.000305
Neighbors:  0.090780
Iterations: 0.600861
Vorticity:  0.061136
Viscosity:  0.019809
Update:     0.000436

Forces:     0.000256
Candidates: 0.000310
Neighbors:  0.090892
Iterations: 0.601219
Vorticity:  0.061124
Viscosity:  0.019819
Update:     0.000440

Forces:     0.000253
Candidates: 0.000303
Neighbors:  0.090896
Iterations: 0.604627
Vorticity:  0.061515
Viscosity:  0.019957
Update:     0.000438

Forces:     0.000254
Candidates: 0.000304
Neighbors:  0.090923
Iterations: 0.601418
Vorticity:  0.061202
Viscosity:  0.019846
Update:     0.000442

Forces:     0.000250
Candidates: 0.000304
Neighbors:  0.090951
Iterations: 0.601496
Vorticity:  0.061191
Viscosity:  0.019834
Update:     0.000437

Forces:     0.000256
Candidates: 0.000304
Neighbors:  0.090972
Iterations: 0.601053
Vorticity:  0.061136
Viscosity:  0.019853
Update:     0.000437

Forces:     0.000255
Candidates: 0.000315
Neighbors:  0.091139
Iterations: 0.599613
Vorticity:  0.061178
Viscosity:  0.019842
Update:     0.000439

Forces:     0.000251
Candidates: 0.000307
Neighbors:  0.090970
Iterations: 0.601557
Vorticity:  0.061109
Viscosity:  0.019836
Update:     0.000443

Forces:     0.000250
Candidates: 0.000305
Neighbors:  0.090914
Iterations: 0.602532
Vorticity:  0.061329
Viscosity:  0.019903
Update:     0.000438

Forces:     0.000255
Candidates: 0.000303
Neighbors:  0.090913
Iterations: 0.600770
Vorticity:  0.061139
Viscosity:  0.019845
Update:     0.000436

Forces:     0.000250
Candidates: 0.000308
Neighbors:  0.090874
Iterations: 0.600257
Vorticity:  0.061081
Viscosity:  0.019850
Update:     0.000438

Forces:     0.000256
Candidates: 0.000311
Neighbors:  0.090871
Iterations: 0.599928
Vorticity:  0.061094
Viscosity:  0.019850
Update:     0.000437

Forces:     0.000255
Candidates: 0.000305
Neighbors:  0.090814
Iterations: 0.599590
Vorticity:  0.060952
Viscosity:  0.019817
Update:     0.000442

Forces:     0.000251
Candidates: 0.000303
Neighbors:  0.090743
Iterations: 0.598818
Vorticity:  0.061037
Viscosity:  0.019945
Update:     0.000432

Forces:     0.000250
Candidates: 0.000306
Neighbors:  0.090635
Iterations: 0.598566
Vorticity:  0.060982
Viscosity:  0.019824
Update:     0.000438

Forces:     0.000251
Candidates: 0.000308
Neighbors:  0.090555
Iterations: 0.602234
Vorticity:  0.060944
Viscosity:  0.019835
Update:     0.000443

Forces:     0.000254
Candidates: 0.000320
Neighbors:  0.090559
Iterations: 0.597302
Vorticity:  0.060763
Viscosity:  0.019773
Update:     0.000444

Forces:     0.000248
Candidates: 0.000303
Neighbors:  0.090436
Iterations: 0.596958
Vorticity:  0.060716
Viscosity:  0.019743
Update:     0.000435

Forces:     0.000255
Candidates: 0.000303
Neighbors:  0.090420
Iterations: 0.595791
Vorticity:  0.060675
Viscosity:  0.019746
Update:     0.000437

Forces:     0.000250
Candidates: 0.000309
Neighbors:  0.090377
Iterations: 0.595511
Vorticity:  0.060768
Viscosity:  0.019791
Update:     0.000442

Forces:     0.000252
Candidates: 0.000303
Neighbors:  0.090286
Iterations: 0.594995
Vorticity:  0.060538
Viscosity:  0.019710
Update:     0.000439

Forces:     0.000254
Candidates: 0.000311
Neighbors:  0.090265
Iterations: 0.596196
Vorticity:  0.060439
Viscosity:  0.019693
Update:     0.000437

Forces:     0.000256
Candidates: 0.000303
Neighbors:  0.090095
Iterations: 0.592900
Vorticity:  0.060320
Viscosity:  0.019656
Update:     0.000436

Forces:     0.000253
Candidates: 0.000304
Neighbors:  0.089977
Iterations: 0.591572
Vorticity:  0.060214
Viscosity:  0.019614
Update:     0.000444

Forces:     0.000251
Candidates: 0.000304
Neighbors:  0.089885
Iterations: 0.590608
Vorticity:  0.060143
Viscosity:  0.019612
Update:     0.000433

Forces:     0.000249
Candidates: 0.000307
Neighbors:  0.089915
Iterations: 0.589659
Vorticity:  0.059989
Viscosity:  0.019571
Update:     0.000437

Forces:     0.000255
Candidates: 0.000314
Neighbors:  0.089755
Iterations: 0.588673
Vorticity:  0.059910
Viscosity:  0.019541
Update:     0.000440

Forces:     0.000250
Candidates: 0.000304
Neighbors:  0.089644
Iterations: 0.587880
Vorticity:  0.059861
Viscosity:  0.019536
Update:     0.000442

Forces:     0.000248
Candidates: 0.000305
Neighbors:  0.089469
Iterations: 0.591243
Vorticity:  0.059784
Viscosity:  0.019527
Update:     0.000448

Forces:     0.000251
Candidates: 0.000304
Neighbors:  0.089405
Iterations: 0.585466
Vorticity:  0.059652
Viscosity:  0.019458
Update:     0.000445

Forces:     0.000251
Candidates: 0.000304
Neighbors:  0.089246
Iterations: 0.584484
Vorticity:  0.059450
Viscosity:  0.019416
Update:     0.000437

Forces:     0.000256
Candidates: 0.000316
Neighbors:  0.089168
Iterations: 0.582931
Vorticity:  0.059553
Viscosity:  0.019434
Update:     0.000436

Forces:     0.000255
Candidates: 0.000304
Neighbors:  0.088908
Iterations: 0.582271
Vorticity:  0.059401
Viscosity:  0.019446
Update:     0.000435

Forces:     0.000256
Candidates: 0.000304
Neighbors:  0.088776
Iterations: 0.580774
Vorticity:  0.059119
Viscosity:  0.019302
Update:     0.000438

Forces:     0.000257
Candidates: 0.000303
Neighbors:  0.088691
Iterations: 0.582096
Vorticity:  0.059025
Viscosity:  0.019296
Update:     0.000437

Forces:     0.000255
Candidates: 0.000304
Neighbors:  0.088547
Iterations: 0.578684
Vorticity:  0.058885
Viscosity:  0.019260
Update:     0.000444

Forces:     0.000261
Candidates: 0.000312
Neighbors:  0.088418
Iterations: 0.577899
Vorticity:  0.059661
Viscosity:  0.019732
Update:     0.000436

Forces:     0.000250
Candidates: 0.000307
Neighbors:  0.090322
Iterations: 0.583417
Vorticity:  0.058943
Viscosity:  0.019374
Update:     0.000435

Forces:     0.000249
Candidates: 0.000306
Neighbors:  0.088043
Iterations: 0.574168
Vorticity:  0.058405
Viscosity:  0.019140
Update:     0.000442

Forces:     0.000248
Candidates: 0.000305
Neighbors:  0.087807
Iterations: 0.572529
Vorticity:  0.058361
Viscosity:  0.019113
Update:     0.000447

Forces:     0.000251
Candidates: 0.000304
Neighbors:  0.087698
Iterations: 0.571241
Vorticity:  0.058148
Viscosity:  0.019061
Update:     0.000445

Forces:     0.000255
Candidates: 0.000316
Neighbors:  0.087639
Iterations: 0.574398
Vorticity:  0.058050
Viscosity:  0.019051
Update:     0.000436

Forces:     0.000253
Candidates: 0.000303
Neighbors:  0.087418
Iterations: 0.567733
Vorticity:  0.057790
Viscosity:  0.018959
Update:     0.000434

Forces:     0.000250
Candidates: 0.000307
Neighbors:  0.087230
Iterations: 0.566352
Vorticity:  0.057632
Viscosity:  0.018911
Update:     0.000437

Forces:     0.000256
Candidates: 0.000304
Neighbors:  0.087036
Iterations: 0.564071
Vorticity:  0.057420
Viscosity:  0.018856
Update:     0.000441

Forces:     0.000249
Candidates: 0.000303
Neighbors:  0.086890
Iterations: 0.562592
Vorticity:  0.057282
Viscosity:  0.018828
Update:     0.000434

Forces:     0.000259
Candidates: 0.000317
Neighbors:  0.086857
Iterations: 0.560994
Vorticity:  0.057113
Viscosity:  0.018761
Update:     0.000436

Forces:     0.000250
Candidates: 0.000307
Neighbors:  0.086541
Iterations: 0.558492
Vorticity:  0.056921
Viscosity:  0.018713
Update:     0.000444

Forces:     0.000253
Candidates: 0.000304
Neighbors:  0.086375
Iterations: 0.557254
Vorticity:  0.056727
Viscosity:  0.018667
Update:     0.000447

Forces:     0.000253
Candidates: 0.000303
Neighbors:  0.086190
Iterations: 0.555103
Vorticity:  0.056518
Viscosity:  0.018583
Update:     0.000434

Forces:     0.000250
Candidates: 0.000307
Neighbors:  0.085974
Iterations: 0.553357
Vorticity:  0.056352
Viscosity:  0.018542
Update:     0.000435

Forces:     0.000254
Candidates: 0.000320
Neighbors:  0.085873
Iterations: 0.554905
Vorticity:  0.056166
Viscosity:  0.018499
Update:     0.000444

Forces:     0.000250
Candidates: 0.000303
Neighbors:  0.085513
Iterations: 0.549101
Vorticity:  0.055943
Viscosity:  0.018430
Update:     0.000442

Forces:     0.000250
Candidates: 0.000304
Neighbors:  0.085265
Iterations: 0.547397
Vorticity:  0.055761
Viscosity:  0.018381
Update:     0.000436

Forces:     0.000254
Candidates: 0.000305
Neighbors:  0.085056
Iterations: 0.546069
Vorticity:  0.056644
Viscosity:  0.019306
Update:     0.000437

Forces:     0.000255
Candidates: 0.000303
Neighbors:  0.084862
Iterations: 0.544231
Vorticity:  0.055420
Viscosity:  0.018275
Update:     0.000435

Forces:     0.000255
Candidates: 0.000313
Neighbors:  0.084747
Iterations: 0.542125
Vorticity:  0.055295
Viscosity:  0.018313
Update:     0.000434

Forces:     0.000251
Candidates: 0.000308
Neighbors:  0.084358
Iterations: 0.540286
Vorticity:  0.055010
Viscosity:  0.018146
Update:     0.000436

Forces:     0.000251
Candidates: 0.000308
Neighbors:  0.084212
Iterations: 0.538176
Vorticity:  0.054965
Viscosity:  0.018168
Update:     0.000442

Forces:     0.000250
Candidates: 0.000304
Neighbors:  0.083992
Iterations: 0.536468
Vorticity:  0.054774
Viscosity:  0.018089
Update:     0.000445

Forces:     0.000250
Candidates: 0.000304
Neighbors:  0.083827
Iterations: 0.534492
Vorticity:  0.054464
Viscosity:  0.018022
Update:     0.000442

Forces:     0.000255
Candidates: 0.000313
Neighbors:  0.083697
Iterations: 0.533031
Vorticity:  0.054277
Viscosity:  0.017956
Update:     0.000445

Forces:     0.000250
Candidates: 0.000305
Neighbors:  0.083255
Iterations: 0.531084
Vorticity:  0.054049
Viscosity:  0.017892
Update:     0.000435

Forces:     0.000250
Candidates: 0.000310
Neighbors:  0.083047
Iterations: 0.528806
Vorticity:  0.053870
Viscosity:  0.017836
Update:     0.000442

Forces:     0.000252
Candidates: 0.000304
Neighbors:  0.082855
Iterations: 0.526817
Vorticity:  0.053707
Viscosity:  0.017758
Update:     0.000445

Forces:     0.000253
Candidates: 0.000304
Neighbors:  0.082634
Iterations: 0.529230
Vorticity:  0.053578
Viscosity:  0.017756
Update:     0.000437

Forces:     0.000256
Candidates: 0.000312
Neighbors:  0.082487
Iterations: 0.523990
Vorticity:  0.053333
Viscosity:  0.017690
Update:     0.000439

Forces:     0.000255
Candidates: 0.000304
Neighbors:  0.082217
Iterations: 0.521765
Vorticity:  0.053104
Viscosity:  0.017621
Update:     0.000434

Forces:     0.000250
Candidates: 0.000308
Neighbors:  0.082041
Iterations: 0.520404
Vorticity:  0.053029
Viscosity:  0.017565
Update:     0.000434

Forces:     0.000250
Candidates: 0.000309
Neighbors:  0.081769
Iterations: 0.525425
Vorticity:  0.052919
Viscosity:  0.017580
Update:     0.000441

Forces:     0.000250
Candidates: 0.000305
Neighbors:  0.081528
Iterations: 0.516847
Vorticity:  0.052641
Viscosity:  0.017510
Update:     0.000433

Forces:     0.000260
Candidates: 0.000314
Neighbors:  0.081468
Iterations: 0.515376
Vorticity:  0.052449
Viscosity:  0.017415
Update:     0.000435

Forces:     0.000254
Candidates: 0.000309
Neighbors:  0.081134
Iterations: 0.513081
Vorticity:  0.052296
Viscosity:  0.017368
Update:     0.000435

Forces:     0.000252
Candidates: 0.000311
Neighbors:  0.080988
Iterations: 0.511252
Vorticity:  0.052080
Viscosity:  0.017312
Update:     0.000444

Forces:     0.000251
Candidates: 0.000304
Neighbors:  0.080763
Iterations: 0.510204
Vorticity:  0.051876
Viscosity:  0.017264
Update:     0.000442

Forces:     0.000250
Candidates: 0.000304
Neighbors:  0.080561
Iterations: 0.507803
Vorticity:  0.051718
Viscosity:  0.017182
Update:     0.000433

Forces:     0.000259
Candidates: 0.000313
Neighbors:  0.080486
Iterations: 0.506746
Vorticity:  0.051557
Viscosity:  0.017152
Update:     0.000434

Forces:     0.000256
Candidates: 0.000304
Neighbors:  0.080191
Iterations: 0.505137
Vorticity:  0.051383
Viscosity:  0.017099
Update:     0.000437

Forces:     0.000253
Candidates: 0.000311
Neighbors:  0.080033
Iterations: 0.502558
Vorticity:  0.051181
Viscosity:  0.017034
Update:     0.000442

Forces:     0.000254
Candidates: 0.000304
Neighbors:  0.079840
Iterations: 0.501137
Vorticity:  0.052396
Viscosity:  0.017685
Update:     0.000432

Forces:     0.000252
Candidates: 0.000309
Neighbors:  0.080291
Iterations: 0.501565
Vorticity:  0.050916
Viscosity:  0.016986
Update:     0.000442

Forces:     0.000257
Candidates: 0.000317
Neighbors:  0.079613
Iterations: 0.498050
Vorticity:  0.050690
Viscosity:  0.016908
Update:     0.000438

Forces:     0.000257
Candidates: 0.000304
Neighbors:  0.079328
Iterations: 0.496680
Vorticity:  0.050516
Viscosity:  0.016854
Update:     0.000436

Forces:     0.000250
Candidates: 0.000304
Neighbors:  0.079129
Iterations: 0.495278
Vorticity:  0.050401
Viscosity:  0.017224
Update:     0.000632

Forces:     0.000334
Candidates: 0.000314
Neighbors:  0.079057
Iterations: 0.493509
Vorticity:  0.050227
Viscosity:  0.016748
Update:     0.000444

Forces:     0.000251
Candidates: 0.000305
Neighbors:  0.078713
Iterations: 0.491757
Vorticity:  0.050099
Viscosity:  0.016757
Update:     0.000444

Forces:     0.000257
Candidates: 0.000314
Neighbors:  0.078595
Iterations: 0.490944
Vorticity:  0.049911
Viscosity:  0.016665
Update:     0.000443

Forces:     0.000251
Candidates: 0.000304
Neighbors:  0.078342
Iterations: 0.488363
Vorticity:  0.049738
Viscosity:  0.016607
Update:     0.000444

Forces:     0.000252
Candidates: 0.000303
Neighbors:  0.078180
Iterations: 0.486995
Vorticity:  0.049602
Viscosity:  0.016598
Update:     0.000434

Forces:     0.000250
Candidates: 0.000309
Neighbors:  0.078023
Iterations: 0.487091
Vorticity:  0.049450
Viscosity:  0.016559
Update:     0.000434

Forces:     0.000258
Candidates: 0.000304
Neighbors:  0.077902
Iterations: 0.483816
Vorticity:  0.049288
Viscosity:  0.016484
Update:     0.000441

Forces:     0.000254
Candidates: 0.000312
Neighbors:  0.077843
Iterations: 0.483032
Vorticity:  0.049155
Viscosity:  0.016459
Update:     0.000435

Forces:     0.000252
Candidates: 0.000309
Neighbors:  0.077552
Iterations: 0.481722
Vorticity:  0.048962
Viscosity:  0.016393
Update:     0.000439

Forces:     0.000252
Candidates: 0.000305
Neighbors:  0.077412
Iterations: 0.479697
Vorticity:  0.048867
Viscosity:  0.016365
Update:     0.000434

Forces:     0.000252
Candidates: 0.000308
Neighbors:  0.077208
Iterations: 0.478330
Vorticity:  0.048690
Viscosity:  0.016300
Update:     0.000439

Forces:     0.000253
Candidates: 0.000305
Neighbors:  0.077090
Iterations: 0.481831
Vorticity:  0.048696
Viscosity:  0.016350
Update:     0.000435

Forces:     0.000258
Candidates: 0.000317
Neighbors:  0.077066
Iterations: 0.475637
Vorticity:  0.048474
Viscosity:  0.016275
Update:     0.000434

Forces:     0.000252
Candidates: 0.000309
Neighbors:  0.076782
Iterations: 0.474065
Vorticity:  0.048274
Viscosity:  0.016167
Update:     0.000430

Forces:     0.000256
Candidates: 0.000304
Neighbors:  0.076645
Iterations: 0.473234
Vorticity:  0.048157
Viscosity:  0.016153
Update:     0.000439

Forces:     0.000254
Candidates: 0.000305
Neighbors:  0.076462
Iterations: 0.479342
Vorticity:  0.048495
Viscosity:  0.016325
Update:     0.000433

Forces:     0.000252
Candidates: 0.000311
Neighbors:  0.076291
Iterations: 0.469858
Vorticity:  0.048003
Viscosity:  0.016162
Update:     0.000432

Forces:     0.000257
Candidates: 0.000320
Neighbors:  0.076244
Iterations: 0.469253
Vorticity:  0.048016
Viscosity:  0.016118
Update:     0.000443

Forces:     0.000252
Candidates: 0.000304
Neighbors:  0.075951
Iterations: 0.467152
Vorticity:  0.047562
Viscosity:  0.015967
Update:     0.000435

Forces:     0.000255
Candidates: 0.000305
Neighbors:  0.075805
Iterations: 0.475699
Vorticity:  0.047607
Viscosity:  0.015993
Update:     0.000433

Forces:     0.000256
Candidates: 0.000306
Neighbors:  0.075720
Iterations: 0.476679
Vorticity:  0.047583
Viscosity:  0.016008
Update:     0.000432

Forces:     0.000255
Candidates: 0.000304
Neighbors:  0.075620
Iterations: 0.466341
Vorticity:  0.047244
Viscosity:  0.015889
Update:     0.000440

Forces:     0.000257
Candidates: 0.000315
Neighbors:  0.075530
Iterations: 0.463023
Vorticity:  0.047076
Viscosity:  0.015827
Update:     0.000435

Forces:     0.000252
Candidates: 0.000310
Neighbors:  0.075200
Iterations: 0.461922
Vorticity:  0.047046
Viscosity:  0.015801
Update:     0.000434

Forces:     0.000253
Candidates: 0.000309
Neighbors:  0.075106
Iterations: 0.461236
Vorticity:  0.046878
Viscosity:  0.015768
Update:     0.000435

Forces:     0.000253
Candidates: 0.000310
Neighbors:  0.074930
Iterations: 0.459095
Vorticity:  0.046777
Viscosity:  0.015741
Update:     0.000443

Forces:     0.000252
Candidates: 0.000303
Neighbors:  0.074766
Iterations: 0.458085
Vorticity:  0.046590
Viscosity:  0.015670
Update:     0.000440

Forces:     0.000256
Candidates: 0.000319
Neighbors:  0.074751
Iterations: 0.458329
Vorticity:  0.046536
Viscosity:  0.015669
Update:     0.000435

Forces:     0.000259
Candidates: 0.000305
Neighbors:  0.074431
Iterations: 0.455746
Vorticity:  0.046382
Viscosity:  0.015619
Update:     0.000434

Forces:     0.000256
Candidates: 0.000304
Neighbors:  0.074295
Iterations: 0.454572
Vorticity:  0.046295
Viscosity:  0.015592
Update:     0.000437

Forces:     0.000253
Candidates: 0.000310
Neighbors:  0.074176
Iterations: 0.453636
Vorticity:  0.046482
Viscosity:  0.015670
Update:     0.000434

Forces:     0.000254
Candidates: 0.000309
Neighbors:  0.074062
Iterations: 0.458615
Vorticity:  0.047446
Viscosity:  0.016022
Update:     0.000436

Forces:     0.000260
Candidates: 0.000316
Neighbors:  0.074058
Iterations: 0.452518
Vorticity:  0.045993
Viscosity:  0.015512
Update:     0.000435

Forces:     0.000256
Candidates: 0.000305
Neighbors:  0.073936
Iterations: 0.450595
Vorticity:  0.045853
Viscosity:  0.015455
Update:     0.000431

Forces:     0.000257
Candidates: 0.000305
Neighbors:  0.073772
Iterations: 0.450061
Vorticity:  0.045741
Viscosity:  0.015415
Update:     0.000433

Forces:     0.000252
Candidates: 0.000310
Neighbors:  0.073531
Iterations: 0.448136
Vorticity:  0.045621
Viscosity:  0.015354
Update:     0.000442

Forces:     0.000253
Candidates: 0.000305
Neighbors:  0.073397
Iterations: 0.453422
Vorticity:  0.046637
Viscosity:  0.015767
Update:     0.000432

Forces:     0.000256
Candidates: 0.000313
Neighbors:  0.073418
Iterations: 0.448278
Vorticity:  0.045495
Viscosity:  0.015365
Update:     0.000430

Forces:     0.000253
Candidates: 0.000309
Neighbors:  0.073143
Iterations: 0.445307
Vorticity:  0.045335
Viscosity:  0.015300
Update:     0.000435

Forces:     0.000259
Candidates: 0.000304
Neighbors:  0.072997
Iterations: 0.444355
Vorticity:  0.045228
Viscosity:  0.015261
Update:     0.000433

Forces:     0.000252
Candidates: 0.000310
Neighbors:  0.072874
Iterations: 0.443572
Vorticity:  0.045424
Viscosity:  0.015340
Update:     0.000433

Forces:     0.000258
Candidates: 0.000305
Neighbors:  0.072732
Iterations: 0.442118
Vorticity:  0.044992
Viscosity:  0.015185
Update:     0.000435

Forces:     0.000259
Candidates: 0.000319
Neighbors:  0.072789
Iterations: 0.441977
Vorticity:  0.044940
Viscosity:  0.015169
Update:     0.000436

Forces:     0.000253
Candidates: 0.000311
Neighbors:  0.072624
Iterations: 0.440921
Vorticity:  0.044937
Viscosity:  0.015159
Update:     0.000436

Forces:     0.000252
Candidates: 0.000304
Neighbors:  0.072472
Iterations: 0.448856
Vorticity:  0.045046
Viscosity:  0.015258
Update:     0.000433

Forces:     0.000257
Candidates: 0.000305
Neighbors:  0.072413
Iterations: 0.439481
Vorticity:  0.044687
Viscosity:  0.015076
Update:     0.000433

Forces:     0.000252
Candidates: 0.000309
Neighbors:  0.072338
Iterations: 0.438345
Vorticity:  0.044557
Viscosity:  0.015050
Update:     0.000436

Forces:     0.000261
Candidates: 0.000316
Neighbors:  0.072411
Iterations: 0.439404
Vorticity:  0.044568
Viscosity:  0.015066
Update:     0.000434

Forces:     0.000252
Candidates: 0.000310
Neighbors:  0.072171
Iterations: 0.447902
Vorticity:  0.044900
Viscosity:  0.015210
Update:     0.000430

Forces:     0.000258
Candidates: 0.000305
Neighbors:  0.072057
Iterations: 0.436230
Vorticity:  0.044605
Viscosity:  0.015090
Update:     0.000434

Forces:     0.000258
Candidates: 0.000305
Neighbors:  0.071959
Iterations: 0.435107
Vorticity:  0.044362
Viscosity:  0.015021
Update:     0.000440

Forces:     0.000251
Candidates: 0.000304
Neighbors:  0.071949
Iterations: 0.435011
Vorticity:  0.044221
Viscosity:  0.014933
Update:     0.000440

Forces:     0.000263
Candidates: 0.000315
Neighbors:  0.071964
Iterations: 0.434695
Vorticity:  0.044148
Viscosity:  0.014944
Update:     0.000432

Forces:     0.000260
Candidates: 0.000306
Neighbors:  0.071771
Iterations: 0.433331
Vorticity:  0.044051
Viscosity:  0.014898
Update:     0.000434

Forces:     0.000258
Candidates: 0.000305
Neighbors:  0.071719
Iterations: 0.433878
Vorticity:  0.044043
Viscosity:  0.014900
Update:     0.000441

Forces:     0.000253
Candidates: 0.000305
Neighbors:  0.071638
Iterations: 0.431988
Vorticity:  0.043922
Viscosity:  0.014849
Update:     0.000433

Forces:     0.000260
Candidates: 0.000305
Neighbors:  0.071542
Iterations: 0.431510
Vorticity:  0.044008
Viscosity:  0.014893
Update:     0.000433

Forces:     0.000264
Candidates: 0.000312
Neighbors:  0.071599
Iterations: 0.431603
Vorticity:  0.044241
Viscosity:  0.014963
Update:     0.000442

Forces:     0.000254
Candidates: 0.000306
Neighbors:  0.071351
Iterations: 0.430277
Vorticity:  0.043767
Viscosity:  0.014814
Update:     0.000436

Forces:     0.000253
Candidates: 0.000310
Neighbors:  0.071343
Iterations: 0.429643
Vorticity:  0.043712
Viscosity:  0.014795
Update:     0.000431

Forces:     0.000256
Candidates: 0.000305
Neighbors:  0.071267
Iterations: 0.429138
Vorticity:  0.043652
Viscosity:  0.014792
Update:     0.000432

Forces:     0.000258
Candidates: 0.000305
Neighbors:  0.071234
Iterations: 0.433260
Vorticity:  0.044008
Viscosity:  0.014900
Update:     0.000441

Forces:     0.000258
Candidates: 0.000320
Neighbors:  0.071290
Iterations: 0.428718
Vorticity:  0.043571
Viscosity:  0.014761
Update:     0.000445

Forces:     0.000254
Candidates: 0.000306
Neighbors:  0.071095
Iterations: 0.427761
Vorticity:  0.043464
Viscosity:  0.014713
Update:     0.000442

Forces:     0.000251
Candidates: 0.000307
Neighbors:  0.071109
Iterations: 0.427401
Vorticity:  0.043731
Viscosity:  0.014804
Update:     0.000438

Forces:     0.000254
Candidates: 0.000305
Neighbors:  0.071043
Iterations: 0.432872
Vorticity:  0.045204
Viscosity:  0.015381
Update:     0.000431

Forces:     0.000251
Candidates: 0.000311
Neighbors:  0.071059
Iterations: 0.427341
Vorticity:  0.043397
Viscosity:  0.014708
Update:     0.000438

Forces:     0.000258
Candidates: 0.000318
Neighbors:  0.071091
Iterations: 0.427261
Vorticity:  0.043427
Viscosity:  0.014727
Update:     0.000434

Forces:     0.000256
Candidates: 0.000306
Neighbors:  0.070902
Iterations: 0.426476
Vorticity:  0.043355
Viscosity:  0.014712
Update:     0.000442

Forces:     0.000254
Candidates: 0.000305
Neighbors:  0.070878
Iterations: 0.425075
Vorticity:  0.043295
Viscosity:  0.014654
Update:     0.000437

Forces:     0.000254
Candidates: 0.000305
Neighbors:  0.070805
Iterations: 0.434124
Vorticity:  0.043499
Viscosity:  0.014766
Update:     0.000434

Forces:     0.000252
Candidates: 0.000309
Neighbors:  0.070753
Iterations: 0.425064
Vorticity:  0.043521
Viscosity:  0.014746
Update:     0.000434

Forces:     0.000261
Candidates: 0.000322
Neighbors:  0.070779
Iterations: 0.425079
Vorticity:  0.043198
Viscosity:  0.014645
Update:     0.000442

Forces:     0.000254
Candidates: 0.000306
Neighbors:  0.070597
Iterations: 0.424364
Vorticity:  0.043152
Viscosity:  0.014631
Update:     0.000442

Forces:     0.000251
Candidates: 0.000304
Neighbors:  0.070569
Iterations: 0.423908
Vorticity:  0.043142
Viscosity:  0.014606
Update:     0.000440

Forces:     0.000254
Candidates: 0.000306
Neighbors:  0.070487
Iterations: 0.424158
Vorticity:  0.043061
Viscosity:  0.014597
Update:     0.000436

Forces:     0.000254
Candidates: 0.000311
Neighbors:  0.070475
Iterations: 0.422973
Vorticity:  0.043012
Viscosity:  0.014607
Update:     0.000431

Forces:     0.000423
Candidates: 0.000327
Neighbors:  0.070575
Iterations: 0.423315
Vorticity:  0.043033
Viscosity:  0.014567
Update:     0.000438

Forces:     0.000253
Candidates: 0.000306
Neighbors:  0.070375
Iterations: 0.423058
Vorticity:  0.043016
Viscosity:  0.014572
Update:     0.000440

Forces:     0.000252
Candidates: 0.000306
Neighbors:  0.070403
Iterations: 0.421702
Vorticity:  0.042872
Viscosity:  0.014520
Update:     0.000435

Forces:     0.000254
Candidates: 0.000311
Neighbors:  0.070327
Iterations: 0.421415
Vorticity:  0.042832
Viscosity:  0.014522
Update:     0.000434

Forces:     0.000259
Candidates: 0.000307
Neighbors:  0.070260
Iterations: 0.421228
Vorticity:  0.042833
Viscosity:  0.014551
Update:     0.000431

Forces:     0.000259
Candidates: 0.000314
Neighbors:  0.070351
Iterations: 0.422579
Vorticity:  0.042874
Viscosity:  0.014540
Update:     0.000435

Forces:     0.000252
Candidates: 0.000310
Neighbors:  0.070164
Iterations: 0.431924
Vorticity:  0.043023
Viscosity:  0.014633
Update:     0.000442

Forces:     0.000252
Candidates: 0.000305
Neighbors:  0.070143
Iterations: 0.420460
Vorticity:  0.042739
Viscosity:  0.014479
Update:     0.000442

Forces:     0.000253
Candidates: 0.000305
Neighbors:  0.070128
Iterations: 0.420275
Vorticity:  0.042992
Viscosity:  0.014550
Update:     0.000442

Forces:     0.000251
Candidates: 0.000305
Neighbors:  0.070071
Iterations: 0.419980
Vorticity:  0.042686
Viscosity:  0.014464
Update:     0.000439

Forces:     0.000259
Candidates: 0.000314
Neighbors:  0.070106
Iterations: 0.422484
Vorticity:  0.043912
Viscosity:  0.014905
Update:     0.000429

Forces:     0.000252
Candidates: 0.000309
Neighbors:  0.069974
Iterations: 0.419925
Vorticity:  0.042772
Viscosity:  0.014498
Update:     0.000434

Forces:     0.000252
Candidates: 0.000311
Neighbors:  0.069934
Iterations: 0.420712
Vorticity:  0.042678
Viscosity:  0.014472
Update:     0.000430

Forces:     0.000254
Candidates: 0.000310
Neighbors:  0.069888
Iterations: 0.418809
Vorticity:  0.042643
Viscosity:  0.014453
Update:     0.000438

Forces:     0.000256
Candidates: 0.000305
Neighbors:  0.069886
Iterations: 0.419248
Vorticity:  0.042680
Viscosity:  0.014455
Update:     0.000433

Forces:     0.000262
Candidates: 0.000314
Neighbors:  0.069991
Iterations: 0.420053
Vorticity:  0.042996
Viscosity:  0.014562
Update:     0.000433

Forces:     0.000254
Candidates: 0.000309
Neighbors:  0.069841
Iterations: 0.418692
Vorticity:  0.042571
Viscosity:  0.014427
Update:     0.000439

Forces:     0.000252
Candidates: 0.000305
Neighbors:  0.069806
Iterations: 0.418822
Vorticity:  0.042608
Viscosity:  0.014706
Update:     0.000445

Forces:     0.000257
Candidates: 0.000305
Neighbors:  0.069912
Iterations: 0.423990
Vorticity:  0.042593
Viscosity:  0.014451
Update:     0.000436

Forces:     0.000260
Candidates: 0.000305
Neighbors:  0.073300
Iterations: 0.429893
Vorticity:  0.042753
Viscosity:  0.014527
Update:     0.000436

Forces:     0.000261
Candidates: 0.000313
Neighbors:  0.069888
Iterations: 0.419219
Vorticity:  0.042623
Viscosity:  0.014476
Update:     0.000437

Forces:     0.000255
Candidates: 0.000305
Neighbors:  0.069724
Iterations: 0.418833
Vorticity:  0.042614
Viscosity:  0.014442
Update:     0.000434

Forces:     0.000253
Candidates: 0.000313
Neighbors:  0.069704
Iterations: 0.417900
Vorticity:  0.042650
Viscosity:  0.014557
Update:     0.000433

Forces:     0.000254
Candidates: 0.000309
Neighbors:  0.069726
Iterations: 0.418464
Vorticity:  0.043785
Viscosity:  0.016543
Update:     0.000449

Forces:     0.000251
Candidates: 0.000305
Neighbors:  0.069711
Iterations: 0.419611
Vorticity:  0.042588
Viscosity:  0.014442
Update:     0.000439

Forces:     0.000259
Candidates: 0.000320
Neighbors:  0.069780
Iterations: 0.418599
Vorticity:  0.042484
Viscosity:  0.014405
Update:     0.000434

Forces:     0.000258
Candidates: 0.000305
Neighbors:  0.069624
Iterations: 0.418587
Vorticity:  0.042467
Viscosity:  0.014398
Update:     0.000434

Forces:     0.000259
Candidates: 0.000306
Neighbors:  0.069642
Iterations: 0.417236
Vorticity:  0.042532
Viscosity:  0.014402
Update:     0.000434

Forces:     0.000252
Candidates: 0.000310
Neighbors:  0.069601
Iterations: 0.417072
Vorticity:  0.042421
Viscosity:  0.014394
Update:     0.000438

Forces:     0.000253
Candidates: 0.000306
Neighbors:  0.069693
Iterations: 0.417458
Vorticity:  0.042497
Viscosity:  0.014406
Update:     0.000438

Forces:     0.000260
Candidates: 0.000320
Neighbors:  0.069774
Iterations: 0.418823
Vorticity:  0.042466
Viscosity:  0.014404
Update:     0.000432

Forces:     0.000255
Candidates: 0.000310
Neighbors:  0.069536
Iterations: 0.417003
Vorticity:  0.042411
Viscosity:  0.014368
Update:     0.000435

Forces:     0.000259
Candidates: 0.000306
Neighbors:  0.069563
Iterations: 0.417019
Vorticity:  0.042357
Viscosity:  0.014355
Update:     0.000438

Forces:     0.000253
Candidates: 0.000306
Neighbors:  0.069499
Iterations: 0.417800
Vorticity:  0.042450
Viscosity:  0.014391
Update:     0.000440

Forces:     0.000254
Candidates: 0.000306
Neighbors:  0.069562
Iterations: 0.416623
Vorticity:  0.042385
Viscosity:  0.014381
Update:     0.000438

Forces:     0.000257
Candidates: 0.000319
Neighbors:  0.069663
Iterations: 0.417290
Vorticity:  0.042404
Viscosity:  0.014412
Update:     0.000430

Forces:     0.000252
Candidates: 0.000308
Neighbors:  0.069567
Iterations: 0.417576
Vorticity:  0.046131
Viscosity:  0.015500
Update:     0.000436

Forces:     0.000249
Candidates: 0.000304
Neighbors:  0.069502
Iterations: 0.418653
Vorticity:  0.042448
Viscosity:  0.014390
Update:     0.000441

Forces:     0.000253
Candidates: 0.000306
Neighbors:  0.069434
Iterations: 0.416644
Vorticity:  0.042398
Viscosity:  0.014398
Update:     0.000440

Forces:     0.000253
Candidates: 0.000306
Neighbors:  0.069373
Iterations: 0.416923
Vorticity:  0.042397
Viscosity:  0.014386
Update:     0.000443

Forces:     0.000258
Candidates: 0.000319
Neighbors:  0.069772
Iterations: 0.417161
Vorticity:  0.042524
Viscosity:  0.014420
Update:     0.000438

Forces:     0.000253
Candidates: 0.000304
Neighbors:  0.069373
Iterations: 0.425445
Vorticity:  0.043650
Viscosity:  0.014859
Update:     0.000433

Forces:     0.000251
Candidates: 0.000310
Neighbors:  0.069411
Iterations: 0.417873
Vorticity:  0.042387
Viscosity:  0.014381
Update:     0.000433

Forces:     0.000253
Candidates: 0.000310
Neighbors:  0.069439
Iterations: 0.416904
Vorticity:  0.042431
Viscosity:  0.014419
Update:     0.000434

Forces:     0.000258
Candidates: 0.000305
Neighbors:  0.069413
Iterations: 0.417771
Vorticity:  0.042411
Viscosity:  0.014376
Update:     0.000433

Forces:     0.000258
Candidates: 0.000324
Neighbors:  0.069689
Iterations: 0.417475
Vorticity:  0.042663
Viscosity:  0.014470
Update:     0.000432

Forces:     0.000256
Candidates: 0.000305
Neighbors:  0.069404
Iterations: 0.417252
Vorticity:  0.042479
Viscosity:  0.014396
Update:     0.000433

Forces:     0.000255
Candidates: 0.000309
Neighbors:  0.069339
Iterations: 0.417263
Vorticity:  0.042791
Viscosity:  0.014548
Update:     0.000437

Forces:     0.000253
Candidates: 0.000304
Neighbors:  0.069448
Iterations: 0.426196
Vorticity:  0.042860
Viscosity:  0.014560
Update:     0.000431

Forces:     0.000255
Candidates: 0.000310
Neighbors:  0.069449
Iterations: 0.417505
Vorticity:  0.042468
Viscosity:  0.014395
Update:     0.000441

Forces:     0.000262
Candidates: 0.000314
Neighbors:  0.069593
Iterations: 0.418571
Vorticity:  0.042507
Viscosity:  0.014437
Update:     0.000432

Forces:     0.000258
Candidates: 0.000305
Neighbors:  0.069454
Iterations: 0.418627
Vorticity:  0.042483
Viscosity:  0.014420
Update:     0.000432

Forces:     0.000257
Candidates: 0.000306
Neighbors:  0.069475
Iterations: 0.418027
Vorticity:  0.042540
Viscosity:  0.014410
Update:     0.000436

Forces:     0.000253
Candidates: 0.000305
Neighbors:  0.069491
Iterations: 0.417893
Vorticity:  0.042785
Viscosity:  0.014518
Update:     0.000440

Forces:     0.000255
Candidates: 0.000304
Neighbors:  0.069454
Iterations: 0.421632
Vorticity:  0.043595
Viscosity:  0.014792
Update:     0.000432

Forces:     0.000260
Candidates: 0.000322
Neighbors:  0.069620
Iterations: 0.419580
Vorticity:  0.042650
Viscosity:  0.014462
Update:     0.000434

Forces:     0.000260
Candidates: 0.000306
Neighbors:  0.069498
Iterations: 0.419119
Vorticity:  0.042646
Viscosity:  0.014451
Update:     0.000434

Forces:     0.000253
Candidates: 0.000311
Neighbors:  0.069523
Iterations: 0.420033
Vorticity:  0.042704
Viscosity:  0.014477
Update:     0.000438

Forces:     0.000254
Candidates: 0.000306
Neighbors:  0.069532
Iterations: 0.421270
Vorticity:  0.042720
Viscosity:  0.014479
Update:     0.000440

Forces:     0.000253
Candidates: 0.000305
Neighbors:  0.069500
Iterations: 0.431252
Vorticity:  0.043510
Viscosity:  0.014800
Update:     0.000441

Forces:     0.000256
Candidates: 0.000321
Neighbors:  0.069612
Iterations: 0.421252
Vorticity:  0.043148
Viscosity:  0.014602
Update:     0.000442

Forces:     0.000253
Candidates: 0.000306
Neighbors:  0.069518
Iterations: 0.420664
Vorticity:  0.042831
Viscosity:  0.014525
Update:     0.000431

Forces:     0.000253
Candidates: 0.000308
Neighbors:  0.069620
Iterations: 0.421098
Vorticity:  0.042811
Viscosity:  0.014510
Update:     0.000433

Forces:     0.000260
Candidates: 0.000307
Neighbors:  0.069520
Iterations: 0.426310
Vorticity:  0.044115
Viscosity:  0.014974
Update:     0.000431

Forces:     0.000251
Candidates: 0.000310
Neighbors:  0.069545
Iterations: 0.422063
Vorticity:  0.042895
Viscosity:  0.014532
Update:     0.000433

Forces:     0.000261
Candidates: 0.000315
Neighbors:  0.069714
Iterations: 0.423906
Vorticity:  0.043055
Viscosity:  0.014607
Update:     0.000444

Forces:     0.000254
Candidates: 0.000305
Neighbors:  0.069561
Iterations: 0.422451
Vorticity:  0.043036
Viscosity:  0.014592
Update:     0.000432

Forces:     0.000258
Candidates: 0.000306
Neighbors:  0.069546
Iterations: 0.422167
Vorticity:  0.042971
Viscosity:  0.014538
Update:     0.000442

Forces:     0.000253
Candidates: 0.000306
Neighbors:  0.069623
Iterations: 0.422607
Vorticity:  0.043085
Viscosity:  0.014611
Update:     0.000438

Forces:     0.000253
Candidates: 0.000305
Neighbors:  0.069584
Iterations: 0.423773
Vorticity:  0.043088
Viscosity:  0.014573
Update:     0.000441

Forces:     0.000258
Candidates: 0.000315
Neighbors:  0.069684
Iterations: 0.423760
Vorticity:  0.043112
Viscosity:  0.014590
Update:     0.000439

Forces:     0.000253
Candidates: 0.000305
Neighbors:  0.069529
Iterations: 0.423719
Vorticity:  0.043113
Viscosity:  0.014587
Update:     0.000438

Forces:     0.000253
Candidates: 0.000306
Neighbors:  0.069529
Iterations: 0.424518
Vorticity:  0.043176
Viscosity:  0.014603
Update:     0.000441

Forces:     0.000255
Candidates: 0.000305
Neighbors:  0.069563
Iterations: 0.423784
Vorticity:  0.043139
Viscosity:  0.014584
Update:     0.000438

Forces:     0.000254
Candidates: 0.000305
Neighbors:  0.069575
Iterations: 0.424104
Vorticity:  0.043172
Viscosity:  0.014606
Update:     0.000434

Forces:     0.000329
Candidates: 0.000317
Neighbors:  0.069745
Iterations: 0.425688
Vorticity:  0.043332
Viscosity:  0.014679
Update:     0.000434

Forces:     0.000254
Candidates: 0.000309
Neighbors:  0.069733
Iterations: 0.426136
Vorticity:  0.043309
Viscosity:  0.014657
Update:     0.000432

Forces:     0.000253
Candidates: 0.000311
Neighbors:  0.069976
Iterations: 0.433373
Vorticity:  0.043618
Viscosity:  0.014794
Update:     0.000441

Forces:     0.000252
Candidates: 0.000306
Neighbors:  0.069706
Iterations: 0.426267
Vorticity:  0.043393
Viscosity:  0.014672
Update:     0.000439

Forces:     0.000254
Candidates: 0.000305
Neighbors:  0.069739
Iterations: 0.426881
Vorticity:  0.043456
Viscosity:  0.014692
Update:     0.000438

Forces:     0.000261
Candidates: 0.000319
Neighbors:  0.069894
Iterations: 0.427195
Vorticity:  0.043502
Viscosity:  0.014748
Update:     0.000434

Forces:     0.000257
Candidates: 0.000305
Neighbors:  0.069816
Iterations: 0.432198
Vorticity:  0.043639
Viscosity:  0.014746
Update:     0.000441

Forces:     0.000253
Candidates: 0.000305
Neighbors:  0.069891
Iterations: 0.427361
Vorticity:  0.043542
Viscosity:  0.014714
Update:     0.000431

Forces:     0.000258
Candidates: 0.000305
Neighbors:  0.069902
Iterations: 0.428836
Vorticity:  0.043536
Viscosity:  0.014717
Update:     0.000433

Forces:     0.000259
Candidates: 0.000305
Neighbors:  0.069880
Iterations: 0.427305
Vorticity:  0.043566
Viscosity:  0.014730
Update:     0.000436

Forces:     0.000259
Candidates: 0.000314
Neighbors:  0.070048
Iterations: 0.428837
Vorticity:  0.043639
Viscosity:  0.014734
Update:     0.000440

Forces:     0.000254
Candidates: 0.000305
Neighbors:  0.069960
Iterations: 0.429317
Vorticity:  0.043700
Viscosity:  0.014774
Update:     0.000442

Forces:     0.000254
Candidates: 0.000305
Neighbors:  0.070035
Iterations: 0.428299
Vorticity:  0.043682
Viscosity:  0.014797
Update:     0.000429

Forces:     0.000256
Candidates: 0.000305
Neighbors:  0.070093
Iterations: 0.428815
Vorticity:  0.043717
Viscosity:  0.014758
Update:     0.000439

Forces:     0.000253
Candidates: 0.000306
Neighbors:  0.070179
Iterations: 0.429337
Vorticity:  0.043773
Viscosity:  0.014806
Update:     0.000437

Forces:     0.000265
Candidates: 0.000438
Neighbors:  0.070481
Iterations: 0.437732
Vorticity:  0.043987
Viscosity:  0.014907
Update:     0.000429

Forces:     0.000258
Candidates: 0.000304
Neighbors:  0.070184
Iterations: 0.429681
Vorticity:  0.043780
Viscosity:  0.014768
Update:     0.000436

Forces:     0.000254
Candidates: 0.000305
Neighbors:  0.070246
Iterations: 0.430217
Vorticity:  0.043930
Viscosity:  0.014823
Update:     0.000432

Forces:     0.000253
Candidates: 0.000310
Neighbors:  0.070317
Iterations: 0.431644
Vorticity:  0.043928
Viscosity:  0.014814
Update:     0.000440

Forces:     0.000253
Candidates: 0.000305
Neighbors:  0.070384
Iterations: 0.441544
Vorticity:  0.044748
Viscosity:  0.015168
Update:     0.000440

Forces:     0.000263
Candidates: 0.000332
Neighbors:  0.070627
Iterations: 0.429687
Vorticity:  0.044328
Viscosity:  0.014925
Update:     0.000433

Forces:     0.000254
Candidates: 0.000309
Neighbors:  0.070579
Iterations: 0.433090
Vorticity:  0.044239
Viscosity:  0.015010
Update:     0.000434

Forces:     0.000253
Candidates: 0.000308
Neighbors:  0.070657
Iterations: 0.433808
Vorticity:  0.044250
Viscosity:  0.014921
Update:     0.000440

Forces:     0.000252
Candidates: 0.000305
Neighbors:  0.070735
Iterations: 0.439878
Vorticity:  0.045239
Viscosity:  0.017327
Update:     0.000464

Forces:     0.000252
Candidates: 0.000304
Neighbors:  0.070822
Iterations: 0.447456
Vorticity:  0.046605
Viscosity:  0.015796
Update:     0.000438

Forces:     0.000259
Candidates: 0.000331
Neighbors:  0.071006
Iterations: 0.423791
Vorticity:  0.044176
Viscosity:  0.014914
Update:     0.000439

Forces:     0.000253
Candidates: 0.000305
Neighbors:  0.070836
Iterations: 0.435967
Vorticity:  0.044477
Viscosity:  0.015041
Update:     0.000430

Forces:     0.000253
Candidates: 0.000309
Neighbors:  0.070913
Iterations: 0.436698
Vorticity:  0.044630
Viscosity:  0.015036
Update:     0.000436

Forces:     0.000260
Candidates: 0.000304
Neighbors:  0.070981
Iterations: 0.437097
Vorticity:  0.045013
Viscosity:  0.015237
Update:     0.000439

Forces:     0.000252
Candidates: 0.000305
Neighbors:  0.071019
Iterations: 0.437157
Vorticity:  0.044601
Viscosity:  0.015051
Update:     0.000435

Forces:     0.000272
Candidates: 0.000330
Neighbors:  0.071208
Iterations: 0.409919
Vorticity:  0.041167
Viscosity:  0.013403
Update:     0.000445

Forces:     0.000278
Candidates: 0.000334
Neighbors:  0.070975
Iterations: 0.431336
Vorticity:  0.044576
Viscosity:  0.015033
Update:     0.000433

Forces:     0.000255
Candidates: 0.000309
Neighbors:  0.071112
Iterations: 0.450927
Vorticity:  0.045098
Viscosity:  0.015236
Update:     0.000432

Forces:     0.000254
Candidates: 0.000304
Neighbors:  0.071146
Iterations: 0.439578
Vorticity:  0.044960
Viscosity:  0.015151
Update:     0.000433

Forces:     0.000257
Candidates: 0.000304
Neighbors:  0.071194
Iterations: 0.440219
Vorticity:  0.044917
Viscosity:  0.015157
Update:     0.000442

Forces:     0.000263
Candidates: 0.000334
Neighbors:  0.071410
Iterations: 0.417104
Vorticity:  0.044558
Viscosity:  0.014966
Update:     0.000442

Forces:     0.000255
Candidates: 0.000305
Neighbors:  0.071293
Iterations: 0.450044
Vorticity:  0.046214
Viscosity:  0.015613
Update:     0.000441

Forces:     0.000250
Candidates: 0.000305
Neighbors:  0.071376
Iterations: 0.442388
Vorticity:  0.045123
Viscosity:  0.015198
Update:     0.000432

Forces:     0.000253
Candidates: 0.000310
Neighbors:  0.071551
Iterations: 0.442978
Vorticity:  0.045223
Viscosity:  0.015240
Update:     0.000432

Forces:     0.000254
Candidates: 0.000310
Neighbors:  0.071461
Iterations: 0.443757
Vorticity:  0.045250
Viscosity:  0.015232
Update:     0.000437

Forces:     0.000260
Candidates: 0.000321
Neighbors:  0.071845
Iterations: 0.443569
Vorticity:  0.045354
Viscosity:  0.015285
Update:     0.000432

Forces:     0.000253
Candidates: 0.000309
Neighbors:  0.071601
Iterations: 0.444776
Vorticity:  0.045345
Viscosity:  0.015265
Update:     0.000432

Forces:     0.000253
Candidates: 0.000309
Neighbors:  0.071709
Iterations: 0.446032
Vorticity:  0.045582
Viscosity:  0.015314
Update:     0.000437

Forces:     0.000254
Candidates: 0.000305
Neighbors:  0.071737
Iterations: 0.445220
Vorticity:  0.045526
Viscosity:  0.015306
Update:     0.000434

Forces:     0.000257
Candidates: 0.000304
Neighbors:  0.071735
Iterations: 0.445590
Vorticity:  0.045815
Viscosity:  0.015377
Update:     0.000441

Forces:     0.000264
Candidates: 0.000315
Neighbors:  0.072256
Iterations: 0.446664
Vorticity:  0.045964
Viscosity:  0.015452
Update:     0.000442

Forces:     0.000253
Candidates: 0.000304
Neighbors:  0.071913
Iterations: 0.446873
Vorticity:  0.045678
Viscosity:  0.015353
Update:     0.000434

Forces:     0.000259
Candidates: 0.000305
Neighbors:  0.071911
Iterations: 0.447603
Vorticity:  0.045817
Viscosity:  0.015429
Update:     0.000433

Forces:     0.000252
Candidates: 0.000310
Neighbors:  0.071972
Iterations: 0.447868
Vorticity:  0.045861
Viscosity:  0.015425
Update:     0.000432

Forces:     0.000257
Candidates: 0.000305
Neighbors:  0.072045
Iterations: 0.454366
Vorticity:  0.045957
Viscosity:  0.015461
Update:     0.000431

Forces:     0.000253
Candidates: 0.000317
Neighbors:  0.072424
Iterations: 0.450330
Vorticity:  0.045962
Viscosity:  0.015469
Update:     0.000435

Forces:     0.000254
Candidates: 0.000309
Neighbors:  0.072128
Iterations: 0.449869
Vorticity:  0.045980
Viscosity:  0.015477
Update:     0.000431

Forces:     0.000256
Candidates: 0.000304
Neighbors:  0.072156
Iterations: 0.451572
Vorticity:  0.046105
Viscosity:  0.015491
Update:     0.000439

Forces:     0.000253
Candidates: 0.000305
Neighbors:  0.072178
Iterations: 0.462355
Vorticity:  0.046595
Viscosity:  0.015682
Update:     0.000438

Forces:     0.000254
Candidates: 0.000305
Neighbors:  0.072230
Iterations: 0.452043
Vorticity:  0.046261
Viscosity:  0.015550
Update:     0.000438

Forces:     0.000259
Candidates: 0.000322
Neighbors:  0.072582
Iterations: 0.452700
Vorticity:  0.046385
Viscosity:  0.015603
Update:     0.000431

Forces:     0.000256
Candidates: 0.000306
Neighbors:  0.072288
Iterations: 0.452679
Vorticity:  0.046296
Viscosity:  0.015561
Update:     0.000430

Forces:     0.000253
Candidates: 0.000309
Neighbors:  0.072352
Iterations: 0.453285
Vorticity:  0.046331
Viscosity:  0.015567
Update:     0.000437

Forces:     0.000253
Candidates: 0.000305
Neighbors:  0.072477
Iterations: 0.454195
Vorticity:  0.046430
Viscosity:  0.015607
Update:     0.000427

Forces:     0.000254
Candidates: 0.000306
Neighbors:  0.072459
Iterations: 0.456544
Vorticity:  0.046542
Viscosity:  0.015631
Update:     0.000440

Total Forces:     0.128178
Total Candidates: 0.155869
Total Neighbors:  35.687773
Total Iterations: 219.035017
Total Vorticity:  22.264373
Total Viscosity:  7.529114
Total Update:     0.219564

