Forces:     0.000953
Candidates: 0.002124
Neighbors:  0.061423
Iterations: 0.544246
Vorticity:  0.055208
Viscosity:  0.020948
Update:     0.000788

Forces:     0.000419
Candidates: 0.000846
Neighbors:  0.061955
Iterations: 0.544150
Vorticity:  0.055154
Viscosity:  0.021159
Update:     0.000865

Forces:     0.000462
Candidates: 0.000862
Neighbors:  0.081744
Iterations: 0.543988
Vorticity:  0.055141
Viscosity:  0.020963
Update:     0.000791

Forces:     0.000407
Candidates: 0.000848
Neighbors:  0.083324
Iterations: 0.545658
Vorticity:  0.055369
Viscosity:  0.021025
Update:     0.000791

Forces:     0.000421
Candidates: 0.000845
Neighbors:  0.084436
Iterations: 0.551389
Vorticity:  0.056008
Viscosity:  0.021328
Update:     0.000785

Forces:     0.000519
Candidates: 0.000960
Neighbors:  0.085520
Iterations: 0.554515
Vorticity:  0.056675
Viscosity:  0.021572
Update:     0.000786

Forces:     0.000414
Candidates: 0.000849
Neighbors:  0.087137
Iterations: 0.562734
Vorticity:  0.057044
Viscosity:  0.021754
Update:     0.000784

Forces:     0.000410
Candidates: 0.000850
Neighbors:  0.086313
Iterations: 0.566036
Vorticity:  0.057317
Viscosity:  0.021896
Update:     0.000792

Forces:     0.000412
Candidates: 0.000849
Neighbors:  0.086648
Iterations: 0.567806
Vorticity:  0.057487
Viscosity:  0.021980
Update:     0.000796

Forces:     0.000413
Candidates: 0.000847
Neighbors:  0.086923
Iterations: 0.568719
Vorticity:  0.057615
Viscosity:  0.022013
Update:     0.000779

Forces:     0.000512
Candidates: 0.000942
Neighbors:  0.087546
Iterations: 0.565838
Vorticity:  0.057267
Viscosity:  0.022047
Update:     0.000811

Forces:     0.000411
Candidates: 0.000843
Neighbors:  0.087578
Iterations: 0.569006
Vorticity:  0.057654
Viscosity:  0.022037
Update:     0.000784

Forces:     0.000417
Candidates: 0.000848
Neighbors:  0.087547
Iterations: 0.569104
Vorticity:  0.057663
Viscosity:  0.022027
Update:     0.000786

Forces:     0.000410
Candidates: 0.000850
Neighbors:  0.087577
Iterations: 0.568680
Vorticity:  0.057655
Viscosity:  0.022025
Update:     0.000790

Forces:     0.000411
Candidates: 0.000850
Neighbors:  0.087648
Iterations: 0.568313
Vorticity:  0.057565
Viscosity:  0.021990
Update:     0.000778

Forces:     0.000580
Candidates: 0.001113
Neighbors:  0.090337
Iterations: 0.631978
Vorticity:  0.062672
Viscosity:  0.023662
Update:     0.000783

Forces:     0.000424
Candidates: 0.000847
Neighbors:  0.087129
Iterations: 0.585037
Vorticity:  0.057577
Viscosity:  0.022045
Update:     0.000785

Forces:     0.000418
Candidates: 0.000848
Neighbors:  0.087564
Iterations: 0.567783
Vorticity:  0.057519
Viscosity:  0.022026
Update:     0.000786

Forces:     0.000410
Candidates: 0.000848
Neighbors:  0.087491
Iterations: 0.567137
Vorticity:  0.057435
Viscosity:  0.021975
Update:     0.000787

Forces:     0.000411
Candidates: 0.000848
Neighbors:  0.087386
Iterations: 0.566813
Vorticity:  0.057380
Viscosity:  0.021963
Update:     0.000782

Forces:     0.000529
Candidates: 0.000943
Neighbors:  0.087004
Iterations: 0.623515
Vorticity:  0.061771
Viscosity:  0.023380
Update:     0.000780

Forces:     0.000422
Candidates: 0.000850
Neighbors:  0.086688
Iterations: 0.584603
Vorticity:  0.057197
Viscosity:  0.021831
Update:     0.000785

Forces:     0.000426
Candidates: 0.000846
Neighbors:  0.087317
Iterations: 0.563845
Vorticity:  0.057080
Viscosity:  0.021786
Update:     0.000784

Forces:     0.000423
Candidates: 0.000848
Neighbors:  0.087417
Iterations: 0.562799
Vorticity:  0.057035
Viscosity:  0.021788
Update:     0.000787

Forces:     0.000410
Candidates: 0.000849
Neighbors:  0.087237
Iterations: 0.562585
Vorticity:  0.056988
Viscosity:  0.021756
Update:     0.000786

Forces:     0.000523
Candidates: 0.001107
Neighbors:  0.089874
Iterations: 0.619237
Vorticity:  0.061410
Viscosity:  0.023269
Update:     0.000781

Forces:     0.000424
Candidates: 0.000850
Neighbors:  0.086675
Iterations: 0.599882
Vorticity:  0.057084
Viscosity:  0.021834
Update:     0.000780

Forces:     0.000421
Candidates: 0.000846
Neighbors:  0.087326
Iterations: 0.562818
Vorticity:  0.057056
Viscosity:  0.021794
Update:     0.000785

Forces:     0.000413
Candidates: 0.000853
Neighbors:  0.087591
Iterations: 0.562972
Vorticity:  0.057034
Viscosity:  0.021792
Update:     0.000790

Forces:     0.000408
Candidates: 0.000848
Neighbors:  0.087347
Iterations: 0.562680
Vorticity:  0.057050
Viscosity:  0.021801
Update:     0.000789

Forces:     0.000522
Candidates: 0.000944
Neighbors:  0.087010
Iterations: 0.614443
Vorticity:  0.060950
Viscosity:  0.023119
Update:     0.000778

Forces:     0.000424
Candidates: 0.000852
Neighbors:  0.086831
Iterations: 0.605849
Vorticity:  0.056866
Viscosity:  0.021695
Update:     0.000788

Forces:     0.000421
Candidates: 0.000858
Neighbors:  0.087348
Iterations: 0.560974
Vorticity:  0.056916
Viscosity:  0.021706
Update:     0.000787

Forces:     0.000410
Candidates: 0.000847
Neighbors:  0.087571
Iterations: 0.561048
Vorticity:  0.056880
Viscosity:  0.021696
Update:     0.000789

Forces:     0.000418
Candidates: 0.000847
Neighbors:  0.087577
Iterations: 0.561520
Vorticity:  0.056948
Viscosity:  0.021704
Update:     0.000791

Forces:     0.000529
Candidates: 0.001115
Neighbors:  0.090239
Iterations: 0.598051
Vorticity:  0.057060
Viscosity:  0.021770
Update:     0.000778

Forces:     0.000422
Candidates: 0.000846
Neighbors:  0.087774
Iterations: 0.562853
Vorticity:  0.057110
Viscosity:  0.021777
Update:     0.000786

Forces:     0.000415
Candidates: 0.000848
Neighbors:  0.087848
Iterations: 0.564857
Vorticity:  0.057095
Viscosity:  0.023126
Update:     0.000820

Forces:     0.000432
Candidates: 0.000852
Neighbors:  0.090810
Iterations: 0.563278
Vorticity:  0.057095
Viscosity:  0.021772
Update:     0.000789

Forces:     0.000402
Candidates: 0.000845
Neighbors:  0.088067
Iterations: 0.562307
Vorticity:  0.056915
Viscosity:  0.021768
Update:     0.000786

Forces:     0.000525
Candidates: 0.000944
Neighbors:  0.088219
Iterations: 0.562224
Vorticity:  0.057003
Viscosity:  0.021717
Update:     0.000785

Forces:     0.000414
Candidates: 0.000852
Neighbors:  0.088171
Iterations: 0.562399
Vorticity:  0.057046
Viscosity:  0.021722
Update:     0.000790

Forces:     0.000412
Candidates: 0.000850
Neighbors:  0.088200
Iterations: 0.562758
Vorticity:  0.057060
Viscosity:  0.021761
Update:     0.000789

Forces:     0.000415
Candidates: 0.000850
Neighbors:  0.088289
Iterations: 0.563079
Vorticity:  0.057096
Viscosity:  0.021749
Update:     0.000790

Forces:     0.000412
Candidates: 0.000849
Neighbors:  0.088385
Iterations: 0.563472
Vorticity:  0.057157
Viscosity:  0.021789
Update:     0.000790

Forces:     0.000523
Candidates: 0.000961
Neighbors:  0.088621
Iterations: 0.563794
Vorticity:  0.057160
Viscosity:  0.021768
Update:     0.000789

Forces:     0.000414
Candidates: 0.000848
Neighbors:  0.088573
Iterations: 0.564099
Vorticity:  0.057214
Viscosity:  0.021793
Update:     0.000780

Forces:     0.000419
Candidates: 0.000847
Neighbors:  0.088621
Iterations: 0.564615
Vorticity:  0.057255
Viscosity:  0.021809
Update:     0.000787

Forces:     0.000414
Candidates: 0.000848
Neighbors:  0.088741
Iterations: 0.565488
Vorticity:  0.057952
Viscosity:  0.021948
Update:     0.000847

Forces:     0.000466
Candidates: 0.000845
Neighbors:  0.088839
Iterations: 0.565536
Vorticity:  0.057392
Viscosity:  0.021819
Update:     0.000790

Forces:     0.000528
Candidates: 0.000966
Neighbors:  0.089007
Iterations: 0.565779
Vorticity:  0.057414
Viscosity:  0.021836
Update:     0.000789

Forces:     0.000415
Candidates: 0.000851
Neighbors:  0.088970
Iterations: 0.566136
Vorticity:  0.057463
Viscosity:  0.021841
Update:     0.000787

Forces:     0.000413
Candidates: 0.000849
Neighbors:  0.089074
Iterations: 0.566735
Vorticity:  0.057499
Viscosity:  0.021866
Update:     0.000787

Forces:     0.000418
Candidates: 0.000850
Neighbors:  0.089143
Iterations: 0.567238
Vorticity:  0.057563
Viscosity:  0.021874
Update:     0.000786

Forces:     0.000418
Candidates: 0.000846
Neighbors:  0.089205
Iterations: 0.568376
Vorticity:  0.057618
Viscosity:  0.021882
Update:     0.000788

Forces:     0.000518
Candidates: 0.000956
Neighbors:  0.089658
Iterations: 0.567605
Vorticity:  0.057686
Viscosity:  0.021898
Update:     0.000792

Forces:     0.000414
Candidates: 0.000852
Neighbors:  0.089445
Iterations: 0.568909
Vorticity:  0.057747
Viscosity:  0.021928
Update:     0.000786

Forces:     0.000414
Candidates: 0.000852
Neighbors:  0.089532
Iterations: 0.569569
Vorticity:  0.057799
Viscosity:  0.021938
Update:     0.000794

Forces:     0.000412
Candidates: 0.000852
Neighbors:  0.089598
Iterations: 0.570227
Vorticity:  0.057869
Viscosity:  0.021954
Update:     0.000783

Forces:     0.000416
Candidates: 0.000848
Neighbors:  0.089676
Iterations: 0.570822
Vorticity:  0.057925
Viscosity:  0.021970
Update:     0.000786

Forces:     0.000513
Candidates: 0.000952
Neighbors:  0.090271
Iterations: 0.569503
Vorticity:  0.057994
Viscosity:  0.021987
Update:     0.000792

Forces:     0.000413
Candidates: 0.000852
Neighbors:  0.089996
Iterations: 0.572275
Vorticity:  0.059297
Viscosity:  0.022222
Update:     0.000875

Forces:     0.000455
Candidates: 0.000850
Neighbors:  0.090170
Iterations: 0.573104
Vorticity:  0.058160
Viscosity:  0.022019
Update:     0.000787

Forces:     0.000417
Candidates: 0.000847
Neighbors:  0.090121
Iterations: 0.573886
Vorticity:  0.058257
Viscosity:  0.022034
Update:     0.000785

Forces:     0.000422
Candidates: 0.000849
Neighbors:  0.090272
Iterations: 0.574680
Vorticity:  0.058334
Viscosity:  0.022056
Update:     0.000789

Forces:     0.000544
Candidates: 0.001097
Neighbors:  0.093003
Iterations: 0.623679
Vorticity:  0.058638
Viscosity:  0.022141
Update:     0.000786

Forces:     0.000423
Candidates: 0.000853
Neighbors:  0.090592
Iterations: 0.578123
Vorticity:  0.058642
Viscosity:  0.022173
Update:     0.000790

Forces:     0.000416
Candidates: 0.000850
Neighbors:  0.090700
Iterations: 0.579325
Vorticity:  0.058765
Viscosity:  0.022181
Update:     0.000794

Forces:     0.000427
Candidates: 0.000848
Neighbors:  0.090847
Iterations: 0.580161
Vorticity:  0.058845
Viscosity:  0.022173
Update:     0.000790

Forces:     0.000416
Candidates: 0.000850
Neighbors:  0.090951
Iterations: 0.581148
Vorticity:  0.058946
Viscosity:  0.022221
Update:     0.000789

Forces:     0.000517
Candidates: 0.000991
Neighbors:  0.091430
Iterations: 0.578775
Vorticity:  0.059033
Viscosity:  0.022259
Update:     0.000793

Forces:     0.000421
Candidates: 0.000847
Neighbors:  0.091229
Iterations: 0.583459
Vorticity:  0.059126
Viscosity:  0.022273
Update:     0.000792

Forces:     0.000419
Candidates: 0.000848
Neighbors:  0.091369
Iterations: 0.584617
Vorticity:  0.059288
Viscosity:  0.022296
Update:     0.000789

Forces:     0.000415
Candidates: 0.000851
Neighbors:  0.091516
Iterations: 0.585943
Vorticity:  0.059451
Viscosity:  0.022322
Update:     0.000789

Forces:     0.000422
Candidates: 0.000846
Neighbors:  0.091653
Iterations: 0.589639
Vorticity:  0.059530
Viscosity:  0.022357
Update:     0.000790

Forces:     0.000525
Candidates: 0.000956
Neighbors:  0.091547
Iterations: 0.645939
Vorticity:  0.059583
Viscosity:  0.022297
Update:     0.000794

Forces:     0.000423
Candidates: 0.000852
Neighbors:  0.092068
Iterations: 0.588943
Vorticity:  0.059648
Viscosity:  0.022323
Update:     0.000789

Forces:     0.000415
Candidates: 0.000850
Neighbors:  0.092162
Iterations: 0.590485
Vorticity:  0.059830
Viscosity:  0.022360
Update:     0.000791

Forces:     0.000416
Candidates: 0.000853
Neighbors:  0.092323
Iterations: 0.592181
Vorticity:  0.060060
Viscosity:  0.022400
Update:     0.000796

Forces:     0.000417
Candidates: 0.000851
Neighbors:  0.092545
Iterations: 0.593909
Vorticity:  0.060371
Viscosity:  0.022505
Update:     0.000808

Forces:     0.000512
Candidates: 0.000941
Neighbors:  0.092446
Iterations: 0.653255
Vorticity:  0.060337
Viscosity:  0.022489
Update:     0.000790

Forces:     0.000424
Candidates: 0.000852
Neighbors:  0.092837
Iterations: 0.597507
Vorticity:  0.060530
Viscosity:  0.022499
Update:     0.000795

Forces:     0.000419
Candidates: 0.000851
Neighbors:  0.093094
Iterations: 0.599387
Vorticity:  0.060734
Viscosity:  0.022568
Update:     0.000789

Forces:     0.000417
Candidates: 0.000850
Neighbors:  0.093319
Iterations: 0.601514
Vorticity:  0.060921
Viscosity:  0.022591
Update:     0.000792

Forces:     0.000425
Candidates: 0.000850
Neighbors:  0.093504
Iterations: 0.603526
Vorticity:  0.061141
Viscosity:  0.022647
Update:     0.000789

Forces:     0.000515
Candidates: 0.000944
Neighbors:  0.093534
Iterations: 0.659070
Vorticity:  0.061376
Viscosity:  0.022697
Update:     0.000794

Forces:     0.000422
Candidates: 0.000850
Neighbors:  0.094005
Iterations: 0.608229
Vorticity:  0.061618
Viscosity:  0.023020
Update:     0.001108

Forces:     0.000550
Candidates: 0.000857
Neighbors:  0.094436
Iterations: 0.610852
Vorticity:  0.061861
Viscosity:  0.022799
Update:     0.000797

Forces:     0.000414
Candidates: 0.000853
Neighbors:  0.094560
Iterations: 0.613202
Vorticity:  0.062072
Viscosity:  0.022834
Update:     0.000797

Forces:     0.000419
Candidates: 0.000854
Neighbors:  0.094774
Iterations: 0.615544
Vorticity:  0.062300
Viscosity:  0.022883
Update:     0.000790

Forces:     0.000539
Candidates: 0.001114
Neighbors:  0.098268
Iterations: 0.617343
Vorticity:  0.062731
Viscosity:  0.023021
Update:     0.000798

Forces:     0.000415
Candidates: 0.000851
Neighbors:  0.095437
Iterations: 0.622270
Vorticity:  0.063044
Viscosity:  0.023067
Update:     0.000794

Forces:     0.000414
Candidates: 0.000853
Neighbors:  0.096332
Iterations: 0.625005
Vorticity:  0.063275
Viscosity:  0.023101
Update:     0.000795

Forces:     0.000415
Candidates: 0.000850
Neighbors:  0.095954
Iterations: 0.627936
Vorticity:  0.063588
Viscosity:  0.023175
Update:     0.000795

Forces:     0.000421
Candidates: 0.000845
Neighbors:  0.096265
Iterations: 0.632010
Vorticity:  0.063847
Viscosity:  0.023230
Update:     0.000801

Forces:     0.000536
Candidates: 0.001030
Neighbors:  0.100286
Iterations: 0.635482
Vorticity:  0.064167
Viscosity:  0.023300
Update:     0.000798

Forces:     0.000416
Candidates: 0.000852
Neighbors:  0.096954
Iterations: 0.637151
Vorticity:  0.064489
Viscosity:  0.023373
Update:     0.000802

Forces:     0.000424
Candidates: 0.000853
Neighbors:  0.097308
Iterations: 0.639924
Vorticity:  0.064819
Viscosity:  0.023455
Update:     0.000793

Forces:     0.000420
Candidates: 0.000850
Neighbors:  0.097670
Iterations: 0.643391
Vorticity:  0.065149
Viscosity:  0.023520
Update:     0.000801

Forces:     0.000421
Candidates: 0.000848
Neighbors:  0.101393
Iterations: 0.646323
Vorticity:  0.065493
Viscosity:  0.023571
Update:     0.000803

Forces:     0.000513
Candidates: 0.000958
Neighbors:  0.098756
Iterations: 0.648171
Vorticity:  0.065730
Viscosity:  0.023589
Update:     0.000804

Forces:     0.000421
Candidates: 0.000848
Neighbors:  0.098881
Iterations: 0.651729
Vorticity:  0.066409
Viscosity:  0.023793
Update:     0.000842

Forces:     0.000458
Candidates: 0.000847
Neighbors:  0.099365
Iterations: 0.655392
Vorticity:  0.066465
Viscosity:  0.023732
Update:     0.000803

Forces:     0.000422
Candidates: 0.000847
Neighbors:  0.099683
Iterations: 0.659309
Vorticity:  0.066794
Viscosity:  0.023834
Update:     0.000803

Forces:     0.000425
Candidates: 0.000854
Neighbors:  0.100101
Iterations: 0.662862
Vorticity:  0.067208
Viscosity:  0.023894
Update:     0.000803

Forces:     0.000528
Candidates: 0.000961
Neighbors:  0.100780
Iterations: 0.667520
Vorticity:  0.067724
Viscosity:  0.024058
Update:     0.000803

Forces:     0.000420
Candidates: 0.000852
Neighbors:  0.101067
Iterations: 0.671382
Vorticity:  0.068123
Viscosity:  0.024143
Update:     0.000817

Forces:     0.000419
Candidates: 0.000851
Neighbors:  0.101547
Iterations: 0.675352
Vorticity:  0.068519
Viscosity:  0.024224
Update:     0.000805

Forces:     0.000416
Candidates: 0.000850
Neighbors:  0.102071
Iterations: 0.679256
Vorticity:  0.068965
Viscosity:  0.024312
Update:     0.000804

Forces:     0.000420
Candidates: 0.000848
Neighbors:  0.102588
Iterations: 0.683238
Vorticity:  0.069377
Viscosity:  0.024409
Update:     0.000799

Forces:     0.000520
Candidates: 0.000962
Neighbors:  0.103268
Iterations: 0.701512
Vorticity:  0.069837
Viscosity:  0.024498
Update:     0.000804

Forces:     0.000452
Candidates: 0.000851
Neighbors:  0.103728
Iterations: 0.692201
Vorticity:  0.070266
Viscosity:  0.024578
Update:     0.000804

Forces:     0.000422
Candidates: 0.000850
Neighbors:  0.104218
Iterations: 0.695635
Vorticity:  0.070708
Viscosity:  0.024683
Update:     0.000795

Forces:     0.000421
Candidates: 0.000849
Neighbors:  0.104827
Iterations: 0.695826
Vorticity:  0.070787
Viscosity:  0.024734
Update:     0.000805

Forces:     0.000420
Candidates: 0.000846
Neighbors:  0.105371
Iterations: 0.697432
Vorticity:  0.071214
Viscosity:  0.024837
Update:     0.000804

Forces:     0.000528
Candidates: 0.001057
Neighbors:  0.109107
Iterations: 0.776543
Vorticity:  0.072158
Viscosity:  0.024967
Update:     0.000804

Forces:     0.000428
Candidates: 0.000849
Neighbors:  0.106604
Iterations: 0.713134
Vorticity:  0.072613
Viscosity:  0.025076
Update:     0.000807

Forces:     0.000418
Candidates: 0.000851
Neighbors:  0.107234
Iterations: 0.717770
Vorticity:  0.073083
Viscosity:  0.025176
Update:     0.000806

Forces:     0.000421
Candidates: 0.000847
Neighbors:  0.107864
Iterations: 0.722593
Vorticity:  0.073636
Viscosity:  0.025284
Update:     0.000808

Forces:     0.000419
Candidates: 0.000849
Neighbors:  0.108506
Iterations: 0.727349
Vorticity:  0.074203
Viscosity:  0.025393
Update:     0.000809

Forces:     0.000511
Candidates: 0.000943
Neighbors:  0.109371
Iterations: 0.732069
Vorticity:  0.074699
Viscosity:  0.025405
Update:     0.000814

Forces:     0.000453
Candidates: 0.000867
Neighbors:  0.109893
Iterations: 0.736157
Vorticity:  0.075189
Viscosity:  0.025644
Update:     0.000837

Forces:     0.000447
Candidates: 0.000861
Neighbors:  0.110490
Iterations: 0.741330
Vorticity:  0.075726
Viscosity:  0.025650
Update:     0.000813

Forces:     0.000414
Candidates: 0.000865
Neighbors:  0.111247
Iterations: 0.746730
Vorticity:  0.076341
Viscosity:  0.025799
Update:     0.000820

Forces:     0.000419
Candidates: 0.000865
Neighbors:  0.111914
Iterations: 0.751957
Vorticity:  0.076933
Viscosity:  0.025878
Update:     0.000819

Forces:     0.000536
Candidates: 0.001045
Neighbors:  0.112874
Iterations: 0.874835
Vorticity:  0.077641
Viscosity:  0.026083
Update:     0.000811

Forces:     0.000426
Candidates: 0.000852
Neighbors:  0.113467
Iterations: 0.763947
Vorticity:  0.078228
Viscosity:  0.026213
Update:     0.000811

Forces:     0.000417
Candidates: 0.000851
Neighbors:  0.114104
Iterations: 0.769437
Vorticity:  0.078845
Viscosity:  0.026335
Update:     0.000810

Forces:     0.000416
Candidates: 0.000851
Neighbors:  0.114829
Iterations: 0.775017
Vorticity:  0.079479
Viscosity:  0.026475
Update:     0.000805

Forces:     0.000420
Candidates: 0.000852
Neighbors:  0.115472
Iterations: 0.780592
Vorticity:  0.080090
Viscosity:  0.026582
Update:     0.000809

Forces:     0.000522
Candidates: 0.000964
Neighbors:  0.116497
Iterations: 0.876429
Vorticity:  0.080751
Viscosity:  0.026718
Update:     0.000804

Forces:     0.000449
Candidates: 0.000849
Neighbors:  0.116853
Iterations: 0.792237
Vorticity:  0.081394
Viscosity:  0.026856
Update:     0.000815

Forces:     0.000424
Candidates: 0.000849
Neighbors:  0.117524
Iterations: 0.797890
Vorticity:  0.082043
Viscosity:  0.026980
Update:     0.000807

Forces:     0.000423
Candidates: 0.000850
Neighbors:  0.118178
Iterations: 0.803656
Vorticity:  0.082692
Viscosity:  0.027123
Update:     0.000815

Forces:     0.000423
Candidates: 0.000848
Neighbors:  0.118888
Iterations: 0.809352
Vorticity:  0.083319
Viscosity:  0.027246
Update:     0.000818

Forces:     0.000514
Candidates: 0.000947
Neighbors:  0.119840
Iterations: 0.836213
Vorticity:  0.083863
Viscosity:  0.027291
Update:     0.000818

Forces:     0.000426
Candidates: 0.000861
Neighbors:  0.120216
Iterations: 0.819454
Vorticity:  0.084512
Viscosity:  0.027421
Update:     0.000826

Forces:     0.000422
Candidates: 0.000863
Neighbors:  0.120969
Iterations: 0.825547
Vorticity:  0.085174
Viscosity:  0.027537
Update:     0.000822

Forces:     0.000416
Candidates: 0.000866
Neighbors:  0.121684
Iterations: 0.831069
Vorticity:  0.085807
Viscosity:  0.027662
Update:     0.000826

Forces:     0.000417
Candidates: 0.000866
Neighbors:  0.122403
Iterations: 0.836788
Vorticity:  0.086442
Viscosity:  0.028117
Update:     0.001019

Forces:     0.000485
Candidates: 0.000966
Neighbors:  0.123568
Iterations: 0.907840
Vorticity:  0.087829
Viscosity:  0.028383
Update:     0.000832

Forces:     0.000429
Candidates: 0.000868
Neighbors:  0.123776
Iterations: 0.851898
Vorticity:  0.087779
Viscosity:  0.028054
Update:     0.000817

Forces:     0.000418
Candidates: 0.000870
Neighbors:  0.124456
Iterations: 0.853867
Vorticity:  0.088407
Viscosity:  0.028172
Update:     0.000829

Forces:     0.000415
Candidates: 0.000867
Neighbors:  0.125142
Iterations: 0.859225
Vorticity:  0.089040
Viscosity:  0.028278
Update:     0.000822

Forces:     0.000420
Candidates: 0.000868
Neighbors:  0.125842
Iterations: 0.865026
Vorticity:  0.089704
Viscosity:  0.028433
Update:     0.000821

Forces:     0.000509
Candidates: 0.000955
Neighbors:  0.126950
Iterations: 1.043158
Vorticity:  0.090339
Viscosity:  0.028544
Update:     0.000831

Forces:     0.000425
Candidates: 0.000862
Neighbors:  0.127220
Iterations: 0.876266
Vorticity:  0.090965
Viscosity:  0.028696
Update:     0.000824

Forces:     0.000417
Candidates: 0.000871
Neighbors:  0.127947
Iterations: 0.881722
Vorticity:  0.091694
Viscosity:  0.028799
Update:     0.000828

Forces:     0.000422
Candidates: 0.000862
Neighbors:  0.128637
Iterations: 0.888548
Vorticity:  0.092277
Viscosity:  0.028927
Update:     0.000826

Forces:     0.000448
Candidates: 0.000865
Neighbors:  0.129438
Iterations: 0.892744
Vorticity:  0.092883
Viscosity:  0.029074
Update:     0.000815

Forces:     0.000506
Candidates: 0.000952
Neighbors:  0.130673
Iterations: 1.088512
Vorticity:  0.093511
Viscosity:  0.029191
Update:     0.000826

Forces:     0.000421
Candidates: 0.000868
Neighbors:  0.130838
Iterations: 0.903101
Vorticity:  0.094102
Viscosity:  0.029305
Update:     0.000824

Forces:     0.000419
Candidates: 0.000866
Neighbors:  0.131348
Iterations: 0.908085
Vorticity:  0.094658
Viscosity:  0.029409
Update:     0.000824

Forces:     0.000416
Candidates: 0.000871
Neighbors:  0.132148
Iterations: 0.912925
Vorticity:  0.095255
Viscosity:  0.029528
Update:     0.000827

Forces:     0.000415
Candidates: 0.000868
Neighbors:  0.132834
Iterations: 0.917935
Vorticity:  0.095802
Viscosity:  0.029652
Update:     0.000831

Forces:     0.000525
Candidates: 0.001110
Neighbors:  0.136875
Iterations: 0.923875
Vorticity:  0.096468
Viscosity:  0.029836
Update:     0.000825

Forces:     0.000418
Candidates: 0.000869
Neighbors:  0.134227
Iterations: 0.931118
Vorticity:  0.097003
Viscosity:  0.029944
Update:     0.000823

Forces:     0.000446
Candidates: 0.000864
Neighbors:  0.134923
Iterations: 0.932811
Vorticity:  0.097508
Viscosity:  0.030048
Update:     0.000818

Forces:     0.000421
Candidates: 0.000866
Neighbors:  0.135495
Iterations: 0.937092
Vorticity:  0.097984
Viscosity:  0.030159
Update:     0.000826

Forces:     0.000419
Candidates: 0.000862
Neighbors:  0.136124
Iterations: 0.941498
Vorticity:  0.098496
Viscosity:  0.030247
Update:     0.000830

Forces:     0.000504
Candidates: 0.000955
Neighbors:  0.137429
Iterations: 1.088751
Vorticity:  0.098850
Viscosity:  0.030262
Update:     0.000822

Forces:     0.000423
Candidates: 0.000864
Neighbors:  0.137530
Iterations: 0.948202
Vorticity:  0.099362
Viscosity:  0.030358
Update:     0.000813

Forces:     0.000419
Candidates: 0.000853
Neighbors:  0.138270
Iterations: 0.952229
Vorticity:  0.099758
Viscosity:  0.030456
Update:     0.000818

Forces:     0.000418
Candidates: 0.000851
Neighbors:  0.138857
Iterations: 0.955750
Vorticity:  0.100203
Viscosity:  0.030542
Update:     0.000815

Forces:     0.000423
Candidates: 0.000851
Neighbors:  0.139505
Iterations: 0.960653
Vorticity:  0.100640
Viscosity:  0.030615
Update:     0.000814

Forces:     0.000516
Candidates: 0.001118
Neighbors:  0.143792
Iterations: 1.008532
Vorticity:  0.101198
Viscosity:  0.030801
Update:     0.000815

Forces:     0.000426
Candidates: 0.000867
Neighbors:  0.140604
Iterations: 0.968176
Vorticity:  0.101075
Viscosity:  0.030768
Update:     0.000830

Forces:     0.000429
Candidates: 0.000860
Neighbors:  0.141224
Iterations: 0.960050
Vorticity:  0.101230
Viscosity:  0.030826
Update:     0.000831

Forces:     0.000416
Candidates: 0.000861
Neighbors:  0.141764
Iterations: 0.963669
Vorticity:  0.101583
Viscosity:  0.030922
Update:     0.000834

Forces:     0.000411
Candidates: 0.000862
Neighbors:  0.142400
Iterations: 0.965956
Vorticity:  0.101906
Viscosity:  0.030965
Update:     0.000828

Forces:     0.000506
Candidates: 0.000949
Neighbors:  0.143564
Iterations: 0.978744
Vorticity:  0.102926
Viscosity:  0.031072
Update:     0.000824

Forces:     0.000423
Candidates: 0.000864
Neighbors:  0.143588
Iterations: 0.981660
Vorticity:  0.103246
Viscosity:  0.031149
Update:     0.000828

Forces:     0.000421
Candidates: 0.000868
Neighbors:  0.144118
Iterations: 0.985234
Vorticity:  0.103527
Viscosity:  0.031224
Update:     0.000821

Forces:     0.000447
Candidates: 0.000864
Neighbors:  0.144812
Iterations: 0.986827
Vorticity:  0.103788
Viscosity:  0.031285
Update:     0.000831

Forces:     0.000420
Candidates: 0.000865
Neighbors:  0.145236
Iterations: 0.989209
Vorticity:  0.104099
Viscosity:  0.031331
Update:     0.000825

Forces:     0.000515
Candidates: 0.001023
Neighbors:  0.146084
Iterations: 0.992846
Vorticity:  0.104550
Viscosity:  0.031464
Update:     0.000832

Forces:     0.000419
Candidates: 0.000864
Neighbors:  0.146255
Iterations: 0.995050
Vorticity:  0.104685
Viscosity:  0.031530
Update:     0.000835

Forces:     0.000417
Candidates: 0.000870
Neighbors:  0.146653
Iterations: 0.999014
Vorticity:  0.107809
Viscosity:  0.031805
Update:     0.000856

Forces:     0.000420
Candidates: 0.000866
Neighbors:  0.147246
Iterations: 0.999290
Vorticity:  0.105240
Viscosity:  0.031662
Update:     0.000829

Forces:     0.000416
Candidates: 0.000869
Neighbors:  0.147622
Iterations: 1.001284
Vorticity:  0.105446
Viscosity:  0.031699
Update:     0.000827

Forces:     0.000512
Candidates: 0.000952
Neighbors:  0.149294
Iterations: 1.193659
Vorticity:  0.105631
Viscosity:  0.031669
Update:     0.000831

Forces:     0.000439
Candidates: 0.000866
Neighbors:  0.148637
Iterations: 1.003569
Vorticity:  0.105782
Viscosity:  0.031705
Update:     0.000833

Forces:     0.000417
Candidates: 0.000867
Neighbors:  0.149140
Iterations: 1.005512
Vorticity:  0.106004
Viscosity:  0.031746
Update:     0.000833

Forces:     0.000423
Candidates: 0.000863
Neighbors:  0.149603
Iterations: 1.007069
Vorticity:  0.106650
Viscosity:  0.031816
Update:     0.000835

Forces:     0.000418
Candidates: 0.000849
Neighbors:  0.150217
Iterations: 1.008759
Vorticity:  0.106413
Viscosity:  0.031843
Update:     0.000825

Forces:     0.000514
Candidates: 0.000944
Neighbors:  0.151221
Iterations: 1.040640
Vorticity:  0.106601
Viscosity:  0.031880
Update:     0.000816

Forces:     0.000419
Candidates: 0.000849
Neighbors:  0.150780
Iterations: 1.011411
Vorticity:  0.106768
Viscosity:  0.031975
Update:     0.000818

Forces:     0.000420
Candidates: 0.000849
Neighbors:  0.151144
Iterations: 1.013725
Vorticity:  0.106915
Viscosity:  0.031965
Update:     0.000825

Forces:     0.000441
Candidates: 0.000855
Neighbors:  0.151516
Iterations: 1.014029
Vorticity:  0.107034
Viscosity:  0.031992
Update:     0.000821

Forces:     0.000424
Candidates: 0.000849
Neighbors:  0.151880
Iterations: 1.014894
Vorticity:  0.107201
Viscosity:  0.032030
Update:     0.000813

Forces:     0.000507
Candidates: 0.000951
Neighbors:  0.152250
Iterations: 1.016461
Vorticity:  0.107298
Viscosity:  0.032048
Update:     0.000819

Forces:     0.000422
Candidates: 0.000849
Neighbors:  0.152458
Iterations: 1.017009
Vorticity:  0.107393
Viscosity:  0.032076
Update:     0.000817

Forces:     0.000424
Candidates: 0.000846
Neighbors:  0.152670
Iterations: 1.017692
Vorticity:  0.107516
Viscosity:  0.032154
Update:     0.000820

Forces:     0.000422
Candidates: 0.000849
Neighbors:  0.152920
Iterations: 1.018398
Vorticity:  0.107578
Viscosity:  0.032113
Update:     0.000812

Forces:     0.000424
Candidates: 0.000850
Neighbors:  0.153213
Iterations: 1.019074
Vorticity:  0.107695
Viscosity:  0.032141
Update:     0.000816

Forces:     0.000620
Candidates: 0.001314
Neighbors:  0.153564
Iterations: 1.019423
Vorticity:  0.107832
Viscosity:  0.032151
Update:     0.000828

Forces:     0.000418
Candidates: 0.000852
Neighbors:  0.153574
Iterations: 1.019863
Vorticity:  0.107839
Viscosity:  0.032161
Update:     0.000817

Forces:     0.000424
Candidates: 0.000849
Neighbors:  0.153767
Iterations: 1.020399
Vorticity:  0.107883
Viscosity:  0.032179
Update:     0.000815

Forces:     0.000420
Candidates: 0.000852
Neighbors:  0.154052
Iterations: 1.020601
Vorticity:  0.107925
Viscosity:  0.032273
Update:     0.000819

Forces:     0.000419
Candidates: 0.000850
Neighbors:  0.154129
Iterations: 1.021086
Vorticity:  0.108028
Viscosity:  0.032238
Update:     0.000819

Forces:     0.000519
Candidates: 0.001120
Neighbors:  0.158197
Iterations: 1.035961
Vorticity:  0.108176
Viscosity:  0.032313
Update:     0.000831

Forces:     0.000421
Candidates: 0.000869
Neighbors:  0.154270
Iterations: 1.023486
Vorticity:  0.108212
Viscosity:  0.032313
Update:     0.000833

Forces:     0.000423
Candidates: 0.000861
Neighbors:  0.154395
Iterations: 1.025580
Vorticity:  0.108255
Viscosity:  0.032319
Update:     0.000827

Forces:     0.000443
Candidates: 0.000869
Neighbors:  0.154598
Iterations: 1.023355
Vorticity:  0.108278
Viscosity:  0.032335
Update:     0.000830

Forces:     0.000417
Candidates: 0.000864
Neighbors:  0.154680
Iterations: 1.023715
Vorticity:  0.108328
Viscosity:  0.032355
Update:     0.000818

Forces:     0.000527
Candidates: 0.000956
Neighbors:  0.155533
Iterations: 1.275688
Vorticity:  0.116258
Viscosity:  0.032360
Update:     0.000811

Forces:     0.000426
Candidates: 0.000844
Neighbors:  0.154784
Iterations: 1.023823
Vorticity:  0.108310
Viscosity:  0.032406
Update:     0.000815

Forces:     0.000420
Candidates: 0.000851
Neighbors:  0.154934
Iterations: 1.023699
Vorticity:  0.108304
Viscosity:  0.032390
Update:     0.000823

Forces:     0.000422
Candidates: 0.000851
Neighbors:  0.154960
Iterations: 1.023508
Vorticity:  0.108356
Viscosity:  0.032379
Update:     0.000810

Forces:     0.000423
Candidates: 0.000849
Neighbors:  0.155064
Iterations: 1.025964
Vorticity:  0.108330
Viscosity:  0.032398
Update:     0.000815

Forces:     0.000517
Candidates: 0.000968
Neighbors:  0.155841
Iterations: 1.070081
Vorticity:  0.111646
Viscosity:  0.032638
Update:     0.000843

Forces:     0.000415
Candidates: 0.000845
Neighbors:  0.155078
Iterations: 1.021968
Vorticity:  0.107640
Viscosity:  0.032248
Update:     0.000817

Forces:     0.000418
Candidates: 0.000846
Neighbors:  0.155079
Iterations: 1.010996
Vorticity:  0.107613
Viscosity:  0.032256
Update:     0.000819

Forces:     0.000417
Candidates: 0.000846
Neighbors:  0.154984
Iterations: 1.010714
Vorticity:  0.107607
Viscosity:  0.032237
Update:     0.000812

Forces:     0.000419
Candidates: 0.000846
Neighbors:  0.155026
Iterations: 1.010297
Vorticity:  0.107578
Viscosity:  0.032231
Update:     0.000818

Forces:     0.000524
Candidates: 0.001054
Neighbors:  0.157243
Iterations: 1.022380
Vorticity:  0.108292
Viscosity:  0.032411
Update:     0.000818

Forces:     0.000420
Candidates: 0.000851
Neighbors:  0.155012
Iterations: 1.022089
Vorticity:  0.108719
Viscosity:  0.032544
Update:     0.000844

Forces:     0.000420
Candidates: 0.000844
Neighbors:  0.157320
Iterations: 1.021916
Vorticity:  0.108168
Viscosity:  0.032411
Update:     0.000826

Forces:     0.000430
Candidates: 0.000849
Neighbors:  0.154982
Iterations: 1.020884
Vorticity:  0.108099
Viscosity:  0.032400
Update:     0.000822

Forces:     0.000420
Candidates: 0.000851
Neighbors:  0.154867
Iterations: 1.020385
Vorticity:  0.108044
Viscosity:  0.032365
Update:     0.000815

Forces:     0.000526
Candidates: 0.001046
Neighbors:  0.158754
Iterations: 1.179880
Vorticity:  0.107932
Viscosity:  0.032364
Update:     0.000807

Forces:     0.000422
Candidates: 0.000851
Neighbors:  0.154760
Iterations: 1.018979
Vorticity:  0.107896
Viscosity:  0.032340
Update:     0.000817

Forces:     0.000418
Candidates: 0.000863
Neighbors:  0.154690
Iterations: 1.018282
Vorticity:  0.107846
Viscosity:  0.032326
Update:     0.000829

Forces:     0.000413
Candidates: 0.000866
Neighbors:  0.154552
Iterations: 1.017456
Vorticity:  0.107826
Viscosity:  0.032315
Update:     0.000821

Forces:     0.000416
Candidates: 0.000865
Neighbors:  0.154401
Iterations: 1.018986
Vorticity:  0.107647
Viscosity:  0.032304
Update:     0.000820

Forces:     0.000516
Candidates: 0.000956
Neighbors:  0.155000
Iterations: 1.014577
Vorticity:  0.107484
Viscosity:  0.032213
Update:     0.000816

Forces:     0.000420
Candidates: 0.000854
Neighbors:  0.154230
Iterations: 1.013746
Vorticity:  0.107312
Viscosity:  0.032179
Update:     0.000814

Forces:     0.000422
Candidates: 0.000849
Neighbors:  0.154103
Iterations: 1.011808
Vorticity:  0.107182
Viscosity:  0.032150
Update:     0.000819

Forces:     0.000418
Candidates: 0.000850
Neighbors:  0.154069
Iterations: 1.010706
Vorticity:  0.107092
Viscosity:  0.032106
Update:     0.000813

Forces:     0.000417
Candidates: 0.000852
Neighbors:  0.153818
Iterations: 1.009609
Vorticity:  0.106955
Viscosity:  0.032098
Update:     0.000811

Forces:     0.000530
Candidates: 0.001100
Neighbors:  0.157687
Iterations: 1.076494
Vorticity:  0.106865
Viscosity:  0.032142
Update:     0.000815

Forces:     0.000422
Candidates: 0.000868
Neighbors:  0.154226
Iterations: 1.010101
Vorticity:  0.106741
Viscosity:  0.032090
Update:     0.000826

Forces:     0.000437
Candidates: 0.000867
Neighbors:  0.153370
Iterations: 1.006080
Vorticity:  0.106528
Viscosity:  0.032058
Update:     0.000830

Forces:     0.000423
Candidates: 0.000861
Neighbors:  0.153144
Iterations: 1.004617
Vorticity:  0.106386
Viscosity:  0.032023
Update:     0.000817

Forces:     0.000421
Candidates: 0.000866
Neighbors:  0.152880
Iterations: 1.002941
Vorticity:  0.106186
Viscosity:  0.031995
Update:     0.000826

Forces:     0.000511
Candidates: 0.000955
Neighbors:  0.153750
Iterations: 1.110041
Vorticity:  0.105920
Viscosity:  0.031891
Update:     0.000813

Forces:     0.000422
Candidates: 0.000851
Neighbors:  0.152565
Iterations: 0.998301
Vorticity:  0.105755
Viscosity:  0.031879
Update:     0.000808

Forces:     0.000426
Candidates: 0.000846
Neighbors:  0.152366
Iterations: 0.996510
Vorticity:  0.105496
Viscosity:  0.031793
Update:     0.000817

Forces:     0.000416
Candidates: 0.000852
Neighbors:  0.152118
Iterations: 0.994815
Vorticity:  0.105347
Viscosity:  0.031763
Update:     0.000817

Forces:     0.000425
Candidates: 0.000849
Neighbors:  0.151911
Iterations: 0.993882
Vorticity:  0.105122
Viscosity:  0.031718
Update:     0.000815

Forces:     0.000571
Candidates: 0.001135
Neighbors:  0.155144
Iterations: 0.992156
Vorticity:  0.105014
Viscosity:  0.031764
Update:     0.000814

Forces:     0.000420
Candidates: 0.000861
Neighbors:  0.151362
Iterations: 0.990564
Vorticity:  0.104823
Viscosity:  0.031701
Update:     0.000828

Forces:     0.000417
Candidates: 0.000864
Neighbors:  0.151080
Iterations: 0.988629
Vorticity:  0.104653
Viscosity:  0.031687
Update:     0.000824

Forces:     0.000421
Candidates: 0.000862
Neighbors:  0.150839
Iterations: 0.986955
Vorticity:  0.104463
Viscosity:  0.031625
Update:     0.000827

Forces:     0.000419
Candidates: 0.000864
Neighbors:  0.150611
Iterations: 0.986602
Vorticity:  0.104242
Viscosity:  0.031658
Update:     0.000818

Forces:     0.000532
Candidates: 0.000970
Neighbors:  0.152267
Iterations: 0.984689
Vorticity:  0.104028
Viscosity:  0.031576
Update:     0.000826

Forces:     0.000415
Candidates: 0.000868
Neighbors:  0.150169
Iterations: 0.981426
Vorticity:  0.103865
Viscosity:  0.031503
Update:     0.000822

Forces:     0.000420
Candidates: 0.000868
Neighbors:  0.152940
Iterations: 0.979367
Vorticity:  0.103608
Viscosity:  0.031456
Update:     0.000829

Forces:     0.000421
Candidates: 0.000866
Neighbors:  0.149772
Iterations: 0.977412
Vorticity:  0.103446
Viscosity:  0.031408
Update:     0.000823

Forces:     0.000422
Candidates: 0.000864
Neighbors:  0.149485
Iterations: 0.975377
Vorticity:  0.103205
Viscosity:  0.031385
Update:     0.000819

Forces:     0.000512
Candidates: 0.000942
Neighbors:  0.150755
Iterations: 1.139706
Vorticity:  0.102956
Viscosity:  0.031246
Update:     0.000818

Forces:     0.000419
Candidates: 0.000848
Neighbors:  0.148907
Iterations: 0.969922
Vorticity:  0.102684
Viscosity:  0.031207
Update:     0.000814

Forces:     0.000420
Candidates: 0.000850
Neighbors:  0.148633
Iterations: 0.967957
Vorticity:  0.102435
Viscosity:  0.031152
Update:     0.000810

Forces:     0.000425
Candidates: 0.000850
Neighbors:  0.148429
Iterations: 0.965617
Vorticity:  0.102250
Viscosity:  0.031122
Update:     0.000816

Forces:     0.000421
Candidates: 0.000852
Neighbors:  0.148068
Iterations: 0.964551
Vorticity:  0.101995
Viscosity:  0.031042
Update:     0.000811

Forces:     0.000518
Candidates: 0.000945
Neighbors:  0.148830
Iterations: 1.014706
Vorticity:  0.101751
Viscosity:  0.031026
Update:     0.000814

Forces:     0.000422
Candidates: 0.000849
Neighbors:  0.147452
Iterations: 0.959876
Vorticity:  0.101593
Viscosity:  0.030979
Update:     0.000810

Forces:     0.000424
Candidates: 0.000850
Neighbors:  0.147229
Iterations: 0.957524
Vorticity:  0.101302
Viscosity:  0.030920
Update:     0.000814

Forces:     0.000416
Candidates: 0.000851
Neighbors:  0.146933
Iterations: 0.955408
Vorticity:  0.101070
Viscosity:  0.030857
Update:     0.000816

Forces:     0.000424
Candidates: 0.000848
Neighbors:  0.146673
Iterations: 0.953116
Vorticity:  0.100813
Viscosity:  0.030816
Update:     0.000813

Forces:     0.000516
Candidates: 0.000937
Neighbors:  0.147401
Iterations: 0.951120
Vorticity:  0.100613
Viscosity:  0.030771
Update:     0.000804

Forces:     0.000426
Candidates: 0.000851
Neighbors:  0.146105
Iterations: 0.949057
Vorticity:  0.100376
Viscosity:  0.030778
Update:     0.000818

Forces:     0.000423
Candidates: 0.000849
Neighbors:  0.145832
Iterations: 0.947920
Vorticity:  0.100144
Viscosity:  0.030668
Update:     0.000809

Forces:     0.000450
Candidates: 0.000852
Neighbors:  0.145536
Iterations: 0.945483
Vorticity:  0.099889
Viscosity:  0.030610
Update:     0.000820

Forces:     0.000424
Candidates: 0.000847
Neighbors:  0.145169
Iterations: 0.942482
Vorticity:  0.099693
Viscosity:  0.030573
Update:     0.000814

Forces:     0.000563
Candidates: 0.001042
Neighbors:  0.145250
Iterations: 0.942010
Vorticity:  0.099551
Viscosity:  0.030600
Update:     0.000810

Forces:     0.000417
Candidates: 0.000852
Neighbors:  0.144666
Iterations: 0.939282
Vorticity:  0.099290
Viscosity:  0.030533
Update:     0.000812

Forces:     0.000421
Candidates: 0.000852
Neighbors:  0.144382
Iterations: 0.937122
Vorticity:  0.099005
Viscosity:  0.030505
Update:     0.000820

Forces:     0.000418
Candidates: 0.000849
Neighbors:  0.144089
Iterations: 0.934670
Vorticity:  0.098809
Viscosity:  0.030443
Update:     0.000816

Forces:     0.000419
Candidates: 0.000851
Neighbors:  0.143726
Iterations: 0.932474
Vorticity:  0.098553
Viscosity:  0.030389
Update:     0.000808

Forces:     0.000513
Candidates: 0.000948
Neighbors:  0.143586
Iterations: 0.930050
Vorticity:  0.098255
Viscosity:  0.030237
Update:     0.000816

Forces:     0.000451
Candidates: 0.000848
Neighbors:  0.143240
Iterations: 0.926730
Vorticity:  0.097982
Viscosity:  0.030182
Update:     0.000807

Forces:     0.000423
Candidates: 0.000849
Neighbors:  0.142918
Iterations: 0.924391
Vorticity:  0.097720
Viscosity:  0.030147
Update:     0.000811

Forces:     0.000415
Candidates: 0.000850
Neighbors:  0.142599
Iterations: 0.922096
Vorticity:  0.097651
Viscosity:  0.030074
Update:     0.000825

Forces:     0.000424
Candidates: 0.000850
Neighbors:  0.142367
Iterations: 0.919868
Vorticity:  0.097223
Viscosity:  0.030037
Update:     0.000814

Forces:     0.000524
Candidates: 0.001112
Neighbors:  0.146148
Iterations: 0.966446
Vorticity:  0.097066
Viscosity:  0.030036
Update:     0.000814

Forces:     0.000424
Candidates: 0.000851
Neighbors:  0.141782
Iterations: 0.916302
Vorticity:  0.096840
Viscosity:  0.030006
Update:     0.000810

Forces:     0.000426
Candidates: 0.000847
Neighbors:  0.141369
Iterations: 0.913974
Vorticity:  0.096599
Viscosity:  0.029939
Update:     0.000807

Forces:     0.000428
Candidates: 0.000846
Neighbors:  0.141153
Iterations: 0.914516
Vorticity:  0.096347
Viscosity:  0.029894
Update:     0.000820

Forces:     0.000444
Candidates: 0.000849
Neighbors:  0.140836
Iterations: 0.909568
Vorticity:  0.096156
Viscosity:  0.029828
Update:     0.000807

Forces:     0.000526
Candidates: 0.001053
Neighbors:  0.143919
Iterations: 0.908373
Vorticity:  0.098727
Viscosity:  0.029932
Update:     0.000827

Forces:     0.000415
Candidates: 0.000847
Neighbors:  0.140232
Iterations: 0.904754
Vorticity:  0.095569
Viscosity:  0.029739
Update:     0.000808

Forces:     0.000417
Candidates: 0.000850
Neighbors:  0.139929
Iterations: 0.902614
Vorticity:  0.095306
Viscosity:  0.029698
Update:     0.000805

Forces:     0.000426
Candidates: 0.000851
Neighbors:  0.139672
Iterations: 0.900310
Vorticity:  0.095066
Viscosity:  0.029632
Update:     0.000809

Forces:     0.000421
Candidates: 0.000849
Neighbors:  0.139390
Iterations: 0.897935
Vorticity:  0.094858
Viscosity:  0.029573
Update:     0.000810

Forces:     0.000513
Candidates: 0.000939
Neighbors:  0.140206
Iterations: 1.068721
Vorticity:  0.111985
Viscosity:  0.037535
Update:     0.000805

Forces:     0.000439
Candidates: 0.000856
Neighbors:  0.139549
Iterations: 0.892855
Vorticity:  0.094249
Viscosity:  0.029490
Update:     0.001121

Forces:     0.000845
Candidates: 0.001152
Neighbors:  0.138749
Iterations: 0.890083
Vorticity:  0.094018
Viscosity:  0.029327
Update:     0.000808

Forces:     0.000425
Candidates: 0.000847
Neighbors:  0.138402
Iterations: 0.888097
Vorticity:  0.093785
Viscosity:  0.029268
Update:     0.000811

Forces:     0.000420
Candidates: 0.000852
Neighbors:  0.138018
Iterations: 0.885793
Vorticity:  0.093573
Viscosity:  0.029217
Update:     0.000809

Forces:     0.000519
Candidates: 0.001103
Neighbors:  0.141931
Iterations: 1.054452
Vorticity:  0.110407
Viscosity:  0.037084
Update:     0.000800

Forces:     0.000443
Candidates: 0.000851
Neighbors:  0.137705
Iterations: 0.883227
Vorticity:  0.093232
Viscosity:  0.029220
Update:     0.000811

Forces:     0.000417
Candidates: 0.000852
Neighbors:  0.137262
Iterations: 0.881056
Vorticity:  0.093031
Viscosity:  0.029138
Update:     0.000806

Forces:     0.000424
Candidates: 0.000842
Neighbors:  0.137093
Iterations: 0.879208
Vorticity:  0.092839
Viscosity:  0.029112
Update:     0.000813

Forces:     0.000419
Candidates: 0.000848
Neighbors:  0.136757
Iterations: 0.877248
Vorticity:  0.092615
Viscosity:  0.029076
Update:     0.000812

Forces:     0.000558
Candidates: 0.001055
Neighbors:  0.137669
Iterations: 1.040483
Vorticity:  0.108733
Viscosity:  0.029920
Update:     0.000808

Forces:     0.000447
Candidates: 0.000854
Neighbors:  0.136348
Iterations: 0.872822
Vorticity:  0.092140
Viscosity:  0.028912
Update:     0.000809

Forces:     0.000426
Candidates: 0.000849
Neighbors:  0.136088
Iterations: 0.872503
Vorticity:  0.091948
Viscosity:  0.028861
Update:     0.000811

Forces:     0.000408
Candidates: 0.000854
Neighbors:  0.135920
Iterations: 0.869654
Vorticity:  0.091745
Viscosity:  0.028832
Update:     0.000813

Forces:     0.000420
Candidates: 0.000854
Neighbors:  0.135624
Iterations: 0.867829
Vorticity:  0.091623
Viscosity:  0.028797
Update:     0.000811

Forces:     0.000546
Candidates: 0.000964
Neighbors:  0.136541
Iterations: 0.877671
Vorticity:  0.091498
Viscosity:  0.028828
Update:     0.000812

Forces:     0.000427
Candidates: 0.000853
Neighbors:  0.135103
Iterations: 0.865720
Vorticity:  0.091368
Viscosity:  0.028785
Update:     0.000815

Forces:     0.000419
Candidates: 0.000851
Neighbors:  0.134999
Iterations: 0.864029
Vorticity:  0.091206
Viscosity:  0.028734
Update:     0.000811

Forces:     0.000424
Candidates: 0.000853
Neighbors:  0.134685
Iterations: 0.862600
Vorticity:  0.093748
Viscosity:  0.028839
Update:     0.000842

Forces:     0.000447
Candidates: 0.000849
Neighbors:  0.134585
Iterations: 0.860918
Vorticity:  0.090837
Viscosity:  0.028664
Update:     0.000807

Forces:     0.000512
Candidates: 0.000970
Neighbors:  0.135507
Iterations: 0.861862
Vorticity:  0.090681
Viscosity:  0.028642
Update:     0.000810

Forces:     0.000422
Candidates: 0.000850
Neighbors:  0.134194
Iterations: 0.858299
Vorticity:  0.090494
Viscosity:  0.028591
Update:     0.000808

Forces:     0.000422
Candidates: 0.000851
Neighbors:  0.134058
Iterations: 0.856785
Vorticity:  0.090356
Viscosity:  0.028550
Update:     0.000812

Forces:     0.000429
Candidates: 0.000848
Neighbors:  0.133817
Iterations: 0.854994
Vorticity:  0.090178
Viscosity:  0.028522
Update:     0.000805

Forces:     0.000420
Candidates: 0.000849
Neighbors:  0.133598
Iterations: 0.853482
Vorticity:  0.090018
Viscosity:  0.028484
Update:     0.000801

Forces:     0.000524
Candidates: 0.001068
Neighbors:  0.137508
Iterations: 0.862982
Vorticity:  0.089880
Viscosity:  0.028467
Update:     0.000813

Forces:     0.000425
Candidates: 0.000852
Neighbors:  0.133222
Iterations: 0.850490
Vorticity:  0.089704
Viscosity:  0.028459
Update:     0.000808

Forces:     0.000421
Candidates: 0.000852
Neighbors:  0.132975
Iterations: 0.851406
Vorticity:  0.089551
Viscosity:  0.028373
Update:     0.000809

Forces:     0.000446
Candidates: 0.000850
Neighbors:  0.132858
Iterations: 0.847804
Vorticity:  0.089434
Viscosity:  0.028332
Update:     0.000813

Forces:     0.000421
Candidates: 0.000853
Neighbors:  0.132665
Iterations: 0.846501
Vorticity:  0.089289
Viscosity:  0.028307
Update:     0.000809

Forces:     0.000524
Candidates: 0.001051
Neighbors:  0.136668
Iterations: 0.849807
Vorticity:  0.089176
Viscosity:  0.028293
Update:     0.000808

Forces:     0.000426
Candidates: 0.000849
Neighbors:  0.132378
Iterations: 0.844041
Vorticity:  0.089108
Viscosity:  0.028252
Update:     0.000811

Forces:     0.000415
Candidates: 0.000853
Neighbors:  0.132659
Iterations: 0.842938
Vorticity:  0.088872
Viscosity:  0.028218
Update:     0.000807

Forces:     0.000418
Candidates: 0.000852
Neighbors:  0.132000
Iterations: 0.841583
Vorticity:  0.088974
Viscosity:  0.028421
Update:     0.000822

Forces:     0.000425
Candidates: 0.000851
Neighbors:  0.132850
Iterations: 0.845787
Vorticity:  0.088590
Viscosity:  0.028159
Update:     0.000809

Forces:     0.000520
Candidates: 0.001057
Neighbors:  0.135876
Iterations: 0.910918
Vorticity:  0.088471
Viscosity:  0.028139
Update:     0.000800

Forces:     0.000428
Candidates: 0.000849
Neighbors:  0.131589
Iterations: 0.840477
Vorticity:  0.088336
Viscosity:  0.028075
Update:     0.000810

Forces:     0.000448
Candidates: 0.000853
Neighbors:  0.131433
Iterations: 0.836776
Vorticity:  0.088202
Viscosity:  0.028062
Update:     0.000808

Forces:     0.000419
Candidates: 0.000855
Neighbors:  0.131172
Iterations: 0.835554
Vorticity:  0.088093
Viscosity:  0.028043
Update:     0.000804

Forces:     0.000421
Candidates: 0.000850
Neighbors:  0.131008
Iterations: 0.834441
Vorticity:  0.087917
Viscosity:  0.027999
Update:     0.000808

Forces:     0.000522
Candidates: 0.001068
Neighbors:  0.135102
Iterations: 0.947282
Vorticity:  0.087823
Viscosity:  0.027965
Update:     0.000814

Forces:     0.000421
Candidates: 0.000853
Neighbors:  0.130794
Iterations: 0.831823
Vorticity:  0.087711
Viscosity:  0.027930
Update:     0.000811

Forces:     0.000419
Candidates: 0.000853
Neighbors:  0.130539
Iterations: 0.830673
Vorticity:  0.087574
Viscosity:  0.027914
Update:     0.000805

Forces:     0.000420
Candidates: 0.000852
Neighbors:  0.130338
Iterations: 0.829464
Vorticity:  0.087437
Viscosity:  0.027888
Update:     0.000804

Forces:     0.000417
Candidates: 0.000854
Neighbors:  0.130131
Iterations: 0.828218
Vorticity:  0.087292
Viscosity:  0.027868
Update:     0.000799

Forces:     0.000549
Candidates: 0.001054
Neighbors:  0.134181
Iterations: 0.858376
Vorticity:  0.087205
Viscosity:  0.027826
Update:     0.000812

Forces:     0.000446
Candidates: 0.000852
Neighbors:  0.129939
Iterations: 0.826075
Vorticity:  0.087081
Viscosity:  0.027805
Update:     0.000807

Forces:     0.000419
Candidates: 0.000853
Neighbors:  0.129785
Iterations: 0.824923
Vorticity:  0.086922
Viscosity:  0.027786
Update:     0.000802

Forces:     0.000421
Candidates: 0.000852
Neighbors:  0.129614
Iterations: 0.823905
Vorticity:  0.086822
Viscosity:  0.027765
Update:     0.000813

Forces:     0.000416
Candidates: 0.000854
Neighbors:  0.129412
Iterations: 0.822915
Vorticity:  0.086681
Viscosity:  0.027724
Update:     0.000804

Forces:     0.000524
Candidates: 0.000939
Neighbors:  0.130583
Iterations: 0.820388
Vorticity:  0.086481
Viscosity:  0.027623
Update:     0.000809

Forces:     0.000423
Candidates: 0.000853
Neighbors:  0.129226
Iterations: 0.819293
Vorticity:  0.086375
Viscosity:  0.027635
Update:     0.000801

Forces:     0.000425
Candidates: 0.000849
Neighbors:  0.129041
Iterations: 0.818227
Vorticity:  0.086257
Viscosity:  0.027580
Update:     0.000809

Forces:     0.000421
Candidates: 0.000854
Neighbors:  0.128936
Iterations: 0.817382
Vorticity:  0.086128
Viscosity:  0.027533
Update:     0.000803

Forces:     0.000419
Candidates: 0.000852
Neighbors:  0.128828
Iterations: 0.816956
Vorticity:  0.085980
Viscosity:  0.027505
Update:     0.000810

Forces:     0.000654
Candidates: 0.001104
Neighbors:  0.132819
Iterations: 0.849097
Vorticity:  0.085960
Viscosity:  0.027552
Update:     0.000799

Forces:     0.000430
Candidates: 0.000851
Neighbors:  0.128624
Iterations: 0.814979
Vorticity:  0.085811
Viscosity:  0.027526
Update:     0.000800

Forces:     0.000423
Candidates: 0.000853
Neighbors:  0.128446
Iterations: 0.813850
Vorticity:  0.085736
Viscosity:  0.027500
Update:     0.000804

Forces:     0.000417
Candidates: 0.000854
Neighbors:  0.128352
Iterations: 0.813028
Vorticity:  0.085607
Viscosity:  0.027484
Update:     0.000807

Forces:     0.000424
Candidates: 0.000850
Neighbors:  0.128216
Iterations: 0.811774
Vorticity:  0.085479
Viscosity:  0.027438
Update:     0.000806

Forces:     0.000516
Candidates: 0.000942
Neighbors:  0.129283
Iterations: 0.917975
Vorticity:  0.085269
Viscosity:  0.027332
Update:     0.000807

Forces:     0.000424
Candidates: 0.000853
Neighbors:  0.127968
Iterations: 0.808478
Vorticity:  0.085184
Viscosity:  0.027339
Update:     0.000813

Forces:     0.000418
Candidates: 0.000852
Neighbors:  0.127694
Iterations: 0.807588
Vorticity:  0.085139
Viscosity:  0.027283
Update:     0.000807

Forces:     0.000420
Candidates: 0.000854
Neighbors:  0.128637
Iterations: 0.807999
Vorticity:  0.085043
Viscosity:  0.027279
Update:     0.000809

Forces:     0.000449
Candidates: 0.000854
Neighbors:  0.127561
Iterations: 0.806118
Vorticity:  0.084887
Viscosity:  0.027258
Update:     0.000806

Forces:     0.000532
Candidates: 0.001113
Neighbors:  0.131452
Iterations: 0.937045
Vorticity:  0.097779
Viscosity:  0.033196
Update:     0.000791

Forces:     0.000436
Candidates: 0.000859
Neighbors:  0.128234
Iterations: 0.818435
Vorticity:  0.084805
Viscosity:  0.027302
Update:     0.000805

Forces:     0.000426
Candidates: 0.000853
Neighbors:  0.126993
Iterations: 0.805226
Vorticity:  0.084724
Viscosity:  0.027273
Update:     0.000805

Forces:     0.000423
Candidates: 0.000850
Neighbors:  0.126965
Iterations: 0.803769
Vorticity:  0.084654
Viscosity:  0.027253
Update:     0.000809

Forces:     0.000420
Candidates: 0.000851
Neighbors:  0.126798
Iterations: 0.802933
Vorticity:  0.084535
Viscosity:  0.027236
Update:     0.000799

Forces:     0.000605
Candidates: 0.000971
Neighbors:  0.127901
Iterations: 0.813752
Vorticity:  0.084449
Viscosity:  0.027221
Update:     0.000803

Forces:     0.000427
Candidates: 0.000854
Neighbors:  0.126520
Iterations: 0.801670
Vorticity:  0.084400
Viscosity:  0.027209
Update:     0.000806

Forces:     0.000420
Candidates: 0.000851
Neighbors:  0.126531
Iterations: 0.803599
Vorticity:  0.084371
Viscosity:  0.027179
Update:     0.000806

Forces:     0.000447
Candidates: 0.000851
Neighbors:  0.126392
Iterations: 0.800337
Vorticity:  0.084233
Viscosity:  0.027168
Update:     0.000810

Forces:     0.000418
Candidates: 0.000852
Neighbors:  0.126278
Iterations: 0.801319
Vorticity:  0.084193
Viscosity:  0.027152
Update:     0.000808

Forces:     0.000527
Candidates: 0.000946
Neighbors:  0.127346
Iterations: 0.857976
Vorticity:  0.084019
Viscosity:  0.027070
Update:     0.000810

Forces:     0.000426
Candidates: 0.000847
Neighbors:  0.126021
Iterations: 0.797426
Vorticity:  0.083966
Viscosity:  0.027044
Update:     0.000806

Forces:     0.000419
Candidates: 0.000853
Neighbors:  0.126331
Iterations: 0.797061
Vorticity:  0.083859
Viscosity:  0.027030
Update:     0.000812

Forces:     0.000413
Candidates: 0.000853
Neighbors:  0.125749
Iterations: 0.796401
Vorticity:  0.083866
Viscosity:  0.027010
Update:     0.000808

Forces:     0.000428
Candidates: 0.000846
Neighbors:  0.125556
Iterations: 0.795894
Vorticity:  0.083777
Viscosity:  0.027024
Update:     0.000808

Forces:     0.000517
Candidates: 0.000942
Neighbors:  0.126717
Iterations: 0.921195
Vorticity:  0.096106
Viscosity:  0.031815
Update:     0.000788

Forces:     0.000432
Candidates: 0.000854
Neighbors:  0.125479
Iterations: 0.795507
Vorticity:  0.083682
Viscosity:  0.026988
Update:     0.000805

Forces:     0.000415
Candidates: 0.000853
Neighbors:  0.126640
Iterations: 0.794800
Vorticity:  0.083697
Viscosity:  0.026980
Update:     0.000809

Forces:     0.000422
Candidates: 0.000853
Neighbors:  0.125336
Iterations: 0.794717
Vorticity:  0.083604
Viscosity:  0.026952
Update:     0.000813

Forces:     0.000417
Candidates: 0.000855
Neighbors:  0.125193
Iterations: 0.794062
Vorticity:  0.083620
Viscosity:  0.026967
Update:     0.000807

Forces:     0.000520
Candidates: 0.000949
Neighbors:  0.125740
Iterations: 0.793671
Vorticity:  0.083569
Viscosity:  0.026969
Update:     0.000805

Forces:     0.000420
Candidates: 0.000851
Neighbors:  0.124992
Iterations: 0.793188
Vorticity:  0.083524
Viscosity:  0.026984
Update:     0.000807

Forces:     0.000422
Candidates: 0.000853
Neighbors:  0.124881
Iterations: 0.792935
Vorticity:  0.083453
Viscosity:  0.026944
Update:     0.000806

Forces:     0.000424
Candidates: 0.000847
Neighbors:  0.124797
Iterations: 0.792467
Vorticity:  0.083501
Viscosity:  0.026932
Update:     0.000804

Forces:     0.000421
Candidates: 0.000851
Neighbors:  0.124770
Iterations: 0.792065
Vorticity:  0.083373
Viscosity:  0.026908
Update:     0.000804

Forces:     0.000521
Candidates: 0.000940
Neighbors:  0.126030
Iterations: 0.835454
Vorticity:  0.083313
Viscosity:  0.026904
Update:     0.000797

Forces:     0.000429
Candidates: 0.000850
Neighbors:  0.124711
Iterations: 0.792331
Vorticity:  0.083277
Viscosity:  0.026910
Update:     0.000810

Forces:     0.000449
Candidates: 0.000854
Neighbors:  0.124670
Iterations: 0.790850
Vorticity:  0.083198
Viscosity:  0.026881
Update:     0.000803

Forces:     0.000425
Candidates: 0.000852
Neighbors:  0.124599
Iterations: 0.790721
Vorticity:  0.083175
Viscosity:  0.026868
Update:     0.000808

Forces:     0.000419
Candidates: 0.000856
Neighbors:  0.124604
Iterations: 0.790184
Vorticity:  0.083173
Viscosity:  0.026884
Update:     0.000805

Forces:     0.000517
Candidates: 0.000951
Neighbors:  0.125048
Iterations: 0.785687
Vorticity:  0.082958
Viscosity:  0.026777
Update:     0.000826

Forces:     0.000417
Candidates: 0.000848
Neighbors:  0.124778
Iterations: 0.789867
Vorticity:  0.083085
Viscosity:  0.026843
Update:     0.000807

Forces:     0.000419
Candidates: 0.000853
Neighbors:  0.124459
Iterations: 0.789507
Vorticity:  0.083077
Viscosity:  0.026861
Update:     0.000806

Forces:     0.000417
Candidates: 0.000850
Neighbors:  0.124488
Iterations: 0.789197
Vorticity:  0.083066
Viscosity:  0.026833
Update:     0.000804

Forces:     0.000424
Candidates: 0.000847
Neighbors:  0.124408
Iterations: 0.789106
Vorticity:  0.083009
Viscosity:  0.026832
Update:     0.000801

Forces:     0.000542
Candidates: 0.001048
Neighbors:  0.125679
Iterations: 0.801120
Vorticity:  0.085918
Viscosity:  0.027222
Update:     0.000842

Forces:     0.000461
Candidates: 0.000850
Neighbors:  0.124353
Iterations: 0.789868
Vorticity:  0.083101
Viscosity:  0.026904
Update:     0.000803

Forces:     0.000419
Candidates: 0.000854
Neighbors:  0.124368
Iterations: 0.790176
Vorticity:  0.083040
Viscosity:  0.026915
Update:     0.000804

Forces:     0.000425
Candidates: 0.000853
Neighbors:  0.124364
Iterations: 0.789770
Vorticity:  0.083042
Viscosity:  0.026917
Update:     0.000805

Forces:     0.000419
Candidates: 0.000852
Neighbors:  0.124406
Iterations: 0.789736
Vorticity:  0.083026
Viscosity:  0.026916
Update:     0.000807

Forces:     0.000637
Candidates: 0.001056
Neighbors:  0.128418
Iterations: 0.855762
Vorticity:  0.083042
Viscosity:  0.026894
Update:     0.000803

Forces:     0.000433
Candidates: 0.000846
Neighbors:  0.124314
Iterations: 0.789580
Vorticity:  0.083047
Viscosity:  0.026899
Update:     0.000802

Forces:     0.000420
Candidates: 0.000855
Neighbors:  0.124294
Iterations: 0.789740
Vorticity:  0.083058
Viscosity:  0.026900
Update:     0.000801

Forces:     0.000425
Candidates: 0.000846
Neighbors:  0.124268
Iterations: 0.789970
Vorticity:  0.083038
Viscosity:  0.026909
Update:     0.000797

Forces:     0.000423
Candidates: 0.000853
Neighbors:  0.124221
Iterations: 0.789809
Vorticity:  0.083033
Viscosity:  0.026908
Update:     0.000793

Forces:     0.000521
Candidates: 0.000940
Neighbors:  0.125616
Iterations: 0.795465
Vorticity:  0.082973
Viscosity:  0.026843
Update:     0.000807

Forces:     0.000449
Candidates: 0.000854
Neighbors:  0.124358
Iterations: 0.789097
Vorticity:  0.082930
Viscosity:  0.026831
Update:     0.000802

Forces:     0.000425
Candidates: 0.000849
Neighbors:  0.124675
Iterations: 0.789301
Vorticity:  0.082961
Viscosity:  0.026857
Update:     0.000809

Forces:     0.000420
Candidates: 0.000848
Neighbors:  0.124297
Iterations: 0.789332
Vorticity:  0.082992
Viscosity:  0.026842
Update:     0.000805

Forces:     0.000419
Candidates: 0.000854
Neighbors:  0.124280
Iterations: 0.789332
Vorticity:  0.083008
Viscosity:  0.026853
Update:     0.000807

Forces:     0.000524
Candidates: 0.000946
Neighbors:  0.124935
Iterations: 0.789831
Vorticity:  0.083007
Viscosity:  0.026862
Update:     0.000812

Forces:     0.000419
Candidates: 0.000848
Neighbors:  0.124357
Iterations: 0.789443
Vorticity:  0.083001
Viscosity:  0.026827
Update:     0.000807

Forces:     0.000423
Candidates: 0.000854
Neighbors:  0.124772
Iterations: 0.794720
Vorticity:  0.083024
Viscosity:  0.026855
Update:     0.000802

Forces:     0.000421
Candidates: 0.000850
Neighbors:  0.124255
Iterations: 0.789800
Vorticity:  0.083041
Viscosity:  0.026858
Update:     0.000800

Forces:     0.000423
Candidates: 0.000852
Neighbors:  0.124116
Iterations: 0.790564
Vorticity:  0.083066
Viscosity:  0.027220
Update:     0.000989

Forces:     0.000494
Candidates: 0.000940
Neighbors:  0.125509
Iterations: 0.875191
Vorticity:  0.083141
Viscosity:  0.026853
Update:     0.000810

Forces:     0.000428
Candidates: 0.000853
Neighbors:  0.124300
Iterations: 0.790622
Vorticity:  0.083097
Viscosity:  0.026900
Update:     0.000803

Forces:     0.000423
Candidates: 0.000849
Neighbors:  0.124431
Iterations: 0.790731
Vorticity:  0.083180
Viscosity:  0.026891
Update:     0.000807

Forces:     0.000421
Candidates: 0.000855
Neighbors:  0.124293
Iterations: 0.791038
Vorticity:  0.083175
Viscosity:  0.026881
Update:     0.000800

Forces:     0.000423
Candidates: 0.000846
Neighbors:  0.124350
Iterations: 0.791790
Vorticity:  0.083157
Viscosity:  0.026908
Update:     0.000802

Forces:     0.000534
Candidates: 0.001107
Neighbors:  0.127655
Iterations: 0.788441
Vorticity:  0.083111
Viscosity:  0.026903
Update:     0.000830

Forces:     0.000416
Candidates: 0.000852
Neighbors:  0.124680
Iterations: 0.791712
Vorticity:  0.083317
Viscosity:  0.026980
Update:     0.000812

Forces:     0.000420
Candidates: 0.000850
Neighbors:  0.124328
Iterations: 0.793188
Vorticity:  0.083343
Viscosity:  0.026987
Update:     0.000800

Forces:     0.000417
Candidates: 0.000849
Neighbors:  0.124353
Iterations: 0.793244
Vorticity:  0.083329
Viscosity:  0.026999
Update:     0.000804

Forces:     0.000419
Candidates: 0.000850
Neighbors:  0.124362
Iterations: 0.796031
Vorticity:  0.083372
Viscosity:  0.026992
Update:     0.000802

Forces:     0.000528
Candidates: 0.000949
Neighbors:  0.125143
Iterations: 0.792408
Vorticity:  0.083287
Viscosity:  0.026928
Update:     0.000809

Forces:     0.000423
Candidates: 0.000857
Neighbors:  0.124390
Iterations: 0.792628
Vorticity:  0.083298
Viscosity:  0.026929
Update:     0.000807

Forces:     0.000419
Candidates: 0.000850
Neighbors:  0.124471
Iterations: 0.793205
Vorticity:  0.083315
Viscosity:  0.026947
Update:     0.000811

Forces:     0.000419
Candidates: 0.000855
Neighbors:  0.124467
Iterations: 0.793613
Vorticity:  0.083340
Viscosity:  0.026946
Update:     0.000807

Forces:     0.000418
Candidates: 0.000849
Neighbors:  0.124533
Iterations: 0.793451
Vorticity:  0.083385
Viscosity:  0.026941
Update:     0.000803

Forces:     0.000514
Candidates: 0.000947
Neighbors:  0.125775
Iterations: 0.890120
Vorticity:  0.083400
Viscosity:  0.026947
Update:     0.000801

Forces:     0.000428
Candidates: 0.000853
Neighbors:  0.124509
Iterations: 0.793811
Vorticity:  0.083404
Viscosity:  0.026972
Update:     0.000806

Forces:     0.000422
Candidates: 0.000848
Neighbors:  0.124436
Iterations: 0.794153
Vorticity:  0.083434
Viscosity:  0.027029
Update:     0.000806

Forces:     0.000423
Candidates: 0.000852
Neighbors:  0.124477
Iterations: 0.795250
Vorticity:  0.083526
Viscosity:  0.026988
Update:     0.000803

Forces:     0.000447
Candidates: 0.000851
Neighbors:  0.124600
Iterations: 0.794766
Vorticity:  0.083542
Viscosity:  0.026970
Update:     0.000805

Forces:     0.000536
Candidates: 0.001109
Neighbors:  0.127884
Iterations: 0.796214
Vorticity:  0.083657
Viscosity:  0.027065
Update:     0.000807

Forces:     0.000421
Candidates: 0.000853
Neighbors:  0.124625
Iterations: 0.796545
Vorticity:  0.083656
Viscosity:  0.027067
Update:     0.000807

Forces:     0.000420
Candidates: 0.000854
Neighbors:  0.124603
Iterations: 0.797060
Vorticity:  0.083720
Viscosity:  0.027082
Update:     0.000802

Forces:     0.000429
Candidates: 0.000851
Neighbors:  0.124643
Iterations: 0.797488
Vorticity:  0.083734
Viscosity:  0.027104
Update:     0.000804

Forces:     0.000423
Candidates: 0.000854
Neighbors:  0.124680
Iterations: 0.798007
Vorticity:  0.083823
Viscosity:  0.027113
Update:     0.000801

Forces:     0.000527
Candidates: 0.000941
Neighbors:  0.126115
Iterations: 0.800903
Vorticity:  0.083776
Viscosity:  0.027087
Update:     0.000799

Forces:     0.000431
Candidates: 0.000852
Neighbors:  0.124858
Iterations: 0.798178
Vorticity:  0.083852
Viscosity:  0.027069
Update:     0.000809

Forces:     0.000420
Candidates: 0.000851
Neighbors:  0.124952
Iterations: 0.798687
Vorticity:  0.083902
Viscosity:  0.027083
Update:     0.000807

Forces:     0.000426
Candidates: 0.000850
Neighbors:  0.124867
Iterations: 0.800339
Vorticity:  0.083977
Viscosity:  0.027113
Update:     0.000807

Forces:     0.000448
Candidates: 0.000854
Neighbors:  0.125001
Iterations: 0.800022
Vorticity:  0.084022
Viscosity:  0.027124
Update:     0.000803

Forces:     0.000518
Candidates: 0.000947
Neighbors:  0.126315
Iterations: 0.894909
Vorticity:  0.084062
Viscosity:  0.027143
Update:     0.000797

Forces:     0.000429
Candidates: 0.000852
Neighbors:  0.125129
Iterations: 0.801239
Vorticity:  0.084127
Viscosity:  0.027142
Update:     0.000806

Forces:     0.000430
Candidates: 0.000848
Neighbors:  0.125044
Iterations: 0.801637
Vorticity:  0.084220
Viscosity:  0.027166
Update:     0.000798

Forces:     0.000423
Candidates: 0.000851
Neighbors:  0.125052
Iterations: 0.802243
Vorticity:  0.084237
Viscosity:  0.027162
Update:     0.000805

Forces:     0.000421
Candidates: 0.000848
Neighbors:  0.125185
Iterations: 0.802768
Vorticity:  0.084301
Viscosity:  0.027199
Update:     0.000808

Forces:     0.000522
Candidates: 0.000939
Neighbors:  0.126590
Iterations: 0.824308
Vorticity:  0.084367
Viscosity:  0.027201
Update:     0.000803

Forces:     0.000429
Candidates: 0.000849
Neighbors:  0.125293
Iterations: 0.804093
Vorticity:  0.084401
Viscosity:  0.027236
Update:     0.000804

Forces:     0.000426
Candidates: 0.000848
Neighbors:  0.125292
Iterations: 0.805800
Vorticity:  0.084491
Viscosity:  0.027237
Update:     0.000808

Forces:     0.000453
Candidates: 0.000850
Neighbors:  0.125415
Iterations: 0.807782
Vorticity:  0.086008
Viscosity:  0.028225
Update:     0.000872

Forces:     0.000436
Candidates: 0.000850
Neighbors:  0.125459
Iterations: 0.806115
Vorticity:  0.084673
Viscosity:  0.027268
Update:     0.000804

Forces:     0.000519
Candidates: 0.000949
Neighbors:  0.125679
Iterations: 0.807007
Vorticity:  0.084692
Viscosity:  0.027319
Update:     0.000810

Forces:     0.000424
Candidates: 0.000845
Neighbors:  0.125543
Iterations: 0.807425
Vorticity:  0.084798
Viscosity:  0.027319
Update:     0.000801

Forces:     0.000426
Candidates: 0.000850
Neighbors:  0.125566
Iterations: 0.808269
Vorticity:  0.084906
Viscosity:  0.027349
Update:     0.000798

Forces:     0.000420
Candidates: 0.000852
Neighbors:  0.125616
Iterations: 0.809324
Vorticity:  0.084936
Viscosity:  0.027353
Update:     0.000802

Forces:     0.000420
Candidates: 0.000854
Neighbors:  0.125662
Iterations: 0.810169
Vorticity:  0.085025
Viscosity:  0.027400
Update:     0.000804

Forces:     0.000516
Candidates: 0.000944
Neighbors:  0.126250
Iterations: 0.808668
Vorticity:  0.085153
Viscosity:  0.027440
Update:     0.000806

Forces:     0.000424
Candidates: 0.000846
Neighbors:  0.125811
Iterations: 0.813224
Vorticity:  0.085207
Viscosity:  0.027443
Update:     0.000808

Forces:     0.000446
Candidates: 0.000855
Neighbors:  0.125951
Iterations: 0.812797
Vorticity:  0.085272
Viscosity:  0.027466
Update:     0.000805

Forces:     0.000419
Candidates: 0.000855
Neighbors:  0.125967
Iterations: 0.813501
Vorticity:  0.085364
Viscosity:  0.027498
Update:     0.000810

Forces:     0.000417
Candidates: 0.000852
Neighbors:  0.125987
Iterations: 0.814468
Vorticity:  0.085450
Viscosity:  0.027512
Update:     0.000801

Forces:     0.000528
Candidates: 0.001115
Neighbors:  0.130361
Iterations: 0.947137
Vorticity:  0.098307
Viscosity:  0.033558
Update:     0.000793

Forces:     0.000436
Candidates: 0.000854
Neighbors:  0.126610
Iterations: 0.817351
Vorticity:  0.085743
Viscosity:  0.027639
Update:     0.000808

Forces:     0.000419
Candidates: 0.000849
Neighbors:  0.126490
Iterations: 0.818396
Vorticity:  0.085819
Viscosity:  0.027654
Update:     0.000806

Forces:     0.000418
Candidates: 0.000849
Neighbors:  0.126310
Iterations: 0.819596
Vorticity:  0.085952
Viscosity:  0.027690
Update:     0.000806

Forces:     0.000419
Candidates: 0.000853
Neighbors:  0.126424
Iterations: 0.820727
Vorticity:  0.086017
Viscosity:  0.027727
Update:     0.000804

Forces:     0.000516
Candidates: 0.000951
Neighbors:  0.126583
Iterations: 0.820935
Vorticity:  0.086053
Viscosity:  0.027661
Update:     0.000806

Forces:     0.000454
Candidates: 0.000847
Neighbors:  0.126595
Iterations: 0.820943
Vorticity:  0.086102
Viscosity:  0.027699
Update:     0.000810

Forces:     0.000420
Candidates: 0.000854
Neighbors:  0.126701
Iterations: 0.821777
Vorticity:  0.086238
Viscosity:  0.027709
Update:     0.000807

Forces:     0.000417
Candidates: 0.000854
Neighbors:  0.126821
Iterations: 0.822774
Vorticity:  0.086321
Viscosity:  0.027752
Update:     0.000805

Forces:     0.000420
Candidates: 0.000852
Neighbors:  0.126963
Iterations: 0.823698
Vorticity:  0.086388
Viscosity:  0.027777
Update:     0.000810

Forces:     0.000520
Candidates: 0.000940
Neighbors:  0.128491
Iterations: 0.837230
Vorticity:  0.086510
Viscosity:  0.027807
Update:     0.000796

Forces:     0.000426
Candidates: 0.000852
Neighbors:  0.127225
Iterations: 0.825493
Vorticity:  0.086588
Viscosity:  0.027818
Update:     0.000808

Forces:     0.000420
Candidates: 0.000852
Neighbors:  0.127278
Iterations: 0.826531
Vorticity:  0.086682
Viscosity:  0.027852
Update:     0.000808

Forces:     0.000416
Candidates: 0.000854
Neighbors:  0.127403
Iterations: 0.827547
Vorticity:  0.086795
Viscosity:  0.027859
Update:     0.000806

Forces:     0.000427
Candidates: 0.000851
Neighbors:  0.127480
Iterations: 0.828323
Vorticity:  0.086879
Viscosity:  0.028422
Update:     0.000938

Forces:     0.000493
Candidates: 0.000931
Neighbors:  0.128946
Iterations: 0.904027
Vorticity:  0.086993
Viscosity:  0.027906
Update:     0.000810

Forces:     0.000424
Candidates: 0.000852
Neighbors:  0.127637
Iterations: 0.830119
Vorticity:  0.087041
Viscosity:  0.027943
Update:     0.000802

Forces:     0.000423
Candidates: 0.000851
Neighbors:  0.127679
Iterations: 0.830953
Vorticity:  0.087115
Viscosity:  0.027961
Update:     0.000813

Forces:     0.000424
Candidates: 0.000848
Neighbors:  0.127769
Iterations: 0.831617
Vorticity:  0.087218
Viscosity:  0.028007
Update:     0.000807

Forces:     0.000418
Candidates: 0.000852
Neighbors:  0.127902
Iterations: 0.832627
Vorticity:  0.087323
Viscosity:  0.027995
Update:     0.000806

Forces:     0.000520
Candidates: 0.000940
Neighbors:  0.129427
Iterations: 0.968763
Vorticity:  0.093473
Viscosity:  0.028018
Update:     0.000811

Forces:     0.000432
Candidates: 0.000847
Neighbors:  0.128067
Iterations: 0.834506
Vorticity:  0.087468
Viscosity:  0.028075
Update:     0.000798

Forces:     0.000423
Candidates: 0.000851
Neighbors:  0.128163
Iterations: 0.835460
Vorticity:  0.087588
Viscosity:  0.028064
Update:     0.000809

Forces:     0.000427
Candidates: 0.000850
Neighbors:  0.128327
Iterations: 0.836993
Vorticity:  0.087664
Viscosity:  0.028108
Update:     0.000813

Forces:     0.000446
Candidates: 0.000852
Neighbors:  0.128458
Iterations: 0.837102
Vorticity:  0.087827
Viscosity:  0.028146
Update:     0.000810

Forces:     0.000514
Candidates: 0.000946
Neighbors:  0.129913
Iterations: 0.974389
Vorticity:  0.101141
Viscosity:  0.034465
Update:     0.000800

Forces:     0.000439
Candidates: 0.000856
Neighbors:  0.129875
Iterations: 0.843074
Vorticity:  0.087957
Viscosity:  0.028174
Update:     0.000808

Forces:     0.000430
Candidates: 0.000854
Neighbors:  0.128708
Iterations: 0.839904
Vorticity:  0.088027
Viscosity:  0.028216
Update:     0.000806

Forces:     0.000424
Candidates: 0.000849
Neighbors:  0.128849
Iterations: 0.840738
Vorticity:  0.088138
Viscosity:  0.028223
Update:     0.000800

Forces:     0.000423
Candidates: 0.000849
Neighbors:  0.128853
Iterations: 0.843832
Vorticity:  0.088203
Viscosity:  0.028245
Update:     0.000801

Forces:     0.000521
Candidates: 0.001138
Neighbors:  0.129529
Iterations: 0.842454
Vorticity:  0.088320
Viscosity:  0.028274
Update:     0.000807

Forces:     0.000419
Candidates: 0.000848
Neighbors:  0.129220
Iterations: 0.843294
Vorticity:  0.088380
Viscosity:  0.028309
Update:     0.000808

Forces:     0.000419
Candidates: 0.000852
Neighbors:  0.129375
Iterations: 0.845155
Vorticity:  0.088479
Viscosity:  0.028320
Update:     0.000805

Forces:     0.000446
Candidates: 0.000851
Neighbors:  0.129461
Iterations: 0.844936
Vorticity:  0.088540
Viscosity:  0.028369
Update:     0.000800

Forces:     0.000423
Candidates: 0.000854
Neighbors:  0.129538
Iterations: 0.845686
Vorticity:  0.088642
Viscosity:  0.028378
Update:     0.000808

Forces:     0.000521
Candidates: 0.000948
Neighbors:  0.130169
Iterations: 0.846632
Vorticity:  0.088747
Viscosity:  0.028401
Update:     0.000800

Forces:     0.000422
Candidates: 0.000852
Neighbors:  0.129802
Iterations: 0.847827
Vorticity:  0.088798
Viscosity:  0.028417
Update:     0.000805

Forces:     0.000426
Candidates: 0.000850
Neighbors:  0.129943
Iterations: 0.848400
Vorticity:  0.088913
Viscosity:  0.028458
Update:     0.000805

Forces:     0.000420
Candidates: 0.000850
Neighbors:  0.130046
Iterations: 0.849113
Vorticity:  0.088995
Viscosity:  0.028475
Update:     0.000806

Forces:     0.000418
Candidates: 0.000853
Neighbors:  0.130256
Iterations: 0.850002
Vorticity:  0.089084
Viscosity:  0.028470
Update:     0.000804

Forces:     0.000509
Candidates: 0.000950
Neighbors:  0.130796
Iterations: 0.849577
Vorticity:  0.089165
Viscosity:  0.028517
Update:     0.000808

Forces:     0.000424
Candidates: 0.000849
Neighbors:  0.130414
Iterations: 0.852774
Vorticity:  0.089281
Viscosity:  0.028553
Update:     0.000809

Forces:     0.000448
Candidates: 0.000847
Neighbors:  0.130559
Iterations: 0.852918
Vorticity:  0.089352
Viscosity:  0.028563
Update:     0.000808

Forces:     0.000420
Candidates: 0.000851
Neighbors:  0.130675
Iterations: 0.853665
Vorticity:  0.089445
Viscosity:  0.028576
Update:     0.000808

Forces:     0.000424
Candidates: 0.000850
Neighbors:  0.130795
Iterations: 0.854654
Vorticity:  0.089548
Viscosity:  0.028630
Update:     0.000806

Total Forces:     0.222933
Total Candidates: 0.442479
Total Neighbors:  62.197376
Total Iterations: 409.064245
Total Vorticity:  42.397618
Total Viscosity:  13.737456
Total Update:     0.405191

