Forces:     0.020799
Candidates: 0.014070
Neighbors:  0.054437
Iterations: 0.021115
Vorticity:  0.001606
Viscosity:  0.000435
Update:     0.000085

Forces:     0.000027
Candidates: 0.000062
Neighbors:  0.004194
Iterations: 0.015403
Vorticity:  0.001603
Viscosity:  0.000435
Update:     0.000044

Forces:     0.000019
Candidates: 0.000057
Neighbors:  0.004895
Iterations: 0.015488
Vorticity:  0.001610
Viscosity:  0.000440
Update:     0.000043

Forces:     0.000017
Candidates: 0.000048
Neighbors:  0.004927
Iterations: 0.015964
Vorticity:  0.001660
Viscosity:  0.000446
Update:     0.000042

Forces:     0.000017
Candidates: 0.000049
Neighbors:  0.004952
Iterations: 0.016339
Vorticity:  0.001702
Viscosity:  0.000450
Update:     0.000051

Forces:     0.000057
Candidates: 0.000139
Neighbors:  0.005201
Iterations: 0.016783
Vorticity:  0.001735
Viscosity:  0.000456
Update:     0.000076

Forces:     0.000022
Candidates: 0.000060
Neighbors:  0.005033
Iterations: 0.016910
Vorticity:  0.001759
Viscosity:  0.000460
Update:     0.000055

Forces:     0.000022
Candidates: 0.000060
Neighbors:  0.005033
Iterations: 0.017027
Vorticity:  0.001769
Viscosity:  0.000465
Update:     0.000059

Forces:     0.000021
Candidates: 0.000059
Neighbors:  0.005021
Iterations: 0.017151
Vorticity:  0.001781
Viscosity:  0.000467
Update:     0.000058

Forces:     0.000021
Candidates: 0.000061
Neighbors:  0.005083
Iterations: 0.017191
Vorticity:  0.001787
Viscosity:  0.000468
Update:     0.000050

Forces:     0.000059
Candidates: 0.000127
Neighbors:  0.005182
Iterations: 0.017237
Vorticity:  0.001785
Viscosity:  0.000469
Update:     0.000077

Forces:     0.000022
Candidates: 0.000060
Neighbors:  0.005026
Iterations: 0.017212
Vorticity:  0.001785
Viscosity:  0.000472
Update:     0.000052

Forces:     0.000021
Candidates: 0.000061
Neighbors:  0.005028
Iterations: 0.017226
Vorticity:  0.001787
Viscosity:  0.000469
Update:     0.000051

Forces:     0.000023
Candidates: 0.000045
Neighbors:  0.005035
Iterations: 0.017249
Vorticity:  0.001786
Viscosity:  0.000474
Update:     0.000060

Forces:     0.000022
Candidates: 0.000062
Neighbors:  0.005044
Iterations: 0.017267
Vorticity:  0.001788
Viscosity:  0.000473
Update:     0.000055

Forces:     0.000055
Candidates: 0.000124
Neighbors:  0.005171
Iterations: 0.017279
Vorticity:  0.001787
Viscosity:  0.000471
Update:     0.000078

Forces:     0.000021
Candidates: 0.000066
Neighbors:  0.005057
Iterations: 0.017225
Vorticity:  0.001785
Viscosity:  0.000469
Update:     0.000056

Forces:     0.000022
Candidates: 0.000059
Neighbors:  0.005042
Iterations: 0.017239
Vorticity:  0.001784
Viscosity:  0.000473
Update:     0.000053

Forces:     0.000021
Candidates: 0.000064
Neighbors:  0.005037
Iterations: 0.017244
Vorticity:  0.001789
Viscosity:  0.000475
Update:     0.000053

Forces:     0.000022
Candidates: 0.000057
Neighbors:  0.005036
Iterations: 0.017245
Vorticity:  0.001786
Viscosity:  0.000472
Update:     0.000054

Forces:     0.000060
Candidates: 0.000124
Neighbors:  0.005185
Iterations: 0.017303
Vorticity:  0.001790
Viscosity:  0.000473
Update:     0.000079

Forces:     0.000022
Candidates: 0.000049
Neighbors:  0.005179
Iterations: 0.017275
Vorticity:  0.001786
Viscosity:  0.000473
Update:     0.000054

Forces:     0.000021
Candidates: 0.000050
Neighbors:  0.005103
Iterations: 0.017280
Vorticity:  0.001785
Viscosity:  0.000473
Update:     0.000052

Forces:     0.000021
Candidates: 0.000060
Neighbors:  0.005082
Iterations: 0.017293
Vorticity:  0.001788
Viscosity:  0.000476
Update:     0.000053

Forces:     0.000020
Candidates: 0.000063
Neighbors:  0.005110
Iterations: 0.017336
Vorticity:  0.001795
Viscosity:  0.000479
Update:     0.000055

Forces:     0.000052
Candidates: 0.000136
Neighbors:  0.005191
Iterations: 0.017398
Vorticity:  0.001796
Viscosity:  0.000480
Update:     0.000079

Forces:     0.000020
Candidates: 0.000061
Neighbors:  0.005094
Iterations: 0.017379
Vorticity:  0.001798
Viscosity:  0.000482
Update:     0.000053

Forces:     0.000023
Candidates: 0.000059
Neighbors:  0.005105
Iterations: 0.017378
Vorticity:  0.001800
Viscosity:  0.000481
Update:     0.000058

Forces:     0.000022
Candidates: 0.000066
Neighbors:  0.005098
Iterations: 0.017422
Vorticity:  0.001801
Viscosity:  0.000483
Update:     0.000055

Forces:     0.000022
Candidates: 0.000069
Neighbors:  0.005075
Iterations: 0.017462
Vorticity:  0.001807
Viscosity:  0.000485
Update:     0.000052

Forces:     0.000060
Candidates: 0.000133
Neighbors:  0.005239
Iterations: 0.017496
Vorticity:  0.001809
Viscosity:  0.000487
Update:     0.000081

Forces:     0.000021
Candidates: 0.000061
Neighbors:  0.005140
Iterations: 0.017494
Vorticity:  0.001809
Viscosity:  0.000491
Update:     0.000055

Forces:     0.000023
Candidates: 0.000069
Neighbors:  0.005107
Iterations: 0.017532
Vorticity:  0.001815
Viscosity:  0.000487
Update:     0.000057

Forces:     0.000022
Candidates: 0.000053
Neighbors:  0.005113
Iterations: 0.017583
Vorticity:  0.001816
Viscosity:  0.000491
Update:     0.000055

Forces:     0.000022
Candidates: 0.000054
Neighbors:  0.005115
Iterations: 0.017617
Vorticity:  0.001823
Viscosity:  0.000488
Update:     0.000057

Forces:     0.000055
Candidates: 0.000138
Neighbors:  0.005225
Iterations: 0.017666
Vorticity:  0.001825
Viscosity:  0.000493
Update:     0.000083

Forces:     0.000021
Candidates: 0.000065
Neighbors:  0.005143
Iterations: 0.017688
Vorticity:  0.001829
Viscosity:  0.000494
Update:     0.000053

Forces:     0.000023
Candidates: 0.000063
Neighbors:  0.005131
Iterations: 0.017736
Vorticity:  0.001833
Viscosity:  0.000495
Update:     0.000054

Forces:     0.000023
Candidates: 0.000058
Neighbors:  0.005225
Iterations: 0.017791
Vorticity:  0.001842
Viscosity:  0.000495
Update:     0.000052

Forces:     0.000020
Candidates: 0.000066
Neighbors:  0.005157
Iterations: 0.017844
Vorticity:  0.001846
Viscosity:  0.000498
Update:     0.000054

Forces:     0.000051
Candidates: 0.000141
Neighbors:  0.005275
Iterations: 0.017911
Vorticity:  0.001852
Viscosity:  0.000499
Update:     0.000078

Forces:     0.000022
Candidates: 0.000061
Neighbors:  0.005249
Iterations: 0.017965
Vorticity:  0.001859
Viscosity:  0.000500
Update:     0.000052

Forces:     0.000020
Candidates: 0.000061
Neighbors:  0.005214
Iterations: 0.017983
Vorticity:  0.001860
Viscosity:  0.000503
Update:     0.000055

Forces:     0.000023
Candidates: 0.000066
Neighbors:  0.005217
Iterations: 0.018021
Vorticity:  0.001866
Viscosity:  0.000505
Update:     0.000056

Forces:     0.000021
Candidates: 0.000067
Neighbors:  0.005276
Iterations: 0.018081
Vorticity:  0.001872
Viscosity:  0.000505
Update:     0.000052

Forces:     0.000054
Candidates: 0.000135
Neighbors:  0.005327
Iterations: 0.018193
Vorticity:  0.001882
Viscosity:  0.000509
Update:     0.000077

Forces:     0.000024
Candidates: 0.000067
Neighbors:  0.005260
Iterations: 0.018228
Vorticity:  0.001884
Viscosity:  0.000512
Update:     0.000055

Forces:     0.000022
Candidates: 0.000055
Neighbors:  0.005255
Iterations: 0.018258
Vorticity:  0.001891
Viscosity:  0.000511
Update:     0.000057

Forces:     0.000024
Candidates: 0.000072
Neighbors:  0.005266
Iterations: 0.018318
Vorticity:  0.001899
Viscosity:  0.000513
Update:     0.000057

Forces:     0.000020
Candidates: 0.000056
Neighbors:  0.005247
Iterations: 0.018370
Vorticity:  0.001905
Viscosity:  0.000510
Update:     0.000056

Forces:     0.000055
Candidates: 0.000129
Neighbors:  0.005434
Iterations: 0.018473
Vorticity:  0.001914
Viscosity:  0.000514
Update:     0.000079

Forces:     0.000022
Candidates: 0.000056
Neighbors:  0.005300
Iterations: 0.018534
Vorticity:  0.001921
Viscosity:  0.000517
Update:     0.000060

Forces:     0.000024
Candidates: 0.000062
Neighbors:  0.005265
Iterations: 0.018590
Vorticity:  0.001929
Viscosity:  0.000516
Update:     0.000058

Forces:     0.000026
Candidates: 0.000081
Neighbors:  0.005279
Iterations: 0.018664
Vorticity:  0.001933
Viscosity:  0.000520
Update:     0.000061

Forces:     0.000022
Candidates: 0.000072
Neighbors:  0.005307
Iterations: 0.018708
Vorticity:  0.001941
Viscosity:  0.000521
Update:     0.000056

Forces:     0.000052
Candidates: 0.000126
Neighbors:  0.005462
Iterations: 0.018764
Vorticity:  0.001950
Viscosity:  0.000519
Update:     0.000079

Forces:     0.000024
Candidates: 0.000074
Neighbors:  0.005401
Iterations: 0.018821
Vorticity:  0.001957
Viscosity:  0.000520
Update:     0.000058

Forces:     0.000021
Candidates: 0.000069
Neighbors:  0.005374
Iterations: 0.018920
Vorticity:  0.001963
Viscosity:  0.000523
Update:     0.000057

Forces:     0.000022
Candidates: 0.000067
Neighbors:  0.005365
Iterations: 0.018994
Vorticity:  0.001971
Viscosity:  0.000524
Update:     0.000058

Forces:     0.000023
Candidates: 0.000065
Neighbors:  0.005378
Iterations: 0.019048
Vorticity:  0.001981
Viscosity:  0.000526
Update:     0.000058

Forces:     0.000059
Candidates: 0.000135
Neighbors:  0.005536
Iterations: 0.019157
Vorticity:  0.001992
Viscosity:  0.000528
Update:     0.000082

Forces:     0.000024
Candidates: 0.000066
Neighbors:  0.005471
Iterations: 0.019244
Vorticity:  0.002000
Viscosity:  0.000534
Update:     0.000053

Forces:     0.000022
Candidates: 0.000061
Neighbors:  0.005439
Iterations: 0.019328
Vorticity:  0.002011
Viscosity:  0.000533
Update:     0.000058

Forces:     0.000023
Candidates: 0.000071
Neighbors:  0.005426
Iterations: 0.019430
Vorticity:  0.002021
Viscosity:  0.000538
Update:     0.000058

Forces:     0.000024
Candidates: 0.000066
Neighbors:  0.005442
Iterations: 0.019538
Vorticity:  0.002034
Viscosity:  0.000541
Update:     0.000056

Forces:     0.000052
Candidates: 0.000133
Neighbors:  0.005643
Iterations: 0.019660
Vorticity:  0.002045
Viscosity:  0.000542
Update:     0.000079

Forces:     0.000022
Candidates: 0.000059
Neighbors:  0.005527
Iterations: 0.019757
Vorticity:  0.002060
Viscosity:  0.000542
Update:     0.000060

Forces:     0.000023
Candidates: 0.000073
Neighbors:  0.005498
Iterations: 0.019879
Vorticity:  0.002072
Viscosity:  0.000547
Update:     0.000060

Forces:     0.000023
Candidates: 0.000067
Neighbors:  0.005574
Iterations: 0.020019
Vorticity:  0.002084
Viscosity:  0.000550
Update:     0.000057

Forces:     0.000022
Candidates: 0.000068
Neighbors:  0.005522
Iterations: 0.020116
Vorticity:  0.002101
Viscosity:  0.000549
Update:     0.000052

Forces:     0.000055
Candidates: 0.000133
Neighbors:  0.005695
Iterations: 0.020240
Vorticity:  0.002113
Viscosity:  0.000556
Update:     0.000081

Forces:     0.000024
Candidates: 0.000059
Neighbors:  0.005629
Iterations: 0.020394
Vorticity:  0.002129
Viscosity:  0.000561
Update:     0.000055

Forces:     0.000022
Candidates: 0.000068
Neighbors:  0.005627
Iterations: 0.020522
Vorticity:  0.002145
Viscosity:  0.000564
Update:     0.000062

Forces:     0.000023
Candidates: 0.000066
Neighbors:  0.005666
Iterations: 0.020645
Vorticity:  0.002156
Viscosity:  0.000567
Update:     0.000057

Forces:     0.000022
Candidates: 0.000067
Neighbors:  0.005668
Iterations: 0.020849
Vorticity:  0.002178
Viscosity:  0.000568
Update:     0.000061

Forces:     0.000052
Candidates: 0.000131
Neighbors:  0.005801
Iterations: 0.021017
Vorticity:  0.002198
Viscosity:  0.000578
Update:     0.000074

Forces:     0.000024
Candidates: 0.000075
Neighbors:  0.005749
Iterations: 0.021191
Vorticity:  0.002214
Viscosity:  0.000579
Update:     0.000052

Forces:     0.000021
Candidates: 0.000070
Neighbors:  0.005731
Iterations: 0.021354
Vorticity:  0.002232
Viscosity:  0.000585
Update:     0.000057

Forces:     0.000023
Candidates: 0.000069
Neighbors:  0.005737
Iterations: 0.021537
Vorticity:  0.002258
Viscosity:  0.000586
Update:     0.000056

Forces:     0.000024
Candidates: 0.000070
Neighbors:  0.005776
Iterations: 0.021750
Vorticity:  0.002276
Viscosity:  0.000593
Update:     0.000053

Forces:     0.000059
Candidates: 0.000141
Neighbors:  0.005929
Iterations: 0.021921
Vorticity:  0.002298
Viscosity:  0.000596
Update:     0.000076

Forces:     0.000022
Candidates: 0.000063
Neighbors:  0.005824
Iterations: 0.022141
Vorticity:  0.002320
Viscosity:  0.000599
Update:     0.000061

Forces:     0.000025
Candidates: 0.000070
Neighbors:  0.005882
Iterations: 0.022357
Vorticity:  0.002342
Viscosity:  0.000610
Update:     0.000053

Forces:     0.000022
Candidates: 0.000071
Neighbors:  0.005890
Iterations: 0.022583
Vorticity:  0.002370
Viscosity:  0.000613
Update:     0.000058

Forces:     0.000024
Candidates: 0.000068
Neighbors:  0.005913
Iterations: 0.022866
Vorticity:  0.002398
Viscosity:  0.000617
Update:     0.000058

Forces:     0.000062
Candidates: 0.000137
Neighbors:  0.006116
Iterations: 0.023110
Vorticity:  0.002421
Viscosity:  0.000627
Update:     0.000079

Forces:     0.000024
Candidates: 0.000061
Neighbors:  0.006017
Iterations: 0.023343
Vorticity:  0.002450
Viscosity:  0.000632
Update:     0.000062

Forces:     0.000027
Candidates: 0.000062
Neighbors:  0.006003
Iterations: 0.023542
Vorticity:  0.002475
Viscosity:  0.000632
Update:     0.000060

Forces:     0.000026
Candidates: 0.000070
Neighbors:  0.006038
Iterations: 0.023775
Vorticity:  0.002500
Viscosity:  0.000637
Update:     0.000057

Forces:     0.000027
Candidates: 0.000058
Neighbors:  0.006042
Iterations: 0.024027
Vorticity:  0.002527
Viscosity:  0.000647
Update:     0.000058

Forces:     0.000060
Candidates: 0.000133
Neighbors:  0.006258
Iterations: 0.024296
Vorticity:  0.002559
Viscosity:  0.000653
Update:     0.000086

Forces:     0.000024
Candidates: 0.000075
Neighbors:  0.006133
Iterations: 0.024562
Vorticity:  0.002584
Viscosity:  0.000660
Update:     0.000057

Forces:     0.000025
Candidates: 0.000078
Neighbors:  0.006124
Iterations: 0.024830
Vorticity:  0.002614
Viscosity:  0.000667
Update:     0.000062

Forces:     0.000024
Candidates: 0.000061
Neighbors:  0.006147
Iterations: 0.025125
Vorticity:  0.002645
Viscosity:  0.000674
Update:     0.000063

Forces:     0.000026
Candidates: 0.000060
Neighbors:  0.006243
Iterations: 0.025416
Vorticity:  0.002678
Viscosity:  0.000680
Update:     0.000060

Forces:     0.000060
Candidates: 0.000143
Neighbors:  0.006372
Iterations: 0.025729
Vorticity:  0.002715
Viscosity:  0.000686
Update:     0.000085

Forces:     0.000027
Candidates: 0.000085
Neighbors:  0.006281
Iterations: 0.025991
Vorticity:  0.002743
Viscosity:  0.000693
Update:     0.000062

Forces:     0.000027
Candidates: 0.000072
Neighbors:  0.006295
Iterations: 0.026281
Vorticity:  0.002775
Viscosity:  0.000697
Update:     0.000071

Forces:     0.000026
Candidates: 0.000071
Neighbors:  0.006317
Iterations: 0.026608
Vorticity:  0.002810
Viscosity:  0.000706
Update:     0.000069

Forces:     0.000026
Candidates: 0.000063
Neighbors:  0.006339
Iterations: 0.026932
Vorticity:  0.002846
Viscosity:  0.000717
Update:     0.000066

Forces:     0.000088
Candidates: 0.000154
Neighbors:  0.008047
Iterations: 0.027868
Vorticity:  0.002897
Viscosity:  0.000726
Update:     0.000168

Forces:     0.000055
Candidates: 0.000065
Neighbors:  0.006500
Iterations: 0.027594
Vorticity:  0.002920
Viscosity:  0.000734
Update:     0.000062

Forces:     0.000029
Candidates: 0.000072
Neighbors:  0.006459
Iterations: 0.027927
Vorticity:  0.002961
Viscosity:  0.000742
Update:     0.000061

Forces:     0.000025
Candidates: 0.000063
Neighbors:  0.006463
Iterations: 0.028309
Vorticity:  0.003000
Viscosity:  0.000748
Update:     0.000067

Forces:     0.000027
Candidates: 0.000068
Neighbors:  0.006471
Iterations: 0.028603
Vorticity:  0.003035
Viscosity:  0.000759
Update:     0.000068

Forces:     0.000075
Candidates: 0.000148
Neighbors:  0.006682
Iterations: 0.028978
Vorticity:  0.003080
Viscosity:  0.000770
Update:     0.000094

Forces:     0.000027
Candidates: 0.000071
Neighbors:  0.006557
Iterations: 0.029298
Vorticity:  0.003112
Viscosity:  0.000774
Update:     0.000071

Forces:     0.000029
Candidates: 0.000063
Neighbors:  0.006570
Iterations: 0.029591
Vorticity:  0.003149
Viscosity:  0.000782
Update:     0.000070

Forces:     0.000028
Candidates: 0.000077
Neighbors:  0.006604
Iterations: 0.029946
Vorticity:  0.003187
Viscosity:  0.000790
Update:     0.000070

Forces:     0.000029
Candidates: 0.000064
Neighbors:  0.006640
Iterations: 0.030315
Vorticity:  0.003227
Viscosity:  0.000800
Update:     0.000071

Forces:     0.000071
Candidates: 0.000142
Neighbors:  0.006888
Iterations: 0.030713
Vorticity:  0.003277
Viscosity:  0.000811
Update:     0.000089

Forces:     0.000028
Candidates: 0.000070
Neighbors:  0.006707
Iterations: 0.031077
Vorticity:  0.003314
Viscosity:  0.000818
Update:     0.000068

Forces:     0.000026
Candidates: 0.000061
Neighbors:  0.006738
Iterations: 0.031455
Vorticity:  0.003356
Viscosity:  0.000827
Update:     0.000072

Forces:     0.000029
Candidates: 0.000063
Neighbors:  0.006757
Iterations: 0.031891
Vorticity:  0.003402
Viscosity:  0.000836
Update:     0.000072

Forces:     0.000030
Candidates: 0.000068
Neighbors:  0.006778
Iterations: 0.032249
Vorticity:  0.003447
Viscosity:  0.000847
Update:     0.000075

Forces:     0.000074
Candidates: 0.000144
Neighbors:  0.007004
Iterations: 0.032695
Vorticity:  0.003498
Viscosity:  0.000856
Update:     0.000103

Forces:     0.000030
Candidates: 0.000073
Neighbors:  0.006915
Iterations: 0.033066
Vorticity:  0.003540
Viscosity:  0.000868
Update:     0.000073

Forces:     0.000029
Candidates: 0.000072
Neighbors:  0.006891
Iterations: 0.033423
Vorticity:  0.003579
Viscosity:  0.000876
Update:     0.000075

Forces:     0.000029
Candidates: 0.000077
Neighbors:  0.006914
Iterations: 0.033811
Vorticity:  0.003625
Viscosity:  0.000883
Update:     0.000079

Forces:     0.000031
Candidates: 0.000066
Neighbors:  0.006960
Iterations: 0.034195
Vorticity:  0.003670
Viscosity:  0.000893
Update:     0.000079

Forces:     0.000080
Candidates: 0.000162
Neighbors:  0.007159
Iterations: 0.034539
Vorticity:  0.003710
Viscosity:  0.000907
Update:     0.000099

Forces:     0.000031
Candidates: 0.000066
Neighbors:  0.007033
Iterations: 0.034924
Vorticity:  0.003754
Viscosity:  0.000912
Update:     0.000084

Forces:     0.000032
Candidates: 0.000065
Neighbors:  0.007026
Iterations: 0.035270
Vorticity:  0.003791
Viscosity:  0.000924
Update:     0.000080

Forces:     0.000032
Candidates: 0.000074
Neighbors:  0.007067
Iterations: 0.035617
Vorticity:  0.003829
Viscosity:  0.000931
Update:     0.000080

Forces:     0.000033
Candidates: 0.000065
Neighbors:  0.007104
Iterations: 0.036046
Vorticity:  0.003875
Viscosity:  0.000939
Update:     0.000086

Forces:     0.000081
Candidates: 0.000146
Neighbors:  0.007359
Iterations: 0.036911
Vorticity:  0.003955
Viscosity:  0.000924
Update:     0.000103

Forces:     0.000030
Candidates: 0.000059
Neighbors:  0.007251
Iterations: 0.037266
Vorticity:  0.004004
Viscosity:  0.000935
Update:     0.000081

Forces:     0.000030
Candidates: 0.000066
Neighbors:  0.007282
Iterations: 0.037604
Vorticity:  0.004044
Viscosity:  0.000942
Update:     0.000079

Forces:     0.000030
Candidates: 0.000067
Neighbors:  0.007303
Iterations: 0.037969
Vorticity:  0.004073
Viscosity:  0.000952
Update:     0.000080

Forces:     0.000032
Candidates: 0.000074
Neighbors:  0.007345
Iterations: 0.038279
Vorticity:  0.004111
Viscosity:  0.000961
Update:     0.000084

Forces:     0.000073
Candidates: 0.000151
Neighbors:  0.007530
Iterations: 0.038612
Vorticity:  0.004149
Viscosity:  0.000970
Update:     0.000102

Forces:     0.000033
Candidates: 0.000069
Neighbors:  0.007482
Iterations: 0.038973
Vorticity:  0.004189
Viscosity:  0.000979
Update:     0.000079

Forces:     0.000035
Candidates: 0.000062
Neighbors:  0.007481
Iterations: 0.039217
Vorticity:  0.004215
Viscosity:  0.000987
Update:     0.000084

Forces:     0.000033
Candidates: 0.000061
Neighbors:  0.007488
Iterations: 0.039537
Vorticity:  0.004253
Viscosity:  0.000996
Update:     0.000085

Forces:     0.000034
Candidates: 0.000063
Neighbors:  0.007530
Iterations: 0.039807
Vorticity:  0.004279
Viscosity:  0.001002
Update:     0.000083

Forces:     0.000076
Candidates: 0.000152
Neighbors:  0.007681
Iterations: 0.040020
Vorticity:  0.004308
Viscosity:  0.001008
Update:     0.000111

Forces:     0.000034
Candidates: 0.000064
Neighbors:  0.007626
Iterations: 0.040243
Vorticity:  0.004331
Viscosity:  0.001011
Update:     0.000085

Forces:     0.000035
Candidates: 0.000064
Neighbors:  0.007631
Iterations: 0.040348
Vorticity:  0.004343
Viscosity:  0.001013
Update:     0.000087

Forces:     0.000033
Candidates: 0.000065
Neighbors:  0.007658
Iterations: 0.040493
Vorticity:  0.004363
Viscosity:  0.001017
Update:     0.000086

Forces:     0.000034
Candidates: 0.000063
Neighbors:  0.007739
Iterations: 0.040648
Vorticity:  0.004378
Viscosity:  0.001022
Update:     0.000084

Forces:     0.000085
Candidates: 0.000156
Neighbors:  0.007855
Iterations: 0.040832
Vorticity:  0.004400
Viscosity:  0.001029
Update:     0.000110

Forces:     0.000035
Candidates: 0.000067
Neighbors:  0.007822
Iterations: 0.041007
Vorticity:  0.004417
Viscosity:  0.001030
Update:     0.000085

Forces:     0.000035
Candidates: 0.000064
Neighbors:  0.007815
Iterations: 0.041190
Vorticity:  0.004438
Viscosity:  0.001037
Update:     0.000088

Forces:     0.000034
Candidates: 0.000064
Neighbors:  0.007826
Iterations: 0.041313
Vorticity:  0.004451
Viscosity:  0.001038
Update:     0.000091

Forces:     0.000035
Candidates: 0.000066
Neighbors:  0.007845
Iterations: 0.041472
Vorticity:  0.004469
Viscosity:  0.001042
Update:     0.000089

Forces:     0.000080
Candidates: 0.000151
Neighbors:  0.008004
Iterations: 0.041599
Vorticity:  0.004486
Viscosity:  0.001054
Update:     0.000113

Forces:     0.000035
Candidates: 0.000068
Neighbors:  0.007909
Iterations: 0.041744
Vorticity:  0.004505
Viscosity:  0.001053
Update:     0.000091

Forces:     0.000036
Candidates: 0.000068
Neighbors:  0.007947
Iterations: 0.041898
Vorticity:  0.004520
Viscosity:  0.001061
Update:     0.000089

Forces:     0.000035
Candidates: 0.000067
Neighbors:  0.007970
Iterations: 0.042034
Vorticity:  0.004534
Viscosity:  0.001069
Update:     0.000093

Forces:     0.000038
Candidates: 0.000068
Neighbors:  0.007999
Iterations: 0.042108
Vorticity:  0.004544
Viscosity:  0.001078
Update:     0.000111

Forces:     0.000098
Candidates: 0.000149
Neighbors:  0.008156
Iterations: 0.042292
Vorticity:  0.004568
Viscosity:  0.001084
Update:     0.000110

Forces:     0.000036
Candidates: 0.000067
Neighbors:  0.008098
Iterations: 0.042476
Vorticity:  0.004580
Viscosity:  0.001102
Update:     0.000094

Forces:     0.000035
Candidates: 0.000070
Neighbors:  0.008112
Iterations: 0.042588
Vorticity:  0.004598
Viscosity:  0.001097
Update:     0.000090

Forces:     0.000038
Candidates: 0.000069
Neighbors:  0.008133
Iterations: 0.042742
Vorticity:  0.004614
Viscosity:  0.001097
Update:     0.000091

Forces:     0.000035
Candidates: 0.000066
Neighbors:  0.008156
Iterations: 0.042893
Vorticity:  0.004632
Viscosity:  0.001101
Update:     0.000097

Forces:     0.000094
Candidates: 0.000162
Neighbors:  0.008651
Iterations: 0.044912
Vorticity:  0.004761
Viscosity:  0.001154
Update:     0.000124

Forces:     0.000041
Candidates: 0.000070
Neighbors:  0.008602
Iterations: 0.045059
Vorticity:  0.004777
Viscosity:  0.001158
Update:     0.000100

Forces:     0.000036
Candidates: 0.000071
Neighbors:  0.008610
Iterations: 0.045178
Vorticity:  0.004792
Viscosity:  0.001161
Update:     0.000097

Forces:     0.000036
Candidates: 0.000066
Neighbors:  0.008659
Iterations: 0.045396
Vorticity:  0.004814
Viscosity:  0.001170
Update:     0.000097

Forces:     0.000040
Candidates: 0.000076
Neighbors:  0.008669
Iterations: 0.045550
Vorticity:  0.004830
Viscosity:  0.001183
Update:     0.000097

Forces:     0.000090
Candidates: 0.000161
Neighbors:  0.008815
Iterations: 0.045699
Vorticity:  0.004849
Viscosity:  0.001175
Update:     0.000121

Forces:     0.000039
Candidates: 0.000070
Neighbors:  0.008766
Iterations: 0.045836
Vorticity:  0.004863
Viscosity:  0.001180
Update:     0.000098

Forces:     0.000040
Candidates: 0.000072
Neighbors:  0.008841
Iterations: 0.046006
Vorticity:  0.004880
Viscosity:  0.001179
Update:     0.000094

Forces:     0.000039
Candidates: 0.000068
Neighbors:  0.008836
Iterations: 0.046088
Vorticity:  0.004892
Viscosity:  0.001190
Update:     0.000097

Forces:     0.000045
Candidates: 0.000080
Neighbors:  0.008853
Iterations: 0.046209
Vorticity:  0.004905
Viscosity:  0.001192
Update:     0.000100

Forces:     0.000084
Candidates: 0.000152
Neighbors:  0.008930
Iterations: 0.045861
Vorticity:  0.004800
Viscosity:  0.001195
Update:     0.000114

Forces:     0.000042
Candidates: 0.000075
Neighbors:  0.008513
Iterations: 0.045071
Vorticity:  0.004804
Viscosity:  0.001203
Update:     0.000091

Forces:     0.000039
Candidates: 0.000076
Neighbors:  0.008509
Iterations: 0.045214
Vorticity:  0.004819
Viscosity:  0.001205
Update:     0.000097

Forces:     0.000040
Candidates: 0.000081
Neighbors:  0.008514
Iterations: 0.045300
Vorticity:  0.004827
Viscosity:  0.001210
Update:     0.000093

Forces:     0.000040
Candidates: 0.000070
Neighbors:  0.008584
Iterations: 0.045390
Vorticity:  0.004837
Viscosity:  0.001216
Update:     0.000090

Forces:     0.000079
Candidates: 0.000159
Neighbors:  0.008662
Iterations: 0.045531
Vorticity:  0.004853
Viscosity:  0.001218
Update:     0.000115

Forces:     0.000042
Candidates: 0.000090
Neighbors:  0.008568
Iterations: 0.045600
Vorticity:  0.004863
Viscosity:  0.001222
Update:     0.000097

Forces:     0.000038
Candidates: 0.000070
Neighbors:  0.008587
Iterations: 0.045671
Vorticity:  0.004869
Viscosity:  0.001226
Update:     0.000101

Forces:     0.000038
Candidates: 0.000072
Neighbors:  0.008613
Iterations: 0.045745
Vorticity:  0.004878
Viscosity:  0.001228
Update:     0.000094

Forces:     0.000042
Candidates: 0.000075
Neighbors:  0.008631
Iterations: 0.045847
Vorticity:  0.004887
Viscosity:  0.001234
Update:     0.000095

Forces:     0.000088
Candidates: 0.000151
Neighbors:  0.008763
Iterations: 0.045941
Vorticity:  0.004899
Viscosity:  0.001239
Update:     0.000117

Forces:     0.000038
Candidates: 0.000074
Neighbors:  0.008677
Iterations: 0.045988
Vorticity:  0.004907
Viscosity:  0.001239
Update:     0.000095

Forces:     0.000040
Candidates: 0.000071
Neighbors:  0.008684
Iterations: 0.046050
Vorticity:  0.004904
Viscosity:  0.001241
Update:     0.000103

Forces:     0.000041
Candidates: 0.000069
Neighbors:  0.008711
Iterations: 0.046109
Vorticity:  0.004912
Viscosity:  0.001249
Update:     0.000092

Forces:     0.000039
Candidates: 0.000073
Neighbors:  0.008735
Iterations: 0.046187
Vorticity:  0.004921
Viscosity:  0.001256
Update:     0.000100

Forces:     0.000097
Candidates: 0.000162
Neighbors:  0.008924
Iterations: 0.047619
Vorticity:  0.005052
Viscosity:  0.001282
Update:     0.000118

Forces:     0.000043
Candidates: 0.000091
Neighbors:  0.008955
Iterations: 0.047737
Vorticity:  0.005065
Viscosity:  0.001281
Update:     0.000091

Forces:     0.000039
Candidates: 0.000076
Neighbors:  0.008917
Iterations: 0.047893
Vorticity:  0.005079
Viscosity:  0.001286
Update:     0.000093

Forces:     0.000039
Candidates: 0.000088
Neighbors:  0.008923
Iterations: 0.048056
Vorticity:  0.005096
Viscosity:  0.001290
Update:     0.000097

Forces:     0.000042
Candidates: 0.000070
Neighbors:  0.008948
Iterations: 0.048190
Vorticity:  0.005109
Viscosity:  0.001293
Update:     0.000094

Forces:     0.000089
Candidates: 0.000157
Neighbors:  0.008894
Iterations: 0.046782
Vorticity:  0.004985
Viscosity:  0.001277
Update:     0.000123

Forces:     0.000042
Candidates: 0.000073
Neighbors:  0.008786
Iterations: 0.046840
Vorticity:  0.004986
Viscosity:  0.001278
Update:     0.000099

Forces:     0.000041
Candidates: 0.000091
Neighbors:  0.008789
Iterations: 0.046840
Vorticity:  0.004988
Viscosity:  0.001276
Update:     0.000096

Forces:     0.000039
Candidates: 0.000095
Neighbors:  0.008790
Iterations: 0.046941
Vorticity:  0.005001
Viscosity:  0.001280
Update:     0.000097

Forces:     0.000044
Candidates: 0.000067
Neighbors:  0.008815
Iterations: 0.047000
Vorticity:  0.005009
Viscosity:  0.001278
Update:     0.000092

Forces:     0.000089
Candidates: 0.000155
Neighbors:  0.008927
Iterations: 0.047006
Vorticity:  0.005013
Viscosity:  0.001280
Update:     0.000114

Forces:     0.000039
Candidates: 0.000074
Neighbors:  0.008830
Iterations: 0.047084
Vorticity:  0.005021
Viscosity:  0.001289
Update:     0.000097

Forces:     0.000041
Candidates: 0.000074
Neighbors:  0.008837
Iterations: 0.047073
Vorticity:  0.005018
Viscosity:  0.001289
Update:     0.000099

Forces:     0.000041
Candidates: 0.000075
Neighbors:  0.008812
Iterations: 0.047108
Vorticity:  0.005026
Viscosity:  0.001294
Update:     0.000098

Forces:     0.000040
Candidates: 0.000078
Neighbors:  0.008825
Iterations: 0.047092
Vorticity:  0.005028
Viscosity:  0.001291
Update:     0.000101

Forces:     0.000092
Candidates: 0.000167
Neighbors:  0.008943
Iterations: 0.047155
Vorticity:  0.005033
Viscosity:  0.001281
Update:     0.000124

Forces:     0.000041
Candidates: 0.000080
Neighbors:  0.008841
Iterations: 0.047166
Vorticity:  0.005032
Viscosity:  0.001286
Update:     0.000097

Forces:     0.000039
Candidates: 0.000099
Neighbors:  0.008828
Iterations: 0.047155
Vorticity:  0.005030
Viscosity:  0.001288
Update:     0.000094

Forces:     0.000040
Candidates: 0.000074
Neighbors:  0.008823
Iterations: 0.047162
Vorticity:  0.005028
Viscosity:  0.001293
Update:     0.000093

Forces:     0.000038
Candidates: 0.000076
Neighbors:  0.008819
Iterations: 0.047210
Vorticity:  0.005038
Viscosity:  0.001283
Update:     0.000095

Forces:     0.000091
Candidates: 0.000156
Neighbors:  0.008965
Iterations: 0.047186
Vorticity:  0.005035
Viscosity:  0.001290
Update:     0.000117

Forces:     0.000040
Candidates: 0.000077
Neighbors:  0.008863
Iterations: 0.047255
Vorticity:  0.005158
Viscosity:  0.001316
Update:     0.000093

Forces:     0.000039
Candidates: 0.000067
Neighbors:  0.009049
Iterations: 0.048417
Vorticity:  0.005123
Viscosity:  0.001315
Update:     0.000085

Forces:     0.000040
Candidates: 0.000067
Neighbors:  0.009035
Iterations: 0.048420
Vorticity:  0.005135
Viscosity:  0.001316
Update:     0.000091

Forces:     0.000040
Candidates: 0.000068
Neighbors:  0.009035
Iterations: 0.046687
Vorticity:  0.004982
Viscosity:  0.001257
Update:     0.000099

Forces:     0.000089
Candidates: 0.000154
Neighbors:  0.008970
Iterations: 0.046561
Vorticity:  0.004978
Viscosity:  0.001253
Update:     0.000120

Forces:     0.000039
Candidates: 0.000074
Neighbors:  0.008909
Iterations: 0.046494
Vorticity:  0.004972
Viscosity:  0.001254
Update:     0.000093

Forces:     0.000038
Candidates: 0.000075
Neighbors:  0.008867
Iterations: 0.046449
Vorticity:  0.004968
Viscosity:  0.001258
Update:     0.000096

Forces:     0.000037
Candidates: 0.000081
Neighbors:  0.008847
Iterations: 0.046422
Vorticity:  0.004967
Viscosity:  0.001253
Update:     0.000102

Forces:     0.000041
Candidates: 0.000075
Neighbors:  0.008832
Iterations: 0.046356
Vorticity:  0.004961
Viscosity:  0.001258
Update:     0.000091

Forces:     0.000087
Candidates: 0.000154
Neighbors:  0.008992
Iterations: 0.046270
Vorticity:  0.004948
Viscosity:  0.001255
Update:     0.000119

Forces:     0.000040
Candidates: 0.000080
Neighbors:  0.008836
Iterations: 0.046142
Vorticity:  0.004933
Viscosity:  0.001246
Update:     0.000094

Forces:     0.000039
Candidates: 0.000082
Neighbors:  0.008796
Iterations: 0.046031
Vorticity:  0.004918
Viscosity:  0.001244
Update:     0.000092

Forces:     0.000037
Candidates: 0.000093
Neighbors:  0.008786
Iterations: 0.045979
Vorticity:  0.004922
Viscosity:  0.001248
Update:     0.000094

Forces:     0.000039
Candidates: 0.000080
Neighbors:  0.008781
Iterations: 0.045884
Vorticity:  0.004906
Viscosity:  0.001245
Update:     0.000094

Forces:     0.000089
Candidates: 0.000157
Neighbors:  0.008893
Iterations: 0.045763
Vorticity:  0.004892
Viscosity:  0.001245
Update:     0.000117

Forces:     0.000042
Candidates: 0.000093
Neighbors:  0.008771
Iterations: 0.045652
Vorticity:  0.004879
Viscosity:  0.001237
Update:     0.000092

Forces:     0.000038
Candidates: 0.000070
Neighbors:  0.008758
Iterations: 0.045478
Vorticity:  0.004862
Viscosity:  0.001234
Update:     0.000100

Forces:     0.000035
Candidates: 0.000071
Neighbors:  0.008754
Iterations: 0.045290
Vorticity:  0.004844
Viscosity:  0.001231
Update:     0.000087

Forces:     0.000036
Candidates: 0.000072
Neighbors:  0.008790
Iterations: 0.045167
Vorticity:  0.004828
Viscosity:  0.001230
Update:     0.000090

Forces:     0.000085
Candidates: 0.000156
Neighbors:  0.008842
Iterations: 0.045048
Vorticity:  0.004815
Viscosity:  0.001228
Update:     0.000108

Forces:     0.000035
Candidates: 0.000088
Neighbors:  0.008735
Iterations: 0.044927
Vorticity:  0.004796
Viscosity:  0.001218
Update:     0.000091

Forces:     0.000037
Candidates: 0.000074
Neighbors:  0.008691
Iterations: 0.044661
Vorticity:  0.004778
Viscosity:  0.001211
Update:     0.000088

Forces:     0.000035
Candidates: 0.000072
Neighbors:  0.008679
Iterations: 0.044477
Vorticity:  0.004760
Viscosity:  0.001210
Update:     0.000083

Forces:     0.000036
Candidates: 0.000072
Neighbors:  0.008644
Iterations: 0.044298
Vorticity:  0.004741
Viscosity:  0.001204
Update:     0.000085

Forces:     0.000077
Candidates: 0.000168
Neighbors:  0.008761
Iterations: 0.044142
Vorticity:  0.004724
Viscosity:  0.001210
Update:     0.000115

Forces:     0.000034
Candidates: 0.000075
Neighbors:  0.008698
Iterations: 0.043987
Vorticity:  0.004704
Viscosity:  0.001193
Update:     0.000082

Forces:     0.000033
Candidates: 0.000082
Neighbors:  0.008648
Iterations: 0.043811
Vorticity:  0.004687
Viscosity:  0.001195
Update:     0.000088

Forces:     0.000035
Candidates: 0.000073
Neighbors:  0.008602
Iterations: 0.043627
Vorticity:  0.004673
Viscosity:  0.001186
Update:     0.000087

Forces:     0.000036
Candidates: 0.000075
Neighbors:  0.008603
Iterations: 0.043433
Vorticity:  0.004645
Viscosity:  0.001183
Update:     0.000088

Forces:     0.000088
Candidates: 0.000156
Neighbors:  0.008896
Iterations: 0.044763
Vorticity:  0.004754
Viscosity:  0.001242
Update:     0.000111

Forces:     0.000037
Candidates: 0.000077
Neighbors:  0.008905
Iterations: 0.044597
Vorticity:  0.004734
Viscosity:  0.001235
Update:     0.000081

Forces:     0.000034
Candidates: 0.000092
Neighbors:  0.008838
Iterations: 0.044478
Vorticity:  0.004720
Viscosity:  0.001232
Update:     0.000081

Forces:     0.000033
Candidates: 0.000070
Neighbors:  0.008806
Iterations: 0.044367
Vorticity:  0.004708
Viscosity:  0.001227
Update:     0.000084

Forces:     0.000033
Candidates: 0.000074
Neighbors:  0.008839
Iterations: 0.044196
Vorticity:  0.004690
Viscosity:  0.001220
Update:     0.000079

Forces:     0.000085
Candidates: 0.000159
Neighbors:  0.008807
Iterations: 0.044140
Vorticity:  0.004677
Viscosity:  0.001217
Update:     0.000100

Forces:     0.000034
Candidates: 0.000081
Neighbors:  0.008758
Iterations: 0.043967
Vorticity:  0.004659
Viscosity:  0.001212
Update:     0.000083

Forces:     0.000033
Candidates: 0.000074
Neighbors:  0.008722
Iterations: 0.043799
Vorticity:  0.004645
Viscosity:  0.001211
Update:     0.000080

Forces:     0.000032
Candidates: 0.000071
Neighbors:  0.008783
Iterations: 0.043919
Vorticity:  0.004625
Viscosity:  0.001202
Update:     0.000124

Forces:     0.000052
Candidates: 0.000075
Neighbors:  0.008775
Iterations: 0.043532
Vorticity:  0.004707
Viscosity:  0.001220
Update:     0.000152

Forces:     0.000159
Candidates: 0.000254
Neighbors:  0.008949
Iterations: 0.043366
Vorticity:  0.004598
Viscosity:  0.001200
Update:     0.000111

Forces:     0.000035
Candidates: 0.000072
Neighbors:  0.008759
Iterations: 0.043206
Vorticity:  0.004582
Viscosity:  0.001193
Update:     0.000075

Forces:     0.000032
Candidates: 0.000075
Neighbors:  0.008688
Iterations: 0.043045
Vorticity:  0.004566
Viscosity:  0.001184
Update:     0.000079

Forces:     0.000036
Candidates: 0.000087
Neighbors:  0.008662
Iterations: 0.042909
Vorticity:  0.004548
Viscosity:  0.001183
Update:     0.000079

Forces:     0.000031
Candidates: 0.000074
Neighbors:  0.008645
Iterations: 0.044584
Vorticity:  0.004531
Viscosity:  0.001176
Update:     0.000079

Forces:     0.000081
Candidates: 0.000158
Neighbors:  0.008679
Iterations: 0.042620
Vorticity:  0.004513
Viscosity:  0.001174
Update:     0.000100

Forces:     0.000031
Candidates: 0.000071
Neighbors:  0.008601
Iterations: 0.042462
Vorticity:  0.004502
Viscosity:  0.001172
Update:     0.000076

Forces:     0.000031
Candidates: 0.000077
Neighbors:  0.008595
Iterations: 0.042318
Vorticity:  0.004487
Viscosity:  0.001155
Update:     0.000083

Forces:     0.000031
Candidates: 0.000072
Neighbors:  0.008569
Iterations: 0.042180
Vorticity:  0.004471
Viscosity:  0.001159
Update:     0.000075

Forces:     0.000031
Candidates: 0.000077
Neighbors:  0.008558
Iterations: 0.042039
Vorticity:  0.004462
Viscosity:  0.001152
Update:     0.000075

Forces:     0.000077
Candidates: 0.000163
Neighbors:  0.008586
Iterations: 0.041924
Vorticity:  0.004447
Viscosity:  0.001152
Update:     0.000104

Forces:     0.000029
Candidates: 0.000073
Neighbors:  0.008535
Iterations: 0.041715
Vorticity:  0.004434
Viscosity:  0.001149
Update:     0.000076

Forces:     0.000029
Candidates: 0.000077
Neighbors:  0.008524
Iterations: 0.041534
Vorticity:  0.004414
Viscosity:  0.001142
Update:     0.000080

Forces:     0.000032
Candidates: 0.000081
Neighbors:  0.008526
Iterations: 0.041431
Vorticity:  0.004406
Viscosity:  0.001137
Update:     0.000074

Forces:     0.000029
Candidates: 0.000075
Neighbors:  0.008532
Iterations: 0.041282
Vorticity:  0.004398
Viscosity:  0.001134
Update:     0.000076

Forces:     0.000087
Candidates: 0.000165
Neighbors:  0.008375
Iterations: 0.040233
Vorticity:  0.004258
Viscosity:  0.001109
Update:     0.000098

Forces:     0.000035
Candidates: 0.000077
Neighbors:  0.008284
Iterations: 0.040070
Vorticity:  0.004243
Viscosity:  0.001101
Update:     0.000074

Forces:     0.000033
Candidates: 0.000084
Neighbors:  0.008263
Iterations: 0.039932
Vorticity:  0.004228
Viscosity:  0.001102
Update:     0.000071

Forces:     0.000029
Candidates: 0.000074
Neighbors:  0.008231
Iterations: 0.039785
Vorticity:  0.004205
Viscosity:  0.001100
Update:     0.000074

Forces:     0.000029
Candidates: 0.000075
Neighbors:  0.008224
Iterations: 0.039638
Vorticity:  0.004190
Viscosity:  0.001091
Update:     0.000073

Forces:     0.000078
Candidates: 0.000158
Neighbors:  0.008244
Iterations: 0.039428
Vorticity:  0.004167
Viscosity:  0.001085
Update:     0.000092

Forces:     0.000030
Candidates: 0.000078
Neighbors:  0.008259
Iterations: 0.039181
Vorticity:  0.004152
Viscosity:  0.001090
Update:     0.000075

Forces:     0.000026
Candidates: 0.000075
Neighbors:  0.008181
Iterations: 0.039005
Vorticity:  0.004135
Viscosity:  0.001087
Update:     0.000071

Forces:     0.000028
Candidates: 0.000073
Neighbors:  0.008164
Iterations: 0.038870
Vorticity:  0.004118
Viscosity:  0.001078
Update:     0.000070

Forces:     0.000029
Candidates: 0.000073
Neighbors:  0.008189
Iterations: 0.038663
Vorticity:  0.004098
Viscosity:  0.001072
Update:     0.000067

Forces:     0.000073
Candidates: 0.000161
Neighbors:  0.008151
Iterations: 0.038465
Vorticity:  0.004078
Viscosity:  0.001071
Update:     0.000095

Forces:     0.000028
Candidates: 0.000076
Neighbors:  0.008077
Iterations: 0.038319
Vorticity:  0.004061
Viscosity:  0.001069
Update:     0.000070

Forces:     0.000028
Candidates: 0.000077
Neighbors:  0.008049
Iterations: 0.038159
Vorticity:  0.004044
Viscosity:  0.001065
Update:     0.000069

Forces:     0.000028
Candidates: 0.000081
Neighbors:  0.008044
Iterations: 0.037999
Vorticity:  0.004029
Viscosity:  0.001061
Update:     0.000073

Forces:     0.000029
Candidates: 0.000076
Neighbors:  0.008096
Iterations: 0.037872
Vorticity:  0.004010
Viscosity:  0.001059
Update:     0.000067

Forces:     0.000077
Candidates: 0.000160
Neighbors:  0.008065
Iterations: 0.037683
Vorticity:  0.003995
Viscosity:  0.001054
Update:     0.000092

Forces:     0.000028
Candidates: 0.000074
Neighbors:  0.007993
Iterations: 0.037507
Vorticity:  0.003973
Viscosity:  0.001058
Update:     0.000073

Forces:     0.000030
Candidates: 0.000077
Neighbors:  0.007982
Iterations: 0.037393
Vorticity:  0.003963
Viscosity:  0.001050
Update:     0.000073

Forces:     0.000028
Candidates: 0.000076
Neighbors:  0.008024
Iterations: 0.037240
Vorticity:  0.003951
Viscosity:  0.001044
Update:     0.000063

Forces:     0.000027
Candidates: 0.000075
Neighbors:  0.007936
Iterations: 0.037063
Vorticity:  0.003927
Viscosity:  0.001041
Update:     0.000070

Forces:     0.000074
Candidates: 0.000155
Neighbors:  0.007968
Iterations: 0.036937
Vorticity:  0.003913
Viscosity:  0.001035
Update:     0.000091

Forces:     0.000025
Candidates: 0.000077
Neighbors:  0.007911
Iterations: 0.036771
Vorticity:  0.003895
Viscosity:  0.001034
Update:     0.000069

Forces:     0.000028
Candidates: 0.000075
Neighbors:  0.007959
Iterations: 0.036736
Vorticity:  0.003887
Viscosity:  0.001030
Update:     0.000076

Forces:     0.000041
Candidates: 0.000079
Neighbors:  0.007895
Iterations: 0.036523
Vorticity:  0.003875
Viscosity:  0.001026
Update:     0.000068

Forces:     0.000031
Candidates: 0.000079
Neighbors:  0.007855
Iterations: 0.036408
Vorticity:  0.003865
Viscosity:  0.001030
Update:     0.000066

Forces:     0.000066
Candidates: 0.000162
Neighbors:  0.007903
Iterations: 0.036266
Vorticity:  0.003848
Viscosity:  0.001021
Update:     0.000091

Forces:     0.000029
Candidates: 0.000076
Neighbors:  0.007831
Iterations: 0.036154
Vorticity:  0.003839
Viscosity:  0.001021
Update:     0.000069

Forces:     0.000028
Candidates: 0.000080
Neighbors:  0.007831
Iterations: 0.035712
Vorticity:  0.003747
Viscosity:  0.000971
Update:     0.000075

Forces:     0.000028
Candidates: 0.000075
Neighbors:  0.007733
Iterations: 0.034630
Vorticity:  0.003737
Viscosity:  0.000967
Update:     0.000064

Forces:     0.000027
Candidates: 0.000076
Neighbors:  0.007649
Iterations: 0.034468
Vorticity:  0.003718
Viscosity:  0.000962
Update:     0.000064

Forces:     0.000068
Candidates: 0.000161
Neighbors:  0.007767
Iterations: 0.034372
Vorticity:  0.003705
Viscosity:  0.000963
Update:     0.000094

Forces:     0.000026
Candidates: 0.000074
Neighbors:  0.007631
Iterations: 0.034253
Vorticity:  0.003693
Viscosity:  0.000955
Update:     0.000066

Forces:     0.000027
Candidates: 0.000077
Neighbors:  0.007680
Iterations: 0.034125
Vorticity:  0.003675
Viscosity:  0.000957
Update:     0.000064

Forces:     0.000028
Candidates: 0.000073
Neighbors:  0.007584
Iterations: 0.033982
Vorticity:  0.003659
Viscosity:  0.000954
Update:     0.000064

Forces:     0.000026
Candidates: 0.000073
Neighbors:  0.007594
Iterations: 0.033842
Vorticity:  0.003645
Viscosity:  0.000949
Update:     0.000069

Forces:     0.000072
Candidates: 0.000159
Neighbors:  0.007698
Iterations: 0.034984
Vorticity:  0.003736
Viscosity:  0.000989
Update:     0.000093

Forces:     0.000027
Candidates: 0.000077
Neighbors:  0.007554
Iterations: 0.035220
Vorticity:  0.003757
Viscosity:  0.000996
Update:     0.000079

Forces:     0.000038
Candidates: 0.000077
Neighbors:  0.007825
Iterations: 0.035099
Vorticity:  0.003737
Viscosity:  0.000990
Update:     0.000070

Forces:     0.000026
Candidates: 0.000094
Neighbors:  0.007780
Iterations: 0.035089
Vorticity:  0.003727
Viscosity:  0.001007
Update:     0.000071

Forces:     0.000028
Candidates: 0.000079
Neighbors:  0.007769
Iterations: 0.034858
Vorticity:  0.003712
Viscosity:  0.001024
Update:     0.000075

Forces:     0.000080
Candidates: 0.000167
Neighbors:  0.007800
Iterations: 0.034790
Vorticity:  0.003700
Viscosity:  0.001000
Update:     0.000091

Forces:     0.000029
Candidates: 0.000080
Neighbors:  0.007705
Iterations: 0.034669
Vorticity:  0.003692
Viscosity:  0.000995
Update:     0.000070

Forces:     0.000027
Candidates: 0.000073
Neighbors:  0.007679
Iterations: 0.034561
Vorticity:  0.003679
Viscosity:  0.000992
Update:     0.000068

Forces:     0.000026
Candidates: 0.000076
Neighbors:  0.007734
Iterations: 0.034456
Vorticity:  0.003667
Viscosity:  0.000986
Update:     0.000064

Forces:     0.000024
Candidates: 0.000080
Neighbors:  0.007671
Iterations: 0.034350
Vorticity:  0.003657
Viscosity:  0.000985
Update:     0.000070

Forces:     0.000094
Candidates: 0.000160
Neighbors:  0.007727
Iterations: 0.034480
Vorticity:  0.003652
Viscosity:  0.000961
Update:     0.000101

Forces:     0.000052
Candidates: 0.000074
Neighbors:  0.007659
Iterations: 0.034127
Vorticity:  0.003632
Viscosity:  0.000957
Update:     0.000070

Forces:     0.000027
Candidates: 0.000079
Neighbors:  0.007585
Iterations: 0.033982
Vorticity:  0.003623
Viscosity:  0.000954
Update:     0.000068

Forces:     0.000028
Candidates: 0.000073
Neighbors:  0.007573
Iterations: 0.033898
Vorticity:  0.003611
Viscosity:  0.000955
Update:     0.000069

Forces:     0.000027
Candidates: 0.000076
Neighbors:  0.007566
Iterations: 0.033815
Vorticity:  0.003601
Viscosity:  0.000949
Update:     0.000067

Forces:     0.000069
Candidates: 0.000156
Neighbors:  0.007673
Iterations: 0.033602
Vorticity:  0.003497
Viscosity:  0.000906
Update:     0.000089

Forces:     0.000025
Candidates: 0.000077
Neighbors:  0.007336
Iterations: 0.032259
Vorticity:  0.003480
Viscosity:  0.000905
Update:     0.000067

Forces:     0.000028
Candidates: 0.000076
Neighbors:  0.007269
Iterations: 0.032178
Vorticity:  0.003469
Viscosity:  0.000904
Update:     0.000068

Forces:     0.000032
Candidates: 0.000073
Neighbors:  0.007259
Iterations: 0.032081
Vorticity:  0.003461
Viscosity:  0.000903
Update:     0.000068

Forces:     0.000023
Candidates: 0.000077
Neighbors:  0.007244
Iterations: 0.032009
Vorticity:  0.003449
Viscosity:  0.000896
Update:     0.000067

Forces:     0.000066
Candidates: 0.000154
Neighbors:  0.007559
Iterations: 0.033090
Vorticity:  0.003528
Viscosity:  0.000931
Update:     0.000091

Forces:     0.000027
Candidates: 0.000071
Neighbors:  0.007463
Iterations: 0.032996
Vorticity:  0.003519
Viscosity:  0.000972
Update:     0.000067

Forces:     0.000029
Candidates: 0.000079
Neighbors:  0.007444
Iterations: 0.032836
Vorticity:  0.003502
Viscosity:  0.000930
Update:     0.000077

Forces:     0.000026
Candidates: 0.000071
Neighbors:  0.007429
Iterations: 0.033741
Vorticity:  0.003652
Viscosity:  0.000958
Update:     0.000069

Forces:     0.000029
Candidates: 0.000073
Neighbors:  0.007608
Iterations: 0.034191
Vorticity:  0.003649
Viscosity:  0.000956
Update:     0.000069

Forces:     0.000075
Candidates: 0.000153
Neighbors:  0.007676
Iterations: 0.034123
Vorticity:  0.003644
Viscosity:  0.000956
Update:     0.000081

Forces:     0.000026
Candidates: 0.000083
Neighbors:  0.007593
Iterations: 0.034100
Vorticity:  0.003642
Viscosity:  0.000952
Update:     0.000066

Forces:     0.000027
Candidates: 0.000096
Neighbors:  0.007557
Iterations: 0.034105
Vorticity:  0.003641
Viscosity:  0.000949
Update:     0.000064

Forces:     0.000027
Candidates: 0.000095
Neighbors:  0.007553
Iterations: 0.034031
Vorticity:  0.003633
Viscosity:  0.000953
Update:     0.000063

Forces:     0.000027
Candidates: 0.000074
Neighbors:  0.007123
Iterations: 0.031893
Vorticity:  0.003423
Viscosity:  0.000902
Update:     0.000063

Forces:     0.000063
Candidates: 0.000164
Neighbors:  0.007347
Iterations: 0.031745
Vorticity:  0.003414
Viscosity:  0.000894
Update:     0.000089

Forces:     0.000025
Candidates: 0.000078
Neighbors:  0.007193
Iterations: 0.031665
Vorticity:  0.003403
Viscosity:  0.000895
Update:     0.000064

Forces:     0.000026
Candidates: 0.000075
Neighbors:  0.007127
Iterations: 0.031518
Vorticity:  0.003388
Viscosity:  0.000891
Update:     0.000061

Forces:     0.000025
Candidates: 0.000076
Neighbors:  0.007120
Iterations: 0.031415
Vorticity:  0.003377
Viscosity:  0.000885
Update:     0.000065

Forces:     0.000026
Candidates: 0.000076
Neighbors:  0.007113
Iterations: 0.031276
Vorticity:  0.003363
Viscosity:  0.000886
Update:     0.000063

Forces:     0.000060
Candidates: 0.000165
Neighbors:  0.007281
Iterations: 0.031270
Vorticity:  0.003360
Viscosity:  0.000889
Update:     0.000089

Forces:     0.000025
Candidates: 0.000076
Neighbors:  0.007110
Iterations: 0.031179
Vorticity:  0.003350
Viscosity:  0.000881
Update:     0.000060

Forces:     0.000026
Candidates: 0.000076
Neighbors:  0.007092
Iterations: 0.031054
Vorticity:  0.003336
Viscosity:  0.000878
Update:     0.000065

Forces:     0.000025
Candidates: 0.000074
Neighbors:  0.007070
Iterations: 0.031022
Vorticity:  0.003334
Viscosity:  0.000876
Update:     0.000061

Forces:     0.000024
Candidates: 0.000083
Neighbors:  0.007074
Iterations: 0.030942
Vorticity:  0.003326
Viscosity:  0.000876
Update:     0.000059

Forces:     0.000061
Candidates: 0.000167
Neighbors:  0.007223
Iterations: 0.030913
Vorticity:  0.003321
Viscosity:  0.000874
Update:     0.000083

Forces:     0.000024
Candidates: 0.000076
Neighbors:  0.007062
Iterations: 0.030842
Vorticity:  0.003313
Viscosity:  0.000869
Update:     0.000062

Forces:     0.000028
Candidates: 0.000084
Neighbors:  0.007042
Iterations: 0.030766
Vorticity:  0.003306
Viscosity:  0.000869
Update:     0.000063

Forces:     0.000025
Candidates: 0.000078
Neighbors:  0.007038
Iterations: 0.030702
Vorticity:  0.003300
Viscosity:  0.000869
Update:     0.000061

Forces:     0.000028
Candidates: 0.000074
Neighbors:  0.007084
Iterations: 0.030665
Vorticity:  0.003292
Viscosity:  0.000871
Update:     0.000060

Forces:     0.000061
Candidates: 0.000160
Neighbors:  0.007198
Iterations: 0.030662
Vorticity:  0.003295
Viscosity:  0.000867
Update:     0.000084

Forces:     0.000027
Candidates: 0.000082
Neighbors:  0.007033
Iterations: 0.030546
Vorticity:  0.003290
Viscosity:  0.000864
Update:     0.000063

Forces:     0.000026
Candidates: 0.000076
Neighbors:  0.007001
Iterations: 0.030477
Vorticity:  0.003277
Viscosity:  0.000862
Update:     0.000066

Forces:     0.000025
Candidates: 0.000078
Neighbors:  0.006990
Iterations: 0.030400
Vorticity:  0.003270
Viscosity:  0.000862
Update:     0.000062

Forces:     0.000025
Candidates: 0.000077
Neighbors:  0.006983
Iterations: 0.030282
Vorticity:  0.003262
Viscosity:  0.000860
Update:     0.000064

Forces:     0.000065
Candidates: 0.000157
Neighbors:  0.007189
Iterations: 0.030386
Vorticity:  0.003259
Viscosity:  0.000872
Update:     0.000083

Forces:     0.000025
Candidates: 0.000073
Neighbors:  0.007083
Iterations: 0.030274
Vorticity:  0.003252
Viscosity:  0.000866
Update:     0.000063

Forces:     0.000025
Candidates: 0.000080
Neighbors:  0.007073
Iterations: 0.030235
Vorticity:  0.003250
Viscosity:  0.000866
Update:     0.000065

Forces:     0.000027
Candidates: 0.000072
Neighbors:  0.007059
Iterations: 0.030120
Vorticity:  0.003247
Viscosity:  0.000868
Update:     0.000061

Forces:     0.000028
Candidates: 0.000077
Neighbors:  0.007065
Iterations: 0.030099
Vorticity:  0.003241
Viscosity:  0.000865
Update:     0.000064

Forces:     0.000070
Candidates: 0.000161
Neighbors:  0.007203
Iterations: 0.031054
Vorticity:  0.003318
Viscosity:  0.000894
Update:     0.000081

Forces:     0.000024
Candidates: 0.000080
Neighbors:  0.007135
Iterations: 0.030985
Vorticity:  0.003305
Viscosity:  0.000891
Update:     0.000064

Forces:     0.000026
Candidates: 0.000078
Neighbors:  0.007109
Iterations: 0.030933
Vorticity:  0.003299
Viscosity:  0.000896
Update:     0.000061

Forces:     0.000023
Candidates: 0.000077
Neighbors:  0.007106
Iterations: 0.030880
Vorticity:  0.003297
Viscosity:  0.000892
Update:     0.000058

Forces:     0.000023
Candidates: 0.000078
Neighbors:  0.007092
Iterations: 0.030825
Vorticity:  0.003289
Viscosity:  0.000891
Update:     0.000058

Forces:     0.000067
Candidates: 0.000160
Neighbors:  0.007200
Iterations: 0.030787
Vorticity:  0.003292
Viscosity:  0.000889
Update:     0.000082

Forces:     0.000023
Candidates: 0.000080
Neighbors:  0.007129
Iterations: 0.030752
Vorticity:  0.003275
Viscosity:  0.000891
Update:     0.000061

Forces:     0.000030
Candidates: 0.000089
Neighbors:  0.007124
Iterations: 0.030715
Vorticity:  0.003273
Viscosity:  0.000891
Update:     0.000059

Forces:     0.000025
Candidates: 0.000086
Neighbors:  0.007123
Iterations: 0.030639
Vorticity:  0.003266
Viscosity:  0.000887
Update:     0.000061

Forces:     0.000028
Candidates: 0.000078
Neighbors:  0.007100
Iterations: 0.030616
Vorticity:  0.003260
Viscosity:  0.000888
Update:     0.000064

Forces:     0.000063
Candidates: 0.000162
Neighbors:  0.007170
Iterations: 0.030586
Vorticity:  0.003258
Viscosity:  0.000886
Update:     0.000086

Forces:     0.000025
Candidates: 0.000083
Neighbors:  0.007124
Iterations: 0.030523
Vorticity:  0.003251
Viscosity:  0.000885
Update:     0.000063

Forces:     0.000025
Candidates: 0.000081
Neighbors:  0.007093
Iterations: 0.030515
Vorticity:  0.003250
Viscosity:  0.000884
Update:     0.000069

Forces:     0.000025
Candidates: 0.000079
Neighbors:  0.007075
Iterations: 0.030453
Vorticity:  0.003242
Viscosity:  0.000883
Update:     0.000060

Forces:     0.000025
Candidates: 0.000084
Neighbors:  0.007064
Iterations: 0.030447
Vorticity:  0.003239
Viscosity:  0.000883
Update:     0.000059

Forces:     0.000068
Candidates: 0.000161
Neighbors:  0.007141
Iterations: 0.030396
Vorticity:  0.003236
Viscosity:  0.000881
Update:     0.000081

Forces:     0.000024
Candidates: 0.000078
Neighbors:  0.007053
Iterations: 0.030405
Vorticity:  0.003233
Viscosity:  0.000884
Update:     0.000062

Forces:     0.000025
Candidates: 0.000102
Neighbors:  0.007040
Iterations: 0.030401
Vorticity:  0.003234
Viscosity:  0.000880
Update:     0.000061

Forces:     0.000025
Candidates: 0.000081
Neighbors:  0.007045
Iterations: 0.030374
Vorticity:  0.003227
Viscosity:  0.000879
Update:     0.000064

Forces:     0.000027
Candidates: 0.000091
Neighbors:  0.007037
Iterations: 0.030355
Vorticity:  0.003225
Viscosity:  0.000878
Update:     0.000062

Forces:     0.000065
Candidates: 0.000162
Neighbors:  0.007137
Iterations: 0.030343
Vorticity:  0.003231
Viscosity:  0.000879
Update:     0.000084

Forces:     0.000024
Candidates: 0.000082
Neighbors:  0.007044
Iterations: 0.030355
Vorticity:  0.003224
Viscosity:  0.000882
Update:     0.000060

Forces:     0.000026
Candidates: 0.000081
Neighbors:  0.007029
Iterations: 0.030344
Vorticity:  0.003227
Viscosity:  0.000879
Update:     0.000058

Forces:     0.000028
Candidates: 0.000090
Neighbors:  0.007023
Iterations: 0.030355
Vorticity:  0.003229
Viscosity:  0.000881
Update:     0.000063

Forces:     0.000026
Candidates: 0.000084
Neighbors:  0.007023
Iterations: 0.030284
Vorticity:  0.003222
Viscosity:  0.000882
Update:     0.000061

Forces:     0.000066
Candidates: 0.000165
Neighbors:  0.007143
Iterations: 0.030322
Vorticity:  0.003225
Viscosity:  0.000883
Update:     0.000084

Forces:     0.000025
Candidates: 0.000082
Neighbors:  0.007014
Iterations: 0.030341
Vorticity:  0.003224
Viscosity:  0.000883
Update:     0.000060

Forces:     0.000027
Candidates: 0.000082
Neighbors:  0.007013
Iterations: 0.030330
Vorticity:  0.003224
Viscosity:  0.000883
Update:     0.000060

Forces:     0.000025
Candidates: 0.000099
Neighbors:  0.007016
Iterations: 0.030291
Vorticity:  0.003223
Viscosity:  0.000883
Update:     0.000070

Forces:     0.000026
Candidates: 0.000082
Neighbors:  0.007015
Iterations: 0.030341
Vorticity:  0.003224
Viscosity:  0.000879
Update:     0.000065

Forces:     0.000068
Candidates: 0.000159
Neighbors:  0.007141
Iterations: 0.030388
Vorticity:  0.003237
Viscosity:  0.000882
Update:     0.000089

Forces:     0.000031
Candidates: 0.000085
Neighbors:  0.007022
Iterations: 0.030380
Vorticity:  0.003233
Viscosity:  0.000879
Update:     0.000069

Forces:     0.000026
Candidates: 0.000080
Neighbors:  0.007009
Iterations: 0.030358
Vorticity:  0.003230
Viscosity:  0.000881
Update:     0.000064

Forces:     0.000026
Candidates: 0.000079
Neighbors:  0.007002
Iterations: 0.030407
Vorticity:  0.003239
Viscosity:  0.000882
Update:     0.000068

Forces:     0.000027
Candidates: 0.000078
Neighbors:  0.007013
Iterations: 0.030401
Vorticity:  0.003236
Viscosity:  0.000881
Update:     0.000062

Forces:     0.000070
Candidates: 0.000161
Neighbors:  0.007163
Iterations: 0.030434
Vorticity:  0.003245
Viscosity:  0.000885
Update:     0.000083

Forces:     0.000026
Candidates: 0.000079
Neighbors:  0.007035
Iterations: 0.030467
Vorticity:  0.003245
Viscosity:  0.000886
Update:     0.000065

Forces:     0.000027
Candidates: 0.000080
Neighbors:  0.006997
Iterations: 0.030455
Vorticity:  0.003249
Viscosity:  0.000885
Update:     0.000064

Forces:     0.000025
Candidates: 0.000082
Neighbors:  0.007015
Iterations: 0.030453
Vorticity:  0.003258
Viscosity:  0.000884
Update:     0.000064

Forces:     0.000026
Candidates: 0.000081
Neighbors:  0.007025
Iterations: 0.030514
Vorticity:  0.003266
Viscosity:  0.000885
Update:     0.000065

Forces:     0.000067
Candidates: 0.000161
Neighbors:  0.007169
Iterations: 0.030515
Vorticity:  0.003269
Viscosity:  0.000884
Update:     0.000084

Forces:     0.000028
Candidates: 0.000093
Neighbors:  0.007036
Iterations: 0.030558
Vorticity:  0.003275
Viscosity:  0.000883
Update:     0.000067

Forces:     0.000027
Candidates: 0.000079
Neighbors:  0.007030
Iterations: 0.030584
Vorticity:  0.003272
Viscosity:  0.000888
Update:     0.000062

Forces:     0.000026
Candidates: 0.000079
Neighbors:  0.007049
Iterations: 0.030648
Vorticity:  0.003283
Viscosity:  0.000889
Update:     0.000064

Forces:     0.000027
Candidates: 0.000081
Neighbors:  0.007039
Iterations: 0.030682
Vorticity:  0.003286
Viscosity:  0.000888
Update:     0.000065

Forces:     0.000070
Candidates: 0.000160
Neighbors:  0.007234
Iterations: 0.030711
Vorticity:  0.003295
Viscosity:  0.000893
Update:     0.000086

Forces:     0.000027
Candidates: 0.000083
Neighbors:  0.007051
Iterations: 0.032012
Vorticity:  0.003338
Viscosity:  0.000893
Update:     0.000151

Forces:     0.000067
Candidates: 0.000080
Neighbors:  0.007271
Iterations: 0.030786
Vorticity:  0.003312
Viscosity:  0.000897
Update:     0.000065

Forces:     0.000028
Candidates: 0.000080
Neighbors:  0.007059
Iterations: 0.030885
Vorticity:  0.003314
Viscosity:  0.000897
Update:     0.000065

Forces:     0.000026
Candidates: 0.000086
Neighbors:  0.007049
Iterations: 0.030985
Vorticity:  0.003326
Viscosity:  0.000890
Update:     0.000067

Forces:     0.000068
Candidates: 0.000161
Neighbors:  0.007209
Iterations: 0.031030
Vorticity:  0.003329
Viscosity:  0.000897
Update:     0.000089

Forces:     0.000027
Candidates: 0.000080
Neighbors:  0.007064
Iterations: 0.031117
Vorticity:  0.003336
Viscosity:  0.000902
Update:     0.000064

Forces:     0.000027
Candidates: 0.000079
Neighbors:  0.007058
Iterations: 0.031154
Vorticity:  0.003344
Viscosity:  0.000902
Update:     0.000065

Forces:     0.000026
Candidates: 0.000082
Neighbors:  0.007052
Iterations: 0.031194
Vorticity:  0.003348
Viscosity:  0.000901
Update:     0.000071

Forces:     0.000027
Candidates: 0.000081
Neighbors:  0.007052
Iterations: 0.031275
Vorticity:  0.003351
Viscosity:  0.000902
Update:     0.000063

Forces:     0.000077
Candidates: 0.000169
Neighbors:  0.007224
Iterations: 0.031286
Vorticity:  0.003367
Viscosity:  0.000892
Update:     0.000091

Forces:     0.000028
Candidates: 0.000086
Neighbors:  0.007085
Iterations: 0.031312
Vorticity:  0.003369
Viscosity:  0.000895
Update:     0.000067

Forces:     0.000026
Candidates: 0.000079
Neighbors:  0.007067
Iterations: 0.031331
Vorticity:  0.003374
Viscosity:  0.000896
Update:     0.000062

Forces:     0.000025
Candidates: 0.000081
Neighbors:  0.007057
Iterations: 0.031365
Vorticity:  0.003375
Viscosity:  0.000898
Update:     0.000067

Forces:     0.000026
Candidates: 0.000083
Neighbors:  0.007064
Iterations: 0.031349
Vorticity:  0.003374
Viscosity:  0.000899
Update:     0.000065

Forces:     0.000071
Candidates: 0.000160
Neighbors:  0.007236
Iterations: 0.031418
Vorticity:  0.003378
Viscosity:  0.000899
Update:     0.000089

Forces:     0.000026
Candidates: 0.000083
Neighbors:  0.007092
Iterations: 0.031402
Vorticity:  0.003378
Viscosity:  0.000899
Update:     0.000063

Forces:     0.000026
Candidates: 0.000082
Neighbors:  0.007085
Iterations: 0.031411
Vorticity:  0.003377
Viscosity:  0.000900
Update:     0.000063

Forces:     0.000025
Candidates: 0.000079
Neighbors:  0.007088
Iterations: 0.031434
Vorticity:  0.003380
Viscosity:  0.000904
Update:     0.000065

Forces:     0.000025
Candidates: 0.000094
Neighbors:  0.007084
Iterations: 0.031430
Vorticity:  0.003377
Viscosity:  0.000901
Update:     0.000062

Forces:     0.000073
Candidates: 0.000171
Neighbors:  0.007303
Iterations: 0.031743
Vorticity:  0.003440
Viscosity:  0.000906
Update:     0.000089

Forces:     0.000030
Candidates: 0.000076
Neighbors:  0.007149
Iterations: 0.031943
Vorticity:  0.003440
Viscosity:  0.000912
Update:     0.000063

Forces:     0.000025
Candidates: 0.000075
Neighbors:  0.007122
Iterations: 0.032014
Vorticity:  0.003452
Viscosity:  0.000918
Update:     0.000061

Forces:     0.000026
Candidates: 0.000077
Neighbors:  0.007101
Iterations: 0.032026
Vorticity:  0.003454
Viscosity:  0.000911
Update:     0.000069

Forces:     0.000029
Candidates: 0.000077
Neighbors:  0.007100
Iterations: 0.032086
Vorticity:  0.003461
Viscosity:  0.000915
Update:     0.000060

Forces:     0.000068
Candidates: 0.000164
Neighbors:  0.007247
Iterations: 0.032154
Vorticity:  0.003470
Viscosity:  0.000917
Update:     0.000089

Forces:     0.000033
Candidates: 0.000073
Neighbors:  0.007164
Iterations: 0.032172
Vorticity:  0.003467
Viscosity:  0.000917
Update:     0.000057

Forces:     0.000025
Candidates: 0.000083
Neighbors:  0.007125
Iterations: 0.032163
Vorticity:  0.003468
Viscosity:  0.000916
Update:     0.000062

Forces:     0.000025
Candidates: 0.000075
Neighbors:  0.007140
Iterations: 0.032182
Vorticity:  0.003470
Viscosity:  0.000918
Update:     0.000067

Forces:     0.000024
Candidates: 0.000077
Neighbors:  0.007134
Iterations: 0.032228
Vorticity:  0.003472
Viscosity:  0.000920
Update:     0.000066

Forces:     0.000069
Candidates: 0.000163
Neighbors:  0.007246
Iterations: 0.032263
Vorticity:  0.003480
Viscosity:  0.000920
Update:     0.000089

Forces:     0.000023
Candidates: 0.000075
Neighbors:  0.007129
Iterations: 0.032279
Vorticity:  0.003478
Viscosity:  0.000921
Update:     0.000064

Forces:     0.000026
Candidates: 0.000074
Neighbors:  0.007132
Iterations: 0.032283
Vorticity:  0.003478
Viscosity:  0.000921
Update:     0.000065

Forces:     0.000024
Candidates: 0.000075
Neighbors:  0.007121
Iterations: 0.032331
Vorticity:  0.003486
Viscosity:  0.000922
Update:     0.000062

Forces:     0.000025
Candidates: 0.000074
Neighbors:  0.007119
Iterations: 0.032368
Vorticity:  0.003488
Viscosity:  0.000924
Update:     0.000063

Forces:     0.000060
Candidates: 0.000157
Neighbors:  0.007266
Iterations: 0.032438
Vorticity:  0.003490
Viscosity:  0.000923
Update:     0.000085

Forces:     0.000024
Candidates: 0.000077
Neighbors:  0.007159
Iterations: 0.032487
Vorticity:  0.003498
Viscosity:  0.000925
Update:     0.000071

Forces:     0.000024
Candidates: 0.000076
Neighbors:  0.007145
Iterations: 0.032545
Vorticity:  0.003512
Viscosity:  0.000925
Update:     0.000066

Forces:     0.000026
Candidates: 0.000074
Neighbors:  0.007128
Iterations: 0.032606
Vorticity:  0.003511
Viscosity:  0.000925
Update:     0.000064

Forces:     0.000026
Candidates: 0.000074
Neighbors:  0.007136
Iterations: 0.032632
Vorticity:  0.003517
Viscosity:  0.000927
Update:     0.000062

Forces:     0.000068
Candidates: 0.000156
Neighbors:  0.007311
Iterations: 0.032723
Vorticity:  0.003527
Viscosity:  0.000928
Update:     0.000083

Forces:     0.000024
Candidates: 0.000082
Neighbors:  0.007171
Iterations: 0.032768
Vorticity:  0.003531
Viscosity:  0.000929
Update:     0.000062

Forces:     0.000026
Candidates: 0.000075
Neighbors:  0.007156
Iterations: 0.032827
Vorticity:  0.003535
Viscosity:  0.000928
Update:     0.000066

Forces:     0.000025
Candidates: 0.000075
Neighbors:  0.007206
Iterations: 0.032891
Vorticity:  0.003542
Viscosity:  0.000933
Update:     0.000059

Forces:     0.000026
Candidates: 0.000079
Neighbors:  0.007196
Iterations: 0.032954
Vorticity:  0.003551
Viscosity:  0.000932
Update:     0.000065

Forces:     0.000065
Candidates: 0.000156
Neighbors:  0.007323
Iterations: 0.033053
Vorticity:  0.003557
Viscosity:  0.000933
Update:     0.000086

Forces:     0.000026
Candidates: 0.000075
Neighbors:  0.007216
Iterations: 0.033069
Vorticity:  0.003559
Viscosity:  0.000934
Update:     0.000065

Forces:     0.000025
Candidates: 0.000076
Neighbors:  0.007262
Iterations: 0.033186
Vorticity:  0.003571
Viscosity:  0.000938
Update:     0.000061

Forces:     0.000025
Candidates: 0.000078
Neighbors:  0.007227
Iterations: 0.033242
Vorticity:  0.003573
Viscosity:  0.000939
Update:     0.000065

Forces:     0.000028
Candidates: 0.000082
Neighbors:  0.007203
Iterations: 0.033280
Vorticity:  0.003586
Viscosity:  0.000939
Update:     0.000064

Forces:     0.000075
Candidates: 0.000161
Neighbors:  0.007358
Iterations: 0.033585
Vorticity:  0.003593
Viscosity:  0.000941
Update:     0.000090

Forces:     0.000026
Candidates: 0.000081
Neighbors:  0.007250
Iterations: 0.033483
Vorticity:  0.003598
Viscosity:  0.000944
Update:     0.000064

Forces:     0.000026
Candidates: 0.000079
Neighbors:  0.007213
Iterations: 0.033531
Vorticity:  0.003603
Viscosity:  0.000946
Update:     0.000066

Forces:     0.000027
Candidates: 0.000079
Neighbors:  0.007237
Iterations: 0.033612
Vorticity:  0.003614
Viscosity:  0.000945
Update:     0.000073

Forces:     0.000026
Candidates: 0.000079
Neighbors:  0.007219
Iterations: 0.033696
Vorticity:  0.003618
Viscosity:  0.000949
Update:     0.000065

Forces:     0.000063
Candidates: 0.000164
Neighbors:  0.007350
Iterations: 0.033782
Vorticity:  0.003625
Viscosity:  0.000951
Update:     0.000085

Forces:     0.000025
Candidates: 0.000079
Neighbors:  0.007253
Iterations: 0.033816
Vorticity:  0.003634
Viscosity:  0.000949
Update:     0.000064

Forces:     0.000026
Candidates: 0.000079
Neighbors:  0.007296
Iterations: 0.033880
Vorticity:  0.003638
Viscosity:  0.000954
Update:     0.000061

Forces:     0.000022
Candidates: 0.000078
Neighbors:  0.007255
Iterations: 0.033937
Vorticity:  0.003658
Viscosity:  0.000953
Update:     0.000067

Forces:     0.000028
Candidates: 0.000079
Neighbors:  0.007251
Iterations: 0.034011
Vorticity:  0.003661
Viscosity:  0.000954
Update:     0.000069

Forces:     0.000066
Candidates: 0.000162
Neighbors:  0.007389
Iterations: 0.034134
Vorticity:  0.003671
Viscosity:  0.000957
Update:     0.000083

Forces:     0.000024
Candidates: 0.000079
Neighbors:  0.007282
Iterations: 0.034153
Vorticity:  0.003677
Viscosity:  0.000962
Update:     0.000069

Forces:     0.000025
Candidates: 0.000087
Neighbors:  0.007291
Iterations: 0.034237
Vorticity:  0.003687
Viscosity:  0.000961
Update:     0.000069

Forces:     0.000026
Candidates: 0.000080
Neighbors:  0.007296
Iterations: 0.034330
Vorticity:  0.003695
Viscosity:  0.000962
Update:     0.000069

Forces:     0.000025
Candidates: 0.000083
Neighbors:  0.007327
Iterations: 0.034444
Vorticity:  0.003708
Viscosity:  0.000964
Update:     0.000065

Forces:     0.000065
Candidates: 0.000164
Neighbors:  0.007501
Iterations: 0.034575
Vorticity:  0.003719
Viscosity:  0.000967
Update:     0.000085

Forces:     0.000025
Candidates: 0.000077
Neighbors:  0.007352
Iterations: 0.034628
Vorticity:  0.003728
Viscosity:  0.000965
Update:     0.000061

Forces:     0.000025
Candidates: 0.000080
Neighbors:  0.007374
Iterations: 0.034737
Vorticity:  0.003740
Viscosity:  0.000969
Update:     0.000068

Forces:     0.000028
Candidates: 0.000077
Neighbors:  0.007353
Iterations: 0.034805
Vorticity:  0.003745
Viscosity:  0.000972
Update:     0.000068

Forces:     0.000025
Candidates: 0.000080
Neighbors:  0.007363
Iterations: 0.034855
Vorticity:  0.003748
Viscosity:  0.000973
Update:     0.000062

Forces:     0.000085
Candidates: 0.000167
Neighbors:  0.007509
Iterations: 0.035001
Vorticity:  0.003768
Viscosity:  0.000976
Update:     0.000090

Forces:     0.000026
Candidates: 0.000088
Neighbors:  0.007399
Iterations: 0.035072
Vorticity:  0.003774
Viscosity:  0.000980
Update:     0.000068

Forces:     0.000028
Candidates: 0.000079
Neighbors:  0.007407
Iterations: 0.035170
Vorticity:  0.003782
Viscosity:  0.000980
Update:     0.000066

Forces:     0.000026
Candidates: 0.000085
Neighbors:  0.007409
Iterations: 0.035256
Vorticity:  0.003792
Viscosity:  0.000983
Update:     0.000067

Forces:     0.000025
Candidates: 0.000078
Neighbors:  0.007427
Iterations: 0.035313
Vorticity:  0.003801
Viscosity:  0.000985
Update:     0.000065

Forces:     0.000083
Candidates: 0.000161
Neighbors:  0.007558
Iterations: 0.035413
Vorticity:  0.003812
Viscosity:  0.000987
Update:     0.000095

Forces:     0.000024
Candidates: 0.000078
Neighbors:  0.007520
Iterations: 0.035486
Vorticity:  0.003813
Viscosity:  0.000988
Update:     0.000069

Forces:     0.000027
Candidates: 0.000078
Neighbors:  0.007485
Iterations: 0.035565
Vorticity:  0.003838
Viscosity:  0.000994
Update:     0.000068

Forces:     0.000027
Candidates: 0.000079
Neighbors:  0.007485
Iterations: 0.035684
Vorticity:  0.003835
Viscosity:  0.000995
Update:     0.000070

Forces:     0.000028
Candidates: 0.000079
Neighbors:  0.007506
Iterations: 0.035754
Vorticity:  0.003845
Viscosity:  0.000996
Update:     0.000065

Forces:     0.000072
Candidates: 0.000159
Neighbors:  0.007703
Iterations: 0.035895
Vorticity:  0.003850
Viscosity:  0.001001
Update:     0.000085

Forces:     0.000027
Candidates: 0.000076
Neighbors:  0.007573
Iterations: 0.035952
Vorticity:  0.003861
Viscosity:  0.001003
Update:     0.000066

Forces:     0.000026
Candidates: 0.000076
Neighbors:  0.007552
Iterations: 0.036080
Vorticity:  0.003871
Viscosity:  0.001009
Update:     0.000074

Forces:     0.000026
Candidates: 0.000077
Neighbors:  0.007567
Iterations: 0.036138
Vorticity:  0.003882
Viscosity:  0.001007
Update:     0.000068

Forces:     0.000025
Candidates: 0.000082
Neighbors:  0.007589
Iterations: 0.036234
Vorticity:  0.003892
Viscosity:  0.001012
Update:     0.000063

Forces:     0.000069
Candidates: 0.000160
Neighbors:  0.007716
Iterations: 0.036365
Vorticity:  0.003906
Viscosity:  0.001015
Update:     0.000087

Forces:     0.000027
Candidates: 0.000081
Neighbors:  0.007669
Iterations: 0.036455
Vorticity:  0.003912
Viscosity:  0.001015
Update:     0.000068

Forces:     0.000028
Candidates: 0.000100
Neighbors:  0.007673
Iterations: 0.036555
Vorticity:  0.003923
Viscosity:  0.001022
Update:     0.000075

Forces:     0.000026
Candidates: 0.000082
Neighbors:  0.007692
Iterations: 0.036620
Vorticity:  0.003933
Viscosity:  0.001026
Update:     0.000069

Forces:     0.000027
Candidates: 0.000079
Neighbors:  0.007700
Iterations: 0.036740
Vorticity:  0.003946
Viscosity:  0.001026
Update:     0.000068

Forces:     0.000070
Candidates: 0.000169
Neighbors:  0.007853
Iterations: 0.036900
Vorticity:  0.003965
Viscosity:  0.001032
Update:     0.000089

Forces:     0.000033
Candidates: 0.000094
Neighbors:  0.007772
Iterations: 0.037014
Vorticity:  0.003973
Viscosity:  0.001034
Update:     0.000069

Forces:     0.000031
Candidates: 0.000086
Neighbors:  0.007784
Iterations: 0.037129
Vorticity:  0.003985
Viscosity:  0.001042
Update:     0.000073

Forces:     0.000027
Candidates: 0.000080
Neighbors:  0.007781
Iterations: 0.037227
Vorticity:  0.003997
Viscosity:  0.001040
Update:     0.000069

Forces:     0.000028
Candidates: 0.000082
Neighbors:  0.007800
Iterations: 0.037296
Vorticity:  0.004004
Viscosity:  0.001043
Update:     0.000072

Forces:     0.000075
Candidates: 0.000161
Neighbors:  0.007969
Iterations: 0.037448
Vorticity:  0.004020
Viscosity:  0.001049
Update:     0.000087

Forces:     0.000029
Candidates: 0.000084
Neighbors:  0.007837
Iterations: 0.037484
Vorticity:  0.004024
Viscosity:  0.001050
Update:     0.000068

Forces:     0.000029
Candidates: 0.000081
Neighbors:  0.007847
Iterations: 0.037641
Vorticity:  0.004038
Viscosity:  0.001055
Update:     0.000070

Forces:     0.000028
Candidates: 0.000083
Neighbors:  0.007840
Iterations: 0.037722
Vorticity:  0.004047
Viscosity:  0.001058
Update:     0.000085

Forces:     0.000029
Candidates: 0.000082
Neighbors:  0.007851
Iterations: 0.037776
Vorticity:  0.004047
Viscosity:  0.001057
Update:     0.000071

Forces:     0.000066
Candidates: 0.000162
Neighbors:  0.008015
Iterations: 0.037881
Vorticity:  0.004061
Viscosity:  0.001056
Update:     0.000087

Forces:     0.000026
Candidates: 0.000080
Neighbors:  0.007886
Iterations: 0.037923
Vorticity:  0.004067
Viscosity:  0.001060
Update:     0.000070

Forces:     0.000026
Candidates: 0.000082
Neighbors:  0.007869
Iterations: 0.038059
Vorticity:  0.004074
Viscosity:  0.001064
Update:     0.000068

Forces:     0.000028
Candidates: 0.000084
Neighbors:  0.007876
Iterations: 0.038087
Vorticity:  0.004078
Viscosity:  0.001063
Update:     0.000073

Forces:     0.000029
Candidates: 0.000083
Neighbors:  0.007877
Iterations: 0.038169
Vorticity:  0.004089
Viscosity:  0.001066
Update:     0.000070

Forces:     0.000076
Candidates: 0.000164
Neighbors:  0.008046
Iterations: 0.038296
Vorticity:  0.004110
Viscosity:  0.001068
Update:     0.000092

Forces:     0.000027
Candidates: 0.000081
Neighbors:  0.007916
Iterations: 0.038313
Vorticity:  0.004104
Viscosity:  0.001068
Update:     0.000071

Forces:     0.000028
Candidates: 0.000080
Neighbors:  0.007972
Iterations: 0.038304
Vorticity:  0.004107
Viscosity:  0.001071
Update:     0.000067

Forces:     0.000028
Candidates: 0.000082
Neighbors:  0.007951
Iterations: 0.038393
Vorticity:  0.004113
Viscosity:  0.001073
Update:     0.000074

Forces:     0.000028
Candidates: 0.000084
Neighbors:  0.007946
Iterations: 0.038432
Vorticity:  0.004119
Viscosity:  0.001078
Update:     0.000074

Total Forces:     0.039570
Total Candidates: 0.059190
Total Neighbors:  3.687269
Total Iterations: 16.707661
Total Vorticity:  1.780056
Total Viscosity:  0.460238
Total Update:     0.037857

