Forces:     0.044845
Candidates: 0.026029
Neighbors:  0.099949
Iterations: 0.051571
Vorticity:  0.002192
Viscosity:  0.000594
Update:     0.000073

Forces:     0.000058
Candidates: 0.000070
Neighbors:  0.005663
Iterations: 0.021190
Vorticity:  0.002189
Viscosity:  0.000600
Update:     0.000061

Forces:     0.000050
Candidates: 0.000066
Neighbors:  0.006882
Iterations: 0.020569
Vorticity:  0.002117
Viscosity:  0.000576
Update:     0.000064

Forces:     0.000046
Candidates: 0.000069
Neighbors:  0.006341
Iterations: 0.021132
Vorticity:  0.002199
Viscosity:  0.000589
Update:     0.000061

Forces:     0.000044
Candidates: 0.000070
Neighbors:  0.006441
Iterations: 0.014009
Vorticity:  0.001306
Viscosity:  0.000357
Update:     0.000046

Forces:     0.000032
Candidates: 0.000171
Neighbors:  0.003955
Iterations: 0.012712
Vorticity:  0.001321
Viscosity:  0.000357
Update:     0.000088

Forces:     0.000019
Candidates: 0.000058
Neighbors:  0.003977
Iterations: 0.012888
Vorticity:  0.001342
Viscosity:  0.000360
Update:     0.000042

Forces:     0.000022
Candidates: 0.000053
Neighbors:  0.003913
Iterations: 0.013013
Vorticity:  0.001351
Viscosity:  0.000367
Update:     0.000047

Forces:     0.000018
Candidates: 0.000060
Neighbors:  0.003969
Iterations: 0.013095
Vorticity:  0.001357
Viscosity:  0.000366
Update:     0.000043

Forces:     0.000021
Candidates: 0.000055
Neighbors:  0.003919
Iterations: 0.013143
Vorticity:  0.001360
Viscosity:  0.000367
Update:     0.000040

Forces:     0.000031
Candidates: 0.000167
Neighbors:  0.003944
Iterations: 0.013166
Vorticity:  0.001362
Viscosity:  0.000367
Update:     0.000088

Forces:     0.000020
Candidates: 0.000050
Neighbors:  0.003900
Iterations: 0.013175
Vorticity:  0.001361
Viscosity:  0.000367
Update:     0.000041

Forces:     0.000019
Candidates: 0.000058
Neighbors:  0.003882
Iterations: 0.013172
Vorticity:  0.001362
Viscosity:  0.000368
Update:     0.000044

Forces:     0.000018
Candidates: 0.000048
Neighbors:  0.003889
Iterations: 0.013194
Vorticity:  0.001362
Viscosity:  0.000366
Update:     0.000043

Forces:     0.000019
Candidates: 0.000069
Neighbors:  0.003891
Iterations: 0.013217
Vorticity:  0.001364
Viscosity:  0.000367
Update:     0.000042

Forces:     0.000033
Candidates: 0.000163
Neighbors:  0.003995
Iterations: 0.013315
Vorticity:  0.001374
Viscosity:  0.000370
Update:     0.000089

Forces:     0.000022
Candidates: 0.000051
Neighbors:  0.003928
Iterations: 0.013310
Vorticity:  0.001378
Viscosity:  0.000371
Update:     0.000048

Forces:     0.000027
Candidates: 0.000057
Neighbors:  0.003982
Iterations: 0.013324
Vorticity:  0.001379
Viscosity:  0.000377
Update:     0.000051

Forces:     0.000021
Candidates: 0.000050
Neighbors:  0.003932
Iterations: 0.013360
Vorticity:  0.001382
Viscosity:  0.000378
Update:     0.000045

Forces:     0.000021
Candidates: 0.000053
Neighbors:  0.003917
Iterations: 0.013414
Vorticity:  0.001390
Viscosity:  0.000374
Update:     0.000048

Forces:     0.000040
Candidates: 0.000168
Neighbors:  0.004003
Iterations: 0.013440
Vorticity:  0.001392
Viscosity:  0.000375
Update:     0.000088

Forces:     0.000022
Candidates: 0.000053
Neighbors:  0.003915
Iterations: 0.013482
Vorticity:  0.001392
Viscosity:  0.000378
Update:     0.000045

Forces:     0.000020
Candidates: 0.000055
Neighbors:  0.003972
Iterations: 0.013542
Vorticity:  0.001400
Viscosity:  0.000385
Update:     0.000045

Forces:     0.000021
Candidates: 0.000053
Neighbors:  0.003926
Iterations: 0.013552
Vorticity:  0.001406
Viscosity:  0.000383
Update:     0.000046

Forces:     0.000023
Candidates: 0.000052
Neighbors:  0.003923
Iterations: 0.013606
Vorticity:  0.001409
Viscosity:  0.000388
Update:     0.000047

Forces:     0.000043
Candidates: 0.000164
Neighbors:  0.004012
Iterations: 0.013617
Vorticity:  0.001409
Viscosity:  0.000385
Update:     0.000091

Forces:     0.000022
Candidates: 0.000055
Neighbors:  0.003942
Iterations: 0.013628
Vorticity:  0.001412
Viscosity:  0.000384
Update:     0.000044

Forces:     0.000020
Candidates: 0.000054
Neighbors:  0.003908
Iterations: 0.013651
Vorticity:  0.001413
Viscosity:  0.000384
Update:     0.000049

Forces:     0.000019
Candidates: 0.000066
Neighbors:  0.003933
Iterations: 0.013706
Vorticity:  0.001420
Viscosity:  0.000389
Update:     0.000044

Forces:     0.000020
Candidates: 0.000055
Neighbors:  0.003999
Iterations: 0.013733
Vorticity:  0.001421
Viscosity:  0.000394
Update:     0.000045

Forces:     0.000071
Candidates: 0.000191
Neighbors:  0.004067
Iterations: 0.013731
Vorticity:  0.001423
Viscosity:  0.000397
Update:     0.000088

Forces:     0.000024
Candidates: 0.000053
Neighbors:  0.003958
Iterations: 0.013783
Vorticity:  0.001429
Viscosity:  0.000391
Update:     0.000048

Forces:     0.000022
Candidates: 0.000053
Neighbors:  0.004061
Iterations: 0.013782
Vorticity:  0.001430
Viscosity:  0.000392
Update:     0.000046

Forces:     0.000023
Candidates: 0.000054
Neighbors:  0.003962
Iterations: 0.013814
Vorticity:  0.001428
Viscosity:  0.000395
Update:     0.000047

Forces:     0.000020
Candidates: 0.000057
Neighbors:  0.003922
Iterations: 0.014130
Vorticity:  0.001436
Viscosity:  0.000399
Update:     0.000047

Forces:     0.000050
Candidates: 0.000184
Neighbors:  0.004110
Iterations: 0.013866
Vorticity:  0.001439
Viscosity:  0.000395
Update:     0.000086

Forces:     0.000025
Candidates: 0.000056
Neighbors:  0.003977
Iterations: 0.013892
Vorticity:  0.001440
Viscosity:  0.000396
Update:     0.000042

Forces:     0.000021
Candidates: 0.000053
Neighbors:  0.004025
Iterations: 0.013918
Vorticity:  0.001439
Viscosity:  0.000395
Update:     0.000046

Forces:     0.000024
Candidates: 0.000054
Neighbors:  0.003994
Iterations: 0.013982
Vorticity:  0.001445
Viscosity:  0.000398
Update:     0.000043

Forces:     0.000024
Candidates: 0.000058
Neighbors:  0.004003
Iterations: 0.013975
Vorticity:  0.001445
Viscosity:  0.000399
Update:     0.000039

Forces:     0.000042
Candidates: 0.000188
Neighbors:  0.004032
Iterations: 0.014044
Vorticity:  0.001448
Viscosity:  0.000399
Update:     0.000083

Forces:     0.000021
Candidates: 0.000062
Neighbors:  0.003991
Iterations: 0.014079
Vorticity:  0.001452
Viscosity:  0.000403
Update:     0.000041

Forces:     0.000020
Candidates: 0.000065
Neighbors:  0.003988
Iterations: 0.014125
Vorticity:  0.001460
Viscosity:  0.000405
Update:     0.000038

Forces:     0.000024
Candidates: 0.000064
Neighbors:  0.003996
Iterations: 0.014140
Vorticity:  0.001461
Viscosity:  0.000405
Update:     0.000039

Forces:     0.000020
Candidates: 0.000058
Neighbors:  0.004024
Iterations: 0.014141
Vorticity:  0.001740
Viscosity:  0.000404
Update:     0.000040

Forces:     0.000175
Candidates: 0.000236
Neighbors:  0.004356
Iterations: 0.014190
Vorticity:  0.001464
Viscosity:  0.000407
Update:     0.000081

Forces:     0.000023
Candidates: 0.000059
Neighbors:  0.004045
Iterations: 0.014160
Vorticity:  0.001465
Viscosity:  0.000408
Update:     0.000047

Forces:     0.000020
Candidates: 0.000061
Neighbors:  0.004038
Iterations: 0.014177
Vorticity:  0.001469
Viscosity:  0.000406
Update:     0.000044

Forces:     0.000018
Candidates: 0.000063
Neighbors:  0.004051
Iterations: 0.014215
Vorticity:  0.001473
Viscosity:  0.000406
Update:     0.000049

Forces:     0.000019
Candidates: 0.000065
Neighbors:  0.004063
Iterations: 0.014238
Vorticity:  0.001474
Viscosity:  0.000410
Update:     0.000043

Forces:     0.000055
Candidates: 0.000163
Neighbors:  0.004127
Iterations: 0.014289
Vorticity:  0.001481
Viscosity:  0.000408
Update:     0.000083

Forces:     0.000018
Candidates: 0.000062
Neighbors:  0.004173
Iterations: 0.014304
Vorticity:  0.001480
Viscosity:  0.000412
Update:     0.000048

Forces:     0.000021
Candidates: 0.000062
Neighbors:  0.004130
Iterations: 0.014329
Vorticity:  0.001486
Viscosity:  0.000410
Update:     0.000046

Forces:     0.000019
Candidates: 0.000060
Neighbors:  0.004129
Iterations: 0.014378
Vorticity:  0.001490
Viscosity:  0.000414
Update:     0.000042

Forces:     0.000022
Candidates: 0.000058
Neighbors:  0.004213
Iterations: 0.014431
Vorticity:  0.001492
Viscosity:  0.000415
Update:     0.000043

Forces:     0.000045
Candidates: 0.000177
Neighbors:  0.004219
Iterations: 0.014459
Vorticity:  0.001499
Viscosity:  0.000413
Update:     0.000082

Forces:     0.000025
Candidates: 0.000061
Neighbors:  0.004161
Iterations: 0.014503
Vorticity:  0.001502
Viscosity:  0.000417
Update:     0.000041

Forces:     0.000019
Candidates: 0.000060
Neighbors:  0.004168
Iterations: 0.014564
Vorticity:  0.001510
Viscosity:  0.000416
Update:     0.000045

Forces:     0.000021
Candidates: 0.000063
Neighbors:  0.004193
Iterations: 0.014645
Vorticity:  0.001512
Viscosity:  0.000421
Update:     0.000042

Forces:     0.000019
Candidates: 0.000059
Neighbors:  0.004202
Iterations: 0.014712
Vorticity:  0.001515
Viscosity:  0.000422
Update:     0.000042

Forces:     0.000047
Candidates: 0.000169
Neighbors:  0.004264
Iterations: 0.014756
Vorticity:  0.001523
Viscosity:  0.000420
Update:     0.000076

Forces:     0.000023
Candidates: 0.000071
Neighbors:  0.004217
Iterations: 0.014750
Vorticity:  0.001526
Viscosity:  0.000422
Update:     0.000037

Forces:     0.000023
Candidates: 0.000071
Neighbors:  0.004234
Iterations: 0.014815
Vorticity:  0.001532
Viscosity:  0.000422
Update:     0.000038

Forces:     0.000023
Candidates: 0.000084
Neighbors:  0.004247
Iterations: 0.014859
Vorticity:  0.001533
Viscosity:  0.000423
Update:     0.000037

Forces:     0.000022
Candidates: 0.000068
Neighbors:  0.004337
Iterations: 0.014927
Vorticity:  0.001543
Viscosity:  0.000422
Update:     0.000041

Forces:     0.000050
Candidates: 0.000169
Neighbors:  0.004350
Iterations: 0.014995
Vorticity:  0.001548
Viscosity:  0.000428
Update:     0.000078

Forces:     0.000025
Candidates: 0.000079
Neighbors:  0.004295
Iterations: 0.015037
Vorticity:  0.001558
Viscosity:  0.000425
Update:     0.000043

Forces:     0.000021
Candidates: 0.000075
Neighbors:  0.004405
Iterations: 0.015097
Vorticity:  0.001563
Viscosity:  0.000429
Update:     0.000039

Forces:     0.000020
Candidates: 0.000073
Neighbors:  0.004329
Iterations: 0.015155
Vorticity:  0.001571
Viscosity:  0.000429
Update:     0.000047

Forces:     0.000020
Candidates: 0.000078
Neighbors:  0.004314
Iterations: 0.015238
Vorticity:  0.001583
Viscosity:  0.000430
Update:     0.000040

Forces:     0.000047
Candidates: 0.000161
Neighbors:  0.004363
Iterations: 0.015340
Vorticity:  0.001591
Viscosity:  0.000434
Update:     0.000082

Forces:     0.000023
Candidates: 0.000069
Neighbors:  0.004325
Iterations: 0.015431
Vorticity:  0.001601
Viscosity:  0.000432
Update:     0.000045

Forces:     0.000023
Candidates: 0.000068
Neighbors:  0.004422
Iterations: 0.015523
Vorticity:  0.001610
Viscosity:  0.000437
Update:     0.000037

Forces:     0.000022
Candidates: 0.000073
Neighbors:  0.004380
Iterations: 0.015618
Vorticity:  0.001620
Viscosity:  0.000442
Update:     0.000041

Forces:     0.000023
Candidates: 0.000076
Neighbors:  0.004397
Iterations: 0.015716
Vorticity:  0.001634
Viscosity:  0.000440
Update:     0.000039

Forces:     0.000194
Candidates: 0.000390
Neighbors:  0.004881
Iterations: 0.015873
Vorticity:  0.001650
Viscosity:  0.000444
Update:     0.000063

Forces:     0.000029
Candidates: 0.000072
Neighbors:  0.004406
Iterations: 0.015972
Vorticity:  0.001657
Viscosity:  0.000450
Update:     0.000043

Forces:     0.000020
Candidates: 0.000074
Neighbors:  0.004399
Iterations: 0.016090
Vorticity:  0.001671
Viscosity:  0.000449
Update:     0.000039

Forces:     0.000023
Candidates: 0.000076
Neighbors:  0.004517
Iterations: 0.016213
Vorticity:  0.001684
Viscosity:  0.000452
Update:     0.000041

Forces:     0.000025
Candidates: 0.000072
Neighbors:  0.004465
Iterations: 0.016352
Vorticity:  0.001697
Viscosity:  0.000451
Update:     0.000041

Forces:     0.000055
Candidates: 0.000187
Neighbors:  0.004504
Iterations: 0.016507
Vorticity:  0.001713
Viscosity:  0.000456
Update:     0.000078

Forces:     0.000024
Candidates: 0.000075
Neighbors:  0.004485
Iterations: 0.016646
Vorticity:  0.001729
Viscosity:  0.000455
Update:     0.000043

Forces:     0.000026
Candidates: 0.000069
Neighbors:  0.004605
Iterations: 0.016810
Vorticity:  0.001748
Viscosity:  0.000460
Update:     0.000042

Forces:     0.000024
Candidates: 0.000073
Neighbors:  0.004541
Iterations: 0.016957
Vorticity:  0.001759
Viscosity:  0.000484
Update:     0.000042

Forces:     0.000022
Candidates: 0.000079
Neighbors:  0.004644
Iterations: 0.017129
Vorticity:  0.001781
Viscosity:  0.000467
Update:     0.000041

Forces:     0.000047
Candidates: 0.000162
Neighbors:  0.004618
Iterations: 0.017273
Vorticity:  0.001799
Viscosity:  0.000481
Update:     0.000080

Forces:     0.000025
Candidates: 0.000066
Neighbors:  0.004575
Iterations: 0.017430
Vorticity:  0.001816
Viscosity:  0.000485
Update:     0.000047

Forces:     0.000022
Candidates: 0.000069
Neighbors:  0.004583
Iterations: 0.017591
Vorticity:  0.001833
Viscosity:  0.000490
Update:     0.000044

Forces:     0.000020
Candidates: 0.000070
Neighbors:  0.004683
Iterations: 0.017793
Vorticity:  0.001853
Viscosity:  0.000497
Update:     0.000043

Forces:     0.000023
Candidates: 0.000069
Neighbors:  0.004642
Iterations: 0.018010
Vorticity:  0.001877
Viscosity:  0.000502
Update:     0.000048

Forces:     0.000062
Candidates: 0.000175
Neighbors:  0.004727
Iterations: 0.018203
Vorticity:  0.001899
Viscosity:  0.000506
Update:     0.000082

Forces:     0.000022
Candidates: 0.000070
Neighbors:  0.004668
Iterations: 0.018399
Vorticity:  0.001920
Viscosity:  0.000510
Update:     0.000048

Forces:     0.000021
Candidates: 0.000074
Neighbors:  0.004688
Iterations: 0.018598
Vorticity:  0.001945
Viscosity:  0.000515
Update:     0.000044

Forces:     0.000019
Candidates: 0.000071
Neighbors:  0.004716
Iterations: 0.018814
Vorticity:  0.001968
Viscosity:  0.000524
Update:     0.000051

Forces:     0.000023
Candidates: 0.000075
Neighbors:  0.004736
Iterations: 0.019038
Vorticity:  0.001991
Viscosity:  0.000528
Update:     0.000043

Forces:     0.000050
Candidates: 0.000173
Neighbors:  0.004822
Iterations: 0.019273
Vorticity:  0.002019
Viscosity:  0.000536
Update:     0.000079

Forces:     0.000026
Candidates: 0.000074
Neighbors:  0.004771
Iterations: 0.019490
Vorticity:  0.002044
Viscosity:  0.000529
Update:     0.000044

Forces:     0.000025
Candidates: 0.000075
Neighbors:  0.004789
Iterations: 0.019743
Vorticity:  0.002071
Viscosity:  0.000533
Update:     0.000047

Forces:     0.000022
Candidates: 0.000075
Neighbors:  0.004889
Iterations: 0.019960
Vorticity:  0.002099
Viscosity:  0.000542
Update:     0.000046

Forces:     0.000025
Candidates: 0.000073
Neighbors:  0.004850
Iterations: 0.020216
Vorticity:  0.002124
Viscosity:  0.000548
Update:     0.000050

Forces:     0.000056
Candidates: 0.000168
Neighbors:  0.004976
Iterations: 0.020487
Vorticity:  0.002151
Viscosity:  0.000555
Update:     0.000076

Forces:     0.000027
Candidates: 0.000078
Neighbors:  0.004905
Iterations: 0.020750
Vorticity:  0.002183
Viscosity:  0.000561
Update:     0.000048

Forces:     0.000024
Candidates: 0.000080
Neighbors:  0.004892
Iterations: 0.021008
Vorticity:  0.002212
Viscosity:  0.000567
Update:     0.000046

Forces:     0.000025
Candidates: 0.000076
Neighbors:  0.004931
Iterations: 0.021315
Vorticity:  0.002232
Viscosity:  0.000584
Update:     0.000045

Forces:     0.000023
Candidates: 0.000077
Neighbors:  0.004931
Iterations: 0.021605
Vorticity:  0.002260
Viscosity:  0.000593
Update:     0.000052

Forces:     0.000054
Candidates: 0.000180
Neighbors:  0.005037
Iterations: 0.021889
Vorticity:  0.002290
Viscosity:  0.000595
Update:     0.000083

Forces:     0.000029
Candidates: 0.000087
Neighbors:  0.005063
Iterations: 0.022176
Vorticity:  0.002323
Viscosity:  0.000604
Update:     0.000052

Forces:     0.000026
Candidates: 0.000083
Neighbors:  0.005024
Iterations: 0.022478
Vorticity:  0.002354
Viscosity:  0.000614
Update:     0.000054

Forces:     0.000028
Candidates: 0.000085
Neighbors:  0.005022
Iterations: 0.022719
Vorticity:  0.002382
Viscosity:  0.000619
Update:     0.000050

Forces:     0.000030
Candidates: 0.000085
Neighbors:  0.005056
Iterations: 0.023034
Vorticity:  0.002412
Viscosity:  0.000630
Update:     0.000051

Forces:     0.000061
Candidates: 0.000179
Neighbors:  0.005138
Iterations: 0.023330
Vorticity:  0.002448
Viscosity:  0.000634
Update:     0.000080

Forces:     0.000028
Candidates: 0.000081
Neighbors:  0.005120
Iterations: 0.023632
Vorticity:  0.002478
Viscosity:  0.000644
Update:     0.000052

Forces:     0.000029
Candidates: 0.000085
Neighbors:  0.005219
Iterations: 0.023928
Vorticity:  0.002507
Viscosity:  0.000653
Update:     0.000050

Forces:     0.000029
Candidates: 0.000101
Neighbors:  0.005172
Iterations: 0.024228
Vorticity:  0.002545
Viscosity:  0.000657
Update:     0.000049

Forces:     0.000027
Candidates: 0.000101
Neighbors:  0.005234
Iterations: 0.024583
Vorticity:  0.002582
Viscosity:  0.000669
Update:     0.000054

Forces:     0.000071
Candidates: 0.000182
Neighbors:  0.005265
Iterations: 0.024853
Vorticity:  0.002609
Viscosity:  0.000676
Update:     0.000081

Forces:     0.000030
Candidates: 0.000081
Neighbors:  0.005200
Iterations: 0.025121
Vorticity:  0.002642
Viscosity:  0.000680
Update:     0.000056

Forces:     0.000030
Candidates: 0.000083
Neighbors:  0.005230
Iterations: 0.025446
Vorticity:  0.002671
Viscosity:  0.000686
Update:     0.000057

Forces:     0.000032
Candidates: 0.000086
Neighbors:  0.005330
Iterations: 0.025711
Vorticity:  0.002708
Viscosity:  0.000696
Update:     0.000054

Forces:     0.000030
Candidates: 0.000082
Neighbors:  0.005279
Iterations: 0.026015
Vorticity:  0.002738
Viscosity:  0.000701
Update:     0.000056

Forces:     0.000070
Candidates: 0.000179
Neighbors:  0.005436
Iterations: 0.026324
Vorticity:  0.002775
Viscosity:  0.000706
Update:     0.000079

Forces:     0.000029
Candidates: 0.000099
Neighbors:  0.005393
Iterations: 0.026601
Vorticity:  0.002805
Viscosity:  0.000715
Update:     0.000052

Forces:     0.000033
Candidates: 0.000089
Neighbors:  0.005390
Iterations: 0.026880
Vorticity:  0.002832
Viscosity:  0.000719
Update:     0.000058

Forces:     0.000035
Candidates: 0.000082
Neighbors:  0.005467
Iterations: 0.027149
Vorticity:  0.002873
Viscosity:  0.000723
Update:     0.000053

Forces:     0.000037
Candidates: 0.000088
Neighbors:  0.005470
Iterations: 0.027388
Vorticity:  0.002903
Viscosity:  0.000732
Update:     0.000052

Forces:     0.000064
Candidates: 0.000183
Neighbors:  0.005519
Iterations: 0.027646
Vorticity:  0.002928
Viscosity:  0.000735
Update:     0.000084

Forces:     0.000035
Candidates: 0.000088
Neighbors:  0.005540
Iterations: 0.027873
Vorticity:  0.002957
Viscosity:  0.000741
Update:     0.000057

Forces:     0.000032
Candidates: 0.000083
Neighbors:  0.005523
Iterations: 0.028112
Vorticity:  0.002983
Viscosity:  0.000742
Update:     0.000062

Forces:     0.000033
Candidates: 0.000094
Neighbors:  0.005533
Iterations: 0.028392
Vorticity:  0.003014
Viscosity:  0.000755
Update:     0.000058

Forces:     0.000034
Candidates: 0.000080
Neighbors:  0.005542
Iterations: 0.028658
Vorticity:  0.003041
Viscosity:  0.000758
Update:     0.000053

Forces:     0.000070
Candidates: 0.000179
Neighbors:  0.005629
Iterations: 0.028926
Vorticity:  0.003064
Viscosity:  0.000759
Update:     0.000084

Forces:     0.000038
Candidates: 0.000085
Neighbors:  0.005608
Iterations: 0.029131
Vorticity:  0.003091
Viscosity:  0.000763
Update:     0.000058

Forces:     0.000034
Candidates: 0.000103
Neighbors:  0.005636
Iterations: 0.029351
Vorticity:  0.003112
Viscosity:  0.000767
Update:     0.000058

Forces:     0.000033
Candidates: 0.000102
Neighbors:  0.005669
Iterations: 0.029562
Vorticity:  0.003133
Viscosity:  0.000779
Update:     0.000058

Forces:     0.000037
Candidates: 0.000096
Neighbors:  0.005684
Iterations: 0.029757
Vorticity:  0.003158
Viscosity:  0.000780
Update:     0.000057

Forces:     0.000067
Candidates: 0.000190
Neighbors:  0.005814
Iterations: 0.030013
Vorticity:  0.003176
Viscosity:  0.000785
Update:     0.000085

Forces:     0.000037
Candidates: 0.000086
Neighbors:  0.005839
Iterations: 0.030298
Vorticity:  0.003196
Viscosity:  0.000790
Update:     0.000060

Forces:     0.000037
Candidates: 0.000095
Neighbors:  0.005809
Iterations: 0.030523
Vorticity:  0.003217
Viscosity:  0.000799
Update:     0.000064

Forces:     0.000039
Candidates: 0.000098
Neighbors:  0.005822
Iterations: 0.030722
Vorticity:  0.003242
Viscosity:  0.000802
Update:     0.000064

Forces:     0.000039
Candidates: 0.000088
Neighbors:  0.005918
Iterations: 0.030964
Vorticity:  0.003260
Viscosity:  0.000806
Update:     0.000053

Forces:     0.000083
Candidates: 0.000185
Neighbors:  0.006008
Iterations: 0.031254
Vorticity:  0.003283
Viscosity:  0.000833
Update:     0.000090

Forces:     0.000036
Candidates: 0.000090
Neighbors:  0.005947
Iterations: 0.031411
Vorticity:  0.003306
Viscosity:  0.000822
Update:     0.000065

Forces:     0.000038
Candidates: 0.000093
Neighbors:  0.005975
Iterations: 0.031620
Vorticity:  0.003325
Viscosity:  0.000827
Update:     0.000062

Forces:     0.000038
Candidates: 0.000104
Neighbors:  0.006002
Iterations: 0.031821
Vorticity:  0.003353
Viscosity:  0.000834
Update:     0.000068

Forces:     0.000039
Candidates: 0.000106
Neighbors:  0.006009
Iterations: 0.032053
Vorticity:  0.003373
Viscosity:  0.000849
Update:     0.000061

Forces:     0.000084
Candidates: 0.000191
Neighbors:  0.006163
Iterations: 0.032232
Vorticity:  0.003397
Viscosity:  0.000856
Update:     0.000091

Forces:     0.000038
Candidates: 0.000090
Neighbors:  0.006096
Iterations: 0.032473
Vorticity:  0.003417
Viscosity:  0.000857
Update:     0.000067

Forces:     0.000040
Candidates: 0.000085
Neighbors:  0.006135
Iterations: 0.032699
Vorticity:  0.003439
Viscosity:  0.000868
Update:     0.000064

Forces:     0.000038
Candidates: 0.000101
Neighbors:  0.006173
Iterations: 0.032885
Vorticity:  0.003460
Viscosity:  0.000871
Update:     0.000066

Forces:     0.000038
Candidates: 0.000101
Neighbors:  0.006211
Iterations: 0.033134
Vorticity:  0.003491
Viscosity:  0.000880
Update:     0.000063

Forces:     0.000072
Candidates: 0.000176
Neighbors:  0.006366
Iterations: 0.033395
Vorticity:  0.003513
Viscosity:  0.000871
Update:     0.000090

Forces:     0.000039
Candidates: 0.000112
Neighbors:  0.006275
Iterations: 0.033617
Vorticity:  0.003536
Viscosity:  0.000877
Update:     0.000066

Forces:     0.000038
Candidates: 0.000108
Neighbors:  0.006375
Iterations: 0.033853
Vorticity:  0.003556
Viscosity:  0.000885
Update:     0.000066

Forces:     0.000041
Candidates: 0.000092
Neighbors:  0.006378
Iterations: 0.034030
Vorticity:  0.003580
Viscosity:  0.000888
Update:     0.000067

Forces:     0.000037
Candidates: 0.000089
Neighbors:  0.006384
Iterations: 0.034227
Vorticity:  0.003599
Viscosity:  0.000882
Update:     0.000069

Forces:     0.000096
Candidates: 0.000186
Neighbors:  0.006540
Iterations: 0.033669
Vorticity:  0.003576
Viscosity:  0.000888
Update:     0.000093

Forces:     0.000040
Candidates: 0.000089
Neighbors:  0.006435
Iterations: 0.033868
Vorticity:  0.003597
Viscosity:  0.000894
Update:     0.000067

Forces:     0.000038
Candidates: 0.000089
Neighbors:  0.006459
Iterations: 0.034054
Vorticity:  0.003621
Viscosity:  0.000899
Update:     0.000063

Forces:     0.000040
Candidates: 0.000089
Neighbors:  0.006481
Iterations: 0.034219
Vorticity:  0.003635
Viscosity:  0.000900
Update:     0.000064

Forces:     0.000039
Candidates: 0.000091
Neighbors:  0.006574
Iterations: 0.034375
Vorticity:  0.003653
Viscosity:  0.000905
Update:     0.000067

Forces:     0.000082
Candidates: 0.000188
Neighbors:  0.006674
Iterations: 0.034588
Vorticity:  0.003678
Viscosity:  0.000916
Update:     0.000095

Forces:     0.000042
Candidates: 0.000089
Neighbors:  0.006598
Iterations: 0.034698
Vorticity:  0.003684
Viscosity:  0.000912
Update:     0.000072

Forces:     0.000039
Candidates: 0.000090
Neighbors:  0.006616
Iterations: 0.034877
Vorticity:  0.003706
Viscosity:  0.000917
Update:     0.000072

Forces:     0.000038
Candidates: 0.000095
Neighbors:  0.006639
Iterations: 0.034973
Vorticity:  0.003721
Viscosity:  0.000918
Update:     0.000073

Forces:     0.000040
Candidates: 0.000089
Neighbors:  0.006634
Iterations: 0.035120
Vorticity:  0.003737
Viscosity:  0.000928
Update:     0.000069

Forces:     0.000084
Candidates: 0.000194
Neighbors:  0.006767
Iterations: 0.035288
Vorticity:  0.003747
Viscosity:  0.000936
Update:     0.000100

Forces:     0.000038
Candidates: 0.000091
Neighbors:  0.006674
Iterations: 0.035373
Vorticity:  0.003756
Viscosity:  0.000944
Update:     0.000066

Forces:     0.000040
Candidates: 0.000088
Neighbors:  0.006685
Iterations: 0.035492
Vorticity:  0.003768
Viscosity:  0.000941
Update:     0.000066

Forces:     0.000043
Candidates: 0.000098
Neighbors:  0.006723
Iterations: 0.035641
Vorticity:  0.003781
Viscosity:  0.000946
Update:     0.000062

Forces:     0.000044
Candidates: 0.000090
Neighbors:  0.006811
Iterations: 0.035709
Vorticity:  0.003792
Viscosity:  0.000971
Update:     0.000067

Forces:     0.000069
Candidates: 0.000186
Neighbors:  0.006893
Iterations: 0.035793
Vorticity:  0.003800
Viscosity:  0.000962
Update:     0.000094

Forces:     0.000043
Candidates: 0.000094
Neighbors:  0.006781
Iterations: 0.035867
Vorticity:  0.003810
Viscosity:  0.000955
Update:     0.000067

Forces:     0.000039
Candidates: 0.000093
Neighbors:  0.006852
Iterations: 0.035982
Vorticity:  0.003821
Viscosity:  0.000974
Update:     0.000067

Forces:     0.000041
Candidates: 0.000094
Neighbors:  0.006832
Iterations: 0.036078
Vorticity:  0.003826
Viscosity:  0.000960
Update:     0.000070

Forces:     0.000041
Candidates: 0.000096
Neighbors:  0.006833
Iterations: 0.036117
Vorticity:  0.003834
Viscosity:  0.000973
Update:     0.000060

Forces:     0.000081
Candidates: 0.000188
Neighbors:  0.006931
Iterations: 0.036219
Vorticity:  0.003842
Viscosity:  0.000978
Update:     0.000097

Forces:     0.000042
Candidates: 0.000110
Neighbors:  0.006840
Iterations: 0.036252
Vorticity:  0.003850
Viscosity:  0.000979
Update:     0.000077

Forces:     0.000039
Candidates: 0.000096
Neighbors:  0.006856
Iterations: 0.036316
Vorticity:  0.003851
Viscosity:  0.000981
Update:     0.000066

Forces:     0.000041
Candidates: 0.000105
Neighbors:  0.006855
Iterations: 0.036397
Vorticity:  0.003867
Viscosity:  0.000974
Update:     0.000069

Forces:     0.000041
Candidates: 0.000095
Neighbors:  0.006842
Iterations: 0.036428
Vorticity:  0.003865
Viscosity:  0.000974
Update:     0.000070

Forces:     0.000094
Candidates: 0.000191
Neighbors:  0.006941
Iterations: 0.036472
Vorticity:  0.003866
Viscosity:  0.000974
Update:     0.000090

Forces:     0.000040
Candidates: 0.000091
Neighbors:  0.006853
Iterations: 0.036416
Vorticity:  0.003865
Viscosity:  0.000978
Update:     0.000071

Forces:     0.000041
Candidates: 0.000111
Neighbors:  0.006835
Iterations: 0.036390
Vorticity:  0.003864
Viscosity:  0.000978
Update:     0.000065

Forces:     0.000040
Candidates: 0.000093
Neighbors:  0.006862
Iterations: 0.036449
Vorticity:  0.003875
Viscosity:  0.000987
Update:     0.000074

Forces:     0.000044
Candidates: 0.000089
Neighbors:  0.006925
Iterations: 0.036364
Vorticity:  0.003874
Viscosity:  0.000972
Update:     0.000074

Forces:     0.000075
Candidates: 0.000181
Neighbors:  0.007002
Iterations: 0.036446
Vorticity:  0.003874
Viscosity:  0.000976
Update:     0.000096

Forces:     0.000042
Candidates: 0.000101
Neighbors:  0.006949
Iterations: 0.036410
Vorticity:  0.003871
Viscosity:  0.000972
Update:     0.000068

Forces:     0.000042
Candidates: 0.000097
Neighbors:  0.006919
Iterations: 0.036376
Vorticity:  0.003869
Viscosity:  0.000971
Update:     0.000069

Forces:     0.000042
Candidates: 0.000091
Neighbors:  0.006919
Iterations: 0.036319
Vorticity:  0.003867
Viscosity:  0.000978
Update:     0.000068

Forces:     0.000042
Candidates: 0.000090
Neighbors:  0.006919
Iterations: 0.036263
Vorticity:  0.003862
Viscosity:  0.000966
Update:     0.000067

Forces:     0.000078
Candidates: 0.000172
Neighbors:  0.006976
Iterations: 0.036225
Vorticity:  0.003858
Viscosity:  0.000964
Update:     0.000102

Forces:     0.000042
Candidates: 0.000102
Neighbors:  0.006920
Iterations: 0.036171
Vorticity:  0.003852
Viscosity:  0.000967
Update:     0.000079

Forces:     0.000041
Candidates: 0.000092
Neighbors:  0.007017
Iterations: 0.036152
Vorticity:  0.003845
Viscosity:  0.000976
Update:     0.000072

Forces:     0.000041
Candidates: 0.000110
Neighbors:  0.006953
Iterations: 0.036175
Vorticity:  0.003834
Viscosity:  0.000973
Update:     0.000069

Forces:     0.000042
Candidates: 0.000111
Neighbors:  0.006948
Iterations: 0.036144
Vorticity:  0.003831
Viscosity:  0.000965
Update:     0.000071

Forces:     0.000078
Candidates: 0.000171
Neighbors:  0.006980
Iterations: 0.036119
Vorticity:  0.003828
Viscosity:  0.000968
Update:     0.000091

Forces:     0.000037
Candidates: 0.000095
Neighbors:  0.007004
Iterations: 0.035974
Vorticity:  0.003816
Viscosity:  0.000959
Update:     0.000067

Forces:     0.000044
Candidates: 0.000089
Neighbors:  0.006939
Iterations: 0.035920
Vorticity:  0.003819
Viscosity:  0.000960
Update:     0.000078

Forces:     0.000039
Candidates: 0.000096
Neighbors:  0.006991
Iterations: 0.035850
Vorticity:  0.003804
Viscosity:  0.000971
Update:     0.000064

Forces:     0.000040
Candidates: 0.000103
Neighbors:  0.006946
Iterations: 0.035715
Vorticity:  0.003791
Viscosity:  0.000956
Update:     0.000072

Forces:     0.000084
Candidates: 0.000192
Neighbors:  0.006987
Iterations: 0.035676
Vorticity:  0.003783
Viscosity:  0.000956
Update:     0.000091

Forces:     0.000041
Candidates: 0.000121
Neighbors:  0.006893
Iterations: 0.035503
Vorticity:  0.003776
Viscosity:  0.000961
Update:     0.000067

Forces:     0.000039
Candidates: 0.000107
Neighbors:  0.006858
Iterations: 0.035439
Vorticity:  0.003767
Viscosity:  0.000960
Update:     0.000067

Forces:     0.000037
Candidates: 0.000108
Neighbors:  0.006849
Iterations: 0.035329
Vorticity:  0.003757
Viscosity:  0.000953
Update:     0.000071

Forces:     0.000038
Candidates: 0.000094
Neighbors:  0.006821
Iterations: 0.035259
Vorticity:  0.003749
Viscosity:  0.000949
Update:     0.000068

Forces:     0.000074
Candidates: 0.000194
Neighbors:  0.006892
Iterations: 0.035220
Vorticity:  0.003739
Viscosity:  0.000945
Update:     0.000092

Forces:     0.000038
Candidates: 0.000112
Neighbors:  0.006876
Iterations: 0.035162
Vorticity:  0.003735
Viscosity:  0.000944
Update:     0.000068

Forces:     0.000039
Candidates: 0.000101
Neighbors:  0.006825
Iterations: 0.035059
Vorticity:  0.003737
Viscosity:  0.000940
Update:     0.000067

Forces:     0.000041
Candidates: 0.000095
Neighbors:  0.006765
Iterations: 0.035032
Vorticity:  0.003730
Viscosity:  0.000936
Update:     0.000070

Forces:     0.000040
Candidates: 0.000095
Neighbors:  0.006734
Iterations: 0.034910
Vorticity:  0.003722
Viscosity:  0.000932
Update:     0.000062

Forces:     0.000072
Candidates: 0.000189
Neighbors:  0.006813
Iterations: 0.034855
Vorticity:  0.003721
Viscosity:  0.000929
Update:     0.000091

Forces:     0.000039
Candidates: 0.000096
Neighbors:  0.006795
Iterations: 0.034802
Vorticity:  0.003707
Viscosity:  0.000924
Update:     0.000068

Forces:     0.000039
Candidates: 0.000091
Neighbors:  0.006771
Iterations: 0.034746
Vorticity:  0.003705
Viscosity:  0.000929
Update:     0.000065

Forces:     0.000042
Candidates: 0.000093
Neighbors:  0.006670
Iterations: 0.034753
Vorticity:  0.003716
Viscosity:  0.000919
Update:     0.000067

Forces:     0.000041
Candidates: 0.000092
Neighbors:  0.006901
Iterations: 0.034673
Vorticity:  0.003703
Viscosity:  0.000913
Update:     0.000061

Forces:     0.000084
Candidates: 0.000179
Neighbors:  0.006906
Iterations: 0.034581
Vorticity:  0.003698
Viscosity:  0.000915
Update:     0.000094

Forces:     0.000039
Candidates: 0.000098
Neighbors:  0.006812
Iterations: 0.034494
Vorticity:  0.004547
Viscosity:  0.000962
Update:     0.000107

Forces:     0.000068
Candidates: 0.000096
Neighbors:  0.006888
Iterations: 0.034392
Vorticity:  0.003671
Viscosity:  0.000906
Update:     0.000063

Forces:     0.000039
Candidates: 0.000095
Neighbors:  0.006812
Iterations: 0.034289
Vorticity:  0.003651
Viscosity:  0.000904
Update:     0.000061

Forces:     0.000042
Candidates: 0.000099
Neighbors:  0.006759
Iterations: 0.034207
Vorticity:  0.003644
Viscosity:  0.000900
Update:     0.000064

Forces:     0.000089
Candidates: 0.000193
Neighbors:  0.006842
Iterations: 0.034144
Vorticity:  0.003639
Viscosity:  0.000907
Update:     0.000094

Forces:     0.000036
Candidates: 0.000107
Neighbors:  0.006752
Iterations: 0.034037
Vorticity:  0.003632
Viscosity:  0.000901
Update:     0.000069

Forces:     0.000039
Candidates: 0.000101
Neighbors:  0.006729
Iterations: 0.033978
Vorticity:  0.003624
Viscosity:  0.000899
Update:     0.000067

Forces:     0.000039
Candidates: 0.000096
Neighbors:  0.006751
Iterations: 0.033884
Vorticity:  0.003611
Viscosity:  0.000898
Update:     0.000067

Forces:     0.000037
Candidates: 0.000095
Neighbors:  0.006712
Iterations: 0.033754
Vorticity:  0.003604
Viscosity:  0.000890
Update:     0.000064

Forces:     0.000071
Candidates: 0.000186
Neighbors:  0.006800
Iterations: 0.033713
Vorticity:  0.003597
Viscosity:  0.000895
Update:     0.000094

Forces:     0.000035
Candidates: 0.000113
Neighbors:  0.006775
Iterations: 0.033634
Vorticity:  0.003589
Viscosity:  0.000896
Update:     0.000067

Forces:     0.000041
Candidates: 0.000094
Neighbors:  0.006717
Iterations: 0.033509
Vorticity:  0.003574
Viscosity:  0.000895
Update:     0.000066

Forces:     0.000037
Candidates: 0.000110
Neighbors:  0.006691
Iterations: 0.033385
Vorticity:  0.003565
Viscosity:  0.000891
Update:     0.000061

Forces:     0.000037
Candidates: 0.000115
Neighbors:  0.006746
Iterations: 0.033317
Vorticity:  0.003565
Viscosity:  0.000887
Update:     0.000063

Forces:     0.000083
Candidates: 0.000197
Neighbors:  0.006797
Iterations: 0.033226
Vorticity:  0.003550
Viscosity:  0.000886
Update:     0.000088

Forces:     0.000037
Candidates: 0.000100
Neighbors:  0.006726
Iterations: 0.033091
Vorticity:  0.003536
Viscosity:  0.000880
Update:     0.000060

Forces:     0.000036
Candidates: 0.000098
Neighbors:  0.006701
Iterations: 0.032992
Vorticity:  0.003531
Viscosity:  0.000877
Update:     0.000071

Forces:     0.000037
Candidates: 0.000102
Neighbors:  0.006732
Iterations: 0.032867
Vorticity:  0.003514
Viscosity:  0.000878
Update:     0.000056

Forces:     0.000039
Candidates: 0.000096
Neighbors:  0.006681
Iterations: 0.032746
Vorticity:  0.003507
Viscosity:  0.000875
Update:     0.000063

Forces:     0.000062
Candidates: 0.000185
Neighbors:  0.006688
Iterations: 0.032599
Vorticity:  0.003494
Viscosity:  0.000875
Update:     0.000092

Forces:     0.000040
Candidates: 0.000087
Neighbors:  0.006678
Iterations: 0.033720
Vorticity:  0.003495
Viscosity:  0.000867
Update:     0.000124

Forces:     0.000067
Candidates: 0.000098
Neighbors:  0.006690
Iterations: 0.032411
Vorticity:  0.003479
Viscosity:  0.000871
Update:     0.000072

Forces:     0.000036
Candidates: 0.000092
Neighbors:  0.006676
Iterations: 0.033241
Vorticity:  0.003468
Viscosity:  0.000882
Update:     0.000095

Forces:     0.000057
Candidates: 0.000095
Neighbors:  0.006673
Iterations: 0.032143
Vorticity:  0.003449
Viscosity:  0.000868
Update:     0.000062

Forces:     0.000188
Candidates: 0.000171
Neighbors:  0.006855
Iterations: 0.032061
Vorticity:  0.003441
Viscosity:  0.000872
Update:     0.000108

Forces:     0.000039
Candidates: 0.000102
Neighbors:  0.006653
Iterations: 0.031907
Vorticity:  0.003464
Viscosity:  0.000889
Update:     0.000065

Forces:     0.000035
Candidates: 0.000094
Neighbors:  0.006704
Iterations: 0.031804
Vorticity:  0.003411
Viscosity:  0.000863
Update:     0.000066

Forces:     0.000036
Candidates: 0.000097
Neighbors:  0.006614
Iterations: 0.031721
Vorticity:  0.003386
Viscosity:  0.000867
Update:     0.000059

Forces:     0.000038
Candidates: 0.000109
Neighbors:  0.006615
Iterations: 0.031695
Vorticity:  0.003377
Viscosity:  0.000864
Update:     0.000061

Forces:     0.000079
Candidates: 0.000189
Neighbors:  0.006617
Iterations: 0.031558
Vorticity:  0.003365
Viscosity:  0.000860
Update:     0.000090

Forces:     0.000038
Candidates: 0.000103
Neighbors:  0.006626
Iterations: 0.031403
Vorticity:  0.003347
Viscosity:  0.000864
Update:     0.000064

Forces:     0.000033
Candidates: 0.000106
Neighbors:  0.006576
Iterations: 0.031270
Vorticity:  0.003341
Viscosity:  0.000871
Update:     0.000055

Forces:     0.000037
Candidates: 0.000105
Neighbors:  0.006534
Iterations: 0.031163
Vorticity:  0.003330
Viscosity:  0.000862
Update:     0.000059

Forces:     0.000033
Candidates: 0.000095
Neighbors:  0.006636
Iterations: 0.031040
Vorticity:  0.003312
Viscosity:  0.000857
Update:     0.000055

Forces:     0.000069
Candidates: 0.000193
Neighbors:  0.006601
Iterations: 0.030960
Vorticity:  0.003294
Viscosity:  0.000845
Update:     0.000087

Forces:     0.000032
Candidates: 0.000097
Neighbors:  0.006511
Iterations: 0.030790
Vorticity:  0.003284
Viscosity:  0.000836
Update:     0.000054

Forces:     0.000037
Candidates: 0.000107
Neighbors:  0.006499
Iterations: 0.030675
Vorticity:  0.003269
Viscosity:  0.000838
Update:     0.000061

Forces:     0.000034
Candidates: 0.000093
Neighbors:  0.006492
Iterations: 0.030542
Vorticity:  0.003256
Viscosity:  0.000834
Update:     0.000055

Forces:     0.000032
Candidates: 0.000107
Neighbors:  0.006435
Iterations: 0.030438
Vorticity:  0.003247
Viscosity:  0.000830
Update:     0.000055

Forces:     0.000069
Candidates: 0.000197
Neighbors:  0.006582
Iterations: 0.030300
Vorticity:  0.003232
Viscosity:  0.000829
Update:     0.000080

Forces:     0.000032
Candidates: 0.000093
Neighbors:  0.006469
Iterations: 0.030189
Vorticity:  0.003220
Viscosity:  0.000829
Update:     0.000053

Forces:     0.000033
Candidates: 0.000097
Neighbors:  0.006429
Iterations: 0.030110
Vorticity:  0.003205
Viscosity:  0.000825
Update:     0.000055

Forces:     0.000032
Candidates: 0.000098
Neighbors:  0.006433
Iterations: 0.029948
Vorticity:  0.003201
Viscosity:  0.000816
Update:     0.000058

Forces:     0.000031
Candidates: 0.000129
Neighbors:  0.006413
Iterations: 0.029848
Vorticity:  0.003182
Viscosity:  0.000815
Update:     0.000055

Forces:     0.000067
Candidates: 0.000200
Neighbors:  0.006451
Iterations: 0.029774
Vorticity:  0.003170
Viscosity:  0.000811
Update:     0.000085

Forces:     0.000032
Candidates: 0.000101
Neighbors:  0.006352
Iterations: 0.029655
Vorticity:  0.003157
Viscosity:  0.000806
Update:     0.000061

Forces:     0.000033
Candidates: 0.000108
Neighbors:  0.006316
Iterations: 0.029558
Vorticity:  0.003139
Viscosity:  0.000804
Update:     0.000051

Forces:     0.000031
Candidates: 0.000103
Neighbors:  0.006320
Iterations: 0.029393
Vorticity:  0.003132
Viscosity:  0.000809
Update:     0.000058

Forces:     0.000031
Candidates: 0.000101
Neighbors:  0.006370
Iterations: 0.029328
Vorticity:  0.003123
Viscosity:  0.000804
Update:     0.000051

Forces:     0.000060
Candidates: 0.000188
Neighbors:  0.006340
Iterations: 0.029231
Vorticity:  0.003110
Viscosity:  0.000795
Update:     0.000083

Forces:     0.000030
Candidates: 0.000103
Neighbors:  0.006267
Iterations: 0.029109
Vorticity:  0.003099
Viscosity:  0.000800
Update:     0.000059

Forces:     0.000032
Candidates: 0.000115
Neighbors:  0.006242
Iterations: 0.028998
Vorticity:  0.003084
Viscosity:  0.000799
Update:     0.000055

Forces:     0.000030
Candidates: 0.000099
Neighbors:  0.006213
Iterations: 0.028919
Vorticity:  0.003079
Viscosity:  0.000798
Update:     0.000052

Forces:     0.000030
Candidates: 0.000095
Neighbors:  0.006182
Iterations: 0.028766
Vorticity:  0.003067
Viscosity:  0.000796
Update:     0.000053

Forces:     0.000063
Candidates: 0.000182
Neighbors:  0.006230
Iterations: 0.028677
Vorticity:  0.003051
Viscosity:  0.000794
Update:     0.000085

Forces:     0.000029
Candidates: 0.000096
Neighbors:  0.006164
Iterations: 0.028602
Vorticity:  0.003042
Viscosity:  0.000794
Update:     0.000052

Forces:     0.000033
Candidates: 0.000096
Neighbors:  0.006143
Iterations: 0.028511
Vorticity:  0.003029
Viscosity:  0.000789
Update:     0.000051

Forces:     0.000031
Candidates: 0.000099
Neighbors:  0.006128
Iterations: 0.028417
Vorticity:  0.003027
Viscosity:  0.000790
Update:     0.000052

Forces:     0.000030
Candidates: 0.000112
Neighbors:  0.006103
Iterations: 0.028323
Vorticity:  0.003008
Viscosity:  0.000782
Update:     0.000057

Forces:     0.000070
Candidates: 0.000179
Neighbors:  0.006154
Iterations: 0.028104
Vorticity:  0.003005
Viscosity:  0.000781
Update:     0.000083

Forces:     0.000031
Candidates: 0.000111
Neighbors:  0.006086
Iterations: 0.028015
Vorticity:  0.002990
Viscosity:  0.000780
Update:     0.000052

Forces:     0.000030
Candidates: 0.000101
Neighbors:  0.006062
Iterations: 0.027893
Vorticity:  0.002981
Viscosity:  0.000782
Update:     0.000053

Forces:     0.000032
Candidates: 0.000096
Neighbors:  0.006132
Iterations: 0.027796
Vorticity:  0.002970
Viscosity:  0.000775
Update:     0.000052

Forces:     0.000031
Candidates: 0.000099
Neighbors:  0.006044
Iterations: 0.027704
Vorticity:  0.002964
Viscosity:  0.000771
Update:     0.000061

Forces:     0.000067
Candidates: 0.000187
Neighbors:  0.006086
Iterations: 0.027727
Vorticity:  0.002954
Viscosity:  0.000770
Update:     0.000079

Forces:     0.000031
Candidates: 0.000096
Neighbors:  0.006094
Iterations: 0.027686
Vorticity:  0.002953
Viscosity:  0.000766
Update:     0.000053

Forces:     0.000031
Candidates: 0.000122
Neighbors:  0.006043
Iterations: 0.027574
Vorticity:  0.002942
Viscosity:  0.000769
Update:     0.000050

Forces:     0.000029
Candidates: 0.000096
Neighbors:  0.006052
Iterations: 0.027545
Vorticity:  0.002932
Viscosity:  0.000770
Update:     0.000053

Forces:     0.000033
Candidates: 0.000104
Neighbors:  0.006020
Iterations: 0.027559
Vorticity:  0.002930
Viscosity:  0.000766
Update:     0.000050

Forces:     0.000066
Candidates: 0.000182
Neighbors:  0.006031
Iterations: 0.027513
Vorticity:  0.002924
Viscosity:  0.000767
Update:     0.000081

Forces:     0.000029
Candidates: 0.000093
Neighbors:  0.006057
Iterations: 0.027461
Vorticity:  0.002926
Viscosity:  0.000760
Update:     0.000055

Forces:     0.000029
Candidates: 0.000101
Neighbors:  0.006008
Iterations: 0.027389
Vorticity:  0.002914
Viscosity:  0.000761
Update:     0.000050

Forces:     0.000031
Candidates: 0.000095
Neighbors:  0.005987
Iterations: 0.027299
Vorticity:  0.002912
Viscosity:  0.000758
Update:     0.000051

Forces:     0.000031
Candidates: 0.000102
Neighbors:  0.006035
Iterations: 0.027235
Vorticity:  0.002907
Viscosity:  0.000760
Update:     0.000053

Forces:     0.000062
Candidates: 0.000184
Neighbors:  0.006016
Iterations: 0.027102
Vorticity:  0.002838
Viscosity:  0.000742
Update:     0.000082

Forces:     0.000028
Candidates: 0.000094
Neighbors:  0.005934
Iterations: 0.026428
Vorticity:  0.002807
Viscosity:  0.000769
Update:     0.000057

Forces:     0.000029
Candidates: 0.000098
Neighbors:  0.005911
Iterations: 0.026321
Vorticity:  0.002796
Viscosity:  0.000764
Update:     0.000053

Forces:     0.000028
Candidates: 0.000112
Neighbors:  0.005878
Iterations: 0.026226
Vorticity:  0.002784
Viscosity:  0.000768
Update:     0.000054

Forces:     0.000026
Candidates: 0.000102
Neighbors:  0.005871
Iterations: 0.026162
Vorticity:  0.002784
Viscosity:  0.000755
Update:     0.000053

Forces:     0.000069
Candidates: 0.000189
Neighbors:  0.005969
Iterations: 0.026121
Vorticity:  0.002781
Viscosity:  0.000752
Update:     0.000084

Forces:     0.000027
Candidates: 0.000101
Neighbors:  0.005848
Iterations: 0.026031
Vorticity:  0.002774
Viscosity:  0.000752
Update:     0.000052

Forces:     0.000029
Candidates: 0.000107
Neighbors:  0.005820
Iterations: 0.026012
Vorticity:  0.002767
Viscosity:  0.000743
Update:     0.000052

Forces:     0.000030
Candidates: 0.000096
Neighbors:  0.005815
Iterations: 0.025994
Vorticity:  0.002760
Viscosity:  0.000746
Update:     0.000050

Forces:     0.000032
Candidates: 0.000115
Neighbors:  0.005873
Iterations: 0.025983
Vorticity:  0.002761
Viscosity:  0.000743
Update:     0.000050

Forces:     0.000054
Candidates: 0.000189
Neighbors:  0.005912
Iterations: 0.025902
Vorticity:  0.002754
Viscosity:  0.000744
Update:     0.000082

Forces:     0.000026
Candidates: 0.000097
Neighbors:  0.005865
Iterations: 0.025843
Vorticity:  0.002746
Viscosity:  0.000741
Update:     0.000054

Forces:     0.000032
Candidates: 0.000101
Neighbors:  0.005806
Iterations: 0.025772
Vorticity:  0.002744
Viscosity:  0.000731
Update:     0.000051

Forces:     0.000029
Candidates: 0.000102
Neighbors:  0.005852
Iterations: 0.025742
Vorticity:  0.002742
Viscosity:  0.000737
Update:     0.000050

Forces:     0.000029
Candidates: 0.000113
Neighbors:  0.005784
Iterations: 0.025715
Vorticity:  0.002742
Viscosity:  0.000731
Update:     0.000055

Forces:     0.000062
Candidates: 0.000177
Neighbors:  0.005862
Iterations: 0.025617
Vorticity:  0.002726
Viscosity:  0.000735
Update:     0.000083

Forces:     0.000027
Candidates: 0.000114
Neighbors:  0.005765
Iterations: 0.025580
Vorticity:  0.002723
Viscosity:  0.000731
Update:     0.000055

Forces:     0.000027
Candidates: 0.000098
Neighbors:  0.005752
Iterations: 0.025503
Vorticity:  0.002724
Viscosity:  0.000727
Update:     0.000053

Forces:     0.000027
Candidates: 0.000097
Neighbors:  0.005836
Iterations: 0.025506
Vorticity:  0.002725
Viscosity:  0.000734
Update:     0.000053

Forces:     0.000034
Candidates: 0.000113
Neighbors:  0.005774
Iterations: 0.025482
Vorticity:  0.002716
Viscosity:  0.000731
Update:     0.000052

Forces:     0.000067
Candidates: 0.000194
Neighbors:  0.005825
Iterations: 0.025423
Vorticity:  0.002711
Viscosity:  0.000729
Update:     0.000082

Forces:     0.000028
Candidates: 0.000095
Neighbors:  0.005791
Iterations: 0.025395
Vorticity:  0.002712
Viscosity:  0.000725
Update:     0.000051

Forces:     0.000026
Candidates: 0.000102
Neighbors:  0.005762
Iterations: 0.025377
Vorticity:  0.002707
Viscosity:  0.000721
Update:     0.000051

Forces:     0.000029
Candidates: 0.000106
Neighbors:  0.005836
Iterations: 0.025400
Vorticity:  0.002708
Viscosity:  0.000722
Update:     0.000052

Forces:     0.000027
Candidates: 0.000115
Neighbors:  0.005803
Iterations: 0.025362
Vorticity:  0.002701
Viscosity:  0.000723
Update:     0.000053

Forces:     0.000054
Candidates: 0.000197
Neighbors:  0.005854
Iterations: 0.025324
Vorticity:  0.002700
Viscosity:  0.000718
Update:     0.000082

Forces:     0.000029
Candidates: 0.000101
Neighbors:  0.005814
Iterations: 0.025289
Vorticity:  0.002695
Viscosity:  0.000716
Update:     0.000053

Forces:     0.000027
Candidates: 0.000099
Neighbors:  0.005802
Iterations: 0.025224
Vorticity:  0.002711
Viscosity:  0.000717
Update:     0.000054

Forces:     0.000030
Candidates: 0.000098
Neighbors:  0.005781
Iterations: 0.025185
Vorticity:  0.002684
Viscosity:  0.000713
Update:     0.000051

Forces:     0.000027
Candidates: 0.000099
Neighbors:  0.005770
Iterations: 0.025180
Vorticity:  0.002688
Viscosity:  0.000712
Update:     0.000053

Forces:     0.000060
Candidates: 0.000200
Neighbors:  0.005818
Iterations: 0.025179
Vorticity:  0.002678
Viscosity:  0.000717
Update:     0.000080

Forces:     0.000029
Candidates: 0.000116
Neighbors:  0.005854
Iterations: 0.025112
Vorticity:  0.002687
Viscosity:  0.000715
Update:     0.000047

Forces:     0.000028
Candidates: 0.000102
Neighbors:  0.005793
Iterations: 0.025119
Vorticity:  0.002679
Viscosity:  0.000715
Update:     0.000051

Forces:     0.000026
Candidates: 0.000114
Neighbors:  0.005765
Iterations: 0.025070
Vorticity:  0.002677
Viscosity:  0.000717
Update:     0.000056

Forces:     0.000024
Candidates: 0.000102
Neighbors:  0.005773
Iterations: 0.025043
Vorticity:  0.002671
Viscosity:  0.000713
Update:     0.000048

Forces:     0.000051
Candidates: 0.000192
Neighbors:  0.005875
Iterations: 0.024997
Vorticity:  0.002672
Viscosity:  0.000716
Update:     0.000081

Forces:     0.000027
Candidates: 0.000099
Neighbors:  0.005800
Iterations: 0.024965
Vorticity:  0.002684
Viscosity:  0.000711
Update:     0.000049

Forces:     0.000027
Candidates: 0.000100
Neighbors:  0.005799
Iterations: 0.024942
Vorticity:  0.002666
Viscosity:  0.000709
Update:     0.000055

Forces:     0.000027
Candidates: 0.000099
Neighbors:  0.005835
Iterations: 0.024975
Vorticity:  0.002662
Viscosity:  0.000714
Update:     0.000050

Forces:     0.000029
Candidates: 0.000116
Neighbors:  0.005766
Iterations: 0.024897
Vorticity:  0.002657
Viscosity:  0.000713
Update:     0.000049

Forces:     0.000062
Candidates: 0.000198
Neighbors:  0.005779
Iterations: 0.024892
Vorticity:  0.002662
Viscosity:  0.000712
Update:     0.000080

Forces:     0.000025
Candidates: 0.000111
Neighbors:  0.005744
Iterations: 0.024860
Vorticity:  0.002658
Viscosity:  0.000712
Update:     0.000048

Forces:     0.000028
Candidates: 0.000100
Neighbors:  0.005735
Iterations: 0.024869
Vorticity:  0.002653
Viscosity:  0.000711
Update:     0.000048

Forces:     0.000028
Candidates: 0.000111
Neighbors:  0.005730
Iterations: 0.024824
Vorticity:  0.002646
Viscosity:  0.000710
Update:     0.000049

Forces:     0.000026
Candidates: 0.000115
Neighbors:  0.005798
Iterations: 0.024839
Vorticity:  0.002650
Viscosity:  0.000708
Update:     0.000051

Forces:     0.000056
Candidates: 0.000186
Neighbors:  0.005772
Iterations: 0.024784
Vorticity:  0.002643
Viscosity:  0.000709
Update:     0.000083

Forces:     0.000025
Candidates: 0.000101
Neighbors:  0.005726
Iterations: 0.024789
Vorticity:  0.002642
Viscosity:  0.000712
Update:     0.000046

Forces:     0.000029
Candidates: 0.000103
Neighbors:  0.005723
Iterations: 0.024784
Vorticity:  0.002642
Viscosity:  0.000709
Update:     0.000052

Forces:     0.000025
Candidates: 0.000114
Neighbors:  0.005707
Iterations: 0.024767
Vorticity:  0.002641
Viscosity:  0.000713
Update:     0.000048

Forces:     0.000028
Candidates: 0.000099
Neighbors:  0.005712
Iterations: 0.024765
Vorticity:  0.002638
Viscosity:  0.000709
Update:     0.000048

Forces:     0.000063
Candidates: 0.000189
Neighbors:  0.005740
Iterations: 0.024720
Vorticity:  0.002636
Viscosity:  0.000707
Update:     0.000082

Forces:     0.000027
Candidates: 0.000107
Neighbors:  0.005698
Iterations: 0.024725
Vorticity:  0.002634
Viscosity:  0.000708
Update:     0.000050

Forces:     0.000028
Candidates: 0.000109
Neighbors:  0.005696
Iterations: 0.024734
Vorticity:  0.002633
Viscosity:  0.000707
Update:     0.000048

Forces:     0.000026
Candidates: 0.000116
Neighbors:  0.005772
Iterations: 0.024702
Vorticity:  0.002632
Viscosity:  0.000705
Update:     0.000050

Forces:     0.000028
Candidates: 0.000111
Neighbors:  0.005714
Iterations: 0.024654
Vorticity:  0.002652
Viscosity:  0.000703
Update:     0.000050

Forces:     0.000066
Candidates: 0.000195
Neighbors:  0.005802
Iterations: 0.024641
Vorticity:  0.002626
Viscosity:  0.000703
Update:     0.000083

Forces:     0.000030
Candidates: 0.000111
Neighbors:  0.005701
Iterations: 0.024622
Vorticity:  0.002627
Viscosity:  0.000709
Update:     0.000049

Forces:     0.000028
Candidates: 0.000100
Neighbors:  0.005662
Iterations: 0.024601
Vorticity:  0.002629
Viscosity:  0.000701
Update:     0.000053

Forces:     0.000031
Candidates: 0.000101
Neighbors:  0.005655
Iterations: 0.024497
Vorticity:  0.002718
Viscosity:  0.000718
Update:     0.000045

Forces:     0.000028
Candidates: 0.000108
Neighbors:  0.005829
Iterations: 0.025355
Vorticity:  0.002721
Viscosity:  0.000721
Update:     0.000047

Forces:     0.000061
Candidates: 0.000183
Neighbors:  0.005856
Iterations: 0.025342
Vorticity:  0.002720
Viscosity:  0.000718
Update:     0.000080

Forces:     0.000027
Candidates: 0.000101
Neighbors:  0.005904
Iterations: 0.025304
Vorticity:  0.002712
Viscosity:  0.000719
Update:     0.000049

Forces:     0.000027
Candidates: 0.000099
Neighbors:  0.005832
Iterations: 0.025245
Vorticity:  0.002714
Viscosity:  0.000714
Update:     0.000047

Forces:     0.000024
Candidates: 0.000118
Neighbors:  0.005823
Iterations: 0.025223
Vorticity:  0.002703
Viscosity:  0.000714
Update:     0.000043

Forces:     0.000027
Candidates: 0.000098
Neighbors:  0.005894
Iterations: 0.025214
Vorticity:  0.002702
Viscosity:  0.000715
Update:     0.000046

Forces:     0.000055
Candidates: 0.000192
Neighbors:  0.005835
Iterations: 0.025200
Vorticity:  0.002698
Viscosity:  0.000718
Update:     0.000078

Forces:     0.000025
Candidates: 0.000116
Neighbors:  0.005812
Iterations: 0.025198
Vorticity:  0.002715
Viscosity:  0.000712
Update:     0.000043

Forces:     0.000024
Candidates: 0.000100
Neighbors:  0.005798
Iterations: 0.025176
Vorticity:  0.002697
Viscosity:  0.000714
Update:     0.000044

Forces:     0.000027
Candidates: 0.000107
Neighbors:  0.005860
Iterations: 0.025196
Vorticity:  0.002695
Viscosity:  0.000714
Update:     0.000046

Forces:     0.000026
Candidates: 0.000116
Neighbors:  0.005793
Iterations: 0.025130
Vorticity:  0.002688
Viscosity:  0.000714
Update:     0.000046

Forces:     0.000057
Candidates: 0.000190
Neighbors:  0.005889
Iterations: 0.025072
Vorticity:  0.002682
Viscosity:  0.000714
Update:     0.000082

Forces:     0.000027
Candidates: 0.000121
Neighbors:  0.005787
Iterations: 0.025028
Vorticity:  0.002675
Viscosity:  0.000710
Update:     0.000056

Forces:     0.000030
Candidates: 0.000100
Neighbors:  0.005789
Iterations: 0.025000
Vorticity:  0.002680
Viscosity:  0.000706
Update:     0.000048

Forces:     0.000026
Candidates: 0.000118
Neighbors:  0.005842
Iterations: 0.025000
Vorticity:  0.002676
Viscosity:  0.000702
Update:     0.000044

Forces:     0.000026
Candidates: 0.000130
Neighbors:  0.005806
Iterations: 0.024987
Vorticity:  0.002674
Viscosity:  0.000710
Update:     0.000041

Forces:     0.000046
Candidates: 0.000184
Neighbors:  0.005816
Iterations: 0.024910
Vorticity:  0.002667
Viscosity:  0.000709
Update:     0.000082

Forces:     0.000027
Candidates: 0.000101
Neighbors:  0.005750
Iterations: 0.024912
Vorticity:  0.002659
Viscosity:  0.000703
Update:     0.000043

Forces:     0.000026
Candidates: 0.000098
Neighbors:  0.005738
Iterations: 0.024890
Vorticity:  0.002663
Viscosity:  0.000703
Update:     0.000047

Forces:     0.000029
Candidates: 0.000120
Neighbors:  0.005752
Iterations: 0.024373
Vorticity:  0.002619
Viscosity:  0.000707
Update:     0.000051

Forces:     0.000028
Candidates: 0.000116
Neighbors:  0.005632
Iterations: 0.024183
Vorticity:  0.002611
Viscosity:  0.000710
Update:     0.000052

Forces:     0.000052
Candidates: 0.000187
Neighbors:  0.005757
Iterations: 0.024182
Vorticity:  0.002619
Viscosity:  0.000704
Update:     0.000079

Forces:     0.000029
Candidates: 0.000103
Neighbors:  0.005674
Iterations: 0.024182
Vorticity:  0.002613
Viscosity:  0.000700
Update:     0.000045

Forces:     0.000028
Candidates: 0.000119
Neighbors:  0.005645
Iterations: 0.024173
Vorticity:  0.002608
Viscosity:  0.000700
Update:     0.000056

Forces:     0.000031
Candidates: 0.000118
Neighbors:  0.005606
Iterations: 0.024135
Vorticity:  0.002608
Viscosity:  0.000701
Update:     0.000050

Forces:     0.000028
Candidates: 0.000101
Neighbors:  0.005601
Iterations: 0.024150
Vorticity:  0.002607
Viscosity:  0.000697
Update:     0.000049

Forces:     0.000054
Candidates: 0.000184
Neighbors:  0.005679
Iterations: 0.024116
Vorticity:  0.002608
Viscosity:  0.000705
Update:     0.000078

Forces:     0.000027
Candidates: 0.000118
Neighbors:  0.005607
Iterations: 0.024071
Vorticity:  0.002603
Viscosity:  0.000701
Update:     0.000047

Forces:     0.000025
Candidates: 0.000111
Neighbors:  0.005610
Iterations: 0.024077
Vorticity:  0.002615
Viscosity:  0.000701
Update:     0.000049

Forces:     0.000027
Candidates: 0.000118
Neighbors:  0.005608
Iterations: 0.024061
Vorticity:  0.002601
Viscosity:  0.000702
Update:     0.000051

Forces:     0.000026
Candidates: 0.000114
Neighbors:  0.005613
Iterations: 0.024082
Vorticity:  0.002600
Viscosity:  0.000700
Update:     0.000048

Forces:     0.000061
Candidates: 0.000187
Neighbors:  0.005825
Iterations: 0.024543
Vorticity:  0.002613
Viscosity:  0.000710
Update:     0.000081

Forces:     0.000028
Candidates: 0.000106
Neighbors:  0.005767
Iterations: 0.024512
Vorticity:  0.002617
Viscosity:  0.000710
Update:     0.000048

Forces:     0.000028
Candidates: 0.000101
Neighbors:  0.005759
Iterations: 0.024529
Vorticity:  0.002619
Viscosity:  0.000709
Update:     0.000049

Forces:     0.000028
Candidates: 0.000102
Neighbors:  0.005838
Iterations: 0.024545
Vorticity:  0.002623
Viscosity:  0.000696
Update:     0.000045

Forces:     0.000029
Candidates: 0.000117
Neighbors:  0.005753
Iterations: 0.024531
Vorticity:  0.002620
Viscosity:  0.000701
Update:     0.000044

Forces:     0.000049
Candidates: 0.000180
Neighbors:  0.005783
Iterations: 0.025194
Vorticity:  0.002615
Viscosity:  0.000703
Update:     0.000087

Forces:     0.000040
Candidates: 0.000116
Neighbors:  0.005840
Iterations: 0.024428
Vorticity:  0.002609
Viscosity:  0.000702
Update:     0.000047

Forces:     0.000025
Candidates: 0.000101
Neighbors:  0.005761
Iterations: 0.024402
Vorticity:  0.002610
Viscosity:  0.000701
Update:     0.000045

Forces:     0.000029
Candidates: 0.000114
Neighbors:  0.005764
Iterations: 0.024443
Vorticity:  0.002614
Viscosity:  0.000701
Update:     0.000046

Forces:     0.000027
Candidates: 0.000104
Neighbors:  0.005742
Iterations: 0.024488
Vorticity:  0.002610
Viscosity:  0.000703
Update:     0.000046

Forces:     0.000058
Candidates: 0.000193
Neighbors:  0.005873
Iterations: 0.024186
Vorticity:  0.002576
Viscosity:  0.000668
Update:     0.000081

Forces:     0.000029
Candidates: 0.000119
Neighbors:  0.005616
Iterations: 0.023900
Vorticity:  0.002585
Viscosity:  0.000668
Update:     0.000046

Forces:     0.000028
Candidates: 0.000114
Neighbors:  0.005661
Iterations: 0.023939
Vorticity:  0.002583
Viscosity:  0.000672
Update:     0.000045

Forces:     0.000028
Candidates: 0.000103
Neighbors:  0.005636
Iterations: 0.023947
Vorticity:  0.002588
Viscosity:  0.000673
Update:     0.000049

Forces:     0.000027
Candidates: 0.000120
Neighbors:  0.005604
Iterations: 0.023949
Vorticity:  0.002581
Viscosity:  0.000667
Update:     0.000050

Forces:     0.000054
Candidates: 0.000195
Neighbors:  0.005644
Iterations: 0.024008
Vorticity:  0.002604
Viscosity:  0.000677
Update:     0.000077

Forces:     0.000027
Candidates: 0.000108
Neighbors:  0.005675
Iterations: 0.023986
Vorticity:  0.002587
Viscosity:  0.000674
Update:     0.000044

Forces:     0.000025
Candidates: 0.000110
Neighbors:  0.005621
Iterations: 0.023992
Vorticity:  0.002585
Viscosity:  0.000679
Update:     0.000048

Forces:     0.000027
Candidates: 0.000107
Neighbors:  0.005588
Iterations: 0.024060
Vorticity:  0.002584
Viscosity:  0.000675
Update:     0.000045

Forces:     0.000028
Candidates: 0.000105
Neighbors:  0.005613
Iterations: 0.024084
Vorticity:  0.002589
Viscosity:  0.000681
Update:     0.000050

Forces:     0.000058
Candidates: 0.000183
Neighbors:  0.007145
Iterations: 0.024133
Vorticity:  0.002598
Viscosity:  0.000683
Update:     0.000079

Forces:     0.000030
Candidates: 0.000105
Neighbors:  0.005689
Iterations: 0.024171
Vorticity:  0.002602
Viscosity:  0.000682
Update:     0.000048

Forces:     0.000026
Candidates: 0.000124
Neighbors:  0.005644
Iterations: 0.024186
Vorticity:  0.002607
Viscosity:  0.000686
Update:     0.000049

Forces:     0.000029
Candidates: 0.000111
Neighbors:  0.005617
Iterations: 0.024206
Vorticity:  0.002611
Viscosity:  0.000684
Update:     0.000047

Forces:     0.000027
Candidates: 0.000105
Neighbors:  0.005595
Iterations: 0.024239
Vorticity:  0.002614
Viscosity:  0.000686
Update:     0.000045

Forces:     0.000054
Candidates: 0.000179
Neighbors:  0.005679
Iterations: 0.024559
Vorticity:  0.002667
Viscosity:  0.000729
Update:     0.000078

Forces:     0.000026
Candidates: 0.000102
Neighbors:  0.005772
Iterations: 0.025029
Vorticity:  0.002674
Viscosity:  0.000717
Update:     0.000048

Forces:     0.000029
Candidates: 0.000116
Neighbors:  0.005776
Iterations: 0.025088
Vorticity:  0.002682
Viscosity:  0.000717
Update:     0.000060

Forces:     0.000028
Candidates: 0.000101
Neighbors:  0.005773
Iterations: 0.025147
Vorticity:  0.002688
Viscosity:  0.000721
Update:     0.000044

Forces:     0.000025
Candidates: 0.000102
Neighbors:  0.005791
Iterations: 0.025178
Vorticity:  0.002689
Viscosity:  0.000734
Update:     0.000048

Forces:     0.000061
Candidates: 0.000189
Neighbors:  0.005845
Iterations: 0.025214
Vorticity:  0.002699
Viscosity:  0.000721
Update:     0.000082

Forces:     0.000026
Candidates: 0.000111
Neighbors:  0.005789
Iterations: 0.025243
Vorticity:  0.002700
Viscosity:  0.000722
Update:     0.000045

Forces:     0.000027
Candidates: 0.000105
Neighbors:  0.005791
Iterations: 0.025270
Vorticity:  0.002704
Viscosity:  0.000723
Update:     0.000045

Forces:     0.000026
Candidates: 0.000106
Neighbors:  0.005790
Iterations: 0.025345
Vorticity:  0.002710
Viscosity:  0.000726
Update:     0.000047

Forces:     0.000026
Candidates: 0.000111
Neighbors:  0.005825
Iterations: 0.025985
Vorticity:  0.002712
Viscosity:  0.000724
Update:     0.000075

Forces:     0.000113
Candidates: 0.000214
Neighbors:  0.005979
Iterations: 0.025473
Vorticity:  0.003266
Viscosity:  0.000800
Update:     0.000193

Forces:     0.000106
Candidates: 0.000121
Neighbors:  0.005984
Iterations: 0.025508
Vorticity:  0.002727
Viscosity:  0.000729
Update:     0.000053

Forces:     0.000027
Candidates: 0.000098
Neighbors:  0.005810
Iterations: 0.025555
Vorticity:  0.002735
Viscosity:  0.000732
Update:     0.000047

Forces:     0.000027
Candidates: 0.000113
Neighbors:  0.005827
Iterations: 0.025647
Vorticity:  0.002747
Viscosity:  0.000734
Update:     0.000047

Forces:     0.000027
Candidates: 0.000108
Neighbors:  0.005841
Iterations: 0.025737
Vorticity:  0.002750
Viscosity:  0.000733
Update:     0.000044

Forces:     0.000063
Candidates: 0.000192
Neighbors:  0.005726
Iterations: 0.024418
Vorticity:  0.002631
Viscosity:  0.000694
Update:     0.000080

Forces:     0.000030
Candidates: 0.000113
Neighbors:  0.005696
Iterations: 0.024459
Vorticity:  0.002635
Viscosity:  0.000692
Update:     0.000042

Forces:     0.000028
Candidates: 0.000112
Neighbors:  0.005750
Iterations: 0.024473
Vorticity:  0.002639
Viscosity:  0.000691
Update:     0.000044

Forces:     0.000026
Candidates: 0.000104
Neighbors:  0.005724
Iterations: 0.024469
Vorticity:  0.002638
Viscosity:  0.000692
Update:     0.000047

Forces:     0.000030
Candidates: 0.000117
Neighbors:  0.005696
Iterations: 0.024437
Vorticity:  0.002630
Viscosity:  0.000695
Update:     0.000047

Forces:     0.000059
Candidates: 0.000182
Neighbors:  0.005728
Iterations: 0.024416
Vorticity:  0.002633
Viscosity:  0.000698
Update:     0.000074

Forces:     0.000031
Candidates: 0.000106
Neighbors:  0.005691
Iterations: 0.024335
Vorticity:  0.002634
Viscosity:  0.000692
Update:     0.000055

Forces:     0.000027
Candidates: 0.000118
Neighbors:  0.005666
Iterations: 0.025342
Vorticity:  0.002796
Viscosity:  0.000763
Update:     0.000045

Forces:     0.000029
Candidates: 0.000108
Neighbors:  0.005825
Iterations: 0.026151
Vorticity:  0.002795
Viscosity:  0.000768
Update:     0.000050

Forces:     0.000029
Candidates: 0.000107
Neighbors:  0.005826
Iterations: 0.026228
Vorticity:  0.002802
Viscosity:  0.000761
Update:     0.000044

Forces:     0.000057
Candidates: 0.000190
Neighbors:  0.005966
Iterations: 0.026269
Vorticity:  0.002804
Viscosity:  0.000763
Update:     0.000081

Forces:     0.000028
Candidates: 0.000114
Neighbors:  0.005860
Iterations: 0.026335
Vorticity:  0.002809
Viscosity:  0.000765
Update:     0.000049

Forces:     0.000029
Candidates: 0.000103
Neighbors:  0.005843
Iterations: 0.026335
Vorticity:  0.002819
Viscosity:  0.000770
Update:     0.000049

Forces:     0.000030
Candidates: 0.000109
Neighbors:  0.005935
Iterations: 0.026409
Vorticity:  0.002818
Viscosity:  0.000764
Update:     0.000046

Forces:     0.000027
Candidates: 0.000109
Neighbors:  0.005874
Iterations: 0.026491
Vorticity:  0.002824
Viscosity:  0.000759
Update:     0.000051

Forces:     0.000065
Candidates: 0.000185
Neighbors:  0.005981
Iterations: 0.026508
Vorticity:  0.002834
Viscosity:  0.000763
Update:     0.000079

Forces:     0.000027
Candidates: 0.000106
Neighbors:  0.005868
Iterations: 0.026482
Vorticity:  0.002831
Viscosity:  0.000759
Update:     0.000047

Forces:     0.000029
Candidates: 0.000107
Neighbors:  0.005852
Iterations: 0.026576
Vorticity:  0.002837
Viscosity:  0.000767
Update:     0.000047

Forces:     0.000028
Candidates: 0.000108
Neighbors:  0.005855
Iterations: 0.026601
Vorticity:  0.002842
Viscosity:  0.000760
Update:     0.000051

Forces:     0.000028
Candidates: 0.000113
Neighbors:  0.005855
Iterations: 0.026618
Vorticity:  0.002857
Viscosity:  0.000766
Update:     0.000051

Forces:     0.000052
Candidates: 0.000184
Neighbors:  0.005918
Iterations: 0.026692
Vorticity:  0.002847
Viscosity:  0.000764
Update:     0.000079

Forces:     0.000028
Candidates: 0.000109
Neighbors:  0.005964
Iterations: 0.026720
Vorticity:  0.002852
Viscosity:  0.000768
Update:     0.000047

Forces:     0.000027
Candidates: 0.000112
Neighbors:  0.005891
Iterations: 0.026804
Vorticity:  0.002858
Viscosity:  0.000779
Update:     0.000050

Forces:     0.000028
Candidates: 0.000110
Neighbors:  0.005869
Iterations: 0.026850
Vorticity:  0.002861
Viscosity:  0.000769
Update:     0.000047

Forces:     0.000024
Candidates: 0.000110
Neighbors:  0.005956
Iterations: 0.026905
Vorticity:  0.002868
Viscosity:  0.000773
Update:     0.000047

Forces:     0.000064
Candidates: 0.000193
Neighbors:  0.005946
Iterations: 0.026963
Vorticity:  0.002867
Viscosity:  0.000774
Update:     0.000079

Forces:     0.000027
Candidates: 0.000107
Neighbors:  0.005900
Iterations: 0.027011
Vorticity:  0.002876
Viscosity:  0.000776
Update:     0.000045

Forces:     0.000029
Candidates: 0.000111
Neighbors:  0.005882
Iterations: 0.027101
Vorticity:  0.002883
Viscosity:  0.000781
Update:     0.000048

Forces:     0.000028
Candidates: 0.000112
Neighbors:  0.005880
Iterations: 0.027137
Vorticity:  0.002883
Viscosity:  0.000780
Update:     0.000047

Forces:     0.000028
Candidates: 0.000114
Neighbors:  0.005894
Iterations: 0.027183
Vorticity:  0.002881
Viscosity:  0.000782
Update:     0.000054

Forces:     0.000054
Candidates: 0.000188
Neighbors:  0.005978
Iterations: 0.027193
Vorticity:  0.002889
Viscosity:  0.000782
Update:     0.000076

Forces:     0.000029
Candidates: 0.000111
Neighbors:  0.005901
Iterations: 0.027133
Vorticity:  0.002890
Viscosity:  0.000790
Update:     0.000054

Forces:     0.000027
Candidates: 0.000121
Neighbors:  0.005907
Iterations: 0.027164
Vorticity:  0.002896
Viscosity:  0.000782
Update:     0.000046

Forces:     0.000027
Candidates: 0.000102
Neighbors:  0.005994
Iterations: 0.027179
Vorticity:  0.002895
Viscosity:  0.000783
Update:     0.000049

Forces:     0.000030
Candidates: 0.000120
Neighbors:  0.005951
Iterations: 0.027166
Vorticity:  0.002901
Viscosity:  0.000786
Update:     0.000048

Forces:     0.000070
Candidates: 0.000188
Neighbors:  0.005965
Iterations: 0.027180
Vorticity:  0.002897
Viscosity:  0.000795
Update:     0.000078

Forces:     0.000029
Candidates: 0.000119
Neighbors:  0.005913
Iterations: 0.027207
Vorticity:  0.002905
Viscosity:  0.000783
Update:     0.000049

Forces:     0.000028
Candidates: 0.000103
Neighbors:  0.005918
Iterations: 0.027241
Vorticity:  0.002900
Viscosity:  0.000784
Update:     0.000051

Forces:     0.000025
Candidates: 0.000119
Neighbors:  0.005933
Iterations: 0.027276
Vorticity:  0.002908
Viscosity:  0.000782
Update:     0.000052

Forces:     0.000027
Candidates: 0.000119
Neighbors:  0.005924
Iterations: 0.027263
Vorticity:  0.002914
Viscosity:  0.000784
Update:     0.000047

Forces:     0.000054
Candidates: 0.000194
Neighbors:  0.005975
Iterations: 0.027282
Vorticity:  0.002904
Viscosity:  0.000783
Update:     0.000079

Forces:     0.000029
Candidates: 0.000104
Neighbors:  0.005922
Iterations: 0.027265
Vorticity:  0.002909
Viscosity:  0.000784
Update:     0.000051

Forces:     0.000029
Candidates: 0.000114
Neighbors:  0.005936
Iterations: 0.027290
Vorticity:  0.002911
Viscosity:  0.000784
Update:     0.000052

Forces:     0.000028
Candidates: 0.000119
Neighbors:  0.005928
Iterations: 0.027318
Vorticity:  0.002907
Viscosity:  0.000785
Update:     0.000043

Forces:     0.000028
Candidates: 0.000113
Neighbors:  0.005943
Iterations: 0.027339
Vorticity:  0.002910
Viscosity:  0.000795
Update:     0.000050

Forces:     0.000065
Candidates: 0.000188
Neighbors:  0.006028
Iterations: 0.027496
Vorticity:  0.002921
Viscosity:  0.000790
Update:     0.000079

Forces:     0.000029
Candidates: 0.000116
Neighbors:  0.005980
Iterations: 0.027413
Vorticity:  0.002920
Viscosity:  0.000797
Update:     0.000056

Forces:     0.000030
Candidates: 0.000110
Neighbors:  0.005976
Iterations: 0.027422
Vorticity:  0.002944
Viscosity:  0.000795
Update:     0.000048

Forces:     0.000028
Candidates: 0.000108
Neighbors:  0.005985
Iterations: 0.027547
Vorticity:  0.002918
Viscosity:  0.000797
Update:     0.000052

Forces:     0.000029
Candidates: 0.000112
Neighbors:  0.006009
Iterations: 0.027509
Vorticity:  0.002925
Viscosity:  0.000799
Update:     0.000050

Forces:     0.000057
Candidates: 0.000192
Neighbors:  0.006035
Iterations: 0.027479
Vorticity:  0.002922
Viscosity:  0.000794
Update:     0.000082

Forces:     0.000030
Candidates: 0.000109
Neighbors:  0.005984
Iterations: 0.027541
Vorticity:  0.002927
Viscosity:  0.000814
Update:     0.000053

Forces:     0.000029
Candidates: 0.000117
Neighbors:  0.006062
Iterations: 0.027520
Vorticity:  0.002930
Viscosity:  0.000795
Update:     0.000044

Forces:     0.000029
Candidates: 0.000111
Neighbors:  0.005996
Iterations: 0.027556
Vorticity:  0.002927
Viscosity:  0.000811
Update:     0.000052

Forces:     0.000027
Candidates: 0.000111
Neighbors:  0.005981
Iterations: 0.027633
Vorticity:  0.002932
Viscosity:  0.000796
Update:     0.000048

Forces:     0.000055
Candidates: 0.000182
Neighbors:  0.006061
Iterations: 0.027621
Vorticity:  0.002934
Viscosity:  0.000795
Update:     0.000078

Forces:     0.000031
Candidates: 0.000114
Neighbors:  0.006012
Iterations: 0.027597
Vorticity:  0.002932
Viscosity:  0.000796
Update:     0.000047

Forces:     0.000032
Candidates: 0.000111
Neighbors:  0.006000
Iterations: 0.027644
Vorticity:  0.002935
Viscosity:  0.000800
Update:     0.000053

Forces:     0.000029
Candidates: 0.000113
Neighbors:  0.005999
Iterations: 0.027585
Vorticity:  0.002931
Viscosity:  0.000799
Update:     0.000047

Forces:     0.000028
Candidates: 0.000115
Neighbors:  0.006003
Iterations: 0.027627
Vorticity:  0.002932
Viscosity:  0.000799
Update:     0.000047

Forces:     0.000065
Candidates: 0.000189
Neighbors:  0.006120
Iterations: 0.027620
Vorticity:  0.002929
Viscosity:  0.000789
Update:     0.000079

Forces:     0.000030
Candidates: 0.000113
Neighbors:  0.006027
Iterations: 0.027612
Vorticity:  0.002940
Viscosity:  0.000787
Update:     0.000051

Forces:     0.000029
Candidates: 0.000111
Neighbors:  0.005997
Iterations: 0.027544
Vorticity:  0.002933
Viscosity:  0.000791
Update:     0.000050

Forces:     0.000029
Candidates: 0.000116
Neighbors:  0.006004
Iterations: 0.027543
Vorticity:  0.002954
Viscosity:  0.000794
Update:     0.000049

Forces:     0.000029
Candidates: 0.000117
Neighbors:  0.006004
Iterations: 0.027489
Vorticity:  0.002929
Viscosity:  0.000793
Update:     0.000048

Forces:     0.000063
Candidates: 0.000192
Neighbors:  0.006053
Iterations: 0.027490
Vorticity:  0.002928
Viscosity:  0.000789
Update:     0.000086

Forces:     0.000032
Candidates: 0.000109
Neighbors:  0.006005
Iterations: 0.027438
Vorticity:  0.002931
Viscosity:  0.000792
Update:     0.000050

Forces:     0.000029
Candidates: 0.000115
Neighbors:  0.006071
Iterations: 0.027465
Vorticity:  0.002935
Viscosity:  0.000788
Update:     0.000046

Forces:     0.000029
Candidates: 0.000119
Neighbors:  0.006010
Iterations: 0.027455
Vorticity:  0.002933
Viscosity:  0.000793
Update:     0.000050

Forces:     0.000029
Candidates: 0.000114
Neighbors:  0.005974
Iterations: 0.027465
Vorticity:  0.002934
Viscosity:  0.000791
Update:     0.000048

Forces:     0.000052
Candidates: 0.000191
Neighbors:  0.006031
Iterations: 0.027495
Vorticity:  0.002934
Viscosity:  0.000790
Update:     0.000082

Forces:     0.000028
Candidates: 0.000121
Neighbors:  0.005984
Iterations: 0.027485
Vorticity:  0.002935
Viscosity:  0.000791
Update:     0.000048

Forces:     0.000029
Candidates: 0.000116
Neighbors:  0.005987
Iterations: 0.027490
Vorticity:  0.002933
Viscosity:  0.000791
Update:     0.000049

Forces:     0.000029
Candidates: 0.000113
Neighbors:  0.006001
Iterations: 0.027516
Vorticity:  0.002938
Viscosity:  0.000791
Update:     0.000048

Forces:     0.000031
Candidates: 0.000113
Neighbors:  0.005998
Iterations: 0.027551
Vorticity:  0.002943
Viscosity:  0.000791
Update:     0.000048

Forces:     0.000061
Candidates: 0.000187
Neighbors:  0.006058
Iterations: 0.027580
Vorticity:  0.002944
Viscosity:  0.000793
Update:     0.000075

Forces:     0.000034
Candidates: 0.000114
Neighbors:  0.006011
Iterations: 0.027600
Vorticity:  0.002945
Viscosity:  0.000793
Update:     0.000052

Forces:     0.000029
Candidates: 0.000114
Neighbors:  0.006094
Iterations: 0.027638
Vorticity:  0.002950
Viscosity:  0.000797
Update:     0.000051

Forces:     0.000027
Candidates: 0.000111
Neighbors:  0.006014
Iterations: 0.027654
Vorticity:  0.002951
Viscosity:  0.000794
Update:     0.000052

Forces:     0.000030
Candidates: 0.000107
Neighbors:  0.006011
Iterations: 0.027694
Vorticity:  0.002951
Viscosity:  0.000802
Update:     0.000052

Total Forces:     0.063623
Total Candidates: 0.082740
Total Neighbors:  2.954697
Total Iterations: 12.931081
Total Vorticity:  1.371369
Total Viscosity:  0.358365
Total Update:     0.029759

