Forces:     0.025694
Candidates: 0.010060
Neighbors:  0.042430
Iterations: 0.127909
Vorticity:  0.002078
Viscosity:  0.000708
Update:     0.000491

Forces:     0.000101
Candidates: 0.000167
Neighbors:  0.005455
Iterations: 0.020093
Vorticity:  0.002073
Viscosity:  0.000585
Update:     0.000089

Forces:     0.000051
Candidates: 0.000076
Neighbors:  0.006347
Iterations: 0.020700
Vorticity:  0.002084
Viscosity:  0.000590
Update:     0.000093

Forces:     0.000049
Candidates: 0.000082
Neighbors:  0.006455
Iterations: 0.021119
Vorticity:  0.002207
Viscosity:  0.000625
Update:     0.000139

Forces:     0.000048
Candidates: 0.000080
Neighbors:  0.006493
Iterations: 0.021259
Vorticity:  0.002185
Viscosity:  0.000608
Update:     0.000095

Forces:     0.000096
Candidates: 0.000147
Neighbors:  0.006743
Iterations: 0.021728
Vorticity:  0.002284
Viscosity:  0.000629
Update:     0.000115

Forces:     0.000046
Candidates: 0.000078
Neighbors:  0.006884
Iterations: 0.022214
Vorticity:  0.002303
Viscosity:  0.000636
Update:     0.000106

Forces:     0.000052
Candidates: 0.000086
Neighbors:  0.006958
Iterations: 0.022381
Vorticity:  0.002329
Viscosity:  0.000648
Update:     0.000094

Forces:     0.000049
Candidates: 0.000089
Neighbors:  0.007017
Iterations: 0.022571
Vorticity:  0.002279
Viscosity:  0.000648
Update:     0.000098

Forces:     0.000051
Candidates: 0.000098
Neighbors:  0.006949
Iterations: 0.022825
Vorticity:  0.002299
Viscosity:  0.000638
Update:     0.000099

Forces:     0.000106
Candidates: 0.000152
Neighbors:  0.007176
Iterations: 0.022830
Vorticity:  0.002379
Viscosity:  0.000660
Update:     0.000132

Forces:     0.000052
Candidates: 0.000073
Neighbors:  0.006797
Iterations: 0.023093
Vorticity:  0.002346
Viscosity:  0.000699
Update:     0.000093

Forces:     0.000048
Candidates: 0.000073
Neighbors:  0.006927
Iterations: 0.022750
Vorticity:  0.002364
Viscosity:  0.000645
Update:     0.000096

Forces:     0.000053
Candidates: 0.000072
Neighbors:  0.006930
Iterations: 0.022879
Vorticity:  0.002475
Viscosity:  0.000640
Update:     0.000090

Forces:     0.000048
Candidates: 0.000084
Neighbors:  0.006664
Iterations: 0.023467
Vorticity:  0.002376
Viscosity:  0.000639
Update:     0.000104

Forces:     0.000098
Candidates: 0.000140
Neighbors:  0.007176
Iterations: 0.022967
Vorticity:  0.002509
Viscosity:  0.000650
Update:     0.000126

Forces:     0.000051
Candidates: 0.000084
Neighbors:  0.006957
Iterations: 0.022973
Vorticity:  0.002502
Viscosity:  0.000649
Update:     0.000095

Forces:     0.000053
Candidates: 0.000081
Neighbors:  0.006941
Iterations: 0.023132
Vorticity:  0.002504
Viscosity:  0.000671
Update:     0.000104

Forces:     0.000050
Candidates: 0.000078
Neighbors:  0.006953
Iterations: 0.023222
Vorticity:  0.002520
Viscosity:  0.000665
Update:     0.000095

Forces:     0.000050
Candidates: 0.000078
Neighbors:  0.006985
Iterations: 0.023335
Vorticity:  0.002549
Viscosity:  0.000675
Update:     0.000110

Forces:     0.004674
Candidates: 0.000139
Neighbors:  0.006717
Iterations: 0.022836
Vorticity:  0.002347
Viscosity:  0.000663
Update:     0.000109

Forces:     0.000048
Candidates: 0.000104
Neighbors:  0.006501
Iterations: 0.022799
Vorticity:  0.002344
Viscosity:  0.000659
Update:     0.000093

Forces:     0.000053
Candidates: 0.000087
Neighbors:  0.006523
Iterations: 0.022877
Vorticity:  0.002368
Viscosity:  0.000665
Update:     0.000116

Forces:     0.000065
Candidates: 0.000113
Neighbors:  0.006586
Iterations: 0.022823
Vorticity:  0.002319
Viscosity:  0.000652
Update:     0.000101

Forces:     0.000054
Candidates: 0.000087
Neighbors:  0.006830
Iterations: 0.022805
Vorticity:  0.002526
Viscosity:  0.000682
Update:     0.000105

Forces:     0.005979
Candidates: 0.000158
Neighbors:  0.006843
Iterations: 0.024545
Vorticity:  0.002539
Viscosity:  0.000694
Update:     0.000121

Forces:     0.000066
Candidates: 0.000093
Neighbors:  0.006844
Iterations: 0.024544
Vorticity:  0.002521
Viscosity:  0.000676
Update:     0.000115

Forces:     0.000067
Candidates: 0.000095
Neighbors:  0.006639
Iterations: 0.024610
Vorticity:  0.002549
Viscosity:  0.000678
Update:     0.000110

Forces:     0.000070
Candidates: 0.000098
Neighbors:  0.006636
Iterations: 0.024631
Vorticity:  0.002541
Viscosity:  0.000683
Update:     0.000130

Forces:     0.000084
Candidates: 0.000093
Neighbors:  0.006759
Iterations: 0.024747
Vorticity:  0.002537
Viscosity:  0.000694
Update:     0.000140

Forces:     0.003327
Candidates: 0.000152
Neighbors:  0.006839
Iterations: 0.024775
Vorticity:  0.002545
Viscosity:  0.000685
Update:     0.000129

Forces:     0.000062
Candidates: 0.000096
Neighbors:  0.006692
Iterations: 0.024824
Vorticity:  0.002569
Viscosity:  0.000695
Update:     0.000105

Forces:     0.000073
Candidates: 0.000101
Neighbors:  0.006789
Iterations: 0.024862
Vorticity:  0.002576
Viscosity:  0.000713
Update:     0.000097

Forces:     0.000072
Candidates: 0.000096
Neighbors:  0.006840
Iterations: 0.024899
Vorticity:  0.002558
Viscosity:  0.000698
Update:     0.000113

Forces:     0.000081
Candidates: 0.000107
Neighbors:  0.006840
Iterations: 0.025000
Vorticity:  0.002572
Viscosity:  0.000692
Update:     0.000127

Forces:     0.020404
Candidates: 0.013079
Neighbors:  0.047199
Iterations: 0.103087
Vorticity:  0.002314
Viscosity:  0.000652
Update:     0.000146

Forces:     0.000065
Candidates: 0.000100
Neighbors:  0.006880
Iterations: 0.022868
Vorticity:  0.002516
Viscosity:  0.000652
Update:     0.000146

Forces:     0.000073
Candidates: 0.000129
Neighbors:  0.006818
Iterations: 0.024075
Vorticity:  0.002511
Viscosity:  0.000675
Update:     0.000162

Forces:     0.000085
Candidates: 0.000093
Neighbors:  0.006878
Iterations: 0.023778
Vorticity:  0.002396
Viscosity:  0.000716
Update:     0.000093

Forces:     0.000054
Candidates: 0.000083
Neighbors:  0.006788
Iterations: 0.023382
Vorticity:  0.002399
Viscosity:  0.000671
Update:     0.000120

Forces:     0.005984
Candidates: 0.000164
Neighbors:  0.007048
Iterations: 0.023952
Vorticity:  0.002472
Viscosity:  0.000700
Update:     0.000138

Forces:     0.000067
Candidates: 0.000108
Neighbors:  0.006932
Iterations: 0.024308
Vorticity:  0.002598
Viscosity:  0.000707
Update:     0.000109

Forces:     0.000070
Candidates: 0.000106
Neighbors:  0.006880
Iterations: 0.025408
Vorticity:  0.002591
Viscosity:  0.000724
Update:     0.000119

Forces:     0.000073
Candidates: 0.000099
Neighbors:  0.006844
Iterations: 0.025112
Vorticity:  0.002455
Viscosity:  0.000694
Update:     0.000111

Forces:     0.000053
Candidates: 0.000095
Neighbors:  0.006784
Iterations: 0.024640
Vorticity:  0.002490
Viscosity:  0.000715
Update:     0.000099

Forces:     0.001970
Candidates: 0.000144
Neighbors:  0.007002
Iterations: 0.024359
Vorticity:  0.002461
Viscosity:  0.000696
Update:     0.000146

Forces:     0.000068
Candidates: 0.000099
Neighbors:  0.006881
Iterations: 0.024182
Vorticity:  0.002468
Viscosity:  0.000697
Update:     0.000110

Forces:     0.000068
Candidates: 0.000098
Neighbors:  0.006974
Iterations: 0.023983
Vorticity:  0.002470
Viscosity:  0.000694
Update:     0.000108

Forces:     0.000070
Candidates: 0.000102
Neighbors:  0.006930
Iterations: 0.024231
Vorticity:  0.002472
Viscosity:  0.000702
Update:     0.000125

Forces:     0.000072
Candidates: 0.000104
Neighbors:  0.006865
Iterations: 0.024888
Vorticity:  0.002572
Viscosity:  0.000703
Update:     0.000174

Forces:     0.002311
Candidates: 0.000169
Neighbors:  0.007057
Iterations: 0.024285
Vorticity:  0.002499
Viscosity:  0.000703
Update:     0.000139

Forces:     0.000063
Candidates: 0.000108
Neighbors:  0.007013
Iterations: 0.024512
Vorticity:  0.002597
Viscosity:  0.001100
Update:     0.000110

Forces:     0.000066
Candidates: 0.000101
Neighbors:  0.007104
Iterations: 0.024920
Vorticity:  0.002595
Viscosity:  0.001122
Update:     0.000116

Forces:     0.000073
Candidates: 0.000117
Neighbors:  0.007086
Iterations: 0.025031
Vorticity:  0.002591
Viscosity:  0.001101
Update:     0.000121

Forces:     0.000070
Candidates: 0.000102
Neighbors:  0.007025
Iterations: 0.025211
Vorticity:  0.002612
Viscosity:  0.000709
Update:     0.000715

Forces:     0.005982
Candidates: 0.000163
Neighbors:  0.007234
Iterations: 0.024718
Vorticity:  0.002524
Viscosity:  0.000715
Update:     0.000131

Forces:     0.000065
Candidates: 0.000101
Neighbors:  0.007088
Iterations: 0.025188
Vorticity:  0.002612
Viscosity:  0.001114
Update:     0.000109

Forces:     0.000070
Candidates: 0.000100
Neighbors:  0.007079
Iterations: 0.025549
Vorticity:  0.002617
Viscosity:  0.000717
Update:     0.000719

Forces:     0.000064
Candidates: 0.000098
Neighbors:  0.007138
Iterations: 0.025597
Vorticity:  0.002618
Viscosity:  0.000717
Update:     0.000727

Forces:     0.000071
Candidates: 0.000096
Neighbors:  0.007111
Iterations: 0.025447
Vorticity:  0.002604
Viscosity:  0.000903
Update:     0.000145

Forces:     0.006023
Candidates: 0.000164
Neighbors:  0.007260
Iterations: 0.025813
Vorticity:  0.002797
Viscosity:  0.000755
Update:     0.000123

Forces:     0.000070
Candidates: 0.000101
Neighbors:  0.007110
Iterations: 0.027231
Vorticity:  0.002820
Viscosity:  0.000763
Update:     0.000105

Forces:     0.000069
Candidates: 0.000090
Neighbors:  0.007091
Iterations: 0.027364
Vorticity:  0.002809
Viscosity:  0.000762
Update:     0.000113

Forces:     0.000070
Candidates: 0.000095
Neighbors:  0.007160
Iterations: 0.027364
Vorticity:  0.002837
Viscosity:  0.000779
Update:     0.000131

Forces:     0.000082
Candidates: 0.000109
Neighbors:  0.007258
Iterations: 0.026883
Vorticity:  0.002550
Viscosity:  0.000729
Update:     0.000146

Forces:     0.011913
Candidates: 0.010012
Neighbors:  0.037104
Iterations: 0.049546
Vorticity:  0.002612
Viscosity:  0.000735
Update:     0.000133

Forces:     0.000050
Candidates: 0.000098
Neighbors:  0.007155
Iterations: 0.025611
Vorticity:  0.002639
Viscosity:  0.000758
Update:     0.000113

Forces:     0.000049
Candidates: 0.000094
Neighbors:  0.007251
Iterations: 0.026039
Vorticity:  0.002647
Viscosity:  0.000743
Update:     0.000148

Forces:     0.000081
Candidates: 0.000089
Neighbors:  0.007320
Iterations: 0.025900
Vorticity:  0.002645
Viscosity:  0.000747
Update:     0.000111

Forces:     0.000050
Candidates: 0.000089
Neighbors:  0.007208
Iterations: 0.026181
Vorticity:  0.002618
Viscosity:  0.000715
Update:     0.000155

Forces:     0.000174
Candidates: 0.000197
Neighbors:  0.007599
Iterations: 0.025772
Vorticity:  0.002625
Viscosity:  0.000713
Update:     0.000155

Forces:     0.000060
Candidates: 0.000073
Neighbors:  0.007304
Iterations: 0.025796
Vorticity:  0.002627
Viscosity:  0.000732
Update:     0.000124

Forces:     0.000057
Candidates: 0.000090
Neighbors:  0.007240
Iterations: 0.025801
Vorticity:  0.002642
Viscosity:  0.000733
Update:     0.000105

Forces:     0.000052
Candidates: 0.000080
Neighbors:  0.007230
Iterations: 0.026219
Vorticity:  0.002687
Viscosity:  0.000732
Update:     0.000110

Forces:     0.000052
Candidates: 0.000085
Neighbors:  0.007352
Iterations: 0.026246
Vorticity:  0.002715
Viscosity:  0.000767
Update:     0.000112

Forces:     0.000154
Candidates: 0.000134
Neighbors:  0.007618
Iterations: 0.026052
Vorticity:  0.002680
Viscosity:  0.000731
Update:     0.000165

Forces:     0.000048
Candidates: 0.000094
Neighbors:  0.007486
Iterations: 0.026364
Vorticity:  0.002981
Viscosity:  0.000802
Update:     0.000100

Forces:     0.000052
Candidates: 0.000079
Neighbors:  0.007454
Iterations: 0.028125
Vorticity:  0.003002
Viscosity:  0.000798
Update:     0.000103

Forces:     0.000052
Candidates: 0.000083
Neighbors:  0.007598
Iterations: 0.028133
Vorticity:  0.002801
Viscosity:  0.000758
Update:     0.000107

Forces:     0.000051
Candidates: 0.000085
Neighbors:  0.007342
Iterations: 0.027215
Vorticity:  0.002835
Viscosity:  0.000755
Update:     0.000101

Forces:     0.000097
Candidates: 0.000130
Neighbors:  0.007713
Iterations: 0.027426
Vorticity:  0.002878
Viscosity:  0.000759
Update:     0.000112

Forces:     0.000054
Candidates: 0.000071
Neighbors:  0.007326
Iterations: 0.027615
Vorticity:  0.002846
Viscosity:  0.000766
Update:     0.000100

Forces:     0.000052
Candidates: 0.000076
Neighbors:  0.007514
Iterations: 0.027525
Vorticity:  0.002813
Viscosity:  0.000774
Update:     0.000105

Forces:     0.000051
Candidates: 0.000081
Neighbors:  0.007610
Iterations: 0.027393
Vorticity:  0.002831
Viscosity:  0.000764
Update:     0.000141

Forces:     0.000051
Candidates: 0.000089
Neighbors:  0.007591
Iterations: 0.029096
Vorticity:  0.003156
Viscosity:  0.000842
Update:     0.000105

Forces:     0.000095
Candidates: 0.000137
Neighbors:  0.008082
Iterations: 0.030839
Vorticity:  0.003241
Viscosity:  0.000820
Update:     0.000146

Forces:     0.000052
Candidates: 0.000087
Neighbors:  0.007745
Iterations: 0.030458
Vorticity:  0.003282
Viscosity:  0.000858
Update:     0.000099

Forces:     0.000055
Candidates: 0.000086
Neighbors:  0.008282
Iterations: 0.031255
Vorticity:  0.003317
Viscosity:  0.000859
Update:     0.000145

Forces:     0.000051
Candidates: 0.000092
Neighbors:  0.008276
Iterations: 0.031619
Vorticity:  0.003304
Viscosity:  0.000864
Update:     0.000104

Forces:     0.000056
Candidates: 0.000094
Neighbors:  0.007714
Iterations: 0.031147
Vorticity:  0.003329
Viscosity:  0.000876
Update:     0.000100

Forces:     0.000102
Candidates: 0.000137
Neighbors:  0.007764
Iterations: 0.029345
Vorticity:  0.003076
Viscosity:  0.000807
Update:     0.000134

Forces:     0.000048
Candidates: 0.000087
Neighbors:  0.007694
Iterations: 0.029621
Vorticity:  0.003072
Viscosity:  0.000811
Update:     0.000119

Forces:     0.000058
Candidates: 0.000077
Neighbors:  0.007713
Iterations: 0.029859
Vorticity:  0.003090
Viscosity:  0.000840
Update:     0.000107

Forces:     0.000057
Candidates: 0.000086
Neighbors:  0.007676
Iterations: 0.030895
Vorticity:  0.003508
Viscosity:  0.000933
Update:     0.000141

Forces:     0.000055
Candidates: 0.000095
Neighbors:  0.008548
Iterations: 0.033567
Vorticity:  0.003518
Viscosity:  0.000922
Update:     0.000106

Forces:     0.000107
Candidates: 0.000147
Neighbors:  0.008039
Iterations: 0.033263
Vorticity:  0.003547
Viscosity:  0.000935
Update:     0.000122

Forces:     0.000056
Candidates: 0.000083
Neighbors:  0.008046
Iterations: 0.033455
Vorticity:  0.003598
Viscosity:  0.000958
Update:     0.000111

Forces:     0.000054
Candidates: 0.000086
Neighbors:  0.008101
Iterations: 0.031641
Vorticity:  0.003296
Viscosity:  0.000875
Update:     0.000101

Forces:     0.000057
Candidates: 0.000072
Neighbors:  0.007828
Iterations: 0.102296
Vorticity:  0.020025
Viscosity:  0.009675
Update:     0.010620

Forces:     0.010005
Candidates: 0.010025
Neighbors:  0.044310
Iterations: 0.044213
Vorticity:  0.003349
Viscosity:  0.000892
Update:     0.000099

Forces:     0.000109
Candidates: 0.000151
Neighbors:  0.008198
Iterations: 0.032388
Vorticity:  0.003359
Viscosity:  0.000906
Update:     0.000158

Forces:     0.000055
Candidates: 0.000085
Neighbors:  0.008051
Iterations: 0.032770
Vorticity:  0.003394
Viscosity:  0.000922
Update:     0.000106

Forces:     0.000056
Candidates: 0.000081
Neighbors:  0.008065
Iterations: 0.036040
Vorticity:  0.003897
Viscosity:  0.001019
Update:     0.000148

Forces:     0.000056
Candidates: 0.000098
Neighbors:  0.008786
Iterations: 0.037512
Vorticity:  0.003950
Viscosity:  0.001027
Update:     0.000113

Forces:     0.000058
Candidates: 0.000086
Neighbors:  0.008280
Iterations: 0.037239
Vorticity:  0.003986
Viscosity:  0.001048
Update:     0.000110

Forces:     0.000106
Candidates: 0.000134
Neighbors:  0.008256
Iterations: 0.034552
Vorticity:  0.003606
Viscosity:  0.000953
Update:     0.000142

Forces:     0.000055
Candidates: 0.000088
Neighbors:  0.008229
Iterations: 0.035180
Vorticity:  0.004030
Viscosity:  0.001067
Update:     0.000108

Forces:     0.000057
Candidates: 0.000084
Neighbors:  0.009017
Iterations: 0.038920
Vorticity:  0.004094
Viscosity:  0.001043
Update:     0.000091

Forces:     0.000049
Candidates: 0.000095
Neighbors:  0.008154
Iterations: 0.038841
Vorticity:  0.004141
Viscosity:  0.001059
Update:     0.000103

Forces:     0.000051
Candidates: 0.000090
Neighbors:  0.008199
Iterations: 0.039081
Vorticity:  0.004230
Viscosity:  0.001116
Update:     0.000106

Forces:     0.000108
Candidates: 0.000163
Neighbors:  0.008349
Iterations: 0.039779
Vorticity:  0.004245
Viscosity:  0.001086
Update:     0.000155

Forces:     0.000053
Candidates: 0.000089
Neighbors:  0.008306
Iterations: 0.036715
Vorticity:  0.003832
Viscosity:  0.001005
Update:     0.000085

Forces:     0.000044
Candidates: 0.000087
Neighbors:  0.008263
Iterations: 0.036653
Vorticity:  0.003814
Viscosity:  0.000998
Update:     0.000095

Forces:     0.000057
Candidates: 0.000092
Neighbors:  0.008274
Iterations: 0.039578
Vorticity:  0.004414
Viscosity:  0.001128
Update:     0.000103

Forces:     0.000056
Candidates: 0.000095
Neighbors:  0.009260
Iterations: 0.042171
Vorticity:  0.004469
Viscosity:  0.001162
Update:     0.000099

Forces:     0.000077
Candidates: 0.000150
Neighbors:  0.008848
Iterations: 0.041448
Vorticity:  0.003959
Viscosity:  0.001046
Update:     0.000135

Forces:     0.000050
Candidates: 0.000074
Neighbors:  0.008403
Iterations: 0.038389
Vorticity:  0.004043
Viscosity:  0.001030
Update:     0.000085

Forces:     0.000051
Candidates: 0.000070
Neighbors:  0.008471
Iterations: 0.038196
Vorticity:  0.004017
Viscosity:  0.001016
Update:     0.000090

Forces:     0.000058
Candidates: 0.000071
Neighbors:  0.008543
Iterations: 0.038439
Vorticity:  0.004057
Viscosity:  0.001045
Update:     0.000102

Forces:     0.000052
Candidates: 0.000079
Neighbors:  0.008574
Iterations: 0.039097
Vorticity:  0.004118
Viscosity:  0.001060
Update:     0.000102

Forces:     0.000090
Candidates: 0.000144
Neighbors:  0.008819
Iterations: 0.040030
Vorticity:  0.004217
Viscosity:  0.001074
Update:     0.000140

Forces:     0.000046
Candidates: 0.000075
Neighbors:  0.008655
Iterations: 0.040017
Vorticity:  0.004440
Viscosity:  0.001121
Update:     0.000121

Forces:     0.000055
Candidates: 0.000079
Neighbors:  0.008887
Iterations: 0.042748
Vorticity:  0.004498
Viscosity:  0.001143
Update:     0.000100

Forces:     0.000062
Candidates: 0.000084
Neighbors:  0.008904
Iterations: 0.043169
Vorticity:  0.004323
Viscosity:  0.001086
Update:     0.000117

Forces:     0.000061
Candidates: 0.000085
Neighbors:  0.008593
Iterations: 0.041018
Vorticity:  0.004316
Viscosity:  0.001151
Update:     0.000109

Forces:     0.002037
Candidates: 0.010007
Neighbors:  0.048760
Iterations: 0.092362
Vorticity:  0.004531
Viscosity:  0.001127
Update:     0.000124

Forces:     0.000055
Candidates: 0.000078
Neighbors:  0.008932
Iterations: 0.043196
Vorticity:  0.004546
Viscosity:  0.001138
Update:     0.000144

Forces:     0.000047
Candidates: 0.000075
Neighbors:  0.009035
Iterations: 0.044906
Vorticity:  0.004749
Viscosity:  0.001242
Update:     0.000117

Forces:     0.000050
Candidates: 0.000106
Neighbors:  0.008846
Iterations: 0.040930
Vorticity:  0.004329
Viscosity:  0.001116
Update:     0.000098

Forces:     0.000063
Candidates: 0.000088
Neighbors:  0.008572
Iterations: 0.041757
Vorticity:  0.004654
Viscosity:  0.001205
Update:     0.000121

Forces:     0.000099
Candidates: 0.000150
Neighbors:  0.009321
Iterations: 0.045325
Vorticity:  0.004663
Viscosity:  0.001226
Update:     0.000149

Forces:     0.000057
Candidates: 0.000102
Neighbors:  0.009182
Iterations: 0.044213
Vorticity:  0.004568
Viscosity:  0.001187
Update:     0.000120

Forces:     0.000056
Candidates: 0.000080
Neighbors:  0.009108
Iterations: 0.043813
Vorticity:  0.004657
Viscosity:  0.001156
Update:     0.000103

Forces:     0.000056
Candidates: 0.000077
Neighbors:  0.009120
Iterations: 0.044000
Vorticity:  0.004747
Viscosity:  0.001154
Update:     0.000111

Forces:     0.000050
Candidates: 0.000081
Neighbors:  0.009108
Iterations: 0.044606
Vorticity:  0.005000
Viscosity:  0.001310
Update:     0.000115

Forces:     0.000096
Candidates: 0.000147
Neighbors:  0.009595
Iterations: 0.046708
Vorticity:  0.004864
Viscosity:  0.001253
Update:     0.000154

Forces:     0.000060
Candidates: 0.000085
Neighbors:  0.009437
Iterations: 0.046264
Vorticity:  0.004563
Viscosity:  0.001141
Update:     0.000123

Forces:     0.000061
Candidates: 0.000074
Neighbors:  0.009104
Iterations: 0.045229
Vorticity:  0.004748
Viscosity:  0.001214
Update:     0.000113

Forces:     0.000056
Candidates: 0.000083
Neighbors:  0.009288
Iterations: 0.045685
Vorticity:  0.004956
Viscosity:  0.001305
Update:     0.000106

Forces:     0.000051
Candidates: 0.000083
Neighbors:  0.009504
Iterations: 0.047336
Vorticity:  0.004858
Viscosity:  0.001236
Update:     0.000106

Forces:     0.000103
Candidates: 0.000176
Neighbors:  0.009557
Iterations: 0.047585
Vorticity:  0.004805
Viscosity:  0.001247
Update:     0.000132

Forces:     0.000063
Candidates: 0.000082
Neighbors:  0.009529
Iterations: 0.045693
Vorticity:  0.004825
Viscosity:  0.001206
Update:     0.000122

Forces:     0.000061
Candidates: 0.000081
Neighbors:  0.009551
Iterations: 0.046529
Vorticity:  0.004949
Viscosity:  0.001813
Update:     0.000131

Forces:     0.000057
Candidates: 0.000085
Neighbors:  0.009701
Iterations: 0.046560
Vorticity:  0.004981
Viscosity:  0.001289
Update:     0.000101

Forces:     0.000053
Candidates: 0.000083
Neighbors:  0.009733
Iterations: 0.047335
Vorticity:  0.005009
Viscosity:  0.001254
Update:     0.000132

Forces:     0.000105
Candidates: 0.000158
Neighbors:  0.009957
Iterations: 0.047239
Vorticity:  0.005018
Viscosity:  0.001307
Update:     0.000153

Forces:     0.000057
Candidates: 0.000099
Neighbors:  0.009873
Iterations: 0.047250
Vorticity:  0.005039
Viscosity:  0.001337
Update:     0.000127

Forces:     0.000059
Candidates: 0.000098
Neighbors:  0.009941
Iterations: 0.047639
Vorticity:  0.005128
Viscosity:  0.001337
Update:     0.000102

Forces:     0.000054
Candidates: 0.000093
Neighbors:  0.009927
Iterations: 0.048265
Vorticity:  0.005124
Viscosity:  0.001345
Update:     0.000119

Forces:     0.000085
Candidates: 0.000114
Neighbors:  0.009883
Iterations: 0.047676
Vorticity:  0.004835
Viscosity:  0.001265
Update:     0.000130

Forces:     0.006476
Candidates: 0.010023
Neighbors:  0.044204
Iterations: 0.092004
Vorticity:  0.005029
Viscosity:  0.001256
Update:     0.000144

Forces:     0.000061
Candidates: 0.000079
Neighbors:  0.009780
Iterations: 0.050245
Vorticity:  0.005325
Viscosity:  0.001367
Update:     0.000123

Forces:     0.000065
Candidates: 0.000090
Neighbors:  0.010025
Iterations: 0.050680
Vorticity:  0.005409
Viscosity:  0.001777
Update:     0.000120

Forces:     0.000061
Candidates: 0.000089
Neighbors:  0.010371
Iterations: 0.052668
Vorticity:  0.005522
Viscosity:  0.002310
Update:     0.000127

Forces:     0.000054
Candidates: 0.000096
Neighbors:  0.010265
Iterations: 0.051016
Vorticity:  0.005419
Viscosity:  0.001328
Update:     0.000118

Forces:     0.000101
Candidates: 0.000152
Neighbors:  0.010469
Iterations: 0.051283
Vorticity:  0.005481
Viscosity:  0.001402
Update:     0.000143

Forces:     0.000065
Candidates: 0.000092
Neighbors:  0.010380
Iterations: 0.051772
Vorticity:  0.005491
Viscosity:  0.001397
Update:     0.000134

Forces:     0.000053
Candidates: 0.000098
Neighbors:  0.010413
Iterations: 0.051827
Vorticity:  0.005517
Viscosity:  0.001401
Update:     0.000125

Forces:     0.000061
Candidates: 0.000090
Neighbors:  0.010555
Iterations: 0.052538
Vorticity:  0.005533
Viscosity:  0.001385
Update:     0.000103

Forces:     0.000053
Candidates: 0.000088
Neighbors:  0.010434
Iterations: 0.052065
Vorticity:  0.005577
Viscosity:  0.001393
Update:     0.000125

Forces:     0.000103
Candidates: 0.000152
Neighbors:  0.010692
Iterations: 0.052855
Vorticity:  0.005632
Viscosity:  0.001398
Update:     0.000158

Forces:     0.000050
Candidates: 0.000077
Neighbors:  0.010525
Iterations: 0.052468
Vorticity:  0.005603
Viscosity:  0.001409
Update:     0.000119

Forces:     0.000052
Candidates: 0.000082
Neighbors:  0.010537
Iterations: 0.052415
Vorticity:  0.005614
Viscosity:  0.001430
Update:     0.000110

Forces:     0.000064
Candidates: 0.000087
Neighbors:  0.010628
Iterations: 0.052651
Vorticity:  0.005637
Viscosity:  0.001420
Update:     0.000120

Forces:     0.000055
Candidates: 0.000094
Neighbors:  0.010619
Iterations: 0.052830
Vorticity:  0.005682
Viscosity:  0.001426
Update:     0.000126

Forces:     0.000121
Candidates: 0.000150
Neighbors:  0.010932
Iterations: 0.053902
Vorticity:  0.005748
Viscosity:  0.001436
Update:     0.000150

Forces:     0.000063
Candidates: 0.000081
Neighbors:  0.010650
Iterations: 0.053963
Vorticity:  0.005786
Viscosity:  0.001462
Update:     0.000118

Forces:     0.000059
Candidates: 0.000092
Neighbors:  0.010814
Iterations: 0.054394
Vorticity:  0.005808
Viscosity:  0.001494
Update:     0.000127

Forces:     0.000052
Candidates: 0.000097
Neighbors:  0.010806
Iterations: 0.054529
Vorticity:  0.005826
Viscosity:  0.001499
Update:     0.000136

Forces:     0.000050
Candidates: 0.000094
Neighbors:  0.010812
Iterations: 0.054655
Vorticity:  0.005887
Viscosity:  0.001491
Update:     0.000105

Forces:     0.000120
Candidates: 0.000155
Neighbors:  0.010967
Iterations: 0.054381
Vorticity:  0.005896
Viscosity:  0.001512
Update:     0.000144

Forces:     0.000056
Candidates: 0.000097
Neighbors:  0.010951
Iterations: 0.101495
Vorticity:  0.020112
Viscosity:  0.009443
Update:     0.009377

Forces:     0.014008
Candidates: 0.010013
Neighbors:  0.044534
Iterations: 0.072524
Vorticity:  0.005903
Viscosity:  0.001499
Update:     0.000133

Forces:     0.000059
Candidates: 0.000098
Neighbors:  0.011017
Iterations: 0.055523
Vorticity:  0.005927
Viscosity:  0.001506
Update:     0.000133

Forces:     0.000058
Candidates: 0.000099
Neighbors:  0.011056
Iterations: 0.055600
Vorticity:  0.005946
Viscosity:  0.001469
Update:     0.000118

Forces:     0.000119
Candidates: 0.000161
Neighbors:  0.011204
Iterations: 0.055642
Vorticity:  0.005939
Viscosity:  0.002086
Update:     0.000163

Forces:     0.000063
Candidates: 0.000097
Neighbors:  0.011046
Iterations: 0.055995
Vorticity:  0.006019
Viscosity:  0.001501
Update:     0.000134

Forces:     0.000061
Candidates: 0.000098
Neighbors:  0.011098
Iterations: 0.055599
Vorticity:  0.005937
Viscosity:  0.001466
Update:     0.000130

Forces:     0.000069
Candidates: 0.000081
Neighbors:  0.010988
Iterations: 0.055486
Vorticity:  0.005937
Viscosity:  0.001547
Update:     0.000130

Forces:     0.000066
Candidates: 0.000084
Neighbors:  0.010948
Iterations: 0.055477
Vorticity:  0.006037
Viscosity:  0.001525
Update:     0.000135

Forces:     0.000110
Candidates: 0.000153
Neighbors:  0.011255
Iterations: 0.055809
Vorticity:  0.006024
Viscosity:  0.001508
Update:     0.000160

Forces:     0.000065
Candidates: 0.000080
Neighbors:  0.011125
Iterations: 0.056811
Vorticity:  0.005999
Viscosity:  0.001533
Update:     0.000131

Forces:     0.000060
Candidates: 0.000096
Neighbors:  0.011111
Iterations: 0.056264
Vorticity:  0.006034
Viscosity:  0.001498
Update:     0.000134

Forces:     0.000063
Candidates: 0.000078
Neighbors:  0.011125
Iterations: 0.056623
Vorticity:  0.006033
Viscosity:  0.001479
Update:     0.000143

Forces:     0.000069
Candidates: 0.000080
Neighbors:  0.011193
Iterations: 0.056339
Vorticity:  0.006049
Viscosity:  0.001568
Update:     0.000118

Forces:     0.000108
Candidates: 0.000153
Neighbors:  0.011354
Iterations: 0.056315
Vorticity:  0.006065
Viscosity:  0.001553
Update:     0.000152

Forces:     0.000057
Candidates: 0.000092
Neighbors:  0.011155
Iterations: 0.056432
Vorticity:  0.006051
Viscosity:  0.001536
Update:     0.000119

Forces:     0.000063
Candidates: 0.000098
Neighbors:  0.011254
Iterations: 0.057527
Vorticity:  0.006200
Viscosity:  0.001572
Update:     0.000532

Forces:     0.000141
Candidates: 0.000140
Neighbors:  0.011716
Iterations: 0.058283
Vorticity:  0.006164
Viscosity:  0.001526
Update:     0.000176

Forces:     0.000098
Candidates: 0.000072
Neighbors:  0.011315
Iterations: 0.057591
Vorticity:  0.006201
Viscosity:  0.001606
Update:     0.000154

Forces:     0.000169
Candidates: 0.000252
Neighbors:  0.011646
Iterations: 0.056149
Vorticity:  0.006090
Viscosity:  0.001553
Update:     0.000154

Forces:     0.000061
Candidates: 0.000083
Neighbors:  0.011273
Iterations: 0.057023
Vorticity:  0.006145
Viscosity:  0.001577
Update:     0.000138

Forces:     0.000059
Candidates: 0.000091
Neighbors:  0.011389
Iterations: 0.157412
Vorticity:  0.020123
Viscosity:  0.009310
Update:     0.009382

Forces:     0.010005
Candidates: 0.002242
Neighbors:  0.011311
Iterations: 0.057404
Vorticity:  0.006204
Viscosity:  0.001582
Update:     0.000110

Forces:     0.000055
Candidates: 0.000091
Neighbors:  0.011392
Iterations: 0.057783
Vorticity:  0.006201
Viscosity:  0.001506
Update:     0.000134

Forces:     0.000127
Candidates: 0.000153
Neighbors:  0.011585
Iterations: 0.057625
Vorticity:  0.006188
Viscosity:  0.001585
Update:     0.000136

Forces:     0.000055
Candidates: 0.000093
Neighbors:  0.011377
Iterations: 0.057765
Vorticity:  0.006187
Viscosity:  0.001511
Update:     0.000121

Forces:     0.000062
Candidates: 0.000081
Neighbors:  0.011376
Iterations: 0.058006
Vorticity:  0.006232
Viscosity:  0.002476
Update:     0.000124

Forces:     0.000061
Candidates: 0.000087
Neighbors:  0.011553
Iterations: 0.058663
Vorticity:  0.006228
Viscosity:  0.002440
Update:     0.000116

Forces:     0.000056
Candidates: 0.000080
Neighbors:  0.011376
Iterations: 0.057346
Vorticity:  0.006189
Viscosity:  0.001613
Update:     0.000113

Forces:     0.000121
Candidates: 0.000150
Neighbors:  0.011632
Iterations: 0.058774
Vorticity:  0.006251
Viscosity:  0.002497
Update:     0.000147

Forces:     0.000066
Candidates: 0.000090
Neighbors:  0.011646
Iterations: 0.058496
Vorticity:  0.006230
Viscosity:  0.002465
Update:     0.000144

Forces:     0.000064
Candidates: 0.000086
Neighbors:  0.011571
Iterations: 0.058726
Vorticity:  0.006268
Viscosity:  0.002483
Update:     0.000128

Forces:     0.000064
Candidates: 0.000088
Neighbors:  0.011661
Iterations: 0.058436
Vorticity:  0.006233
Viscosity:  0.002485
Update:     0.000122

Forces:     0.000052
Candidates: 0.000083
Neighbors:  0.011371
Iterations: 0.056999
Vorticity:  0.006173
Viscosity:  0.001561
Update:     0.000127

Forces:     0.000091
Candidates: 0.000154
Neighbors:  0.011562
Iterations: 0.057506
Vorticity:  0.006033
Viscosity:  0.001480
Update:     0.000151

Forces:     0.000063
Candidates: 0.000080
Neighbors:  0.011317
Iterations: 0.056122
Vorticity:  0.006014
Viscosity:  0.001478
Update:     0.000127

Forces:     0.000053
Candidates: 0.000093
Neighbors:  0.011248
Iterations: 0.055676
Vorticity:  0.006023
Viscosity:  0.001542
Update:     0.000104

Forces:     0.000062
Candidates: 0.000085
Neighbors:  0.011322
Iterations: 0.056395
Vorticity:  0.006098
Viscosity:  0.001534
Update:     0.000126

Forces:     0.000070
Candidates: 0.000092
Neighbors:  0.011405
Iterations: 0.056846
Vorticity:  0.006070
Viscosity:  0.001587
Update:     0.000111

Forces:     0.000103
Candidates: 0.000154
Neighbors:  0.011458
Iterations: 0.056802
Vorticity:  0.006089
Viscosity:  0.001573
Update:     0.000653

Forces:     0.000054
Candidates: 0.000095
Neighbors:  0.011423
Iterations: 0.056520
Vorticity:  0.006003
Viscosity:  0.001520
Update:     0.000119

Forces:     0.000060
Candidates: 0.000104
Neighbors:  0.011251
Iterations: 0.134237
Vorticity:  0.020139
Viscosity:  0.013341
Update:     0.009406

Forces:     0.010000
Candidates: 0.010019
Neighbors:  0.027752
Iterations: 0.055771
Vorticity:  0.006008
Viscosity:  0.001525
Update:     0.000105

Forces:     0.000054
Candidates: 0.000085
Neighbors:  0.011298
Iterations: 0.055759
Vorticity:  0.006028
Viscosity:  0.001517
Update:     0.000107

Forces:     0.000128
Candidates: 0.000156
Neighbors:  0.011564
Iterations: 0.056164
Vorticity:  0.006001
Viscosity:  0.001475
Update:     0.000139

Forces:     0.000051
Candidates: 0.000081
Neighbors:  0.011320
Iterations: 0.055695
Vorticity:  0.005995
Viscosity:  0.001484
Update:     0.000132

Forces:     0.000065
Candidates: 0.000088
Neighbors:  0.011284
Iterations: 0.055527
Vorticity:  0.005967
Viscosity:  0.001688
Update:     0.000119

Forces:     0.000061
Candidates: 0.000086
Neighbors:  0.011206
Iterations: 0.055646
Vorticity:  0.005973
Viscosity:  0.001452
Update:     0.000110

Forces:     0.000067
Candidates: 0.000084
Neighbors:  0.011256
Iterations: 0.055150
Vorticity:  0.005963
Viscosity:  0.001500
Update:     0.000107

Forces:     0.000114
Candidates: 0.000158
Neighbors:  0.011373
Iterations: 0.055131
Vorticity:  0.005934
Viscosity:  0.001474
Update:     0.000150

Forces:     0.000065
Candidates: 0.000080
Neighbors:  0.011219
Iterations: 0.054732
Vorticity:  0.005927
Viscosity:  0.001496
Update:     0.000122

Forces:     0.000052
Candidates: 0.000089
Neighbors:  0.011228
Iterations: 0.054633
Vorticity:  0.005944
Viscosity:  0.001510
Update:     0.000112

Forces:     0.000062
Candidates: 0.000098
Neighbors:  0.011328
Iterations: 0.054690
Vorticity:  0.005919
Viscosity:  0.001540
Update:     0.000094

Forces:     0.000053
Candidates: 0.000097
Neighbors:  0.011177
Iterations: 0.054563
Vorticity:  0.005904
Viscosity:  0.001511
Update:     0.000110

Forces:     0.000109
Candidates: 0.000163
Neighbors:  0.011442
Iterations: 0.054253
Vorticity:  0.005874
Viscosity:  0.001518
Update:     0.000145

Forces:     0.000058
Candidates: 0.000100
Neighbors:  0.011243
Iterations: 0.054240
Vorticity:  0.005855
Viscosity:  0.001420
Update:     0.000114

Forces:     0.000059
Candidates: 0.000082
Neighbors:  0.011062
Iterations: 0.053796
Vorticity:  0.005830
Viscosity:  0.001482
Update:     0.000118

Forces:     0.000049
Candidates: 0.000096
Neighbors:  0.011226
Iterations: 0.053083
Vorticity:  0.005652
Viscosity:  0.001453
Update:     0.000117

Forces:     0.000050
Candidates: 0.000102
Neighbors:  0.011064
Iterations: 0.052932
Vorticity:  0.005775
Viscosity:  0.002365
Update:     0.000115

Forces:     0.000121
Candidates: 0.000156
Neighbors:  0.010736
Iterations: 0.051150
Vorticity:  0.005591
Viscosity:  0.001414
Update:     0.000129

Forces:     0.000069
Candidates: 0.000115
Neighbors:  0.010742
Iterations: 0.058198
Vorticity:  0.006646
Viscosity:  0.001719
Update:     0.000103

Forces:     0.000074
Candidates: 0.000096
Neighbors:  0.011195
Iterations: 0.056955
Vorticity:  0.006165
Viscosity:  0.001583
Update:     0.000117

Forces:     0.000064
Candidates: 0.000106
Neighbors:  0.010688
Iterations: 0.156446
Vorticity:  0.024919
Viscosity:  0.008529
Update:     0.009456

Forces:     0.007484
Candidates: 0.002526
Neighbors:  0.010687
Iterations: 0.052338
Vorticity:  0.006448
Viscosity:  0.001618
Update:     0.000129

Forces:     0.000107
Candidates: 0.000148
Neighbors:  0.010625
Iterations: 0.050536
Vorticity:  0.005494
Viscosity:  0.001415
Update:     0.000141

Forces:     0.000059
Candidates: 0.000101
Neighbors:  0.011144
Iterations: 0.061354
Vorticity:  0.006539
Viscosity:  0.001691
Update:     0.000141

Forces:     0.000076
Candidates: 0.000125
Neighbors:  0.011084
Iterations: 0.056814
Vorticity:  0.006235
Viscosity:  0.001547
Update:     0.000161

Forces:     0.000052
Candidates: 0.000107
Neighbors:  0.011076
Iterations: 0.049930
Vorticity:  0.005501
Viscosity:  0.001528
Update:     0.000144

Forces:     0.000078
Candidates: 0.000130
Neighbors:  0.010770
Iterations: 0.051317
Vorticity:  0.005682
Viscosity:  0.001403
Update:     0.001581

Forces:     0.000116
Candidates: 0.000150
Neighbors:  0.010882
Iterations: 0.048067
Vorticity:  0.005237
Viscosity:  0.001377
Update:     0.000134

Forces:     0.000060
Candidates: 0.000103
Neighbors:  0.010703
Iterations: 0.051923
Vorticity:  0.006109
Viscosity:  0.001525
Update:     0.000105

Forces:     0.000065
Candidates: 0.000096
Neighbors:  0.010771
Iterations: 0.046223
Vorticity:  0.005189
Viscosity:  0.001335
Update:     0.000097

Forces:     0.000059
Candidates: 0.000094
Neighbors:  0.010379
Iterations: 0.048524
Vorticity:  0.005206
Viscosity:  0.001307
Update:     0.000114

Forces:     0.000051
Candidates: 0.000092
Neighbors:  0.010633
Iterations: 0.053220
Vorticity:  0.006263
Viscosity:  0.001578
Update:     0.000107

Forces:     0.000091
Candidates: 0.000162
Neighbors:  0.010554
Iterations: 0.048656
Vorticity:  0.005139
Viscosity:  0.001319
Update:     0.000145

Forces:     0.000067
Candidates: 0.000093
Neighbors:  0.010334
Iterations: 0.044276
Vorticity:  0.004749
Viscosity:  0.001227
Update:     0.000116

Forces:     0.000062
Candidates: 0.000114
Neighbors:  0.009642
Iterations: 0.044112
Vorticity:  0.005201
Viscosity:  0.001375
Update:     0.000105

Forces:     0.000056
Candidates: 0.000108
Neighbors:  0.010339
Iterations: 0.048201
Vorticity:  0.004999
Viscosity:  0.001288
Update:     0.000117

Forces:     0.000060
Candidates: 0.000097
Neighbors:  0.010129
Iterations: 0.051704
Vorticity:  0.006136
Viscosity:  0.001599
Update:     0.000133

Forces:     0.000119
Candidates: 0.000163
Neighbors:  0.013887
Iterations: 0.054028
Vorticity:  0.006150
Viscosity:  0.001636
Update:     0.000215

Forces:     0.000122
Candidates: 0.000176
Neighbors:  0.011693
Iterations: 0.056578
Vorticity:  0.006079
Viscosity:  0.001600
Update:     0.000103

Forces:     0.000062
Candidates: 0.000120
Neighbors:  0.010694
Iterations: 0.055442
Vorticity:  0.006052
Viscosity:  0.001631
Update:     0.000103

Forces:     0.000057
Candidates: 0.000091
Neighbors:  0.010567
Iterations: 0.055560
Vorticity:  0.005973
Viscosity:  0.001525
Update:     0.000102

Forces:     0.000057
Candidates: 0.000151
Neighbors:  0.010328
Iterations: 0.048543
Vorticity:  0.005120
Viscosity:  0.001286
Update:     0.000100

Forces:     0.009630
Candidates: 0.010020
Neighbors:  0.041376
Iterations: 0.135308
Vorticity:  0.004995
Viscosity:  0.001253
Update:     0.000142

Forces:     0.000054
Candidates: 0.000102
Neighbors:  0.010343
Iterations: 0.046305
Vorticity:  0.004957
Viscosity:  0.001275
Update:     0.000100

Forces:     0.000060
Candidates: 0.000087
Neighbors:  0.010090
Iterations: 0.047678
Vorticity:  0.005938
Viscosity:  0.001568
Update:     0.000107

Forces:     0.000053
Candidates: 0.000111
Neighbors:  0.010619
Iterations: 0.054724
Vorticity:  0.005944
Viscosity:  0.001532
Update:     0.000107

Forces:     0.000055
Candidates: 0.000101
Neighbors:  0.011579
Iterations: 0.055495
Vorticity:  0.005619
Viscosity:  0.001604
Update:     0.000180

Forces:     0.000101
Candidates: 0.000167
Neighbors:  0.010370
Iterations: 0.047460
Vorticity:  0.004950
Viscosity:  0.001285
Update:     0.000141

Forces:     0.000054
Candidates: 0.000103
Neighbors:  0.010408
Iterations: 0.055208
Vorticity:  0.005968
Viscosity:  0.001568
Update:     0.000139

Forces:     0.000052
Candidates: 0.000101
Neighbors:  0.011426
Iterations: 0.050310
Vorticity:  0.005014
Viscosity:  0.001303
Update:     0.000109

Forces:     0.000057
Candidates: 0.000099
Neighbors:  0.010109
Iterations: 0.047316
Vorticity:  0.004996
Viscosity:  0.001304
Update:     0.000797

Forces:     0.000054
Candidates: 0.000113
Neighbors:  0.010118
Iterations: 0.050347
Vorticity:  0.005853
Viscosity:  0.001542
Update:     0.000108

Forces:     0.000125
Candidates: 0.000187
Neighbors:  0.011393
Iterations: 0.054494
Vorticity:  0.005821
Viscosity:  0.001606
Update:     0.000206

Forces:     0.000100
Candidates: 0.000176
Neighbors:  0.011345
Iterations: 0.053929
Vorticity:  0.005829
Viscosity:  0.001546
Update:     0.000108

Forces:     0.000053
Candidates: 0.000102
Neighbors:  0.011303
Iterations: 0.053745
Vorticity:  0.005775
Viscosity:  0.001525
Update:     0.000149

Forces:     0.000094
Candidates: 0.000187
Neighbors:  0.011283
Iterations: 0.053658
Vorticity:  0.005784
Viscosity:  0.001505
Update:     0.000147

Forces:     0.000093
Candidates: 0.000180
Neighbors:  0.011263
Iterations: 0.053452
Vorticity:  0.005737
Viscosity:  0.001505
Update:     0.000162

Forces:     0.000098
Candidates: 0.000160
Neighbors:  0.010146
Iterations: 0.046814
Vorticity:  0.005191
Viscosity:  0.002249
Update:     0.000128

Forces:     0.000053
Candidates: 0.000100
Neighbors:  0.009944
Iterations: 0.046413
Vorticity:  0.005091
Viscosity:  0.001324
Update:     0.000103

Forces:     0.000074
Candidates: 0.000130
Neighbors:  0.009906
Iterations: 0.046805
Vorticity:  0.005748
Viscosity:  0.001507
Update:     0.000119

Forces:     0.000055
Candidates: 0.000115
Neighbors:  0.011154
Iterations: 0.053121
Vorticity:  0.005764
Viscosity:  0.001478
Update:     0.000094

Forces:     0.000053
Candidates: 0.000098
Neighbors:  0.011139
Iterations: 0.052822
Vorticity:  0.005622
Viscosity:  0.001498
Update:     0.000169

Forces:     0.000111
Candidates: 0.000151
Neighbors:  0.010017
Iterations: 0.044449
Vorticity:  0.004769
Viscosity:  0.001278
Update:     0.000119

Forces:     0.000050
Candidates: 0.000102
Neighbors:  0.009989
Iterations: 0.049152
Vorticity:  0.005084
Viscosity:  0.002222
Update:     0.000106

Forces:     0.000052
Candidates: 0.000099
Neighbors:  0.009890
Iterations: 0.211575
Vorticity:  0.005688
Viscosity:  0.001456
Update:     0.000117

Forces:     0.000054
Candidates: 0.000097
Neighbors:  0.011055
Iterations: 0.052498
Vorticity:  0.005664
Viscosity:  0.001472
Update:     0.000142

Forces:     0.000054
Candidates: 0.000117
Neighbors:  0.010921
Iterations: 0.052555
Vorticity:  0.005675
Viscosity:  0.001510
Update:     0.000114

Forces:     0.000119
Candidates: 0.000191
Neighbors:  0.011190
Iterations: 0.048056
Vorticity:  0.004670
Viscosity:  0.001225
Update:     0.000129

Forces:     0.000053
Candidates: 0.000105
Neighbors:  0.009732
Iterations: 0.042942
Vorticity:  0.004657
Viscosity:  0.001220
Update:     0.000100

Forces:     0.000051
Candidates: 0.000103
Neighbors:  0.009703
Iterations: 0.046440
Vorticity:  0.004997
Viscosity:  0.002209
Update:     0.000103

Forces:     0.000053
Candidates: 0.000101
Neighbors:  0.009867
Iterations: 0.047320
Vorticity:  0.004967
Viscosity:  0.001219
Update:     0.001433

Forces:     0.000056
Candidates: 0.000102
Neighbors:  0.009850
Iterations: 0.045124
Vorticity:  0.004616
Viscosity:  0.001470
Update:     0.000101

Forces:     0.000176
Candidates: 0.000321
Neighbors:  0.011601
Iterations: 0.051246
Vorticity:  0.005899
Viscosity:  0.001647
Update:     0.000366

Forces:     0.000143
Candidates: 0.000164
Neighbors:  0.011121
Iterations: 0.051041
Vorticity:  0.005501
Viscosity:  0.001473
Update:     0.000432

Forces:     0.000249
Candidates: 0.000170
Neighbors:  0.011298
Iterations: 0.051803
Vorticity:  0.005668
Viscosity:  0.001442
Update:     0.000126

Forces:     0.000049
Candidates: 0.000117
Neighbors:  0.010983
Iterations: 0.051994
Vorticity:  0.005614
Viscosity:  0.001432
Update:     0.000120

Forces:     0.000067
Candidates: 0.000104
Neighbors:  0.010905
Iterations: 0.051747
Vorticity:  0.005599
Viscosity:  0.001467
Update:     0.000092

Forces:     0.000126
Candidates: 0.000219
Neighbors:  0.011130
Iterations: 0.051627
Vorticity:  0.005597
Viscosity:  0.001438
Update:     0.000174

Forces:     0.000050
Candidates: 0.000116
Neighbors:  0.010857
Iterations: 0.051634
Vorticity:  0.005462
Viscosity:  0.001480
Update:     0.000135

Forces:     0.000083
Candidates: 0.000187
Neighbors:  0.010894
Iterations: 0.051814
Vorticity:  0.005597
Viscosity:  0.001429
Update:     0.000091

Forces:     0.000050
Candidates: 0.000098
Neighbors:  0.010899
Iterations: 0.051534
Vorticity:  0.005592
Viscosity:  0.001423
Update:     0.000097

Forces:     0.000059
Candidates: 0.000102
Neighbors:  0.010729
Iterations: 0.051251
Vorticity:  0.005427
Viscosity:  0.001464
Update:     0.000149

Forces:     0.000104
Candidates: 0.000151
Neighbors:  0.009660
Iterations: 0.042394
Vorticity:  0.004779
Viscosity:  0.002081
Update:     0.000123

Forces:     0.000045
Candidates: 0.000105
Neighbors:  0.009606
Iterations: 0.044511
Vorticity:  0.005532
Viscosity:  0.001424
Update:     0.000091

Forces:     0.000056
Candidates: 0.000096
Neighbors:  0.010806
Iterations: 0.042708
Vorticity:  0.004427
Viscosity:  0.001156
Update:     0.000089

Forces:     0.000047
Candidates: 0.000106
Neighbors:  0.009394
Iterations: 0.043438
Vorticity:  0.004856
Viscosity:  0.001403
Update:     0.000095

Forces:     0.000050
Candidates: 0.000100
Neighbors:  0.010746
Iterations: 0.049874
Vorticity:  0.005430
Viscosity:  0.001465
Update:     0.000162

Forces:     0.004909
Candidates: 0.010025
Neighbors:  0.066002
Iterations: 0.064803
Vorticity:  0.005412
Viscosity:  0.001460
Update:     0.000204

Forces:     0.000088
Candidates: 0.000188
Neighbors:  0.010890
Iterations: 0.050005
Vorticity:  0.005399
Viscosity:  0.001469
Update:     0.000143

Forces:     0.000095
Candidates: 0.000133
Neighbors:  0.010858
Iterations: 0.050145
Vorticity:  0.005392
Viscosity:  0.001453
Update:     0.000161

Forces:     0.000098
Candidates: 0.000184
Neighbors:  0.010853
Iterations: 0.049985
Vorticity:  0.005375
Viscosity:  0.001454
Update:     0.000138

Forces:     0.000086
Candidates: 0.000173
Neighbors:  0.010860
Iterations: 0.049923
Vorticity:  0.005362
Viscosity:  0.001470
Update:     0.000123

Forces:     0.000097
Candidates: 0.000164
Neighbors:  0.009502
Iterations: 0.050572
Vorticity:  0.005347
Viscosity:  0.001438
Update:     0.000184

Forces:     0.000100
Candidates: 0.000176
Neighbors:  0.010923
Iterations: 0.049807
Vorticity:  0.005344
Viscosity:  0.001445
Update:     0.000141

Forces:     0.000090
Candidates: 0.000190
Neighbors:  0.010917
Iterations: 0.039924
Vorticity:  0.004030
Viscosity:  0.001069
Update:     0.000095

Forces:     0.000051
Candidates: 0.000106
Neighbors:  0.009045
Iterations: 0.037968
Vorticity:  0.004214
Viscosity:  0.001125
Update:     0.000093

Forces:     0.000052
Candidates: 0.000095
Neighbors:  0.009339
Iterations: 0.038952
Vorticity:  0.004215
Viscosity:  0.001103
Update:     0.000086

Forces:     0.000102
Candidates: 0.000156
Neighbors:  0.009174
Iterations: 0.039047
Vorticity:  0.004183
Viscosity:  0.001117
Update:     0.000119

Forces:     0.000055
Candidates: 0.000105
Neighbors:  0.009324
Iterations: 0.038785
Vorticity:  0.004194
Viscosity:  0.001105
Update:     0.000083

Forces:     0.000050
Candidates: 0.000114
Neighbors:  0.009268
Iterations: 0.038658
Vorticity:  0.004162
Viscosity:  0.001117
Update:     0.000083

Forces:     0.000052
Candidates: 0.000099
Neighbors:  0.009300
Iterations: 0.038198
Vorticity:  0.003966
Viscosity:  0.001071
Update:     0.000096

Forces:     0.000050
Candidates: 0.000099
Neighbors:  0.009003
Iterations: 0.037106
Vorticity:  0.003996
Viscosity:  0.001053
Update:     0.000097

Forces:     0.000100
Candidates: 0.000150
Neighbors:  0.009227
Iterations: 0.036972
Vorticity:  0.003985
Viscosity:  0.001060
Update:     0.000116

Forces:     0.000052
Candidates: 0.000100
Neighbors:  0.009011
Iterations: 0.036947
Vorticity:  0.003974
Viscosity:  0.001678
Update:     0.000102

Forces:     0.000053
Candidates: 0.000103
Neighbors:  0.009164
Iterations: 0.038673
Vorticity:  0.004000
Viscosity:  0.001696
Update:     0.000099

Forces:     0.000051
Candidates: 0.000105
Neighbors:  0.008953
Iterations: 0.036714
Vorticity:  0.003921
Viscosity:  0.001057
Update:     0.000611

Forces:     0.000049
Candidates: 0.000108
Neighbors:  0.008945
Iterations: 0.036734
Vorticity:  0.004207
Viscosity:  0.001177
Update:     0.000092

Forces:     0.000096
Candidates: 0.000172
Neighbors:  0.009490
Iterations: 0.045194
Vorticity:  0.005126
Viscosity:  0.002662
Update:     0.000169

Forces:     0.000053
Candidates: 0.000130
Neighbors:  0.009383
Iterations: 0.048110
Vorticity:  0.005107
Viscosity:  0.002656
Update:     0.000094

Forces:     0.000053
Candidates: 0.000103
Neighbors:  0.009374
Iterations: 0.040138
Vorticity:  0.003931
Viscosity:  0.001026
Update:     0.000082

Forces:     0.000051
Candidates: 0.000094
Neighbors:  0.008998
Iterations: 0.036920
Vorticity:  0.004061
Viscosity:  0.001072
Update:     0.000080

Forces:     0.000049
Candidates: 0.000098
Neighbors:  0.009258
Iterations: 0.037669
Vorticity:  0.004057
Viscosity:  0.001070
Update:     0.000091

Forces:     0.000109
Candidates: 0.000148
Neighbors:  0.015700
Iterations: 0.187820
Vorticity:  0.004269
Viscosity:  0.001240
Update:     0.000125

Forces:     0.000053
Candidates: 0.000111
Neighbors:  0.009730
Iterations: 0.040006
Vorticity:  0.004348
Viscosity:  0.002614
Update:     0.000088

Forces:     0.000056
Candidates: 0.000100
Neighbors:  0.009754
Iterations: 0.047304
Vorticity:  0.005051
Viscosity:  0.002644
Update:     0.000092

Forces:     0.000054
Candidates: 0.000099
Neighbors:  0.009491
Iterations: 0.038271
Vorticity:  0.004120
Viscosity:  0.001087
Update:     0.000093

Forces:     0.000058
Candidates: 0.000115
Neighbors:  0.009353
Iterations: 0.038147
Vorticity:  0.004107
Viscosity:  0.001091
Update:     0.000086

Forces:     0.000128
Candidates: 0.000166
Neighbors:  0.009841
Iterations: 0.043175
Vorticity:  0.005204
Viscosity:  0.001413
Update:     0.000134

Forces:     0.000087
Candidates: 0.000163
Neighbors:  0.009505
Iterations: 0.038011
Vorticity:  0.004101
Viscosity:  0.001101
Update:     0.000094

Forces:     0.000052
Candidates: 0.000100
Neighbors:  0.009350
Iterations: 0.037862
Vorticity:  0.004061
Viscosity:  0.001084
Update:     0.000096

Forces:     0.000050
Candidates: 0.000111
Neighbors:  0.009330
Iterations: 0.036625
Vorticity:  0.003749
Viscosity:  0.001031
Update:     0.000092

Forces:     0.000052
Candidates: 0.000094
Neighbors:  0.008844
Iterations: 0.036746
Vorticity:  0.003792
Viscosity:  0.001023
Update:     0.000083

Forces:     0.000082
Candidates: 0.000185
Neighbors:  0.009082
Iterations: 0.034807
Vorticity:  0.003738
Viscosity:  0.001020
Update:     0.000111

Forces:     0.000053
Candidates: 0.000112
Neighbors:  0.008922
Iterations: 0.035479
Vorticity:  0.003875
Viscosity:  0.001856
Update:     0.000092

Forces:     0.000049
Candidates: 0.000094
Neighbors:  0.008109
Iterations: 0.038282
Vorticity:  0.003874
Viscosity:  0.001851
Update:     0.000100

Forces:     0.000049
Candidates: 0.000099
Neighbors:  0.007862
Iterations: 0.035629
Vorticity:  0.003762
Viscosity:  0.001206
Update:     0.000091

Forces:     0.000053
Candidates: 0.000098
Neighbors:  0.009114
Iterations: 0.035438
Vorticity:  0.003764
Viscosity:  0.001451
Update:     0.000090

Forces:     0.000104
Candidates: 0.000147
Neighbors:  0.008977
Iterations: 0.034677
Vorticity:  0.003935
Viscosity:  0.000927
Update:     0.001198

Forces:     0.000059
Candidates: 0.000102
Neighbors:  0.007921
Iterations: 0.034156
Vorticity:  0.003405
Viscosity:  0.000898
Update:     0.000083

Forces:     0.000046
Candidates: 0.000103
Neighbors:  0.007827
Iterations: 0.035909
Vorticity:  0.003746
Viscosity:  0.001796
Update:     0.000079

Forces:     0.000051
Candidates: 0.000090
Neighbors:  0.007839
Iterations: 0.036930
Vorticity:  0.003747
Viscosity:  0.001783
Update:     0.000086

Forces:     0.000049
Candidates: 0.000100
Neighbors:  0.007918
Iterations: 0.036340
Vorticity:  0.003774
Viscosity:  0.001342
Update:     0.000088

Forces:     0.000094
Candidates: 0.000158
Neighbors:  0.008098
Iterations: 0.035300
Vorticity:  0.003839
Viscosity:  0.001810
Update:     0.000126

Forces:     0.000047
Candidates: 0.000096
Neighbors:  0.007835
Iterations: 0.035626
Vorticity:  0.003891
Viscosity:  0.000936
Update:     0.001168

Forces:     0.000054
Candidates: 0.000100
Neighbors:  0.007876
Iterations: 0.033132
Vorticity:  0.003797
Viscosity:  0.001804
Update:     0.000077

Forces:     0.000050
Candidates: 0.000096
Neighbors:  0.007904
Iterations: 0.037202
Vorticity:  0.003736
Viscosity:  0.001375
Update:     0.000083

Forces:     0.000054
Candidates: 0.000110
Neighbors:  0.008906
Iterations: 0.034900
Vorticity:  0.003735
Viscosity:  0.001025
Update:     0.000702

Forces:     0.000088
Candidates: 0.000147
Neighbors:  0.008101
Iterations: 0.034467
Vorticity:  0.003927
Viscosity:  0.000943
Update:     0.001188

Forces:     0.000049
Candidates: 0.000108
Neighbors:  0.007899
Iterations: 0.035894
Vorticity:  0.003896
Viscosity:  0.000941
Update:     0.001158

Forces:     0.000049
Candidates: 0.000095
Neighbors:  0.007873
Iterations: 0.059413
Vorticity:  0.020069
Viscosity:  0.009488
Update:     0.009727

Forces:     0.010005
Candidates: 0.010016
Neighbors:  0.045498
Iterations: 0.075781
Vorticity:  0.003801
Viscosity:  0.001779
Update:     0.000083

Forces:     0.000049
Candidates: 0.000089
Neighbors:  0.007848
Iterations: 0.031969
Vorticity:  0.003782
Viscosity:  0.000938
Update:     0.001174

Forces:     0.000096
Candidates: 0.000150
Neighbors:  0.007928
Iterations: 0.033818
Vorticity:  0.003750
Viscosity:  0.001806
Update:     0.000112

Forces:     0.000046
Candidates: 0.000097
Neighbors:  0.008956
Iterations: 0.034668
Vorticity:  0.003747
Viscosity:  0.001016
Update:     0.000075

Forces:     0.000051
Candidates: 0.000103
Neighbors:  0.008804
Iterations: 0.032251
Vorticity:  0.003500
Viscosity:  0.001866
Update:     0.000089

Forces:     0.000054
Candidates: 0.000100
Neighbors:  0.008035
Iterations: 0.035623
Vorticity:  0.003372
Viscosity:  0.000888
Update:     0.000084

Forces:     0.000047
Candidates: 0.000102
Neighbors:  0.007802
Iterations: 0.035588
Vorticity:  0.003898
Viscosity:  0.001017
Update:     0.000080

Forces:     0.000088
Candidates: 0.000147
Neighbors:  0.009126
Iterations: 0.036070
Vorticity:  0.003890
Viscosity:  0.001041
Update:     0.000104

Forces:     0.000046
Candidates: 0.000101
Neighbors:  0.008976
Iterations: 0.038004
Vorticity:  0.004454
Viscosity:  0.001097
Update:     0.001441

Forces:     0.000065
Candidates: 0.000111
Neighbors:  0.009644
Iterations: 0.035949
Vorticity:  0.003910
Viscosity:  0.001019
Update:     0.000089

Forces:     0.000050
Candidates: 0.000086
Neighbors:  0.008933
Iterations: 0.036629
Vorticity:  0.004001
Viscosity:  0.001692
Update:     0.000116

Forces:     0.000049
Candidates: 0.000087
Neighbors:  0.008815
Iterations: 0.034477
Vorticity:  0.003711
Viscosity:  0.000963
Update:     0.000085

Forces:     0.000089
Candidates: 0.000149
Neighbors:  0.008660
Iterations: 0.033246
Vorticity:  0.003630
Viscosity:  0.000982
Update:     0.000109

Forces:     0.000049
Candidates: 0.000101
Neighbors:  0.008511
Iterations: 0.035419
Vorticity:  0.003629
Viscosity:  0.000988
Update:     0.000096

Forces:     0.000053
Candidates: 0.000094
Neighbors:  0.008487
Iterations: 0.033216
Vorticity:  0.003586
Viscosity:  0.000983
Update:     0.000095

Forces:     0.000052
Candidates: 0.000103
Neighbors:  0.008660
Iterations: 0.033218
Vorticity:  0.003581
Viscosity:  0.000981
Update:     0.000089

Forces:     0.000048
Candidates: 0.000099
Neighbors:  0.008468
Iterations: 0.037258
Vorticity:  0.004022
Viscosity:  0.001091
Update:     0.000090

Forces:     0.000104
Candidates: 0.000186
Neighbors:  0.009443
Iterations: 0.037066
Vorticity:  0.003974
Viscosity:  0.001079
Update:     0.000104

Forces:     0.000050
Candidates: 0.000100
Neighbors:  0.009090
Iterations: 0.036189
Vorticity:  0.003870
Viscosity:  0.001036
Update:     0.000099

Forces:     0.000049
Candidates: 0.000099
Neighbors:  0.009157
Iterations: 0.037046
Vorticity:  0.003906
Viscosity:  0.001056
Update:     0.000090

Forces:     0.000044
Candidates: 0.000106
Neighbors:  0.009060
Iterations: 0.037060
Vorticity:  0.003979
Viscosity:  0.001069
Update:     0.000101

Forces:     0.000047
Candidates: 0.000101
Neighbors:  0.009244
Iterations: 0.036667
Vorticity:  0.003992
Viscosity:  0.001067
Update:     0.000112

Forces:     0.000111
Candidates: 0.000158
Neighbors:  0.009151
Iterations: 0.035970
Vorticity:  0.003884
Viscosity:  0.001074
Update:     0.000132

Forces:     0.000048
Candidates: 0.000113
Neighbors:  0.009098
Iterations: 0.036088
Vorticity:  0.003885
Viscosity:  0.001048
Update:     0.000102

Forces:     0.000052
Candidates: 0.000101
Neighbors:  0.009194
Iterations: 0.036327
Vorticity:  0.003889
Viscosity:  0.001079
Update:     0.000092

Forces:     0.000051
Candidates: 0.000110
Neighbors:  0.009011
Iterations: 0.036150
Vorticity:  0.003858
Viscosity:  0.001052
Update:     0.000082

Forces:     0.000048
Candidates: 0.000126
Neighbors:  0.009012
Iterations: 0.036248
Vorticity:  0.003891
Viscosity:  0.001074
Update:     0.000092

Forces:     0.005481
Candidates: 0.010021
Neighbors:  0.043832
Iterations: 0.083405
Vorticity:  0.004015
Viscosity:  0.001501
Update:     0.000124

Forces:     0.000052
Candidates: 0.000096
Neighbors:  0.009535
Iterations: 0.038209
Vorticity:  0.004012
Viscosity:  0.001548
Update:     0.000125

Forces:     0.000071
Candidates: 0.000100
Neighbors:  0.009066
Iterations: 0.037316
Vorticity:  0.003980
Viscosity:  0.001067
Update:     0.000093

Forces:     0.000050
Candidates: 0.000104
Neighbors:  0.008948
Iterations: 0.036019
Vorticity:  0.003905
Viscosity:  0.001064
Update:     0.000095

Forces:     0.000046
Candidates: 0.000104
Neighbors:  0.008963
Iterations: 0.036099
Vorticity:  0.003893
Viscosity:  0.001053
Update:     0.000093

Forces:     0.000098
Candidates: 0.000152
Neighbors:  0.009243
Iterations: 0.037202
Vorticity:  0.003886
Viscosity:  0.001059
Update:     0.000123

Forces:     0.000043
Candidates: 0.000099
Neighbors:  0.009156
Iterations: 0.037753
Vorticity:  0.004006
Viscosity:  0.001648
Update:     0.000079

Forces:     0.000050
Candidates: 0.000106
Neighbors:  0.009235
Iterations: 0.038652
Vorticity:  0.004024
Viscosity:  0.001549
Update:     0.000127

Forces:     0.000048
Candidates: 0.000097
Neighbors:  0.009524
Iterations: 0.038277
Vorticity:  0.004032
Viscosity:  0.001567
Update:     0.000090

Forces:     0.000042
Candidates: 0.000098
Neighbors:  0.009108
Iterations: 0.037441
Vorticity:  0.004045
Viscosity:  0.001109
Update:     0.000081

Forces:     0.000105
Candidates: 0.000188
Neighbors:  0.009240
Iterations: 0.040070
Vorticity:  0.004689
Viscosity:  0.001227
Update:     0.000157

Forces:     0.000098
Candidates: 0.000182
Neighbors:  0.010261
Iterations: 0.042856
Vorticity:  0.004695
Viscosity:  0.001241
Update:     0.000112

Forces:     0.000091
Candidates: 0.000162
Neighbors:  0.010257
Iterations: 0.037610
Vorticity:  0.003960
Viscosity:  0.001056
Update:     0.000071

Forces:     0.000048
Candidates: 0.000104
Neighbors:  0.009069
Iterations: 0.035986
Vorticity:  0.003940
Viscosity:  0.001082
Update:     0.000081

Forces:     0.000045
Candidates: 0.000098
Neighbors:  0.009228
Iterations: 0.036213
Vorticity:  0.003888
Viscosity:  0.001024
Update:     0.000108

Forces:     0.000110
Candidates: 0.000161
Neighbors:  0.009232
Iterations: 0.036034
Vorticity:  0.003978
Viscosity:  0.001063
Update:     0.000108

Forces:     0.000046
Candidates: 0.000100
Neighbors:  0.009279
Iterations: 0.036444
Vorticity:  0.003984
Viscosity:  0.000995
Update:     0.000087

Forces:     0.000041
Candidates: 0.000101
Neighbors:  0.009062
Iterations: 0.036092
Vorticity:  0.003993
Viscosity:  0.001334
Update:     0.000085

Forces:     0.000044
Candidates: 0.000101
Neighbors:  0.009077
Iterations: 0.037534
Vorticity:  0.003712
Viscosity:  0.000981
Update:     0.000819

Forces:     0.000051
Candidates: 0.000092
Neighbors:  0.008872
Iterations: 0.036537
Vorticity:  0.003894
Viscosity:  0.001655
Update:     0.000084

Forces:     0.000100
Candidates: 0.000147
Neighbors:  0.009004
Iterations: 0.035879
Vorticity:  0.003368
Viscosity:  0.000889
Update:     0.000102

Forces:     0.000051
Candidates: 0.000090
Neighbors:  0.007547
Iterations: 0.031963
Vorticity:  0.003636
Viscosity:  0.000877
Update:     0.001074

Forces:     0.000047
Candidates: 0.000093
Neighbors:  0.007550
Iterations: 0.035030
Vorticity:  0.003552
Viscosity:  0.001649
Update:     0.000079

Forces:     0.000048
Candidates: 0.000090
Neighbors:  0.007560
Iterations: 0.035013
Vorticity:  0.003721
Viscosity:  0.000995
Update:     0.000090

Forces:     0.000046
Candidates: 0.000091
Neighbors:  0.008758
Iterations: 0.034025
Vorticity:  0.003533
Viscosity:  0.000879
Update:     0.000086

Forces:     0.000085
Candidates: 0.000147
Neighbors:  0.007972
Iterations: 0.034893
Vorticity:  0.004048
Viscosity:  0.000933
Update:     0.001252

Forces:     0.000041
Candidates: 0.000093
Neighbors:  0.007936
Iterations: 0.039353
Vorticity:  0.003963
Viscosity:  0.001964
Update:     0.000075

Forces:     0.000048
Candidates: 0.000091
Neighbors:  0.007898
Iterations: 0.077720
Vorticity:  0.020028
Viscosity:  0.009847
Update:     0.009638

Forces:     0.010003
Candidates: 0.010014
Neighbors:  0.048564
Iterations: 0.064921
Vorticity:  0.004012
Viscosity:  0.001954
Update:     0.000156

Forces:     0.000073
Candidates: 0.000091
Neighbors:  0.008142
Iterations: 0.039678
Vorticity:  0.004037
Viscosity:  0.001982
Update:     0.000084

Forces:     0.000172
Candidates: 0.000214
Neighbors:  0.009238
Iterations: 0.034278
Vorticity:  0.003899
Viscosity:  0.000982
Update:     0.001122

Forces:     0.000046
Candidates: 0.000090
Neighbors:  0.008907
Iterations: 0.035700
Vorticity:  0.003868
Viscosity:  0.000995
Update:     0.001103

Forces:     0.000050
Candidates: 0.000089
Neighbors:  0.008923
Iterations: 0.036801
Vorticity:  0.004130
Viscosity:  0.001086
Update:     0.000079

Forces:     0.000050
Candidates: 0.000112
Neighbors:  0.009527
Iterations: 0.037839
Vorticity:  0.004003
Viscosity:  0.001071
Update:     0.000083

Forces:     0.000051
Candidates: 0.000108
Neighbors:  0.009148
Iterations: 0.037391
Vorticity:  0.003888
Viscosity:  0.001041
Update:     0.000082

Forces:     0.000099
Candidates: 0.000150
Neighbors:  0.008868
Iterations: 0.035877
Vorticity:  0.004070
Viscosity:  0.001058
Update:     0.000114

Forces:     0.000046
Candidates: 0.000097
Neighbors:  0.008571
Iterations: 0.035603
Vorticity:  0.003846
Viscosity:  0.001035
Update:     0.000092

Forces:     0.000053
Candidates: 0.000100
Neighbors:  0.008585
Iterations: 0.035655
Vorticity:  0.003816
Viscosity:  0.001035
Update:     0.000082

Forces:     0.000050
Candidates: 0.000133
Neighbors:  0.008526
Iterations: 0.035931
Vorticity:  0.003886
Viscosity:  0.001032
Update:     0.000089

Forces:     0.000048
Candidates: 0.000101
Neighbors:  0.008631
Iterations: 0.037783
Vorticity:  0.003819
Viscosity:  0.001027
Update:     0.000095

Forces:     0.000111
Candidates: 0.000157
Neighbors:  0.008799
Iterations: 0.036056
Vorticity:  0.003887
Viscosity:  0.001033
Update:     0.000107

Forces:     0.000062
Candidates: 0.000105
Neighbors:  0.008770
Iterations: 0.036162
Vorticity:  0.004011
Viscosity:  0.001091
Update:     0.000948

Forces:     0.000044
Candidates: 0.000102
Neighbors:  0.009272
Iterations: 0.037273
Vorticity:  0.004009
Viscosity:  0.001066
Update:     0.000512

Forces:     0.000048
Candidates: 0.000100
Neighbors:  0.009221
Iterations: 0.037388
Vorticity:  0.004039
Viscosity:  0.001087
Update:     0.000458

Forces:     0.000046
Candidates: 0.000098
Neighbors:  0.009227
Iterations: 0.037705
Vorticity:  0.004100
Viscosity:  0.001092
Update:     0.001135

Forces:     0.000103
Candidates: 0.000160
Neighbors:  0.008709
Iterations: 0.035792
Vorticity:  0.003843
Viscosity:  0.001184
Update:     0.000116

Forces:     0.000045
Candidates: 0.000102
Neighbors:  0.008589
Iterations: 0.035690
Vorticity:  0.003844
Viscosity:  0.001046
Update:     0.000867

Forces:     0.000046
Candidates: 0.000101
Neighbors:  0.008700
Iterations: 0.037774
Vorticity:  0.004057
Viscosity:  0.001090
Update:     0.000096

Forces:     0.000048
Candidates: 0.000092
Neighbors:  0.009462
Iterations: 0.037419
Vorticity:  0.004067
Viscosity:  0.001072
Update:     0.000094

Forces:     0.000045
Candidates: 0.000138
Neighbors:  0.009215
Iterations: 0.036390
Vorticity:  0.003918
Viscosity:  0.001045
Update:     0.000090

Forces:     0.000091
Candidates: 0.000149
Neighbors:  0.008907
Iterations: 0.038756
Vorticity:  0.004157
Viscosity:  0.001371
Update:     0.000097

Forces:     0.000050
Candidates: 0.000084
Neighbors:  0.009342
Iterations: 0.036354
Vorticity:  0.003979
Viscosity:  0.001669
Update:     0.000092

Forces:     0.000048
Candidates: 0.000088
Neighbors:  0.008812
Iterations: 0.035547
Vorticity:  0.003959
Viscosity:  0.001652
Update:     0.000077

Forces:     0.000047
Candidates: 0.000089
Neighbors:  0.008970
Iterations: 0.037480
Vorticity:  0.004084
Viscosity:  0.001845
Update:     0.000080

Forces:     0.000048
Candidates: 0.000107
Neighbors:  0.008641
Iterations: 0.039194
Vorticity:  0.003982
Viscosity:  0.001054
Update:     0.000086

Forces:     0.004865
Candidates: 0.003066
Neighbors:  0.037698
Iterations: 0.084875
Vorticity:  0.004126
Viscosity:  0.001093
Update:     0.001189

Forces:     0.000046
Candidates: 0.000105
Neighbors:  0.009509
Iterations: 0.039449
Vorticity:  0.004115
Viscosity:  0.001744
Update:     0.000512

Forces:     0.000045
Candidates: 0.000099
Neighbors:  0.009171
Iterations: 0.037392
Vorticity:  0.004045
Viscosity:  0.001108
Update:     0.000515

Forces:     0.000047
Candidates: 0.000102
Neighbors:  0.009194
Iterations: 0.037429
Vorticity:  0.004047
Viscosity:  0.001102
Update:     0.000484

Forces:     0.000046
Candidates: 0.000102
Neighbors:  0.009180
Iterations: 0.037346
Vorticity:  0.003962
Viscosity:  0.001024
Update:     0.000090

Forces:     0.000086
Candidates: 0.000150
Neighbors:  0.009059
Iterations: 0.036298
Vorticity:  0.003961
Viscosity:  0.001049
Update:     0.000098

Forces:     0.000044
Candidates: 0.000101
Neighbors:  0.008905
Iterations: 0.036673
Vorticity:  0.004035
Viscosity:  0.001082
Update:     0.000082

Forces:     0.000047
Candidates: 0.000113
Neighbors:  0.008926
Iterations: 0.037173
Vorticity:  0.004033
Viscosity:  0.001079
Update:     0.000078

Forces:     0.000047
Candidates: 0.000117
Neighbors:  0.009048
Iterations: 0.037849
Vorticity:  0.004129
Viscosity:  0.001680
Update:     0.000098

Forces:     0.000059
Candidates: 0.000102
Neighbors:  0.009607
Iterations: 0.040584
Vorticity:  0.004223
Viscosity:  0.001762
Update:     0.000103

Forces:     0.000083
Candidates: 0.000150
Neighbors:  0.009040
Iterations: 0.038392
Vorticity:  0.004107
Viscosity:  0.001102
Update:     0.000116

Forces:     0.000050
Candidates: 0.000098
Neighbors:  0.009464
Iterations: 0.038029
Vorticity:  0.003965
Viscosity:  0.001035
Update:     0.000077

Forces:     0.000048
Candidates: 0.000124
Neighbors:  0.008845
Iterations: 0.036721
Vorticity:  0.003988
Viscosity:  0.001033
Update:     0.000096

Forces:     0.000048
Candidates: 0.000090
Neighbors:  0.008840
Iterations: 0.036525
Vorticity:  0.003989
Viscosity:  0.001116
Update:     0.000075

Forces:     0.000045
Candidates: 0.000102
Neighbors:  0.009130
Iterations: 0.038717
Vorticity:  0.004131
Viscosity:  0.001080
Update:     0.000093

Forces:     0.000089
Candidates: 0.000154
Neighbors:  0.009248
Iterations: 0.037840
Vorticity:  0.003998
Viscosity:  0.001042
Update:     0.000108

Forces:     0.000045
Candidates: 0.000090
Neighbors:  0.008896
Iterations: 0.037050
Vorticity:  0.004153
Viscosity:  0.001103
Update:     0.000084

Forces:     0.000047
Candidates: 0.000104
Neighbors:  0.009169
Iterations: 0.038761
Vorticity:  0.004147
Viscosity:  0.001299
Update:     0.000088

Forces:     0.000056
Candidates: 0.000084
Neighbors:  0.009058
Iterations: 0.038607
Vorticity:  0.004168
Viscosity:  0.001139
Update:     0.001050

Forces:     0.000051
Candidates: 0.000100
Neighbors:  0.009341
Iterations: 0.037625
Vorticity:  0.004088
Viscosity:  0.001052
Update:     0.000087

Forces:     0.000101
Candidates: 0.000156
Neighbors:  0.009535
Iterations: 0.038821
Vorticity:  0.004191
Viscosity:  0.001138
Update:     0.000129

Forces:     0.000048
Candidates: 0.000099
Neighbors:  0.009469
Iterations: 0.038698
Vorticity:  0.004083
Viscosity:  0.001057
Update:     0.000097

Forces:     0.000045
Candidates: 0.000090
Neighbors:  0.008928
Iterations: 0.037574
Vorticity:  0.004101
Viscosity:  0.001067
Update:     0.000086

Forces:     0.000046
Candidates: 0.000093
Neighbors:  0.008981
Iterations: 0.037793
Vorticity:  0.004119
Viscosity:  0.001059
Update:     0.000094

Forces:     0.000049
Candidates: 0.000091
Neighbors:  0.009150
Iterations: 0.038527
Vorticity:  0.004180
Viscosity:  0.001115
Update:     0.000077

Forces:     0.000081
Candidates: 0.000147
Neighbors:  0.009647
Iterations: 0.039762
Vorticity:  0.004299
Viscosity:  0.001155
Update:     0.000121

Forces:     0.000046
Candidates: 0.000099
Neighbors:  0.009582
Iterations: 0.040020
Vorticity:  0.004205
Viscosity:  0.001204
Update:     0.000095

Forces:     0.000054
Candidates: 0.000088
Neighbors:  0.009375
Iterations: 0.203531
Vorticity:  0.004368
Viscosity:  0.001850
Update:     0.000093

Forces:     0.000050
Candidates: 0.000091
Neighbors:  0.009418
Iterations: 0.042271
Vorticity:  0.004399
Viscosity:  0.001852
Update:     0.000097

Forces:     0.000049
Candidates: 0.000087
Neighbors:  0.009391
Iterations: 0.042356
Vorticity:  0.004393
Viscosity:  0.001864
Update:     0.000090

Forces:     0.000088
Candidates: 0.000147
Neighbors:  0.009317
Iterations: 0.040045
Vorticity:  0.004412
Viscosity:  0.001852
Update:     0.000111

Forces:     0.000050
Candidates: 0.000092
Neighbors:  0.009185
Iterations: 0.040001
Vorticity:  0.004257
Viscosity:  0.001136
Update:     0.001152

Forces:     0.000047
Candidates: 0.000105
Neighbors:  0.009476
Iterations: 0.042657
Vorticity:  0.004434
Viscosity:  0.001872
Update:     0.000086

Forces:     0.000045
Candidates: 0.000092
Neighbors:  0.009178
Iterations: 0.039820
Vorticity:  0.004436
Viscosity:  0.001141
Update:     0.001296

Forces:     0.000051
Candidates: 0.000108
Neighbors:  0.009235
Iterations: 0.039933
Vorticity:  0.004461
Viscosity:  0.001146
Update:     0.001300

Forces:     0.000103
Candidates: 0.000151
Neighbors:  0.009331
Iterations: 0.040059
Vorticity:  0.004469
Viscosity:  0.001141
Update:     0.001302

Forces:     0.000047
Candidates: 0.000112
Neighbors:  0.009480
Iterations: 0.043057
Vorticity:  0.004504
Viscosity:  0.001897
Update:     0.000099

Forces:     0.000046
Candidates: 0.000085
Neighbors:  0.009217
Iterations: 0.040321
Vorticity:  0.004486
Viscosity:  0.001149
Update:     0.001306

Forces:     0.000049
Candidates: 0.000104
Neighbors:  0.009221
Iterations: 0.040370
Vorticity:  0.004503
Viscosity:  0.001152
Update:     0.001317

Forces:     0.000052
Candidates: 0.000112
Neighbors:  0.009482
Iterations: 0.043354
Vorticity:  0.004505
Viscosity:  0.001914
Update:     0.000093

Forces:     0.000099
Candidates: 0.000153
Neighbors:  0.009647
Iterations: 0.039909
Vorticity:  0.004274
Viscosity:  0.001135
Update:     0.000112

Forces:     0.000044
Candidates: 0.000092
Neighbors:  0.009192
Iterations: 0.039807
Vorticity:  0.004285
Viscosity:  0.001262
Update:     0.000102

Forces:     0.000048
Candidates: 0.000091
Neighbors:  0.009364
Iterations: 0.041197
Vorticity:  0.004428
Viscosity:  0.001194
Update:     0.000096

Forces:     0.000108
Candidates: 0.000101
Neighbors:  0.009744
Iterations: 0.041186
Vorticity:  0.004446
Viscosity:  0.001201
Update:     0.000092

Forces:     0.000047
Candidates: 0.000109
Neighbors:  0.009672
Iterations: 0.041417
Vorticity:  0.004294
Viscosity:  0.001111
Update:     0.000098

Forces:     0.000086
Candidates: 0.000157
Neighbors:  0.009415
Iterations: 0.039653
Vorticity:  0.004329
Viscosity:  0.001114
Update:     0.000115

Forces:     0.000046
Candidates: 0.000094
Neighbors:  0.009234
Iterations: 0.041434
Vorticity:  0.004478
Viscosity:  0.001197
Update:     0.000098

Forces:     0.000050
Candidates: 0.000098
Neighbors:  0.009640
Iterations: 0.041486
Vorticity:  0.004483
Viscosity:  0.001223
Update:     0.000096

Forces:     0.000048
Candidates: 0.000099
Neighbors:  0.009661
Iterations: 0.041544
Vorticity:  0.004487
Viscosity:  0.001217
Update:     0.000088

Forces:     0.000045
Candidates: 0.000102
Neighbors:  0.009647
Iterations: 0.041046
Vorticity:  0.004339
Viscosity:  0.001121
Update:     0.000100

Forces:     0.000090
Candidates: 0.000148
Neighbors:  0.009463
Iterations: 0.040556
Vorticity:  0.004405
Viscosity:  0.001181
Update:     0.000102

Forces:     0.000047
Candidates: 0.000101
Neighbors:  0.009688
Iterations: 0.042210
Vorticity:  0.004521
Viscosity:  0.001229
Update:     0.000269

Forces:     0.000047
Candidates: 0.000105
Neighbors:  0.009752
Iterations: 0.042146
Vorticity:  0.012455
Viscosity:  0.005434
Update:     0.009553

Forces:     0.010000
Candidates: 0.010018
Neighbors:  0.046035
Iterations: 0.119797
Vorticity:  0.004571
Viscosity:  0.001209
Update:     0.000096

Forces:     0.000052
Candidates: 0.000101
Neighbors:  0.009837
Iterations: 0.042675
Vorticity:  0.004563
Viscosity:  0.001278
Update:     0.000086

Forces:     0.000097
Candidates: 0.000155
Neighbors:  0.009399
Iterations: 0.041220
Vorticity:  0.004578
Viscosity:  0.001215
Update:     0.000125

Forces:     0.000050
Candidates: 0.000102
Neighbors:  0.009853
Iterations: 0.042470
Vorticity:  0.004618
Viscosity:  0.001215
Update:     0.000092

Forces:     0.000050
Candidates: 0.000100
Neighbors:  0.009879
Iterations: 0.042498
Vorticity:  0.004435
Viscosity:  0.001177
Update:     0.000854

Forces:     0.000057
Candidates: 0.000117
Neighbors:  0.009639
Iterations: 0.045111
Vorticity:  0.004655
Viscosity:  0.001919
Update:     0.000089

Forces:     0.000050
Candidates: 0.000103
Neighbors:  0.009832
Iterations: 0.042958
Vorticity:  0.004620
Viscosity:  0.001305
Update:     0.000097

Forces:     0.000092
Candidates: 0.000150
Neighbors:  0.009672
Iterations: 0.040524
Vorticity:  0.004383
Viscosity:  0.001141
Update:     0.000106

Forces:     0.000042
Candidates: 0.000093
Neighbors:  0.009329
Iterations: 0.040544
Vorticity:  0.004406
Viscosity:  0.001170
Update:     0.000371

Forces:     0.000044
Candidates: 0.000092
Neighbors:  0.009579
Iterations: 0.041396
Vorticity:  0.004381
Viscosity:  0.001151
Update:     0.000082

Forces:     0.000046
Candidates: 0.000103
Neighbors:  0.009366
Iterations: 0.040884
Vorticity:  0.004495
Viscosity:  0.001837
Update:     0.000098

Forces:     0.000048
Candidates: 0.000092
Neighbors:  0.009525
Iterations: 0.042618
Vorticity:  0.004603
Viscosity:  0.001290
Update:     0.000095

Total Forces:     0.240568
Total Candidates: 0.204640
Total Neighbors:  5.152660
Total Iterations: 21.895311
Total Vorticity:  2.290496
Total Viscosity:  0.682278
Total Update:     0.167322

