Forces:     0.003405
Candidates: 0.000339
Neighbors:  0.005577
Iterations: 0.018762
Vorticity:  0.001937
Viscosity:  0.000509
Update:     0.000082

Forces:     0.000027
Candidates: 0.000047
Neighbors:  0.004890
Iterations: 0.018621
Vorticity:  0.001938
Viscosity:  0.000509
Update:     0.000046

Forces:     0.000019
Candidates: 0.000044
Neighbors:  0.005743
Iterations: 0.018677
Vorticity:  0.001946
Viscosity:  0.000508
Update:     0.000047

Forces:     0.000020
Candidates: 0.000046
Neighbors:  0.005795
Iterations: 0.019290
Vorticity:  0.002009
Viscosity:  0.000521
Update:     0.000045

Forces:     0.000018
Candidates: 0.000046
Neighbors:  0.005775
Iterations: 0.019720
Vorticity:  0.002052
Viscosity:  0.000525
Update:     0.000045

Forces:     0.000032
Candidates: 0.000160
Neighbors:  0.005844
Iterations: 0.020091
Vorticity:  0.002087
Viscosity:  0.000530
Update:     0.000098

Forces:     0.000026
Candidates: 0.000048
Neighbors:  0.005818
Iterations: 0.020352
Vorticity:  0.002114
Viscosity:  0.000536
Update:     0.000051

Forces:     0.000022
Candidates: 0.000059
Neighbors:  0.005844
Iterations: 0.020543
Vorticity:  0.002132
Viscosity:  0.000544
Update:     0.000047

Forces:     0.000021
Candidates: 0.000045
Neighbors:  0.005840
Iterations: 0.020624
Vorticity:  0.002144
Viscosity:  0.000546
Update:     0.000047

Forces:     0.000021
Candidates: 0.000046
Neighbors:  0.005944
Iterations: 0.020707
Vorticity:  0.002152
Viscosity:  0.000544
Update:     0.000049

Forces:     0.000031
Candidates: 0.000156
Neighbors:  0.005901
Iterations: 0.020700
Vorticity:  0.002149
Viscosity:  0.000547
Update:     0.000091

Forces:     0.000022
Candidates: 0.000047
Neighbors:  0.005854
Iterations: 0.020703
Vorticity:  0.002150
Viscosity:  0.000546
Update:     0.000048

Forces:     0.000022
Candidates: 0.000045
Neighbors:  0.005857
Iterations: 0.020699
Vorticity:  0.002148
Viscosity:  0.000549
Update:     0.000049

Forces:     0.000024
Candidates: 0.000046
Neighbors:  0.005865
Iterations: 0.020682
Vorticity:  0.002150
Viscosity:  0.000547
Update:     0.000049

Forces:     0.000021
Candidates: 0.000045
Neighbors:  0.005862
Iterations: 0.020659
Vorticity:  0.002142
Viscosity:  0.000546
Update:     0.000050

Forces:     0.000040
Candidates: 0.000152
Neighbors:  0.005898
Iterations: 0.020681
Vorticity:  0.002161
Viscosity:  0.000547
Update:     0.000091

Forces:     0.000025
Candidates: 0.000045
Neighbors:  0.005871
Iterations: 0.020677
Vorticity:  0.002144
Viscosity:  0.000549
Update:     0.000053

Forces:     0.000025
Candidates: 0.000045
Neighbors:  0.005864
Iterations: 0.020654
Vorticity:  0.002140
Viscosity:  0.000549
Update:     0.000054

Forces:     0.000025
Candidates: 0.000045
Neighbors:  0.005861
Iterations: 0.020678
Vorticity:  0.002144
Viscosity:  0.000550
Update:     0.000054

Forces:     0.000023
Candidates: 0.000051
Neighbors:  0.005845
Iterations: 0.020652
Vorticity:  0.002139
Viscosity:  0.000550
Update:     0.000053

Forces:     0.000039
Candidates: 0.000151
Neighbors:  0.005893
Iterations: 0.020623
Vorticity:  0.002136
Viscosity:  0.000548
Update:     0.000096

Forces:     0.000024
Candidates: 0.000046
Neighbors:  0.005951
Iterations: 0.020638
Vorticity:  0.002138
Viscosity:  0.000551
Update:     0.000054

Forces:     0.000026
Candidates: 0.000046
Neighbors:  0.005887
Iterations: 0.020640
Vorticity:  0.002139
Viscosity:  0.000547
Update:     0.000052

Forces:     0.000023
Candidates: 0.000046
Neighbors:  0.005858
Iterations: 0.020619
Vorticity:  0.002137
Viscosity:  0.000551
Update:     0.000055

Forces:     0.000022
Candidates: 0.000047
Neighbors:  0.005857
Iterations: 0.020603
Vorticity:  0.002133
Viscosity:  0.000552
Update:     0.000056

Forces:     0.000037
Candidates: 0.000159
Neighbors:  0.005988
Iterations: 0.020554
Vorticity:  0.002124
Viscosity:  0.000548
Update:     0.000094

Forces:     0.000024
Candidates: 0.000052
Neighbors:  0.005952
Iterations: 0.020549
Vorticity:  0.002123
Viscosity:  0.000549
Update:     0.000055

Forces:     0.000023
Candidates: 0.000054
Neighbors:  0.005956
Iterations: 0.020547
Vorticity:  0.002124
Viscosity:  0.000550
Update:     0.000058

Forces:     0.000023
Candidates: 0.000051
Neighbors:  0.005958
Iterations: 0.020579
Vorticity:  0.002127
Viscosity:  0.000548
Update:     0.000056

Forces:     0.000023
Candidates: 0.000049
Neighbors:  0.005966
Iterations: 0.020560
Vorticity:  0.002124
Viscosity:  0.000549
Update:     0.000057

Forces:     0.000037
Candidates: 0.000164
Neighbors:  0.006025
Iterations: 0.020579
Vorticity:  0.002128
Viscosity:  0.000549
Update:     0.000096

Forces:     0.000023
Candidates: 0.000059
Neighbors:  0.005988
Iterations: 0.020585
Vorticity:  0.002129
Viscosity:  0.000551
Update:     0.000056

Forces:     0.000024
Candidates: 0.000052
Neighbors:  0.005995
Iterations: 0.020605
Vorticity:  0.002135
Viscosity:  0.000550
Update:     0.000056

Forces:     0.000022
Candidates: 0.000050
Neighbors:  0.005999
Iterations: 0.020665
Vorticity:  0.002140
Viscosity:  0.000554
Update:     0.000056

Forces:     0.000023
Candidates: 0.000052
Neighbors:  0.006016
Iterations: 0.020699
Vorticity:  0.002139
Viscosity:  0.000553
Update:     0.000058

Forces:     0.000042
Candidates: 0.000160
Neighbors:  0.006064
Iterations: 0.020741
Vorticity:  0.002144
Viscosity:  0.000557
Update:     0.000095

Forces:     0.000025
Candidates: 0.000051
Neighbors:  0.006035
Iterations: 0.020741
Vorticity:  0.002147
Viscosity:  0.000556
Update:     0.000061

Forces:     0.000022
Candidates: 0.000052
Neighbors:  0.006037
Iterations: 0.020783
Vorticity:  0.002155
Viscosity:  0.000556
Update:     0.000058

Forces:     0.000025
Candidates: 0.000051
Neighbors:  0.006044
Iterations: 0.020799
Vorticity:  0.002149
Viscosity:  0.000562
Update:     0.000059

Forces:     0.000022
Candidates: 0.000053
Neighbors:  0.006077
Iterations: 0.020856
Vorticity:  0.002156
Viscosity:  0.000562
Update:     0.000059

Forces:     0.000038
Candidates: 0.000159
Neighbors:  0.005777
Iterations: 0.020813
Vorticity:  0.002159
Viscosity:  0.000564
Update:     0.000097

Forces:     0.000026
Candidates: 0.000054
Neighbors:  0.005905
Iterations: 0.020888
Vorticity:  0.002162
Viscosity:  0.000563
Update:     0.000062

Forces:     0.000024
Candidates: 0.000050
Neighbors:  0.005966
Iterations: 0.020938
Vorticity:  0.002172
Viscosity:  0.000568
Update:     0.000057

Forces:     0.000025
Candidates: 0.000065
Neighbors:  0.006066
Iterations: 0.020996
Vorticity:  0.002171
Viscosity:  0.000562
Update:     0.000059

Forces:     0.000026
Candidates: 0.000059
Neighbors:  0.006049
Iterations: 0.021020
Vorticity:  0.002184
Viscosity:  0.000569
Update:     0.000057

Forces:     0.000039
Candidates: 0.000153
Neighbors:  0.006153
Iterations: 0.021069
Vorticity:  0.002181
Viscosity:  0.000566
Update:     0.000096

Forces:     0.000024
Candidates: 0.000050
Neighbors:  0.006043
Iterations: 0.021117
Vorticity:  0.002195
Viscosity:  0.000577
Update:     0.000059

Forces:     0.000024
Candidates: 0.000056
Neighbors:  0.006052
Iterations: 0.021162
Vorticity:  0.002190
Viscosity:  0.000571
Update:     0.000058

Forces:     0.000024
Candidates: 0.000052
Neighbors:  0.005995
Iterations: 0.021287
Vorticity:  0.002212
Viscosity:  0.000582
Update:     0.000058

Forces:     0.000024
Candidates: 0.000065
Neighbors:  0.005861
Iterations: 0.021368
Vorticity:  0.002202
Viscosity:  0.000573
Update:     0.000062

Forces:     0.000039
Candidates: 0.000156
Neighbors:  0.006269
Iterations: 0.021435
Vorticity:  0.002154
Viscosity:  0.000574
Update:     0.000095

Forces:     0.000024
Candidates: 0.000051
Neighbors:  0.006190
Iterations: 0.021457
Vorticity:  0.002234
Viscosity:  0.000581
Update:     0.000059

Forces:     0.000025
Candidates: 0.000065
Neighbors:  0.006002
Iterations: 0.021535
Vorticity:  0.002229
Viscosity:  0.000580
Update:     0.000059

Forces:     0.000023
Candidates: 0.000051
Neighbors:  0.005872
Iterations: 0.021683
Vorticity:  0.002246
Viscosity:  0.000586
Update:     0.000055

Forces:     0.000026
Candidates: 0.000063
Neighbors:  0.005946
Iterations: 0.021684
Vorticity:  0.002248
Viscosity:  0.000585
Update:     0.000060

Forces:     0.000038
Candidates: 0.000163
Neighbors:  0.006345
Iterations: 0.021850
Vorticity:  0.002264
Viscosity:  0.000583
Update:     0.000092

Forces:     0.000025
Candidates: 0.000051
Neighbors:  0.006223
Iterations: 0.021983
Vorticity:  0.002278
Viscosity:  0.000598
Update:     0.000059

Forces:     0.000026
Candidates: 0.000058
Neighbors:  0.006055
Iterations: 0.022098
Vorticity:  0.002279
Viscosity:  0.000590
Update:     0.000062

Forces:     0.000023
Candidates: 0.000052
Neighbors:  0.005947
Iterations: 0.022176
Vorticity:  0.002296
Viscosity:  0.000599
Update:     0.000060

Forces:     0.000026
Candidates: 0.000060
Neighbors:  0.006109
Iterations: 0.022180
Vorticity:  0.002305
Viscosity:  0.000593
Update:     0.000061

Forces:     0.000038
Candidates: 0.000173
Neighbors:  0.006270
Iterations: 0.022291
Vorticity:  0.002317
Viscosity:  0.000597
Update:     0.000095

Forces:     0.000026
Candidates: 0.000055
Neighbors:  0.006357
Iterations: 0.022509
Vorticity:  0.002337
Viscosity:  0.000618
Update:     0.000056

Forces:     0.000026
Candidates: 0.000057
Neighbors:  0.006417
Iterations: 0.022478
Vorticity:  0.002342
Viscosity:  0.000601
Update:     0.000060

Forces:     0.000025
Candidates: 0.000054
Neighbors:  0.006299
Iterations: 0.022591
Vorticity:  0.002353
Viscosity:  0.000609
Update:     0.000057

Forces:     0.000025
Candidates: 0.000058
Neighbors:  0.006085
Iterations: 0.022809
Vorticity:  0.002372
Viscosity:  0.000605
Update:     0.000059

Forces:     0.000038
Candidates: 0.000174
Neighbors:  0.006294
Iterations: 0.022904
Vorticity:  0.002383
Viscosity:  0.000602
Update:     0.000099

Forces:     0.000025
Candidates: 0.000057
Neighbors:  0.006557
Iterations: 0.022993
Vorticity:  0.002391
Viscosity:  0.000613
Update:     0.000059

Forces:     0.000029
Candidates: 0.000061
Neighbors:  0.006460
Iterations: 0.023107
Vorticity:  0.002410
Viscosity:  0.000623
Update:     0.000057

Forces:     0.000026
Candidates: 0.000057
Neighbors:  0.006244
Iterations: 0.023271
Vorticity:  0.002428
Viscosity:  0.000620
Update:     0.000057

Forces:     0.000027
Candidates: 0.000053
Neighbors:  0.006429
Iterations: 0.023425
Vorticity:  0.002375
Viscosity:  0.000625
Update:     0.000060

Forces:     0.000039
Candidates: 0.000162
Neighbors:  0.006353
Iterations: 0.023546
Vorticity:  0.002458
Viscosity:  0.000628
Update:     0.000092

Forces:     0.000026
Candidates: 0.000055
Neighbors:  0.006357
Iterations: 0.023726
Vorticity:  0.002411
Viscosity:  0.000630
Update:     0.000059

Forces:     0.000025
Candidates: 0.000061
Neighbors:  0.006535
Iterations: 0.023850
Vorticity:  0.002482
Viscosity:  0.000639
Update:     0.000056

Forces:     0.000026
Candidates: 0.000058
Neighbors:  0.006382
Iterations: 0.023992
Vorticity:  0.002508
Viscosity:  0.000641
Update:     0.000057

Forces:     0.000026
Candidates: 0.000055
Neighbors:  0.006490
Iterations: 0.024158
Vorticity:  0.002485
Viscosity:  0.000646
Update:     0.000058

Forces:     0.000044
Candidates: 0.000162
Neighbors:  0.006653
Iterations: 0.024411
Vorticity:  0.002554
Viscosity:  0.000652
Update:     0.000092

Forces:     0.000027
Candidates: 0.000057
Neighbors:  0.006471
Iterations: 0.024507
Vorticity:  0.002556
Viscosity:  0.000660
Update:     0.000055

Forces:     0.000026
Candidates: 0.000056
Neighbors:  0.006563
Iterations: 0.024858
Vorticity:  0.002584
Viscosity:  0.000660
Update:     0.000053

Forces:     0.000025
Candidates: 0.000058
Neighbors:  0.006716
Iterations: 0.025039
Vorticity:  0.002616
Viscosity:  0.000664
Update:     0.000055

Forces:     0.000027
Candidates: 0.000054
Neighbors:  0.006649
Iterations: 0.025078
Vorticity:  0.002639
Viscosity:  0.000670
Update:     0.000055

Forces:     0.000042
Candidates: 0.000178
Neighbors:  0.006471
Iterations: 0.025374
Vorticity:  0.002552
Viscosity:  0.000680
Update:     0.000090

Forces:     0.000027
Candidates: 0.000058
Neighbors:  0.006796
Iterations: 0.025650
Vorticity:  0.002686
Viscosity:  0.000680
Update:     0.000058

Forces:     0.000027
Candidates: 0.000056
Neighbors:  0.006629
Iterations: 0.025846
Vorticity:  0.002716
Viscosity:  0.000686
Update:     0.000057

Forces:     0.000029
Candidates: 0.000055
Neighbors:  0.006784
Iterations: 0.026149
Vorticity:  0.002728
Viscosity:  0.000692
Update:     0.000056

Forces:     0.000028
Candidates: 0.000072
Neighbors:  0.006852
Iterations: 0.026379
Vorticity:  0.002753
Viscosity:  0.000703
Update:     0.000055

Forces:     0.000047
Candidates: 0.000168
Neighbors:  0.006636
Iterations: 0.026730
Vorticity:  0.002669
Viscosity:  0.000713
Update:     0.000093

Forces:     0.000027
Candidates: 0.000060
Neighbors:  0.006975
Iterations: 0.026882
Vorticity:  0.002832
Viscosity:  0.000708
Update:     0.000056

Forces:     0.000026
Candidates: 0.000059
Neighbors:  0.006971
Iterations: 0.027173
Vorticity:  0.002857
Viscosity:  0.000715
Update:     0.000054

Forces:     0.000027
Candidates: 0.000057
Neighbors:  0.006975
Iterations: 0.027447
Vorticity:  0.002895
Viscosity:  0.000720
Update:     0.000055

Forces:     0.000028
Candidates: 0.000063
Neighbors:  0.006819
Iterations: 0.027712
Vorticity:  0.002932
Viscosity:  0.000732
Update:     0.000058

Forces:     0.000042
Candidates: 0.000162
Neighbors:  0.007094
Iterations: 0.027983
Vorticity:  0.002945
Viscosity:  0.000744
Update:     0.000091

Forces:     0.000028
Candidates: 0.000061
Neighbors:  0.007019
Iterations: 0.028556
Vorticity:  0.002980
Viscosity:  0.000750
Update:     0.000056

Forces:     0.000029
Candidates: 0.000068
Neighbors:  0.007138
Iterations: 0.028332
Vorticity:  0.003020
Viscosity:  0.000761
Update:     0.000055

Forces:     0.000030
Candidates: 0.000062
Neighbors:  0.006722
Iterations: 0.028502
Vorticity:  0.003055
Viscosity:  0.000771
Update:     0.000054

Forces:     0.000027
Candidates: 0.000062
Neighbors:  0.006998
Iterations: 0.028756
Vorticity:  0.003045
Viscosity:  0.000742
Update:     0.000054

Forces:     0.000048
Candidates: 0.000174
Neighbors:  0.006968
Iterations: 0.029147
Vorticity:  0.002904
Viscosity:  0.000757
Update:     0.000091

Forces:     0.000029
Candidates: 0.000063
Neighbors:  0.006999
Iterations: 0.029503
Vorticity:  0.003080
Viscosity:  0.000759
Update:     0.000055

Forces:     0.000031
Candidates: 0.000073
Neighbors:  0.006951
Iterations: 0.029945
Vorticity:  0.003003
Viscosity:  0.000808
Update:     0.000055

Forces:     0.000028
Candidates: 0.000066
Neighbors:  0.007370
Iterations: 0.029945
Vorticity:  0.003256
Viscosity:  0.000818
Update:     0.000055

Forces:     0.000028
Candidates: 0.000066
Neighbors:  0.007017
Iterations: 0.030617
Vorticity:  0.003004
Viscosity:  0.000781
Update:     0.000056

Forces:     0.000046
Candidates: 0.000157
Neighbors:  0.006973
Iterations: 0.031009
Vorticity:  0.003109
Viscosity:  0.000794
Update:     0.000084

Forces:     0.000032
Candidates: 0.000061
Neighbors:  0.007062
Iterations: 0.031419
Vorticity:  0.003314
Viscosity:  0.000802
Update:     0.000064

Forces:     0.000031
Candidates: 0.000065
Neighbors:  0.007463
Iterations: 0.031455
Vorticity:  0.003440
Viscosity:  0.000858
Update:     0.000063

Forces:     0.000030
Candidates: 0.000066
Neighbors:  0.007038
Iterations: 0.032246
Vorticity:  0.003175
Viscosity:  0.000822
Update:     0.000059

Forces:     0.000032
Candidates: 0.000063
Neighbors:  0.006966
Iterations: 0.032446
Vorticity:  0.003352
Viscosity:  0.000875
Update:     0.000062

Forces:     0.000053
Candidates: 0.000167
Neighbors:  0.007548
Iterations: 0.032772
Vorticity:  0.003583
Viscosity:  0.000889
Update:     0.000087

Forces:     0.000031
Candidates: 0.000065
Neighbors:  0.007231
Iterations: 0.033422
Vorticity:  0.003506
Viscosity:  0.000851
Update:     0.000058

Forces:     0.000032
Candidates: 0.000064
Neighbors:  0.007411
Iterations: 0.033837
Vorticity:  0.003678
Viscosity:  0.000910
Update:     0.000058

Forces:     0.000031
Candidates: 0.000065
Neighbors:  0.007429
Iterations: 0.034249
Vorticity:  0.003609
Viscosity:  0.000872
Update:     0.000060

Forces:     0.000032
Candidates: 0.000065
Neighbors:  0.007713
Iterations: 0.034704
Vorticity:  0.003782
Viscosity:  0.000930
Update:     0.000065

Forces:     0.000051
Candidates: 0.000165
Neighbors:  0.007590
Iterations: 0.035288
Vorticity:  0.003644
Viscosity:  0.000895
Update:     0.000087

Forces:     0.000032
Candidates: 0.000064
Neighbors:  0.007354
Iterations: 0.035723
Vorticity:  0.003882
Viscosity:  0.000955
Update:     0.000061

Forces:     0.000033
Candidates: 0.000066
Neighbors:  0.007590
Iterations: 0.036136
Vorticity:  0.003804
Viscosity:  0.000966
Update:     0.000062

Forces:     0.000032
Candidates: 0.000067
Neighbors:  0.007533
Iterations: 0.036721
Vorticity:  0.003769
Viscosity:  0.000932
Update:     0.000065

Forces:     0.000033
Candidates: 0.000071
Neighbors:  0.007330
Iterations: 0.036864
Vorticity:  0.004024
Viscosity:  0.000987
Update:     0.000061

Forces:     0.000051
Candidates: 0.000180
Neighbors:  0.007642
Iterations: 0.037448
Vorticity:  0.003985
Viscosity:  0.000948
Update:     0.000092

Forces:     0.000035
Candidates: 0.000065
Neighbors:  0.007841
Iterations: 0.038005
Vorticity:  0.003814
Viscosity:  0.000963
Update:     0.000063

Forces:     0.000036
Candidates: 0.000069
Neighbors:  0.007507
Iterations: 0.038422
Vorticity:  0.004174
Viscosity:  0.001021
Update:     0.000063

Forces:     0.000034
Candidates: 0.000065
Neighbors:  0.007676
Iterations: 0.038833
Vorticity:  0.004168
Viscosity:  0.001035
Update:     0.000067

Forces:     0.000033
Candidates: 0.000066
Neighbors:  0.007539
Iterations: 0.039254
Vorticity:  0.004199
Viscosity:  0.001044
Update:     0.000065

Forces:     0.000056
Candidates: 0.000167
Neighbors:  0.007907
Iterations: 0.039820
Vorticity:  0.004314
Viscosity:  0.001051
Update:     0.000089

Forces:     0.000039
Candidates: 0.000071
Neighbors:  0.008169
Iterations: 0.040394
Vorticity:  0.004365
Viscosity:  0.001065
Update:     0.000065

Forces:     0.000034
Candidates: 0.000068
Neighbors:  0.008166
Iterations: 0.040755
Vorticity:  0.004414
Viscosity:  0.001075
Update:     0.000067

Forces:     0.000033
Candidates: 0.000068
Neighbors:  0.008215
Iterations: 0.040954
Vorticity:  0.004455
Viscosity:  0.001021
Update:     0.000068

Forces:     0.000033
Candidates: 0.000069
Neighbors:  0.008124
Iterations: 0.041391
Vorticity:  0.004348
Viscosity:  0.001062
Update:     0.000067

Forces:     0.000055
Candidates: 0.000170
Neighbors:  0.008020
Iterations: 0.041902
Vorticity:  0.004517
Viscosity:  0.001033
Update:     0.000092

Forces:     0.000036
Candidates: 0.000069
Neighbors:  0.008383
Iterations: 0.042014
Vorticity:  0.004282
Viscosity:  0.001118
Update:     0.000070

Forces:     0.000036
Candidates: 0.000069
Neighbors:  0.008216
Iterations: 0.042611
Vorticity:  0.004380
Viscosity:  0.001128
Update:     0.000066

Forces:     0.000036
Candidates: 0.000070
Neighbors:  0.007836
Iterations: 0.042843
Vorticity:  0.004669
Viscosity:  0.001138
Update:     0.000072

Forces:     0.000037
Candidates: 0.000069
Neighbors:  0.008123
Iterations: 0.043309
Vorticity:  0.004708
Viscosity:  0.001066
Update:     0.000069

Forces:     0.000067
Candidates: 0.000164
Neighbors:  0.008067
Iterations: 0.043540
Vorticity:  0.004746
Viscosity:  0.001154
Update:     0.000094

Forces:     0.000039
Candidates: 0.000070
Neighbors:  0.008592
Iterations: 0.044013
Vorticity:  0.004594
Viscosity:  0.001128
Update:     0.000071

Forces:     0.000037
Candidates: 0.000076
Neighbors:  0.008209
Iterations: 0.044257
Vorticity:  0.004703
Viscosity:  0.001176
Update:     0.000077

Forces:     0.000040
Candidates: 0.000070
Neighbors:  0.008717
Iterations: 0.045307
Vorticity:  0.004849
Viscosity:  0.001182
Update:     0.000074

Forces:     0.000037
Candidates: 0.000069
Neighbors:  0.008728
Iterations: 0.045628
Vorticity:  0.004891
Viscosity:  0.001187
Update:     0.000070

Forces:     0.000066
Candidates: 0.000165
Neighbors:  0.008837
Iterations: 0.045924
Vorticity:  0.004923
Viscosity:  0.001194
Update:     0.000095

Forces:     0.000036
Candidates: 0.000078
Neighbors:  0.008838
Iterations: 0.046194
Vorticity:  0.004954
Viscosity:  0.001201
Update:     0.000076

Forces:     0.000037
Candidates: 0.000068
Neighbors:  0.008871
Iterations: 0.046462
Vorticity:  0.004983
Viscosity:  0.001210
Update:     0.000071

Forces:     0.000036
Candidates: 0.000070
Neighbors:  0.008925
Iterations: 0.046742
Vorticity:  0.005016
Viscosity:  0.001219
Update:     0.000074

Forces:     0.000038
Candidates: 0.000072
Neighbors:  0.008963
Iterations: 0.047012
Vorticity:  0.005048
Viscosity:  0.001228
Update:     0.000075

Forces:     0.000064
Candidates: 0.000175
Neighbors:  0.009064
Iterations: 0.047288
Vorticity:  0.005077
Viscosity:  0.001236
Update:     0.000102

Forces:     0.000039
Candidates: 0.000076
Neighbors:  0.009075
Iterations: 0.047474
Vorticity:  0.005100
Viscosity:  0.001237
Update:     0.000082

Forces:     0.000035
Candidates: 0.000072
Neighbors:  0.009100
Iterations: 0.047749
Vorticity:  0.005130
Viscosity:  0.001246
Update:     0.000073

Forces:     0.000038
Candidates: 0.000071
Neighbors:  0.009149
Iterations: 0.047989
Vorticity:  0.005155
Viscosity:  0.001252
Update:     0.000074

Forces:     0.000040
Candidates: 0.000072
Neighbors:  0.009176
Iterations: 0.048167
Vorticity:  0.005176
Viscosity:  0.001259
Update:     0.000074

Forces:     0.000061
Candidates: 0.000172
Neighbors:  0.009254
Iterations: 0.048395
Vorticity:  0.005203
Viscosity:  0.001263
Update:     0.000099

Forces:     0.000040
Candidates: 0.000072
Neighbors:  0.009273
Iterations: 0.048642
Vorticity:  0.005226
Viscosity:  0.001269
Update:     0.000079

Forces:     0.000039
Candidates: 0.000073
Neighbors:  0.009299
Iterations: 0.048889
Vorticity:  0.005257
Viscosity:  0.001278
Update:     0.000078

Forces:     0.000038
Candidates: 0.000073
Neighbors:  0.009330
Iterations: 0.049131
Vorticity:  0.005279
Viscosity:  0.001287
Update:     0.000076

Forces:     0.000039
Candidates: 0.000073
Neighbors:  0.009381
Iterations: 0.049348
Vorticity:  0.005305
Viscosity:  0.001297
Update:     0.000078

Forces:     0.000061
Candidates: 0.000170
Neighbors:  0.009449
Iterations: 0.049585
Vorticity:  0.005334
Viscosity:  0.001303
Update:     0.000097

Forces:     0.000038
Candidates: 0.000080
Neighbors:  0.009441
Iterations: 0.049737
Vorticity:  0.005347
Viscosity:  0.001309
Update:     0.000080

Forces:     0.000039
Candidates: 0.000074
Neighbors:  0.009485
Iterations: 0.049935
Vorticity:  0.005371
Viscosity:  0.001319
Update:     0.000080

Forces:     0.000040
Candidates: 0.000075
Neighbors:  0.009497
Iterations: 0.050060
Vorticity:  0.005390
Viscosity:  0.001320
Update:     0.000077

Forces:     0.000040
Candidates: 0.000076
Neighbors:  0.009527
Iterations: 0.050239
Vorticity:  0.005405
Viscosity:  0.001330
Update:     0.000082

Forces:     0.000066
Candidates: 0.000180
Neighbors:  0.009605
Iterations: 0.050368
Vorticity:  0.005423
Viscosity:  0.001329
Update:     0.000102

Forces:     0.000039
Candidates: 0.000082
Neighbors:  0.009576
Iterations: 0.050568
Vorticity:  0.005434
Viscosity:  0.001341
Update:     0.000081

Forces:     0.000038
Candidates: 0.000074
Neighbors:  0.009603
Iterations: 0.050736
Vorticity:  0.005449
Viscosity:  0.001348
Update:     0.000084

Forces:     0.000039
Candidates: 0.000075
Neighbors:  0.009609
Iterations: 0.050953
Vorticity:  0.005467
Viscosity:  0.001349
Update:     0.000084

Forces:     0.000043
Candidates: 0.000075
Neighbors:  0.009626
Iterations: 0.051071
Vorticity:  0.005530
Viscosity:  0.001326
Update:     0.000083

Forces:     0.000069
Candidates: 0.000171
Neighbors:  0.009923
Iterations: 0.051742
Vorticity:  0.005512
Viscosity:  0.001330
Update:     0.000105

Forces:     0.000042
Candidates: 0.000074
Neighbors:  0.009913
Iterations: 0.051920
Vorticity:  0.005528
Viscosity:  0.001338
Update:     0.000081

Forces:     0.000043
Candidates: 0.000074
Neighbors:  0.009923
Iterations: 0.052061
Vorticity:  0.005542
Viscosity:  0.001349
Update:     0.000078

Forces:     0.000037
Candidates: 0.000076
Neighbors:  0.009959
Iterations: 0.052285
Vorticity:  0.005568
Viscosity:  0.001353
Update:     0.000083

Forces:     0.000040
Candidates: 0.000076
Neighbors:  0.010018
Iterations: 0.052504
Vorticity:  0.005590
Viscosity:  0.001353
Update:     0.000083

Forces:     0.000068
Candidates: 0.000171
Neighbors:  0.010092
Iterations: 0.052857
Vorticity:  0.005618
Viscosity:  0.001363
Update:     0.000110

Forces:     0.000059
Candidates: 0.000082
Neighbors:  0.010105
Iterations: 0.052923
Vorticity:  0.005637
Viscosity:  0.001373
Update:     0.000084

Forces:     0.000041
Candidates: 0.000074
Neighbors:  0.010116
Iterations: 0.053134
Vorticity:  0.005661
Viscosity:  0.001377
Update:     0.000079

Forces:     0.000039
Candidates: 0.000073
Neighbors:  0.010134
Iterations: 0.053340
Vorticity:  0.005683
Viscosity:  0.001384
Update:     0.000085

Forces:     0.000042
Candidates: 0.000075
Neighbors:  0.010161
Iterations: 0.053505
Vorticity:  0.005700
Viscosity:  0.001387
Update:     0.000081

Forces:     0.000065
Candidates: 0.000179
Neighbors:  0.010218
Iterations: 0.053683
Vorticity:  0.005733
Viscosity:  0.001399
Update:     0.000105

Forces:     0.000043
Candidates: 0.000077
Neighbors:  0.010211
Iterations: 0.053816
Vorticity:  0.005734
Viscosity:  0.001400
Update:     0.000082

Forces:     0.000039
Candidates: 0.000074
Neighbors:  0.010234
Iterations: 0.053973
Vorticity:  0.005758
Viscosity:  0.001404
Update:     0.000082

Forces:     0.000039
Candidates: 0.000075
Neighbors:  0.010258
Iterations: 0.054138
Vorticity:  0.005773
Viscosity:  0.001405
Update:     0.000084

Forces:     0.000038
Candidates: 0.000082
Neighbors:  0.010279
Iterations: 0.054288
Vorticity:  0.005789
Viscosity:  0.001416
Update:     0.000083

Forces:     0.000072
Candidates: 0.000173
Neighbors:  0.010340
Iterations: 0.054460
Vorticity:  0.005811
Viscosity:  0.001417
Update:     0.000105

Forces:     0.000039
Candidates: 0.000087
Neighbors:  0.010314
Iterations: 0.054578
Vorticity:  0.005820
Viscosity:  0.001423
Update:     0.000085

Forces:     0.000039
Candidates: 0.000076
Neighbors:  0.010338
Iterations: 0.054690
Vorticity:  0.005833
Viscosity:  0.001420
Update:     0.000083

Forces:     0.000041
Candidates: 0.000077
Neighbors:  0.010339
Iterations: 0.054824
Vorticity:  0.005843
Viscosity:  0.001426
Update:     0.000080

Forces:     0.000040
Candidates: 0.000077
Neighbors:  0.010363
Iterations: 0.054987
Vorticity:  0.005860
Viscosity:  0.001433
Update:     0.000082

Forces:     0.000070
Candidates: 0.000174
Neighbors:  0.010408
Iterations: 0.055139
Vorticity:  0.005868
Viscosity:  0.001435
Update:     0.000111

Forces:     0.000042
Candidates: 0.000078
Neighbors:  0.010403
Iterations: 0.055243
Vorticity:  0.005890
Viscosity:  0.001446
Update:     0.000084

Forces:     0.000041
Candidates: 0.000078
Neighbors:  0.010408
Iterations: 0.055443
Vorticity:  0.005901
Viscosity:  0.001466
Update:     0.000092

Forces:     0.000041
Candidates: 0.000082
Neighbors:  0.010134
Iterations: 0.054297
Vorticity:  0.005829
Viscosity:  0.001458
Update:     0.000087

Forces:     0.000042
Candidates: 0.000081
Neighbors:  0.010132
Iterations: 0.054338
Vorticity:  0.005830
Viscosity:  0.001457
Update:     0.000084

Forces:     0.000068
Candidates: 0.000183
Neighbors:  0.010165
Iterations: 0.054361
Vorticity:  0.005839
Viscosity:  0.001462
Update:     0.000103

Forces:     0.000041
Candidates: 0.000081
Neighbors:  0.010144
Iterations: 0.054397
Vorticity:  0.005844
Viscosity:  0.001463
Update:     0.000086

Forces:     0.000042
Candidates: 0.000080
Neighbors:  0.010145
Iterations: 0.054593
Vorticity:  0.005957
Viscosity:  0.001455
Update:     0.000087

Forces:     0.000043
Candidates: 0.000077
Neighbors:  0.010478
Iterations: 0.055905
Vorticity:  0.005959
Viscosity:  0.001455
Update:     0.000086

Forces:     0.000040
Candidates: 0.000081
Neighbors:  0.010468
Iterations: 0.055965
Vorticity:  0.005971
Viscosity:  0.001455
Update:     0.000083

Forces:     0.000070
Candidates: 0.000174
Neighbors:  0.010515
Iterations: 0.055960
Vorticity:  0.005972
Viscosity:  0.001461
Update:     0.000106

Forces:     0.000041
Candidates: 0.000085
Neighbors:  0.010504
Iterations: 0.055964
Vorticity:  0.005974
Viscosity:  0.001458
Update:     0.000083

Forces:     0.000042
Candidates: 0.000085
Neighbors:  0.010515
Iterations: 0.055909
Vorticity:  0.005970
Viscosity:  0.001460
Update:     0.000086

Forces:     0.000042
Candidates: 0.000080
Neighbors:  0.010529
Iterations: 0.055884
Vorticity:  0.005968
Viscosity:  0.001462
Update:     0.000085

Forces:     0.000041
Candidates: 0.000080
Neighbors:  0.010536
Iterations: 0.055901
Vorticity:  0.005968
Viscosity:  0.001459
Update:     0.000082

Forces:     0.000078
Candidates: 0.000176
Neighbors:  0.010577
Iterations: 0.055858
Vorticity:  0.005968
Viscosity:  0.001456
Update:     0.000104

Forces:     0.000042
Candidates: 0.000084
Neighbors:  0.010585
Iterations: 0.055790
Vorticity:  0.005961
Viscosity:  0.001456
Update:     0.000087

Forces:     0.000040
Candidates: 0.000085
Neighbors:  0.010559
Iterations: 0.055825
Vorticity:  0.005966
Viscosity:  0.001452
Update:     0.000083

Forces:     0.000039
Candidates: 0.000080
Neighbors:  0.010555
Iterations: 0.055755
Vorticity:  0.005956
Viscosity:  0.001454
Update:     0.000083

Forces:     0.000040
Candidates: 0.000084
Neighbors:  0.010573
Iterations: 0.055727
Vorticity:  0.005955
Viscosity:  0.001451
Update:     0.000083

Forces:     0.000070
Candidates: 0.000178
Neighbors:  0.010610
Iterations: 0.055698
Vorticity:  0.005953
Viscosity:  0.001454
Update:     0.000107

Forces:     0.000040
Candidates: 0.000079
Neighbors:  0.010580
Iterations: 0.055667
Vorticity:  0.005952
Viscosity:  0.001458
Update:     0.000080

Forces:     0.000039
Candidates: 0.000081
Neighbors:  0.010574
Iterations: 0.055654
Vorticity:  0.005947
Viscosity:  0.001456
Update:     0.000080

Forces:     0.000040
Candidates: 0.000081
Neighbors:  0.010557
Iterations: 0.055594
Vorticity:  0.005939
Viscosity:  0.001450
Update:     0.000081

Forces:     0.000040
Candidates: 0.000082
Neighbors:  0.010553
Iterations: 0.055548
Vorticity:  0.005936
Viscosity:  0.001446
Update:     0.000080

Forces:     0.000071
Candidates: 0.000178
Neighbors:  0.010615
Iterations: 0.054847
Vorticity:  0.005717
Viscosity:  0.001439
Update:     0.000103

Forces:     0.000045
Candidates: 0.000085
Neighbors:  0.010075
Iterations: 0.052895
Vorticity:  0.005679
Viscosity:  0.001434
Update:     0.000078

Forces:     0.000039
Candidates: 0.000084
Neighbors:  0.010065
Iterations: 0.052787
Vorticity:  0.005672
Viscosity:  0.001432
Update:     0.000077

Forces:     0.000040
Candidates: 0.000083
Neighbors:  0.010044
Iterations: 0.052635
Vorticity:  0.005653
Viscosity:  0.001431
Update:     0.000080

Forces:     0.000038
Candidates: 0.000081
Neighbors:  0.010025
Iterations: 0.052501
Vorticity:  0.005636
Viscosity:  0.001427
Update:     0.000076

Forces:     0.000072
Candidates: 0.000182
Neighbors:  0.010032
Iterations: 0.052382
Vorticity:  0.005629
Viscosity:  0.001423
Update:     0.000098

Forces:     0.000038
Candidates: 0.000086
Neighbors:  0.009983
Iterations: 0.052295
Vorticity:  0.005616
Viscosity:  0.001425
Update:     0.000075

Forces:     0.000039
Candidates: 0.000084
Neighbors:  0.009976
Iterations: 0.052142
Vorticity:  0.005606
Viscosity:  0.001420
Update:     0.000076

Forces:     0.000038
Candidates: 0.000082
Neighbors:  0.009953
Iterations: 0.052037
Vorticity:  0.005596
Viscosity:  0.001413
Update:     0.000076

Forces:     0.000037
Candidates: 0.000082
Neighbors:  0.009953
Iterations: 0.051918
Vorticity:  0.005582
Viscosity:  0.001409
Update:     0.000076

Forces:     0.000069
Candidates: 0.000172
Neighbors:  0.009943
Iterations: 0.052181
Vorticity:  0.005895
Viscosity:  0.001435
Update:     0.000103

Forces:     0.000039
Candidates: 0.000081
Neighbors:  0.010478
Iterations: 0.055130
Vorticity:  0.005885
Viscosity:  0.001433
Update:     0.000078

Forces:     0.000037
Candidates: 0.000079
Neighbors:  0.010487
Iterations: 0.054949
Vorticity:  0.005871
Viscosity:  0.001429
Update:     0.000084

Forces:     0.000035
Candidates: 0.000080
Neighbors:  0.010467
Iterations: 0.054773
Vorticity:  0.005844
Viscosity:  0.001428
Update:     0.000076

Forces:     0.000037
Candidates: 0.000083
Neighbors:  0.010456
Iterations: 0.054606
Vorticity:  0.005831
Viscosity:  0.001425
Update:     0.000075

Forces:     0.000065
Candidates: 0.000179
Neighbors:  0.010480
Iterations: 0.054467
Vorticity:  0.005821
Viscosity:  0.001417
Update:     0.000098

Forces:     0.000038
Candidates: 0.000084
Neighbors:  0.010438
Iterations: 0.054304
Vorticity:  0.005802
Viscosity:  0.001414
Update:     0.000075

Forces:     0.000036
Candidates: 0.000083
Neighbors:  0.010416
Iterations: 0.054113
Vorticity:  0.005783
Viscosity:  0.001412
Update:     0.000075

Forces:     0.000037
Candidates: 0.000091
Neighbors:  0.010396
Iterations: 0.053963
Vorticity:  0.005762
Viscosity:  0.001404
Update:     0.000076

Forces:     0.000036
Candidates: 0.000080
Neighbors:  0.010404
Iterations: 0.053849
Vorticity:  0.005749
Viscosity:  0.001410
Update:     0.000074

Forces:     0.000066
Candidates: 0.000179
Neighbors:  0.010433
Iterations: 0.053666
Vorticity:  0.005734
Viscosity:  0.001393
Update:     0.000097

Forces:     0.000036
Candidates: 0.000086
Neighbors:  0.010376
Iterations: 0.053481
Vorticity:  0.005713
Viscosity:  0.001394
Update:     0.000077

Forces:     0.000036
Candidates: 0.000080
Neighbors:  0.010375
Iterations: 0.053315
Vorticity:  0.005696
Viscosity:  0.001393
Update:     0.000077

Forces:     0.000035
Candidates: 0.000084
Neighbors:  0.010368
Iterations: 0.053187
Vorticity:  0.005683
Viscosity:  0.001386
Update:     0.000072

Forces:     0.000033
Candidates: 0.000089
Neighbors:  0.010367
Iterations: 0.053096
Vorticity:  0.005669
Viscosity:  0.001386
Update:     0.000077

Forces:     0.000066
Candidates: 0.000187
Neighbors:  0.009723
Iterations: 0.049192
Vorticity:  0.005287
Viscosity:  0.001343
Update:     0.000092

Forces:     0.000038
Candidates: 0.000083
Neighbors:  0.009654
Iterations: 0.048986
Vorticity:  0.005263
Viscosity:  0.001341
Update:     0.000070

Forces:     0.000034
Candidates: 0.000081
Neighbors:  0.009652
Iterations: 0.048823
Vorticity:  0.005246
Viscosity:  0.001333
Update:     0.000072

Forces:     0.000035
Candidates: 0.000083
Neighbors:  0.009650
Iterations: 0.048612
Vorticity:  0.005227
Viscosity:  0.001328
Update:     0.000073

Forces:     0.000034
Candidates: 0.000082
Neighbors:  0.009605
Iterations: 0.048436
Vorticity:  0.005207
Viscosity:  0.001326
Update:     0.000068

Forces:     0.000061
Candidates: 0.000179
Neighbors:  0.009604
Iterations: 0.048235
Vorticity:  0.005185
Viscosity:  0.001324
Update:     0.000093

Forces:     0.000035
Candidates: 0.000087
Neighbors:  0.009534
Iterations: 0.048011
Vorticity:  0.005161
Viscosity:  0.001315
Update:     0.000069

Forces:     0.000034
Candidates: 0.000086
Neighbors:  0.009501
Iterations: 0.047805
Vorticity:  0.005144
Viscosity:  0.001310
Update:     0.000070

Forces:     0.000034
Candidates: 0.000085
Neighbors:  0.009492
Iterations: 0.047616
Vorticity:  0.005118
Viscosity:  0.001307
Update:     0.000068

Forces:     0.000032
Candidates: 0.000086
Neighbors:  0.009459
Iterations: 0.047379
Vorticity:  0.005092
Viscosity:  0.001296
Update:     0.000068

Forces:     0.000060
Candidates: 0.000174
Neighbors:  0.009483
Iterations: 0.047142
Vorticity:  0.005072
Viscosity:  0.001292
Update:     0.000091

Forces:     0.000031
Candidates: 0.000087
Neighbors:  0.009526
Iterations: 0.046972
Vorticity:  0.005051
Viscosity:  0.001292
Update:     0.000069

Forces:     0.000037
Candidates: 0.000088
Neighbors:  0.009446
Iterations: 0.046744
Vorticity:  0.005025
Viscosity:  0.001287
Update:     0.000071

Forces:     0.000035
Candidates: 0.000085
Neighbors:  0.009409
Iterations: 0.046520
Vorticity:  0.005007
Viscosity:  0.001280
Update:     0.000069

Forces:     0.000037
Candidates: 0.000084
Neighbors:  0.009386
Iterations: 0.048298
Vorticity:  0.004985
Viscosity:  0.001275
Update:     0.000072

Forces:     0.000063
Candidates: 0.000177
Neighbors:  0.009413
Iterations: 0.046172
Vorticity:  0.004967
Viscosity:  0.001272
Update:     0.000093

Forces:     0.000035
Candidates: 0.000084
Neighbors:  0.009360
Iterations: 0.045949
Vorticity:  0.004941
Viscosity:  0.001266
Update:     0.000064

Forces:     0.000033
Candidates: 0.000088
Neighbors:  0.009364
Iterations: 0.045794
Vorticity:  0.004923
Viscosity:  0.001262
Update:     0.000064

Forces:     0.000033
Candidates: 0.000087
Neighbors:  0.009330
Iterations: 0.049044
Vorticity:  0.005328
Viscosity:  0.001297
Update:     0.000066

Forces:     0.000035
Candidates: 0.000084
Neighbors:  0.010062
Iterations: 0.049545
Vorticity:  0.005308
Viscosity:  0.001291
Update:     0.000065

Forces:     0.000056
Candidates: 0.000179
Neighbors:  0.010075
Iterations: 0.049380
Vorticity:  0.005285
Viscosity:  0.001291
Update:     0.000092

Forces:     0.000032
Candidates: 0.000083
Neighbors:  0.010017
Iterations: 0.049184
Vorticity:  0.005269
Viscosity:  0.001288
Update:     0.000066

Forces:     0.000034
Candidates: 0.000088
Neighbors:  0.010007
Iterations: 0.049038
Vorticity:  0.005254
Viscosity:  0.001280
Update:     0.000062

Forces:     0.000032
Candidates: 0.000080
Neighbors:  0.009992
Iterations: 0.046736
Vorticity:  0.004802
Viscosity:  0.001231
Update:     0.000066

Forces:     0.000036
Candidates: 0.000086
Neighbors:  0.009227
Iterations: 0.044412
Vorticity:  0.004778
Viscosity:  0.001226
Update:     0.000062

Forces:     0.000067
Candidates: 0.000183
Neighbors:  0.009274
Iterations: 0.046170
Vorticity:  0.005199
Viscosity:  0.001270
Update:     0.000092

Forces:     0.000034
Candidates: 0.000082
Neighbors:  0.009911
Iterations: 0.048361
Vorticity:  0.005180
Viscosity:  0.001264
Update:     0.000067

Forces:     0.000032
Candidates: 0.000083
Neighbors:  0.009908
Iterations: 0.048168
Vorticity:  0.005160
Viscosity:  0.001264
Update:     0.000063

Forces:     0.000030
Candidates: 0.000082
Neighbors:  0.009887
Iterations: 0.048025
Vorticity:  0.005143
Viscosity:  0.001257
Update:     0.000063

Forces:     0.000030
Candidates: 0.000083
Neighbors:  0.009893
Iterations: 0.047891
Vorticity:  0.005131
Viscosity:  0.001257
Update:     0.000063

Forces:     0.000055
Candidates: 0.000177
Neighbors:  0.009934
Iterations: 0.047770
Vorticity:  0.005119
Viscosity:  0.001251
Update:     0.000090

Forces:     0.000031
Candidates: 0.000087
Neighbors:  0.009846
Iterations: 0.047641
Vorticity:  0.005101
Viscosity:  0.001250
Update:     0.000062

Forces:     0.000032
Candidates: 0.000084
Neighbors:  0.009851
Iterations: 0.047473
Vorticity:  0.005089
Viscosity:  0.001244
Update:     0.000064

Forces:     0.000030
Candidates: 0.000083
Neighbors:  0.009822
Iterations: 0.047404
Vorticity:  0.005080
Viscosity:  0.001243
Update:     0.000061

Forces:     0.000031
Candidates: 0.000080
Neighbors:  0.009790
Iterations: 0.047229
Vorticity:  0.005063
Viscosity:  0.001240
Update:     0.000060

Forces:     0.000056
Candidates: 0.000178
Neighbors:  0.009824
Iterations: 0.047095
Vorticity:  0.005048
Viscosity:  0.001238
Update:     0.000093

Forces:     0.000033
Candidates: 0.000082
Neighbors:  0.009784
Iterations: 0.047001
Vorticity:  0.005035
Viscosity:  0.001236
Update:     0.000061

Forces:     0.000030
Candidates: 0.000083
Neighbors:  0.009785
Iterations: 0.046849
Vorticity:  0.005025
Viscosity:  0.001232
Update:     0.000060

Forces:     0.000029
Candidates: 0.000083
Neighbors:  0.009767
Iterations: 0.046716
Vorticity:  0.005006
Viscosity:  0.001231
Update:     0.000065

Forces:     0.000031
Candidates: 0.000086
Neighbors:  0.009744
Iterations: 0.046564
Vorticity:  0.004991
Viscosity:  0.001225
Update:     0.000060

Forces:     0.000058
Candidates: 0.000201
Neighbors:  0.009776
Iterations: 0.046472
Vorticity:  0.004977
Viscosity:  0.001221
Update:     0.000089

Forces:     0.000031
Candidates: 0.000083
Neighbors:  0.009725
Iterations: 0.046266
Vorticity:  0.004958
Viscosity:  0.001217
Update:     0.000062

Forces:     0.000032
Candidates: 0.000088
Neighbors:  0.009692
Iterations: 0.046118
Vorticity:  0.004939
Viscosity:  0.001221
Update:     0.000061

Forces:     0.000032
Candidates: 0.000083
Neighbors:  0.009666
Iterations: 0.045925
Vorticity:  0.004925
Viscosity:  0.001216
Update:     0.000062

Forces:     0.000028
Candidates: 0.000082
Neighbors:  0.009652
Iterations: 0.045788
Vorticity:  0.004906
Viscosity:  0.001211
Update:     0.000055

Forces:     0.000052
Candidates: 0.000183
Neighbors:  0.009675
Iterations: 0.045654
Vorticity:  0.004889
Viscosity:  0.001205
Update:     0.000101

Forces:     0.000054
Candidates: 0.000086
Neighbors:  0.009668
Iterations: 0.045396
Vorticity:  0.004869
Viscosity:  0.001205
Update:     0.000061

Forces:     0.000031
Candidates: 0.000083
Neighbors:  0.009591
Iterations: 0.045133
Vorticity:  0.004843
Viscosity:  0.001198
Update:     0.000060

Forces:     0.000033
Candidates: 0.000087
Neighbors:  0.009566
Iterations: 0.044948
Vorticity:  0.004825
Viscosity:  0.001198
Update:     0.000058

Forces:     0.000030
Candidates: 0.000081
Neighbors:  0.009539
Iterations: 0.044760
Vorticity:  0.004806
Viscosity:  0.001197
Update:     0.000055

Forces:     0.000054
Candidates: 0.000183
Neighbors:  0.009554
Iterations: 0.044464
Vorticity:  0.004774
Viscosity:  0.001194
Update:     0.000089

Forces:     0.000032
Candidates: 0.000083
Neighbors:  0.009504
Iterations: 0.044301
Vorticity:  0.004458
Viscosity:  0.001157
Update:     0.000066

Forces:     0.000031
Candidates: 0.000085
Neighbors:  0.008928
Iterations: 0.041321
Vorticity:  0.004450
Viscosity:  0.001152
Update:     0.000062

Forces:     0.000030
Candidates: 0.000083
Neighbors:  0.008890
Iterations: 0.041205
Vorticity:  0.004435
Viscosity:  0.001149
Update:     0.000060

Forces:     0.000030
Candidates: 0.000096
Neighbors:  0.008881
Iterations: 0.041129
Vorticity:  0.004431
Viscosity:  0.001145
Update:     0.000056

Forces:     0.000053
Candidates: 0.000183
Neighbors:  0.008917
Iterations: 0.041002
Vorticity:  0.004416
Viscosity:  0.001138
Update:     0.000092

Forces:     0.000030
Candidates: 0.000082
Neighbors:  0.008866
Iterations: 0.040917
Vorticity:  0.004415
Viscosity:  0.001143
Update:     0.000055

Forces:     0.000028
Candidates: 0.000088
Neighbors:  0.008839
Iterations: 0.040835
Vorticity:  0.004400
Viscosity:  0.001135
Update:     0.000056

Forces:     0.000027
Candidates: 0.000088
Neighbors:  0.008829
Iterations: 0.040730
Vorticity:  0.004387
Viscosity:  0.001134
Update:     0.000054

Forces:     0.000031
Candidates: 0.000093
Neighbors:  0.008817
Iterations: 0.040650
Vorticity:  0.004380
Viscosity:  0.001137
Update:     0.000057

Forces:     0.000052
Candidates: 0.000181
Neighbors:  0.008943
Iterations: 0.040545
Vorticity:  0.004373
Viscosity:  0.001128
Update:     0.000090

Forces:     0.000032
Candidates: 0.000091
Neighbors:  0.008836
Iterations: 0.040376
Vorticity:  0.004352
Viscosity:  0.001127
Update:     0.000055

Forces:     0.000027
Candidates: 0.000088
Neighbors:  0.008784
Iterations: 0.040272
Vorticity:  0.004341
Viscosity:  0.001121
Update:     0.000058

Forces:     0.000029
Candidates: 0.000086
Neighbors:  0.008778
Iterations: 0.040175
Vorticity:  0.004331
Viscosity:  0.001118
Update:     0.000053

Forces:     0.000028
Candidates: 0.000086
Neighbors:  0.008761
Iterations: 0.040078
Vorticity:  0.004324
Viscosity:  0.001117
Update:     0.000054

Forces:     0.000053
Candidates: 0.000183
Neighbors:  0.008879
Iterations: 0.040019
Vorticity:  0.004314
Viscosity:  0.001119
Update:     0.000089

Forces:     0.000033
Candidates: 0.000088
Neighbors:  0.008769
Iterations: 0.039931
Vorticity:  0.004313
Viscosity:  0.001117
Update:     0.000056

Forces:     0.000028
Candidates: 0.000085
Neighbors:  0.008817
Iterations: 0.039855
Vorticity:  0.004302
Viscosity:  0.001108
Update:     0.000058

Forces:     0.000029
Candidates: 0.000088
Neighbors:  0.008751
Iterations: 0.039726
Vorticity:  0.004281
Viscosity:  0.001102
Update:     0.000054

Forces:     0.000026
Candidates: 0.000086
Neighbors:  0.008713
Iterations: 0.039564
Vorticity:  0.004274
Viscosity:  0.001101
Update:     0.000054

Forces:     0.000047
Candidates: 0.000178
Neighbors:  0.008821
Iterations: 0.039428
Vorticity:  0.004258
Viscosity:  0.001101
Update:     0.000092

Forces:     0.000031
Candidates: 0.000088
Neighbors:  0.008714
Iterations: 0.039343
Vorticity:  0.004248
Viscosity:  0.001097
Update:     0.000053

Forces:     0.000027
Candidates: 0.000088
Neighbors:  0.008681
Iterations: 0.039249
Vorticity:  0.004238
Viscosity:  0.001097
Update:     0.000059

Forces:     0.000026
Candidates: 0.000087
Neighbors:  0.008665
Iterations: 0.039132
Vorticity:  0.004223
Viscosity:  0.001100
Update:     0.000052

Forces:     0.000028
Candidates: 0.000088
Neighbors:  0.008657
Iterations: 0.039018
Vorticity:  0.004211
Viscosity:  0.001092
Update:     0.000053

Forces:     0.000047
Candidates: 0.000180
Neighbors:  0.008700
Iterations: 0.038885
Vorticity:  0.004199
Viscosity:  0.001091
Update:     0.000085

Forces:     0.000028
Candidates: 0.000088
Neighbors:  0.008630
Iterations: 0.038831
Vorticity:  0.004191
Viscosity:  0.001090
Update:     0.000055

Forces:     0.000026
Candidates: 0.000085
Neighbors:  0.008703
Iterations: 0.038701
Vorticity:  0.004177
Viscosity:  0.001086
Update:     0.000053

Forces:     0.000029
Candidates: 0.000086
Neighbors:  0.008635
Iterations: 0.038649
Vorticity:  0.004174
Viscosity:  0.001083
Update:     0.000052

Forces:     0.000027
Candidates: 0.000087
Neighbors:  0.008596
Iterations: 0.038559
Vorticity:  0.004160
Viscosity:  0.001078
Update:     0.000058

Forces:     0.000048
Candidates: 0.000182
Neighbors:  0.008652
Iterations: 0.038448
Vorticity:  0.004149
Viscosity:  0.001083
Update:     0.000093

Forces:     0.000031
Candidates: 0.000087
Neighbors:  0.008615
Iterations: 0.038546
Vorticity:  0.004335
Viscosity:  0.001113
Update:     0.000060

Forces:     0.000029
Candidates: 0.000086
Neighbors:  0.008892
Iterations: 0.040401
Vorticity:  0.004325
Viscosity:  0.001114
Update:     0.000055

Forces:     0.000029
Candidates: 0.000087
Neighbors:  0.008962
Iterations: 0.040302
Vorticity:  0.004326
Viscosity:  0.001110
Update:     0.000053

Forces:     0.000031
Candidates: 0.000091
Neighbors:  0.008879
Iterations: 0.040199
Vorticity:  0.004310
Viscosity:  0.001112
Update:     0.000056

Forces:     0.000047
Candidates: 0.000184
Neighbors:  0.008910
Iterations: 0.040100
Vorticity:  0.004297
Viscosity:  0.001107
Update:     0.000089

Forces:     0.000028
Candidates: 0.000096
Neighbors:  0.008859
Iterations: 0.040042
Vorticity:  0.004297
Viscosity:  0.001105
Update:     0.000055

Forces:     0.000027
Candidates: 0.000086
Neighbors:  0.008834
Iterations: 0.039978
Vorticity:  0.004283
Viscosity:  0.001106
Update:     0.000052

Forces:     0.000027
Candidates: 0.000087
Neighbors:  0.008826
Iterations: 0.039872
Vorticity:  0.004276
Viscosity:  0.001109
Update:     0.000055

Forces:     0.000027
Candidates: 0.000082
Neighbors:  0.008800
Iterations: 0.039813
Vorticity:  0.004269
Viscosity:  0.001102
Update:     0.000055

Forces:     0.000048
Candidates: 0.000183
Neighbors:  0.008835
Iterations: 0.039684
Vorticity:  0.004258
Viscosity:  0.001102
Update:     0.000090

Forces:     0.000027
Candidates: 0.000089
Neighbors:  0.008794
Iterations: 0.039625
Vorticity:  0.004247
Viscosity:  0.001098
Update:     0.000055

Forces:     0.000027
Candidates: 0.000086
Neighbors:  0.008768
Iterations: 0.039539
Vorticity:  0.004238
Viscosity:  0.001101
Update:     0.000051

Forces:     0.000026
Candidates: 0.000082
Neighbors:  0.008770
Iterations: 0.039454
Vorticity:  0.004235
Viscosity:  0.001097
Update:     0.000053

Forces:     0.000027
Candidates: 0.000083
Neighbors:  0.008761
Iterations: 0.039377
Vorticity:  0.004223
Viscosity:  0.001097
Update:     0.000052

Forces:     0.000055
Candidates: 0.000187
Neighbors:  0.008788
Iterations: 0.039292
Vorticity:  0.004214
Viscosity:  0.001091
Update:     0.000085

Forces:     0.000026
Candidates: 0.000084
Neighbors:  0.008725
Iterations: 0.039216
Vorticity:  0.004208
Viscosity:  0.001089
Update:     0.000051

Forces:     0.000027
Candidates: 0.000097
Neighbors:  0.008727
Iterations: 0.039186
Vorticity:  0.004201
Viscosity:  0.001089
Update:     0.000052

Forces:     0.000025
Candidates: 0.000084
Neighbors:  0.008712
Iterations: 0.039092
Vorticity:  0.004195
Viscosity:  0.001084
Update:     0.000052

Forces:     0.000026
Candidates: 0.000085
Neighbors:  0.008712
Iterations: 0.039004
Vorticity:  0.004185
Viscosity:  0.001085
Update:     0.000053

Forces:     0.000048
Candidates: 0.000188
Neighbors:  0.008739
Iterations: 0.038936
Vorticity:  0.004176
Viscosity:  0.001082
Update:     0.000088

Forces:     0.000028
Candidates: 0.000088
Neighbors:  0.008719
Iterations: 0.038892
Vorticity:  0.004171
Viscosity:  0.001079
Update:     0.000051

Forces:     0.000024
Candidates: 0.000084
Neighbors:  0.008688
Iterations: 0.038801
Vorticity:  0.004168
Viscosity:  0.001081
Update:     0.000055

Forces:     0.000023
Candidates: 0.000086
Neighbors:  0.008675
Iterations: 0.038765
Vorticity:  0.004163
Viscosity:  0.001077
Update:     0.000052

Forces:     0.000024
Candidates: 0.000087
Neighbors:  0.008674
Iterations: 0.038687
Vorticity:  0.004153
Viscosity:  0.001080
Update:     0.000056

Forces:     0.000045
Candidates: 0.000183
Neighbors:  0.008701
Iterations: 0.038661
Vorticity:  0.004154
Viscosity:  0.001076
Update:     0.000086

Forces:     0.000028
Candidates: 0.000084
Neighbors:  0.008675
Iterations: 0.038659
Vorticity:  0.004155
Viscosity:  0.001078
Update:     0.000054

Forces:     0.000026
Candidates: 0.000085
Neighbors:  0.008665
Iterations: 0.038607
Vorticity:  0.004142
Viscosity:  0.001072
Update:     0.000053

Forces:     0.000025
Candidates: 0.000092
Neighbors:  0.008661
Iterations: 0.038561
Vorticity:  0.004141
Viscosity:  0.001076
Update:     0.000051

Forces:     0.000024
Candidates: 0.000088
Neighbors:  0.008650
Iterations: 0.038557
Vorticity:  0.004137
Viscosity:  0.001076
Update:     0.000052

Forces:     0.000050
Candidates: 0.000187
Neighbors:  0.008688
Iterations: 0.038533
Vorticity:  0.004139
Viscosity:  0.001076
Update:     0.000089

Forces:     0.000030
Candidates: 0.000086
Neighbors:  0.008640
Iterations: 0.036719
Vorticity:  0.003919
Viscosity:  0.001026
Update:     0.000052

Forces:     0.000028
Candidates: 0.000085
Neighbors:  0.008390
Iterations: 0.036307
Vorticity:  0.003922
Viscosity:  0.001027
Update:     0.000053

Forces:     0.000026
Candidates: 0.000091
Neighbors:  0.008378
Iterations: 0.036289
Vorticity:  0.003917
Viscosity:  0.001029
Update:     0.000050

Forces:     0.000025
Candidates: 0.000087
Neighbors:  0.008382
Iterations: 0.036247
Vorticity:  0.003913
Viscosity:  0.001028
Update:     0.000051

Forces:     0.000046
Candidates: 0.000183
Neighbors:  0.008438
Iterations: 0.036228
Vorticity:  0.003908
Viscosity:  0.001031
Update:     0.000088

Forces:     0.000027
Candidates: 0.000087
Neighbors:  0.008382
Iterations: 0.036156
Vorticity:  0.003896
Viscosity:  0.001026
Update:     0.000050

Forces:     0.000025
Candidates: 0.000091
Neighbors:  0.008376
Iterations: 0.036180
Vorticity:  0.003903
Viscosity:  0.001026
Update:     0.000050

Forces:     0.000025
Candidates: 0.000088
Neighbors:  0.008364
Iterations: 0.036146
Vorticity:  0.003897
Viscosity:  0.001024
Update:     0.000049

Forces:     0.000023
Candidates: 0.000088
Neighbors:  0.008356
Iterations: 0.036158
Vorticity:  0.003899
Viscosity:  0.001028
Update:     0.000051

Forces:     0.000046
Candidates: 0.000181
Neighbors:  0.008433
Iterations: 0.036220
Vorticity:  0.003902
Viscosity:  0.001032
Update:     0.000090

Forces:     0.000026
Candidates: 0.000090
Neighbors:  0.008349
Iterations: 0.036185
Vorticity:  0.003898
Viscosity:  0.001029
Update:     0.000050

Forces:     0.000026
Candidates: 0.000095
Neighbors:  0.008419
Iterations: 0.036195
Vorticity:  0.003899
Viscosity:  0.001025
Update:     0.000051

Forces:     0.000027
Candidates: 0.000085
Neighbors:  0.008364
Iterations: 0.036150
Vorticity:  0.003899
Viscosity:  0.001028
Update:     0.000049

Forces:     0.000025
Candidates: 0.000087
Neighbors:  0.008337
Iterations: 0.036149
Vorticity:  0.003897
Viscosity:  0.001029
Update:     0.000047

Forces:     0.000045
Candidates: 0.000185
Neighbors:  0.008382
Iterations: 0.036195
Vorticity:  0.003904
Viscosity:  0.001029
Update:     0.000089

Forces:     0.000026
Candidates: 0.000087
Neighbors:  0.008322
Iterations: 0.036213
Vorticity:  0.003913
Viscosity:  0.001029
Update:     0.000053

Forces:     0.000027
Candidates: 0.000090
Neighbors:  0.008327
Iterations: 0.036262
Vorticity:  0.003911
Viscosity:  0.001032
Update:     0.000051

Forces:     0.000027
Candidates: 0.000089
Neighbors:  0.008408
Iterations: 0.036278
Vorticity:  0.003917
Viscosity:  0.001029
Update:     0.000050

Forces:     0.000028
Candidates: 0.000088
Neighbors:  0.008338
Iterations: 0.036309
Vorticity:  0.003917
Viscosity:  0.001032
Update:     0.000051

Forces:     0.000048
Candidates: 0.000185
Neighbors:  0.008379
Iterations: 0.036323
Vorticity:  0.003914
Viscosity:  0.001030
Update:     0.000086

Forces:     0.000025
Candidates: 0.000088
Neighbors:  0.008318
Iterations: 0.036339
Vorticity:  0.003920
Viscosity:  0.001035
Update:     0.000050

Forces:     0.000025
Candidates: 0.000086
Neighbors:  0.008312
Iterations: 0.036370
Vorticity:  0.003920
Viscosity:  0.001034
Update:     0.000050

Forces:     0.000024
Candidates: 0.000088
Neighbors:  0.008315
Iterations: 0.036409
Vorticity:  0.003925
Viscosity:  0.001036
Update:     0.000048

Forces:     0.000025
Candidates: 0.000088
Neighbors:  0.008393
Iterations: 0.036409
Vorticity:  0.003929
Viscosity:  0.001038
Update:     0.000048

Forces:     0.000044
Candidates: 0.000183
Neighbors:  0.008384
Iterations: 0.036401
Vorticity:  0.003927
Viscosity:  0.001032
Update:     0.000092

Forces:     0.000024
Candidates: 0.000087
Neighbors:  0.008322
Iterations: 0.036406
Vorticity:  0.003926
Viscosity:  0.001033
Update:     0.000052

Forces:     0.000024
Candidates: 0.000087
Neighbors:  0.008308
Iterations: 0.036400
Vorticity:  0.003928
Viscosity:  0.001035
Update:     0.000047

Forces:     0.000023
Candidates: 0.000083
Neighbors:  0.008301
Iterations: 0.036407
Vorticity:  0.003925
Viscosity:  0.001033
Update:     0.000050

Forces:     0.000025
Candidates: 0.000084
Neighbors:  0.008312
Iterations: 0.036443
Vorticity:  0.003931
Viscosity:  0.001037
Update:     0.000049

Forces:     0.000047
Candidates: 0.000190
Neighbors:  0.008386
Iterations: 0.036426
Vorticity:  0.003925
Viscosity:  0.001035
Update:     0.000091

Forces:     0.000029
Candidates: 0.000093
Neighbors:  0.008322
Iterations: 0.036408
Vorticity:  0.003926
Viscosity:  0.001033
Update:     0.000049

Forces:     0.000025
Candidates: 0.000088
Neighbors:  0.008327
Iterations: 0.036393
Vorticity:  0.003920
Viscosity:  0.001035
Update:     0.000056

Forces:     0.000026
Candidates: 0.000090
Neighbors:  0.008356
Iterations: 0.036684
Vorticity:  0.004157
Viscosity:  0.001085
Update:     0.000058

Forces:     0.000027
Candidates: 0.000088
Neighbors:  0.008620
Iterations: 0.038723
Vorticity:  0.004158
Viscosity:  0.001084
Update:     0.000049

Forces:     0.000046
Candidates: 0.000187
Neighbors:  0.008664
Iterations: 0.038751
Vorticity:  0.004157
Viscosity:  0.001085
Update:     0.000088

Forces:     0.000028
Candidates: 0.000084
Neighbors:  0.008628
Iterations: 0.038765
Vorticity:  0.004160
Viscosity:  0.001089
Update:     0.000051

Forces:     0.000025
Candidates: 0.000088
Neighbors:  0.008611
Iterations: 0.038765
Vorticity:  0.004157
Viscosity:  0.001091
Update:     0.000049

Forces:     0.000024
Candidates: 0.000089
Neighbors:  0.008618
Iterations: 0.038813
Vorticity:  0.004162
Viscosity:  0.001089
Update:     0.000052

Forces:     0.000030
Candidates: 0.000087
Neighbors:  0.008629
Iterations: 0.038825
Vorticity:  0.004163
Viscosity:  0.001092
Update:     0.000050

Forces:     0.000048
Candidates: 0.000186
Neighbors:  0.008668
Iterations: 0.038874
Vorticity:  0.004173
Viscosity:  0.001092
Update:     0.000086

Forces:     0.000025
Candidates: 0.000089
Neighbors:  0.008641
Iterations: 0.038920
Vorticity:  0.004175
Viscosity:  0.001092
Update:     0.000053

Forces:     0.000025
Candidates: 0.000087
Neighbors:  0.008626
Iterations: 0.038967
Vorticity:  0.004182
Viscosity:  0.001094
Update:     0.000057

Forces:     0.000026
Candidates: 0.000085
Neighbors:  0.008636
Iterations: 0.038971
Vorticity:  0.004178
Viscosity:  0.001096
Update:     0.000051

Forces:     0.000024
Candidates: 0.000083
Neighbors:  0.008661
Iterations: 0.039000
Vorticity:  0.004181
Viscosity:  0.001098
Update:     0.000052

Forces:     0.000046
Candidates: 0.000189
Neighbors:  0.008697
Iterations: 0.038996
Vorticity:  0.004183
Viscosity:  0.001096
Update:     0.000090

Forces:     0.000025
Candidates: 0.000084
Neighbors:  0.008661
Iterations: 0.039021
Vorticity:  0.004182
Viscosity:  0.001094
Update:     0.000052

Forces:     0.000026
Candidates: 0.000088
Neighbors:  0.008667
Iterations: 0.039061
Vorticity:  0.004189
Viscosity:  0.001096
Update:     0.000051

Forces:     0.000027
Candidates: 0.000090
Neighbors:  0.008664
Iterations: 0.039035
Vorticity:  0.004182
Viscosity:  0.001094
Update:     0.000055

Forces:     0.000025
Candidates: 0.000099
Neighbors:  0.008668
Iterations: 0.039109
Vorticity:  0.004193
Viscosity:  0.001098
Update:     0.000050

Forces:     0.000052
Candidates: 0.000182
Neighbors:  0.008340
Iterations: 0.037457
Vorticity:  0.004072
Viscosity:  0.001041
Update:     0.000094

Forces:     0.000028
Candidates: 0.000091
Neighbors:  0.008368
Iterations: 0.037437
Vorticity:  0.004187
Viscosity:  0.001095
Update:     0.000053

Forces:     0.000027
Candidates: 0.000090
Neighbors:  0.008364
Iterations: 0.037267
Vorticity:  0.004015
Viscosity:  0.001097
Update:     0.000054

Forces:     0.000026
Candidates: 0.000085
Neighbors:  0.008085
Iterations: 0.037379
Vorticity:  0.003939
Viscosity:  0.001018
Update:     0.000050

Forces:     0.000025
Candidates: 0.000095
Neighbors:  0.008532
Iterations: 0.037308
Vorticity:  0.003904
Viscosity:  0.001100
Update:     0.000053

Forces:     0.000043
Candidates: 0.000188
Neighbors:  0.008545
Iterations: 0.037454
Vorticity:  0.003748
Viscosity:  0.001042
Update:     0.000091

Forces:     0.000026
Candidates: 0.000085
Neighbors:  0.008257
Iterations: 0.037468
Vorticity:  0.004197
Viscosity:  0.001040
Update:     0.000052

Forces:     0.000027
Candidates: 0.000086
Neighbors:  0.008347
Iterations: 0.037406
Vorticity:  0.004191
Viscosity:  0.001101
Update:     0.000051

Forces:     0.000025
Candidates: 0.000088
Neighbors:  0.008325
Iterations: 0.037427
Vorticity:  0.004035
Viscosity:  0.001100
Update:     0.000055

Forces:     0.000027
Candidates: 0.000086
Neighbors:  0.008157
Iterations: 0.037419
Vorticity:  0.003949
Viscosity:  0.001101
Update:     0.000052

Forces:     0.000043
Candidates: 0.000181
Neighbors:  0.008690
Iterations: 0.037450
Vorticity:  0.003937
Viscosity:  0.001035
Update:     0.000094

Forces:     0.000028
Candidates: 0.000086
Neighbors:  0.008493
Iterations: 0.037446
Vorticity:  0.003766
Viscosity:  0.001038
Update:     0.000052

Forces:     0.000024
Candidates: 0.000100
Neighbors:  0.008437
Iterations: 0.037270
Vorticity:  0.004205
Viscosity:  0.001110
Update:     0.000055

Forces:     0.000030
Candidates: 0.000090
Neighbors:  0.008347
Iterations: 0.037565
Vorticity:  0.004078
Viscosity:  0.001103
Update:     0.000054

Forces:     0.000028
Candidates: 0.000086
Neighbors:  0.008089
Iterations: 0.037359
Vorticity:  0.003945
Viscosity:  0.001040
Update:     0.000053

Forces:     0.000049
Candidates: 0.000193
Neighbors:  0.008488
Iterations: 0.037337
Vorticity:  0.003949
Viscosity:  0.001045
Update:     0.000088

Forces:     0.000028
Candidates: 0.000085
Neighbors:  0.008702
Iterations: 0.037351
Vorticity:  0.003952
Viscosity:  0.001044
Update:     0.000050

Forces:     0.000026
Candidates: 0.000085
Neighbors:  0.008455
Iterations: 0.037721
Vorticity:  0.003886
Viscosity:  0.001042
Update:     0.000049

Forces:     0.000027
Candidates: 0.000088
Neighbors:  0.008321
Iterations: 0.037569
Vorticity:  0.004022
Viscosity:  0.001046
Update:     0.000049

Forces:     0.000025
Candidates: 0.000086
Neighbors:  0.008408
Iterations: 0.037673
Vorticity:  0.004230
Viscosity:  0.001056
Update:     0.000051

Forces:     0.000047
Candidates: 0.000187
Neighbors:  0.008128
Iterations: 0.037561
Vorticity:  0.003970
Viscosity:  0.001046
Update:     0.000090

Forces:     0.000029
Candidates: 0.000090
Neighbors:  0.008737
Iterations: 0.037254
Vorticity:  0.003968
Viscosity:  0.001045
Update:     0.000050

Forces:     0.000026
Candidates: 0.000088
Neighbors:  0.008729
Iterations: 0.037722
Vorticity:  0.003973
Viscosity:  0.001049
Update:     0.000052

Forces:     0.000027
Candidates: 0.000089
Neighbors:  0.008640
Iterations: 0.037822
Vorticity:  0.003928
Viscosity:  0.001046
Update:     0.000049

Forces:     0.000029
Candidates: 0.000091
Neighbors:  0.008380
Iterations: 0.037845
Vorticity:  0.003953
Viscosity:  0.001053
Update:     0.000050

Forces:     0.000044
Candidates: 0.000185
Neighbors:  0.008484
Iterations: 0.037936
Vorticity:  0.003952
Viscosity:  0.001054
Update:     0.000092

Forces:     0.000026
Candidates: 0.000090
Neighbors:  0.008438
Iterations: 0.037969
Vorticity:  0.004246
Viscosity:  0.001065
Update:     0.000050

Forces:     0.000026
Candidates: 0.000088
Neighbors:  0.008414
Iterations: 0.037830
Vorticity:  0.004248
Viscosity:  0.001114
Update:     0.000050

Forces:     0.000027
Candidates: 0.000091
Neighbors:  0.008422
Iterations: 0.037861
Vorticity:  0.004092
Viscosity:  0.001113
Update:     0.000053

Forces:     0.000025
Candidates: 0.000088
Neighbors:  0.008219
Iterations: 0.037884
Vorticity:  0.003903
Viscosity:  0.001115
Update:     0.000052

Forces:     0.000047
Candidates: 0.000186
Neighbors:  0.008176
Iterations: 0.037883
Vorticity:  0.003922
Viscosity:  0.001114
Update:     0.000086

Forces:     0.000029
Candidates: 0.000087
Neighbors:  0.008386
Iterations: 0.037884
Vorticity:  0.004008
Viscosity:  0.001057
Update:     0.000051

Forces:     0.000027
Candidates: 0.000087
Neighbors:  0.008615
Iterations: 0.037966
Vorticity:  0.004007
Viscosity:  0.001061
Update:     0.000048

Forces:     0.000027
Candidates: 0.000089
Neighbors:  0.008653
Iterations: 0.037746
Vorticity:  0.004011
Viscosity:  0.001062
Update:     0.000050

Forces:     0.000026
Candidates: 0.000089
Neighbors:  0.008631
Iterations: 0.037932
Vorticity:  0.004009
Viscosity:  0.001060
Update:     0.000049

Forces:     0.000043
Candidates: 0.000183
Neighbors:  0.008583
Iterations: 0.038158
Vorticity:  0.004023
Viscosity:  0.001060
Update:     0.000091

Forces:     0.000026
Candidates: 0.000090
Neighbors:  0.008449
Iterations: 0.037910
Vorticity:  0.004018
Viscosity:  0.001062
Update:     0.000054

Forces:     0.000026
Candidates: 0.000089
Neighbors:  0.008485
Iterations: 0.038169
Vorticity:  0.003934
Viscosity:  0.001062
Update:     0.000049

Forces:     0.000025
Candidates: 0.000091
Neighbors:  0.008362
Iterations: 0.038276
Vorticity:  0.003941
Viscosity:  0.001060
Update:     0.000068

Forces:     0.000047
Candidates: 0.000087
Neighbors:  0.008422
Iterations: 0.038207
Vorticity:  0.004036
Viscosity:  0.001062
Update:     0.000052

Forces:     0.000046
Candidates: 0.000184
Neighbors:  0.008509
Iterations: 0.038349
Vorticity:  0.004282
Viscosity:  0.000995
Update:     0.000091

Forces:     0.000026
Candidates: 0.000088
Neighbors:  0.008441
Iterations: 0.037964
Vorticity:  0.004004
Viscosity:  0.001060
Update:     0.000051

Forces:     0.000026
Candidates: 0.000089
Neighbors:  0.008346
Iterations: 0.038052
Vorticity:  0.003979
Viscosity:  0.001058
Update:     0.000052

Forces:     0.000025
Candidates: 0.000090
Neighbors:  0.008397
Iterations: 0.038131
Vorticity:  0.004012
Viscosity:  0.001058
Update:     0.000050

Forces:     0.000026
Candidates: 0.000087
Neighbors:  0.008481
Iterations: 0.038244
Vorticity:  0.004015
Viscosity:  0.001053
Update:     0.000052

Forces:     0.000046
Candidates: 0.000183
Neighbors:  0.008499
Iterations: 0.037166
Vorticity:  0.004009
Viscosity:  0.001054
Update:     0.000090

Forces:     0.000029
Candidates: 0.000090
Neighbors:  0.008429
Iterations: 0.037228
Vorticity:  0.004017
Viscosity:  0.001060
Update:     0.000050

Forces:     0.000027
Candidates: 0.000088
Neighbors:  0.008429
Iterations: 0.037270
Vorticity:  0.004015
Viscosity:  0.001061
Update:     0.000049

Forces:     0.000026
Candidates: 0.000085
Neighbors:  0.008414
Iterations: 0.037264
Vorticity:  0.004013
Viscosity:  0.001059
Update:     0.000050

Forces:     0.000025
Candidates: 0.000088
Neighbors:  0.008402
Iterations: 0.037216
Vorticity:  0.004009
Viscosity:  0.001058
Update:     0.000052

Forces:     0.000044
Candidates: 0.000185
Neighbors:  0.008461
Iterations: 0.037171
Vorticity:  0.004007
Viscosity:  0.001058
Update:     0.000093

Forces:     0.000026
Candidates: 0.000088
Neighbors:  0.008397
Iterations: 0.037182
Vorticity:  0.004002
Viscosity:  0.001059
Update:     0.000050

Forces:     0.000027
Candidates: 0.000089
Neighbors:  0.008386
Iterations: 0.037144
Vorticity:  0.004002
Viscosity:  0.001058
Update:     0.000050

Forces:     0.000026
Candidates: 0.000095
Neighbors:  0.008374
Iterations: 0.037131
Vorticity:  0.004000
Viscosity:  0.001058
Update:     0.000052

Forces:     0.000026
Candidates: 0.000090
Neighbors:  0.008428
Iterations: 0.037181
Vorticity:  0.004010
Viscosity:  0.001058
Update:     0.000071

Forces:     0.000061
Candidates: 0.000193
Neighbors:  0.008684
Iterations: 0.037748
Vorticity:  0.004270
Viscosity:  0.001060
Update:     0.000090

Forces:     0.000028
Candidates: 0.000087
Neighbors:  0.008402
Iterations: 0.037880
Vorticity:  0.004062
Viscosity:  0.001126
Update:     0.000101

Forces:     0.000044
Candidates: 0.000178
Neighbors:  0.008233
Iterations: 0.037177
Vorticity:  0.004017
Viscosity:  0.001067
Update:     0.000116

Forces:     0.000057
Candidates: 0.000087
Neighbors:  0.008493
Iterations: 0.037001
Vorticity:  0.003989
Viscosity:  0.001056
Update:     0.000050

Forces:     0.000027
Candidates: 0.000088
Neighbors:  0.008343
Iterations: 0.036961
Vorticity:  0.003985
Viscosity:  0.001058
Update:     0.000051

Forces:     0.000049
Candidates: 0.000183
Neighbors:  0.008412
Iterations: 0.036926
Vorticity:  0.003991
Viscosity:  0.001054
Update:     0.000092

Forces:     0.000030
Candidates: 0.000092
Neighbors:  0.008344
Iterations: 0.036915
Vorticity:  0.003977
Viscosity:  0.001052
Update:     0.000049

Forces:     0.000024
Candidates: 0.000094
Neighbors:  0.008415
Iterations: 0.036921
Vorticity:  0.003982
Viscosity:  0.001055
Update:     0.000053

Forces:     0.000029
Candidates: 0.000093
Neighbors:  0.008367
Iterations: 0.036895
Vorticity:  0.003978
Viscosity:  0.001052
Update:     0.000048

Forces:     0.000025
Candidates: 0.000091
Neighbors:  0.008341
Iterations: 0.036879
Vorticity:  0.003979
Viscosity:  0.001052
Update:     0.000050

Forces:     0.000051
Candidates: 0.000182
Neighbors:  0.008403
Iterations: 0.036877
Vorticity:  0.003978
Viscosity:  0.001053
Update:     0.000090

Forces:     0.000028
Candidates: 0.000088
Neighbors:  0.008420
Iterations: 0.036857
Vorticity:  0.003978
Viscosity:  0.001053
Update:     0.000050

Forces:     0.000030
Candidates: 0.000092
Neighbors:  0.008366
Iterations: 0.036838
Vorticity:  0.003979
Viscosity:  0.001053
Update:     0.000051

Forces:     0.000027
Candidates: 0.000089
Neighbors:  0.008335
Iterations: 0.036857
Vorticity:  0.003974
Viscosity:  0.001050
Update:     0.000047

Forces:     0.000025
Candidates: 0.000088
Neighbors:  0.008334
Iterations: 0.036806
Vorticity:  0.003968
Viscosity:  0.001050
Update:     0.000047

Forces:     0.000050
Candidates: 0.000185
Neighbors:  0.008367
Iterations: 0.036799
Vorticity:  0.003970
Viscosity:  0.001049
Update:     0.000089

Forces:     0.000029
Candidates: 0.000090
Neighbors:  0.008330
Iterations: 0.036781
Vorticity:  0.003967
Viscosity:  0.001051
Update:     0.000054

Forces:     0.000026
Candidates: 0.000091
Neighbors:  0.008320
Iterations: 0.036755
Vorticity:  0.003963
Viscosity:  0.001049
Update:     0.000051

Forces:     0.000028
Candidates: 0.000098
Neighbors:  0.008308
Iterations: 0.036772
Vorticity:  0.003967
Viscosity:  0.001048
Update:     0.000048

Forces:     0.000028
Candidates: 0.000089
Neighbors:  0.008312
Iterations: 0.036770
Vorticity:  0.003969
Viscosity:  0.001049
Update:     0.000049

Forces:     0.000051
Candidates: 0.000186
Neighbors:  0.008375
Iterations: 0.036802
Vorticity:  0.003963
Viscosity:  0.001053
Update:     0.000089

Forces:     0.000030
Candidates: 0.000088
Neighbors:  0.008755
Iterations: 0.039860
Vorticity:  0.004300
Viscosity:  0.001151
Update:     0.000056

Forces:     0.000030
Candidates: 0.000088
Neighbors:  0.008760
Iterations: 0.039869
Vorticity:  0.004298
Viscosity:  0.001129
Update:     0.000051

Forces:     0.000027
Candidates: 0.000085
Neighbors:  0.008750
Iterations: 0.039870
Vorticity:  0.004299
Viscosity:  0.001128
Update:     0.000053

Forces:     0.000026
Candidates: 0.000090
Neighbors:  0.008766
Iterations: 0.039914
Vorticity:  0.004307
Viscosity:  0.001132
Update:     0.000049

Forces:     0.000053
Candidates: 0.000187
Neighbors:  0.008804
Iterations: 0.040028
Vorticity:  0.004324
Viscosity:  0.001133
Update:     0.000092

Forces:     0.000029
Candidates: 0.000090
Neighbors:  0.008777
Iterations: 0.040117
Vorticity:  0.004335
Viscosity:  0.001132
Update:     0.000050

Forces:     0.000027
Candidates: 0.000090
Neighbors:  0.008801
Iterations: 0.040206
Vorticity:  0.004345
Viscosity:  0.001130
Update:     0.000051

Forces:     0.000026
Candidates: 0.000089
Neighbors:  0.008812
Iterations: 0.040308
Vorticity:  0.004356
Viscosity:  0.001134
Update:     0.000057

Forces:     0.000027
Candidates: 0.000085
Neighbors:  0.008837
Iterations: 0.040385
Vorticity:  0.004362
Viscosity:  0.001134
Update:     0.000051

Forces:     0.000046
Candidates: 0.000192
Neighbors:  0.008857
Iterations: 0.040518
Vorticity:  0.004372
Viscosity:  0.001137
Update:     0.000092

Forces:     0.000028
Candidates: 0.000086
Neighbors:  0.008830
Iterations: 0.040633
Vorticity:  0.004384
Viscosity:  0.001144
Update:     0.000054

Forces:     0.000027
Candidates: 0.000091
Neighbors:  0.008836
Iterations: 0.040707
Vorticity:  0.004397
Viscosity:  0.001144
Update:     0.000053

Forces:     0.000028
Candidates: 0.000089
Neighbors:  0.008851
Iterations: 0.040748
Vorticity:  0.004398
Viscosity:  0.001147
Update:     0.000051

Forces:     0.000025
Candidates: 0.000087
Neighbors:  0.008838
Iterations: 0.040814
Vorticity:  0.004403
Viscosity:  0.001152
Update:     0.000049

Forces:     0.000050
Candidates: 0.000196
Neighbors:  0.008864
Iterations: 0.040903
Vorticity:  0.004416
Viscosity:  0.001149
Update:     0.000084

Forces:     0.000028
Candidates: 0.000085
Neighbors:  0.008872
Iterations: 0.040977
Vorticity:  0.004416
Viscosity:  0.001154
Update:     0.000055

Forces:     0.000026
Candidates: 0.000084
Neighbors:  0.008883
Iterations: 0.041088
Vorticity:  0.004429
Viscosity:  0.001152
Update:     0.000054

Forces:     0.000024
Candidates: 0.000088
Neighbors:  0.008882
Iterations: 0.041152
Vorticity:  0.004439
Viscosity:  0.001160
Update:     0.000052

Forces:     0.000028
Candidates: 0.000087
Neighbors:  0.008891
Iterations: 0.041220
Vorticity:  0.004449
Viscosity:  0.001158
Update:     0.000051

Forces:     0.000047
Candidates: 0.000185
Neighbors:  0.008923
Iterations: 0.041268
Vorticity:  0.004450
Viscosity:  0.001164
Update:     0.000090

Forces:     0.000029
Candidates: 0.000088
Neighbors:  0.008916
Iterations: 0.041380
Vorticity:  0.004461
Viscosity:  0.001165
Update:     0.000054

Forces:     0.000027
Candidates: 0.000090
Neighbors:  0.008921
Iterations: 0.041485
Vorticity:  0.004468
Viscosity:  0.001167
Update:     0.000054

Forces:     0.000028
Candidates: 0.000089
Neighbors:  0.008949
Iterations: 0.041526
Vorticity:  0.004480
Viscosity:  0.001165
Update:     0.000050

Forces:     0.000029
Candidates: 0.000104
Neighbors:  0.008947
Iterations: 0.041602
Vorticity:  0.004485
Viscosity:  0.001171
Update:     0.000056

Forces:     0.000047
Candidates: 0.000188
Neighbors:  0.008989
Iterations: 0.041654
Vorticity:  0.004489
Viscosity:  0.001172
Update:     0.000092

Forces:     0.000029
Candidates: 0.000087
Neighbors:  0.008980
Iterations: 0.041734
Vorticity:  0.004494
Viscosity:  0.001171
Update:     0.000053

Forces:     0.000026
Candidates: 0.000087
Neighbors:  0.008984
Iterations: 0.041768
Vorticity:  0.004500
Viscosity:  0.001173
Update:     0.000051

Forces:     0.000028
Candidates: 0.000086
Neighbors:  0.009010
Iterations: 0.041822
Vorticity:  0.004504
Viscosity:  0.001176
Update:     0.000053

Forces:     0.000026
Candidates: 0.000091
Neighbors:  0.009015
Iterations: 0.041876
Vorticity:  0.004513
Viscosity:  0.001177
Update:     0.000054

Forces:     0.000053
Candidates: 0.000186
Neighbors:  0.008439
Iterations: 0.037536
Vorticity:  0.004043
Viscosity:  0.001070
Update:     0.000086

Forces:     0.000029
Candidates: 0.000095
Neighbors:  0.008385
Iterations: 0.037591
Vorticity:  0.004043
Viscosity:  0.001075
Update:     0.000049

Forces:     0.000027
Candidates: 0.000090
Neighbors:  0.008397
Iterations: 0.037614
Vorticity:  0.004054
Viscosity:  0.001075
Update:     0.000051

Forces:     0.000027
Candidates: 0.000089
Neighbors:  0.008404
Iterations: 0.037674
Vorticity:  0.004053
Viscosity:  0.001076
Update:     0.000051

Forces:     0.000027
Candidates: 0.000097
Neighbors:  0.008485
Iterations: 0.037703
Vorticity:  0.004065
Viscosity:  0.001077
Update:     0.000048

Total Forces:     0.020636
Total Candidates: 0.049146
Total Neighbors:  4.220840
Total Iterations: 19.447939
Total Vorticity:  2.077367
Total Viscosity:  0.528636
Total Update:     0.033576

