Forces:     0.004500
Candidates: 0.000284
Neighbors:  0.005881
Iterations: 0.017910
Vorticity:  0.001847
Viscosity:  0.000497
Update:     0.000104

Forces:     0.000036
Candidates: 0.000066
Neighbors:  0.005015
Iterations: 0.017619
Vorticity:  0.001820
Viscosity:  0.000491
Update:     0.000068

Forces:     0.000026
Candidates: 0.000067
Neighbors:  0.005645
Iterations: 0.017733
Vorticity:  0.001847
Viscosity:  0.000496
Update:     0.000067

Forces:     0.000030
Candidates: 0.000067
Neighbors:  0.005833
Iterations: 0.018241
Vorticity:  0.001901
Viscosity:  0.000507
Update:     0.000065

Forces:     0.000027
Candidates: 0.000066
Neighbors:  0.005847
Iterations: 0.018645
Vorticity:  0.001941
Viscosity:  0.000513
Update:     0.000064

Forces:     0.000054
Candidates: 0.000203
Neighbors:  0.005700
Iterations: 0.018589
Vorticity:  0.001936
Viscosity:  0.000507
Update:     0.000159

Forces:     0.000022
Candidates: 0.000067
Neighbors:  0.005614
Iterations: 0.018822
Vorticity:  0.001962
Viscosity:  0.000517
Update:     0.000058

Forces:     0.000021
Candidates: 0.000065
Neighbors:  0.005595
Iterations: 0.018991
Vorticity:  0.001978
Viscosity:  0.000517
Update:     0.000057

Forces:     0.000020
Candidates: 0.000066
Neighbors:  0.005669
Iterations: 0.019492
Vorticity:  0.002029
Viscosity:  0.000527
Update:     0.000061

Forces:     0.000022
Candidates: 0.000064
Neighbors:  0.005664
Iterations: 0.019555
Vorticity:  0.002032
Viscosity:  0.000530
Update:     0.000062

Forces:     0.000040
Candidates: 0.000192
Neighbors:  0.005694
Iterations: 0.019593
Vorticity:  0.002036
Viscosity:  0.000529
Update:     0.000160

Forces:     0.000023
Candidates: 0.000072
Neighbors:  0.005653
Iterations: 0.019636
Vorticity:  0.002040
Viscosity:  0.000530
Update:     0.000059

Forces:     0.000024
Candidates: 0.000067
Neighbors:  0.005664
Iterations: 0.019684
Vorticity:  0.002045
Viscosity:  0.000533
Update:     0.000063

Forces:     0.000024
Candidates: 0.000066
Neighbors:  0.005673
Iterations: 0.019732
Vorticity:  0.002048
Viscosity:  0.000538
Update:     0.000062

Forces:     0.000023
Candidates: 0.000063
Neighbors:  0.005083
Iterations: 0.019586
Vorticity:  0.002033
Viscosity:  0.000531
Update:     0.000064

Forces:     0.000042
Candidates: 0.000201
Neighbors:  0.005806
Iterations: 0.019584
Vorticity:  0.002030
Viscosity:  0.000530
Update:     0.000158

Forces:     0.000023
Candidates: 0.000064
Neighbors:  0.005790
Iterations: 0.019582
Vorticity:  0.002032
Viscosity:  0.000531
Update:     0.000059

Forces:     0.000022
Candidates: 0.000063
Neighbors:  0.005863
Iterations: 0.019624
Vorticity:  0.002031
Viscosity:  0.000530
Update:     0.000061

Forces:     0.000022
Candidates: 0.000066
Neighbors:  0.005809
Iterations: 0.019633
Vorticity:  0.002034
Viscosity:  0.000531
Update:     0.000059

Forces:     0.000023
Candidates: 0.000066
Neighbors:  0.005823
Iterations: 0.019644
Vorticity:  0.002036
Viscosity:  0.000532
Update:     0.000064

Forces:     0.000038
Candidates: 0.000203
Neighbors:  0.005851
Iterations: 0.019664
Vorticity:  0.002034
Viscosity:  0.000537
Update:     0.000150

Forces:     0.000023
Candidates: 0.000067
Neighbors:  0.005908
Iterations: 0.019698
Vorticity:  0.002036
Viscosity:  0.000534
Update:     0.000063

Forces:     0.000024
Candidates: 0.000072
Neighbors:  0.005851
Iterations: 0.019715
Vorticity:  0.002037
Viscosity:  0.000538
Update:     0.000059

Forces:     0.000023
Candidates: 0.000070
Neighbors:  0.005889
Iterations: 0.019711
Vorticity:  0.002040
Viscosity:  0.000540
Update:     0.000061

Forces:     0.000022
Candidates: 0.000069
Neighbors:  0.005849
Iterations: 0.019714
Vorticity:  0.002039
Viscosity:  0.000540
Update:     0.000062

Forces:     0.000041
Candidates: 0.000201
Neighbors:  0.005873
Iterations: 0.019550
Vorticity:  0.002031
Viscosity:  0.000538
Update:     0.000152

Forces:     0.000023
Candidates: 0.000070
Neighbors:  0.005839
Iterations: 0.019600
Vorticity:  0.002034
Viscosity:  0.000539
Update:     0.000061

Forces:     0.000024
Candidates: 0.000071
Neighbors:  0.005827
Iterations: 0.019633
Vorticity:  0.002039
Viscosity:  0.000538
Update:     0.000063

Forces:     0.000025
Candidates: 0.000070
Neighbors:  0.005918
Iterations: 0.019648
Vorticity:  0.002037
Viscosity:  0.000542
Update:     0.000061

Forces:     0.000022
Candidates: 0.000069
Neighbors:  0.005856
Iterations: 0.019677
Vorticity:  0.002042
Viscosity:  0.000544
Update:     0.000061

Forces:     0.000037
Candidates: 0.000198
Neighbors:  0.005877
Iterations: 0.019710
Vorticity:  0.002049
Viscosity:  0.000543
Update:     0.000153

Forces:     0.000024
Candidates: 0.000072
Neighbors:  0.005939
Iterations: 0.019725
Vorticity:  0.002048
Viscosity:  0.000546
Update:     0.000064

Forces:     0.000022
Candidates: 0.000074
Neighbors:  0.005883
Iterations: 0.019773
Vorticity:  0.002053
Viscosity:  0.000547
Update:     0.000062

Forces:     0.000022
Candidates: 0.000074
Neighbors:  0.005863
Iterations: 0.019791
Vorticity:  0.002055
Viscosity:  0.000550
Update:     0.000063

Forces:     0.000024
Candidates: 0.000071
Neighbors:  0.005880
Iterations: 0.019851
Vorticity:  0.002060
Viscosity:  0.000553
Update:     0.000062

Forces:     0.000036
Candidates: 0.000204
Neighbors:  0.005970
Iterations: 0.019912
Vorticity:  0.002066
Viscosity:  0.000551
Update:     0.000151

Forces:     0.000023
Candidates: 0.000075
Neighbors:  0.005911
Iterations: 0.019935
Vorticity:  0.002070
Viscosity:  0.000556
Update:     0.000062

Forces:     0.000025
Candidates: 0.000071
Neighbors:  0.005977
Iterations: 0.019994
Vorticity:  0.002075
Viscosity:  0.000559
Update:     0.000057

Forces:     0.000023
Candidates: 0.000073
Neighbors:  0.005939
Iterations: 0.020053
Vorticity:  0.002082
Viscosity:  0.000558
Update:     0.000062

Forces:     0.000023
Candidates: 0.000072
Neighbors:  0.005942
Iterations: 0.020092
Vorticity:  0.002085
Viscosity:  0.000558
Update:     0.000059

Forces:     0.000037
Candidates: 0.000203
Neighbors:  0.005989
Iterations: 0.020137
Vorticity:  0.002088
Viscosity:  0.000561
Update:     0.000148

Forces:     0.000025
Candidates: 0.000076
Neighbors:  0.005964
Iterations: 0.020179
Vorticity:  0.002094
Viscosity:  0.000562
Update:     0.000061

Forces:     0.000022
Candidates: 0.000074
Neighbors:  0.005975
Iterations: 0.020258
Vorticity:  0.002100
Viscosity:  0.000566
Update:     0.000060

Forces:     0.000023
Candidates: 0.000078
Neighbors:  0.005997
Iterations: 0.020321
Vorticity:  0.002112
Viscosity:  0.000566
Update:     0.000062

Forces:     0.000024
Candidates: 0.000074
Neighbors:  0.006063
Iterations: 0.020373
Vorticity:  0.002115
Viscosity:  0.000565
Update:     0.000062

Forces:     0.000041
Candidates: 0.000202
Neighbors:  0.006039
Iterations: 0.020419
Vorticity:  0.002123
Viscosity:  0.000571
Update:     0.000150

Forces:     0.000024
Candidates: 0.000078
Neighbors:  0.006101
Iterations: 0.020480
Vorticity:  0.002130
Viscosity:  0.000579
Update:     0.000061

Forces:     0.000024
Candidates: 0.000078
Neighbors:  0.006073
Iterations: 0.020573
Vorticity:  0.002136
Viscosity:  0.000578
Update:     0.000061

Forces:     0.000027
Candidates: 0.000075
Neighbors:  0.006144
Iterations: 0.020598
Vorticity:  0.002141
Viscosity:  0.000582
Update:     0.000061

Forces:     0.000024
Candidates: 0.000076
Neighbors:  0.006108
Iterations: 0.020685
Vorticity:  0.002151
Viscosity:  0.000582
Update:     0.000059

Forces:     0.000039
Candidates: 0.000205
Neighbors:  0.006107
Iterations: 0.020736
Vorticity:  0.002156
Viscosity:  0.000583
Update:     0.000151

Forces:     0.000026
Candidates: 0.000078
Neighbors:  0.006196
Iterations: 0.020805
Vorticity:  0.002162
Viscosity:  0.000584
Update:     0.000060

Forces:     0.000025
Candidates: 0.000080
Neighbors:  0.006168
Iterations: 0.020899
Vorticity:  0.002170
Viscosity:  0.000587
Update:     0.000061

Forces:     0.000027
Candidates: 0.000079
Neighbors:  0.006179
Iterations: 0.020967
Vorticity:  0.002180
Viscosity:  0.000588
Update:     0.000058

Forces:     0.000023
Candidates: 0.000080
Neighbors:  0.006200
Iterations: 0.021113
Vorticity:  0.002190
Viscosity:  0.000590
Update:     0.000061

Forces:     0.000042
Candidates: 0.000205
Neighbors:  0.006261
Iterations: 0.021137
Vorticity:  0.002197
Viscosity:  0.000591
Update:     0.000148

Forces:     0.000024
Candidates: 0.000078
Neighbors:  0.006237
Iterations: 0.021224
Vorticity:  0.002210
Viscosity:  0.000594
Update:     0.000064

Forces:     0.000025
Candidates: 0.000078
Neighbors:  0.006239
Iterations: 0.021318
Vorticity:  0.002219
Viscosity:  0.000595
Update:     0.000059

Forces:     0.000024
Candidates: 0.000082
Neighbors:  0.006266
Iterations: 0.021481
Vorticity:  0.002229
Viscosity:  0.000598
Update:     0.000062

Forces:     0.000027
Candidates: 0.000077
Neighbors:  0.006322
Iterations: 0.021549
Vorticity:  0.002241
Viscosity:  0.000601
Update:     0.000058

Forces:     0.000043
Candidates: 0.000205
Neighbors:  0.006301
Iterations: 0.021676
Vorticity:  0.002251
Viscosity:  0.000604
Update:     0.000150

Forces:     0.000025
Candidates: 0.000082
Neighbors:  0.006368
Iterations: 0.021743
Vorticity:  0.002262
Viscosity:  0.000607
Update:     0.000062

Forces:     0.000026
Candidates: 0.000080
Neighbors:  0.006320
Iterations: 0.021906
Vorticity:  0.002278
Viscosity:  0.000607
Update:     0.000061

Forces:     0.000026
Candidates: 0.000080
Neighbors:  0.006390
Iterations: 0.021973
Vorticity:  0.002286
Viscosity:  0.000610
Update:     0.000061

Forces:     0.000024
Candidates: 0.000082
Neighbors:  0.006347
Iterations: 0.022061
Vorticity:  0.002294
Viscosity:  0.000612
Update:     0.000061

Forces:     0.000046
Candidates: 0.000206
Neighbors:  0.006393
Iterations: 0.022212
Vorticity:  0.002306
Viscosity:  0.000613
Update:     0.000151

Forces:     0.000025
Candidates: 0.000082
Neighbors:  0.006385
Iterations: 0.022399
Vorticity:  0.002341
Viscosity:  0.000617
Update:     0.000063

Forces:     0.000027
Candidates: 0.000083
Neighbors:  0.006382
Iterations: 0.022563
Vorticity:  0.002345
Viscosity:  0.000621
Update:     0.000062

Forces:     0.000027
Candidates: 0.000083
Neighbors:  0.006486
Iterations: 0.022658
Vorticity:  0.002362
Viscosity:  0.000625
Update:     0.000061

Forces:     0.000027
Candidates: 0.000083
Neighbors:  0.006455
Iterations: 0.022735
Vorticity:  0.002362
Viscosity:  0.000632
Update:     0.000058

Forces:     0.000043
Candidates: 0.000204
Neighbors:  0.006509
Iterations: 0.022902
Vorticity:  0.002378
Viscosity:  0.000634
Update:     0.000149

Forces:     0.000027
Candidates: 0.000082
Neighbors:  0.006472
Iterations: 0.023036
Vorticity:  0.002401
Viscosity:  0.000637
Update:     0.000062

Forces:     0.000027
Candidates: 0.000084
Neighbors:  0.006551
Iterations: 0.023164
Vorticity:  0.002417
Viscosity:  0.000645
Update:     0.000061

Forces:     0.000026
Candidates: 0.000081
Neighbors:  0.006517
Iterations: 0.023330
Vorticity:  0.002436
Viscosity:  0.000642
Update:     0.000060

Forces:     0.000026
Candidates: 0.000082
Neighbors:  0.006534
Iterations: 0.023481
Vorticity:  0.002447
Viscosity:  0.000646
Update:     0.000062

Forces:     0.000043
Candidates: 0.000213
Neighbors:  0.006562
Iterations: 0.023631
Vorticity:  0.002466
Viscosity:  0.000649
Update:     0.000153

Forces:     0.000027
Candidates: 0.000085
Neighbors:  0.006556
Iterations: 0.023783
Vorticity:  0.002481
Viscosity:  0.000654
Update:     0.000064

Forces:     0.000025
Candidates: 0.000081
Neighbors:  0.006579
Iterations: 0.023967
Vorticity:  0.002502
Viscosity:  0.000661
Update:     0.000062

Forces:     0.000026
Candidates: 0.000083
Neighbors:  0.006682
Iterations: 0.024161
Vorticity:  0.002526
Viscosity:  0.000664
Update:     0.000060

Forces:     0.000025
Candidates: 0.000088
Neighbors:  0.006657
Iterations: 0.024375
Vorticity:  0.002546
Viscosity:  0.000668
Update:     0.000062

Forces:     0.000044
Candidates: 0.000211
Neighbors:  0.006659
Iterations: 0.024588
Vorticity:  0.002574
Viscosity:  0.000672
Update:     0.000155

Forces:     0.000027
Candidates: 0.000086
Neighbors:  0.006766
Iterations: 0.024771
Vorticity:  0.002595
Viscosity:  0.000679
Update:     0.000063

Forces:     0.000027
Candidates: 0.000085
Neighbors:  0.006743
Iterations: 0.024972
Vorticity:  0.002616
Viscosity:  0.000682
Update:     0.000061

Forces:     0.000025
Candidates: 0.000082
Neighbors:  0.006754
Iterations: 0.025162
Vorticity:  0.002643
Viscosity:  0.000686
Update:     0.000061

Forces:     0.000026
Candidates: 0.000086
Neighbors:  0.006804
Iterations: 0.025362
Vorticity:  0.002661
Viscosity:  0.000693
Update:     0.000064

Forces:     0.000045
Candidates: 0.000211
Neighbors:  0.006916
Iterations: 0.025634
Vorticity:  0.002688
Viscosity:  0.000698
Update:     0.000153

Forces:     0.000028
Candidates: 0.000081
Neighbors:  0.006890
Iterations: 0.025855
Vorticity:  0.002716
Viscosity:  0.000707
Update:     0.000061

Forces:     0.000029
Candidates: 0.000086
Neighbors:  0.006913
Iterations: 0.026093
Vorticity:  0.002741
Viscosity:  0.000712
Update:     0.000062

Forces:     0.000029
Candidates: 0.000082
Neighbors:  0.006914
Iterations: 0.026322
Vorticity:  0.002774
Viscosity:  0.000719
Update:     0.000063

Forces:     0.000028
Candidates: 0.000086
Neighbors:  0.007018
Iterations: 0.026588
Vorticity:  0.002795
Viscosity:  0.000724
Update:     0.000059

Forces:     0.000048
Candidates: 0.000212
Neighbors:  0.007009
Iterations: 0.026867
Vorticity:  0.002826
Viscosity:  0.000734
Update:     0.000158

Forces:     0.000028
Candidates: 0.000082
Neighbors:  0.007012
Iterations: 0.027134
Vorticity:  0.002857
Viscosity:  0.000738
Update:     0.000063

Forces:     0.000028
Candidates: 0.000081
Neighbors:  0.007030
Iterations: 0.027447
Vorticity:  0.002890
Viscosity:  0.000747
Update:     0.000062

Forces:     0.000027
Candidates: 0.000086
Neighbors:  0.007131
Iterations: 0.027800
Vorticity:  0.002926
Viscosity:  0.000753
Update:     0.000060

Forces:     0.000027
Candidates: 0.000086
Neighbors:  0.007118
Iterations: 0.028109
Vorticity:  0.002966
Viscosity:  0.000761
Update:     0.000061

Forces:     0.000048
Candidates: 0.000206
Neighbors:  0.007132
Iterations: 0.028480
Vorticity:  0.002999
Viscosity:  0.000772
Update:     0.000144

Forces:     0.000033
Candidates: 0.000087
Neighbors:  0.007225
Iterations: 0.028800
Vorticity:  0.003033
Viscosity:  0.000781
Update:     0.000062

Forces:     0.000030
Candidates: 0.000086
Neighbors:  0.007208
Iterations: 0.029092
Vorticity:  0.003069
Viscosity:  0.000787
Update:     0.000066

Forces:     0.000027
Candidates: 0.000087
Neighbors:  0.007222
Iterations: 0.029491
Vorticity:  0.003112
Viscosity:  0.000795
Update:     0.000064

Forces:     0.000027
Candidates: 0.000088
Neighbors:  0.007245
Iterations: 0.029821
Vorticity:  0.003151
Viscosity:  0.000803
Update:     0.000069

Forces:     0.000048
Candidates: 0.000207
Neighbors:  0.007374
Iterations: 0.030292
Vorticity:  0.003199
Viscosity:  0.000814
Update:     0.000153

Forces:     0.000029
Candidates: 0.000088
Neighbors:  0.007352
Iterations: 0.030642
Vorticity:  0.003240
Viscosity:  0.000823
Update:     0.000066

Forces:     0.000029
Candidates: 0.000087
Neighbors:  0.007371
Iterations: 0.031014
Vorticity:  0.003286
Viscosity:  0.000835
Update:     0.000063

Forces:     0.000030
Candidates: 0.000086
Neighbors:  0.007391
Iterations: 0.031443
Vorticity:  0.003332
Viscosity:  0.000843
Update:     0.000063

Forces:     0.000031
Candidates: 0.000087
Neighbors:  0.007499
Iterations: 0.031848
Vorticity:  0.003375
Viscosity:  0.000855
Update:     0.000062

Forces:     0.000051
Candidates: 0.000209
Neighbors:  0.007522
Iterations: 0.032282
Vorticity:  0.003421
Viscosity:  0.000866
Update:     0.000155

Forces:     0.000032
Candidates: 0.000083
Neighbors:  0.007521
Iterations: 0.032779
Vorticity:  0.003490
Viscosity:  0.000877
Update:     0.000070

Forces:     0.000033
Candidates: 0.000086
Neighbors:  0.007558
Iterations: 0.033205
Vorticity:  0.003521
Viscosity:  0.000887
Update:     0.000068

Forces:     0.000030
Candidates: 0.000086
Neighbors:  0.007566
Iterations: 0.033705
Vorticity:  0.003576
Viscosity:  0.000906
Update:     0.000071

Forces:     0.000032
Candidates: 0.000085
Neighbors:  0.007559
Iterations: 0.034184
Vorticity:  0.003625
Viscosity:  0.000910
Update:     0.000068

Forces:     0.000050
Candidates: 0.000215
Neighbors:  0.007607
Iterations: 0.034626
Vorticity:  0.003679
Viscosity:  0.000922
Update:     0.000152

Forces:     0.000031
Candidates: 0.000089
Neighbors:  0.007695
Iterations: 0.035094
Vorticity:  0.003727
Viscosity:  0.000931
Update:     0.000068

Forces:     0.000031
Candidates: 0.000085
Neighbors:  0.007662
Iterations: 0.035611
Vorticity:  0.003779
Viscosity:  0.000945
Update:     0.000067

Forces:     0.000033
Candidates: 0.000090
Neighbors:  0.007752
Iterations: 0.035997
Vorticity:  0.003825
Viscosity:  0.000956
Update:     0.000067

Forces:     0.000030
Candidates: 0.000090
Neighbors:  0.007740
Iterations: 0.036429
Vorticity:  0.003872
Viscosity:  0.000966
Update:     0.000070

Forces:     0.000056
Candidates: 0.000216
Neighbors:  0.007763
Iterations: 0.036848
Vorticity:  0.003917
Viscosity:  0.000976
Update:     0.000154

Forces:     0.000033
Candidates: 0.000090
Neighbors:  0.007791
Iterations: 0.037282
Vorticity:  0.003962
Viscosity:  0.000986
Update:     0.000070

Forces:     0.000032
Candidates: 0.000090
Neighbors:  0.007872
Iterations: 0.037690
Vorticity:  0.004010
Viscosity:  0.000997
Update:     0.000069

Forces:     0.000036
Candidates: 0.000089
Neighbors:  0.007881
Iterations: 0.038108
Vorticity:  0.004049
Viscosity:  0.001007
Update:     0.000070

Forces:     0.000033
Candidates: 0.000089
Neighbors:  0.007901
Iterations: 0.038507
Vorticity:  0.004098
Viscosity:  0.001015
Update:     0.000074

Forces:     0.000055
Candidates: 0.000210
Neighbors:  0.007998
Iterations: 0.038954
Vorticity:  0.004139
Viscosity:  0.001025
Update:     0.000168

Forces:     0.000052
Candidates: 0.000089
Neighbors:  0.007942
Iterations: 0.039359
Vorticity:  0.004192
Viscosity:  0.001040
Update:     0.000074

Forces:     0.000035
Candidates: 0.000089
Neighbors:  0.008038
Iterations: 0.039751
Vorticity:  0.004227
Viscosity:  0.001047
Update:     0.000073

Forces:     0.000035
Candidates: 0.000087
Neighbors:  0.008023
Iterations: 0.040115
Vorticity:  0.004266
Viscosity:  0.001059
Update:     0.000071

Forces:     0.000036
Candidates: 0.000092
Neighbors:  0.008131
Iterations: 0.040455
Vorticity:  0.004308
Viscosity:  0.001064
Update:     0.000071

Forces:     0.000060
Candidates: 0.000212
Neighbors:  0.008118
Iterations: 0.040821
Vorticity:  0.004348
Viscosity:  0.001076
Update:     0.000155

Forces:     0.000036
Candidates: 0.000100
Neighbors:  0.008171
Iterations: 0.041171
Vorticity:  0.004388
Viscosity:  0.001088
Update:     0.000074

Forces:     0.000037
Candidates: 0.000089
Neighbors:  0.008184
Iterations: 0.041529
Vorticity:  0.004429
Viscosity:  0.001096
Update:     0.000071

Forces:     0.000035
Candidates: 0.000087
Neighbors:  0.008234
Iterations: 0.041855
Vorticity:  0.004471
Viscosity:  0.001106
Update:     0.000073

Forces:     0.000036
Candidates: 0.000090
Neighbors:  0.008253
Iterations: 0.042187
Vorticity:  0.004506
Viscosity:  0.001108
Update:     0.000075

Forces:     0.000056
Candidates: 0.000217
Neighbors:  0.008296
Iterations: 0.042524
Vorticity:  0.004537
Viscosity:  0.001121
Update:     0.000159

Forces:     0.000038
Candidates: 0.000090
Neighbors:  0.008308
Iterations: 0.042816
Vorticity:  0.004567
Viscosity:  0.001128
Update:     0.000076

Forces:     0.000037
Candidates: 0.000091
Neighbors:  0.008360
Iterations: 0.043065
Vorticity:  0.004598
Viscosity:  0.001129
Update:     0.000076

Forces:     0.000037
Candidates: 0.000091
Neighbors:  0.008401
Iterations: 0.043353
Vorticity:  0.004631
Viscosity:  0.001145
Update:     0.000074

Forces:     0.000037
Candidates: 0.000089
Neighbors:  0.008413
Iterations: 0.043624
Vorticity:  0.004660
Viscosity:  0.001149
Update:     0.000073

Forces:     0.000059
Candidates: 0.000214
Neighbors:  0.008522
Iterations: 0.043851
Vorticity:  0.004685
Viscosity:  0.001153
Update:     0.000161

Forces:     0.000037
Candidates: 0.000089
Neighbors:  0.008535
Iterations: 0.044142
Vorticity:  0.004714
Viscosity:  0.001160
Update:     0.000080

Forces:     0.000039
Candidates: 0.000092
Neighbors:  0.008559
Iterations: 0.044391
Vorticity:  0.004734
Viscosity:  0.001167
Update:     0.000084

Forces:     0.000038
Candidates: 0.000096
Neighbors:  0.008598
Iterations: 0.044587
Vorticity:  0.004756
Viscosity:  0.001169
Update:     0.000082

Forces:     0.000036
Candidates: 0.000091
Neighbors:  0.008710
Iterations: 0.044804
Vorticity:  0.004798
Viscosity:  0.001174
Update:     0.000078

Forces:     0.000061
Candidates: 0.000216
Neighbors:  0.008744
Iterations: 0.045018
Vorticity:  0.004806
Viscosity:  0.001181
Update:     0.000157

Forces:     0.000039
Candidates: 0.000092
Neighbors:  0.008735
Iterations: 0.045208
Vorticity:  0.004829
Viscosity:  0.001189
Update:     0.000081

Forces:     0.000038
Candidates: 0.000087
Neighbors:  0.008808
Iterations: 0.045423
Vorticity:  0.004856
Viscosity:  0.001197
Update:     0.000076

Forces:     0.000041
Candidates: 0.000086
Neighbors:  0.008823
Iterations: 0.045644
Vorticity:  0.004872
Viscosity:  0.001201
Update:     0.000075

Forces:     0.000039
Candidates: 0.000090
Neighbors:  0.008862
Iterations: 0.045806
Vorticity:  0.004896
Viscosity:  0.001202
Update:     0.000076

Forces:     0.000061
Candidates: 0.000214
Neighbors:  0.008923
Iterations: 0.046093
Vorticity:  0.004925
Viscosity:  0.001205
Update:     0.000158

Forces:     0.000045
Candidates: 0.000087
Neighbors:  0.008964
Iterations: 0.046353
Vorticity:  0.004947
Viscosity:  0.001214
Update:     0.000083

Forces:     0.000038
Candidates: 0.000091
Neighbors:  0.009053
Iterations: 0.046573
Vorticity:  0.004976
Viscosity:  0.001218
Update:     0.000076

Forces:     0.000038
Candidates: 0.000097
Neighbors:  0.009030
Iterations: 0.046696
Vorticity:  0.004987
Viscosity:  0.001223
Update:     0.000080

Forces:     0.000038
Candidates: 0.000097
Neighbors:  0.009048
Iterations: 0.046630
Vorticity:  0.004980
Viscosity:  0.001225
Update:     0.000085

Forces:     0.000062
Candidates: 0.000218
Neighbors:  0.009078
Iterations: 0.046838
Vorticity:  0.005034
Viscosity:  0.001232
Update:     0.000158

Forces:     0.000040
Candidates: 0.000093
Neighbors:  0.009119
Iterations: 0.046989
Vorticity:  0.005022
Viscosity:  0.001242
Update:     0.000078

Forces:     0.000041
Candidates: 0.000093
Neighbors:  0.009161
Iterations: 0.047119
Vorticity:  0.005068
Viscosity:  0.001247
Update:     0.000080

Forces:     0.000042
Candidates: 0.000089
Neighbors:  0.009188
Iterations: 0.047302
Vorticity:  0.005056
Viscosity:  0.001244
Update:     0.000080

Forces:     0.000038
Candidates: 0.000091
Neighbors:  0.009199
Iterations: 0.047497
Vorticity:  0.005094
Viscosity:  0.001251
Update:     0.000079

Forces:     0.000064
Candidates: 0.000216
Neighbors:  0.009295
Iterations: 0.047661
Vorticity:  0.005085
Viscosity:  0.001258
Update:     0.000162

Forces:     0.000045
Candidates: 0.000091
Neighbors:  0.009307
Iterations: 0.047829
Vorticity:  0.005104
Viscosity:  0.001260
Update:     0.000075

Forces:     0.000043
Candidates: 0.000091
Neighbors:  0.009325
Iterations: 0.047969
Vorticity:  0.005149
Viscosity:  0.001263
Update:     0.000081

Forces:     0.000040
Candidates: 0.000092
Neighbors:  0.009339
Iterations: 0.048139
Vorticity:  0.005153
Viscosity:  0.001270
Update:     0.000081

Forces:     0.000039
Candidates: 0.000092
Neighbors:  0.009342
Iterations: 0.048371
Vorticity:  0.005183
Viscosity:  0.001277
Update:     0.000076

Forces:     0.000061
Candidates: 0.000217
Neighbors:  0.009390
Iterations: 0.048534
Vorticity:  0.005192
Viscosity:  0.001282
Update:     0.000157

Forces:     0.000041
Candidates: 0.000091
Neighbors:  0.009451
Iterations: 0.048631
Vorticity:  0.005220
Viscosity:  0.001288
Update:     0.000083

Forces:     0.000041
Candidates: 0.000089
Neighbors:  0.009436
Iterations: 0.048794
Vorticity:  0.005218
Viscosity:  0.001288
Update:     0.000085

Forces:     0.000041
Candidates: 0.000092
Neighbors:  0.009497
Iterations: 0.048976
Vorticity:  0.005236
Viscosity:  0.001300
Update:     0.000080

Forces:     0.000043
Candidates: 0.000091
Neighbors:  0.009546
Iterations: 0.048953
Vorticity:  0.005257
Viscosity:  0.001302
Update:     0.000077

Forces:     0.000061
Candidates: 0.000219
Neighbors:  0.009520
Iterations: 0.049074
Vorticity:  0.005268
Viscosity:  0.001305
Update:     0.000162

Forces:     0.000046
Candidates: 0.000091
Neighbors:  0.009531
Iterations: 0.049224
Vorticity:  0.005284
Viscosity:  0.001307
Update:     0.000078

Forces:     0.000041
Candidates: 0.000092
Neighbors:  0.009610
Iterations: 0.049366
Vorticity:  0.005304
Viscosity:  0.001314
Update:     0.000075

Forces:     0.000044
Candidates: 0.000091
Neighbors:  0.009569
Iterations: 0.049538
Vorticity:  0.005323
Viscosity:  0.001319
Update:     0.000079

Forces:     0.000044
Candidates: 0.000091
Neighbors:  0.009589
Iterations: 0.049668
Vorticity:  0.005336
Viscosity:  0.001324
Update:     0.000076

Forces:     0.000063
Candidates: 0.000229
Neighbors:  0.009634
Iterations: 0.049773
Vorticity:  0.005346
Viscosity:  0.001329
Update:     0.000156

Forces:     0.000040
Candidates: 0.000092
Neighbors:  0.009659
Iterations: 0.049945
Vorticity:  0.005364
Viscosity:  0.001331
Update:     0.000078

Forces:     0.000042
Candidates: 0.000090
Neighbors:  0.009642
Iterations: 0.050105
Vorticity:  0.005386
Viscosity:  0.001338
Update:     0.000082

Forces:     0.000038
Candidates: 0.000093
Neighbors:  0.009655
Iterations: 0.050222
Vorticity:  0.005397
Viscosity:  0.001337
Update:     0.000077

Forces:     0.000040
Candidates: 0.000091
Neighbors:  0.009699
Iterations: 0.050414
Vorticity:  0.005416
Viscosity:  0.001343
Update:     0.000079

Forces:     0.000064
Candidates: 0.000217
Neighbors:  0.009727
Iterations: 0.050576
Vorticity:  0.005436
Viscosity:  0.001348
Update:     0.000156

Forces:     0.000043
Candidates: 0.000095
Neighbors:  0.009828
Iterations: 0.050638
Vorticity:  0.005441
Viscosity:  0.001352
Update:     0.000078

Forces:     0.000039
Candidates: 0.000096
Neighbors:  0.009845
Iterations: 0.050746
Vorticity:  0.005450
Viscosity:  0.001352
Update:     0.000081

Forces:     0.000040
Candidates: 0.000092
Neighbors:  0.009861
Iterations: 0.050899
Vorticity:  0.005474
Viscosity:  0.001361
Update:     0.000077

Forces:     0.000043
Candidates: 0.000096
Neighbors:  0.009881
Iterations: 0.051133
Vorticity:  0.005488
Viscosity:  0.001367
Update:     0.000077

Forces:     0.000065
Candidates: 0.000217
Neighbors:  0.009940
Iterations: 0.051381
Vorticity:  0.005514
Viscosity:  0.001375
Update:     0.000152

Forces:     0.000044
Candidates: 0.000092
Neighbors:  0.009931
Iterations: 0.051637
Vorticity:  0.005540
Viscosity:  0.001381
Update:     0.000079

Forces:     0.000041
Candidates: 0.000086
Neighbors:  0.009945
Iterations: 0.051861
Vorticity:  0.005563
Viscosity:  0.001388
Update:     0.000080

Forces:     0.000041
Candidates: 0.000090
Neighbors:  0.009989
Iterations: 0.052033
Vorticity:  0.005586
Viscosity:  0.001392
Update:     0.000081

Forces:     0.000046
Candidates: 0.000093
Neighbors:  0.010000
Iterations: 0.052267
Vorticity:  0.005614
Viscosity:  0.001395
Update:     0.000078

Forces:     0.000062
Candidates: 0.000215
Neighbors:  0.010028
Iterations: 0.052435
Vorticity:  0.005629
Viscosity:  0.001408
Update:     0.000156

Forces:     0.000043
Candidates: 0.000095
Neighbors:  0.010030
Iterations: 0.052630
Vorticity:  0.005644
Viscosity:  0.001412
Update:     0.000080

Forces:     0.000043
Candidates: 0.000093
Neighbors:  0.010051
Iterations: 0.052871
Vorticity:  0.005674
Viscosity:  0.001418
Update:     0.000086

Forces:     0.000041
Candidates: 0.000090
Neighbors:  0.010139
Iterations: 0.053120
Vorticity:  0.005692
Viscosity:  0.001421
Update:     0.000085

Forces:     0.000043
Candidates: 0.000091
Neighbors:  0.010093
Iterations: 0.053403
Vorticity:  0.005708
Viscosity:  0.001424
Update:     0.000087

Forces:     0.000067
Candidates: 0.000214
Neighbors:  0.010106
Iterations: 0.053633
Vorticity:  0.005744
Viscosity:  0.001433
Update:     0.000153

Forces:     0.000042
Candidates: 0.000093
Neighbors:  0.010101
Iterations: 0.053691
Vorticity:  0.005747
Viscosity:  0.001428
Update:     0.000080

Forces:     0.000044
Candidates: 0.000089
Neighbors:  0.010098
Iterations: 0.053751
Vorticity:  0.005756
Viscosity:  0.001433
Update:     0.000081

Forces:     0.000042
Candidates: 0.000088
Neighbors:  0.010164
Iterations: 0.053894
Vorticity:  0.005774
Viscosity:  0.001445
Update:     0.000078

Forces:     0.000042
Candidates: 0.000092
Neighbors:  0.010134
Iterations: 0.053976
Vorticity:  0.005789
Viscosity:  0.001441
Update:     0.000085

Forces:     0.000067
Candidates: 0.000214
Neighbors:  0.010175
Iterations: 0.054048
Vorticity:  0.005787
Viscosity:  0.001443
Update:     0.000163

Forces:     0.000042
Candidates: 0.000088
Neighbors:  0.010123
Iterations: 0.054002
Vorticity:  0.005796
Viscosity:  0.001444
Update:     0.000081

Forces:     0.000045
Candidates: 0.000090
Neighbors:  0.010187
Iterations: 0.054017
Vorticity:  0.005792
Viscosity:  0.001448
Update:     0.000079

Forces:     0.000047
Candidates: 0.000089
Neighbors:  0.010139
Iterations: 0.054010
Vorticity:  0.005795
Viscosity:  0.001443
Update:     0.000083

Forces:     0.000044
Candidates: 0.000090
Neighbors:  0.010136
Iterations: 0.053957
Vorticity:  0.005792
Viscosity:  0.001443
Update:     0.000080

Forces:     0.000066
Candidates: 0.000215
Neighbors:  0.010166
Iterations: 0.053924
Vorticity:  0.005791
Viscosity:  0.001441
Update:     0.000159

Forces:     0.000043
Candidates: 0.000090
Neighbors:  0.010132
Iterations: 0.053813
Vorticity:  0.005774
Viscosity:  0.001445
Update:     0.000085

Forces:     0.000042
Candidates: 0.000096
Neighbors:  0.010224
Iterations: 0.053821
Vorticity:  0.005765
Viscosity:  0.001441
Update:     0.000080

Forces:     0.000044
Candidates: 0.000091
Neighbors:  0.010178
Iterations: 0.053757
Vorticity:  0.005752
Viscosity:  0.001441
Update:     0.000079

Forces:     0.000040
Candidates: 0.000093
Neighbors:  0.010165
Iterations: 0.053576
Vorticity:  0.005758
Viscosity:  0.001438
Update:     0.000083

Forces:     0.000065
Candidates: 0.000218
Neighbors:  0.010169
Iterations: 0.053545
Vorticity:  0.005754
Viscosity:  0.001435
Update:     0.000158

Forces:     0.000043
Candidates: 0.000091
Neighbors:  0.010175
Iterations: 0.053440
Vorticity:  0.005716
Viscosity:  0.001436
Update:     0.000081

Forces:     0.000042
Candidates: 0.000098
Neighbors:  0.010189
Iterations: 0.053334
Vorticity:  0.005746
Viscosity:  0.001430
Update:     0.000081

Forces:     0.000039
Candidates: 0.000091
Neighbors:  0.010182
Iterations: 0.053161
Vorticity:  0.005739
Viscosity:  0.001426
Update:     0.000080

Forces:     0.000046
Candidates: 0.000091
Neighbors:  0.010242
Iterations: 0.053132
Vorticity:  0.005737
Viscosity:  0.001425
Update:     0.000074

Forces:     0.000063
Candidates: 0.000214
Neighbors:  0.010241
Iterations: 0.053068
Vorticity:  0.005710
Viscosity:  0.001419
Update:     0.000155

Forces:     0.000041
Candidates: 0.000093
Neighbors:  0.010205
Iterations: 0.052963
Vorticity:  0.005699
Viscosity:  0.001423
Update:     0.000087

Forces:     0.000044
Candidates: 0.000091
Neighbors:  0.010188
Iterations: 0.052893
Vorticity:  0.005641
Viscosity:  0.001428
Update:     0.000081

Forces:     0.000042
Candidates: 0.000091
Neighbors:  0.010235
Iterations: 0.052833
Vorticity:  0.005627
Viscosity:  0.001423
Update:     0.000078

Forces:     0.000039
Candidates: 0.000092
Neighbors:  0.010186
Iterations: 0.052718
Vorticity:  0.005649
Viscosity:  0.001425
Update:     0.000074

Forces:     0.000066
Candidates: 0.000218
Neighbors:  0.010181
Iterations: 0.052545
Vorticity:  0.005669
Viscosity:  0.001408
Update:     0.000158

Forces:     0.000044
Candidates: 0.000095
Neighbors:  0.010131
Iterations: 0.052461
Vorticity:  0.005718
Viscosity:  0.001410
Update:     0.000076

Forces:     0.000037
Candidates: 0.000094
Neighbors:  0.010136
Iterations: 0.052372
Vorticity:  0.005710
Viscosity:  0.001411
Update:     0.000076

Forces:     0.000043
Candidates: 0.000093
Neighbors:  0.010125
Iterations: 0.052348
Vorticity:  0.005707
Viscosity:  0.001404
Update:     0.000075

Forces:     0.000038
Candidates: 0.000096
Neighbors:  0.010142
Iterations: 0.052164
Vorticity:  0.005700
Viscosity:  0.001408
Update:     0.000074

Forces:     0.000061
Candidates: 0.000217
Neighbors:  0.010197
Iterations: 0.052157
Vorticity:  0.005609
Viscosity:  0.001410
Update:     0.000149

Forces:     0.000040
Candidates: 0.000093
Neighbors:  0.010151
Iterations: 0.052044
Vorticity:  0.005513
Viscosity:  0.001405
Update:     0.000071

Forces:     0.000039
Candidates: 0.000092
Neighbors:  0.010126
Iterations: 0.051729
Vorticity:  0.005494
Viscosity:  0.001397
Update:     0.000072

Forces:     0.000047
Candidates: 0.000092
Neighbors:  0.010100
Iterations: 0.051690
Vorticity:  0.005483
Viscosity:  0.001403
Update:     0.000071

Forces:     0.000038
Candidates: 0.000092
Neighbors:  0.010079
Iterations: 0.051708
Vorticity:  0.005465
Viscosity:  0.001398
Update:     0.000072

Forces:     0.000064
Candidates: 0.000216
Neighbors:  0.010073
Iterations: 0.051507
Vorticity:  0.005667
Viscosity:  0.001392
Update:     0.000159

Forces:     0.000042
Candidates: 0.000091
Neighbors:  0.009997
Iterations: 0.051453
Vorticity:  0.005655
Viscosity:  0.001386
Update:     0.000074

Forces:     0.000042
Candidates: 0.000091
Neighbors:  0.010042
Iterations: 0.051288
Vorticity:  0.005518
Viscosity:  0.001392
Update:     0.000071

Forces:     0.000037
Candidates: 0.000094
Neighbors:  0.009958
Iterations: 0.051156
Vorticity:  0.005506
Viscosity:  0.001385
Update:     0.000070

Forces:     0.000037
Candidates: 0.000092
Neighbors:  0.009924
Iterations: 0.050971
Vorticity:  0.005379
Viscosity:  0.001361
Update:     0.000067

Forces:     0.000058
Candidates: 0.000217
Neighbors:  0.009995
Iterations: 0.050749
Vorticity:  0.005599
Viscosity:  0.001378
Update:     0.000150

Forces:     0.000038
Candidates: 0.000100
Neighbors:  0.009907
Iterations: 0.050688
Vorticity:  0.005457
Viscosity:  0.001372
Update:     0.000071

Forces:     0.000038
Candidates: 0.000096
Neighbors:  0.009881
Iterations: 0.050542
Vorticity:  0.005319
Viscosity:  0.001373
Update:     0.000071

Forces:     0.000035
Candidates: 0.000094
Neighbors:  0.009862
Iterations: 0.050332
Vorticity:  0.005306
Viscosity:  0.001341
Update:     0.000064

Forces:     0.000036
Candidates: 0.000108
Neighbors:  0.009909
Iterations: 0.050038
Vorticity:  0.005416
Viscosity:  0.001336
Update:     0.000065

Forces:     0.000058
Candidates: 0.000225
Neighbors:  0.009917
Iterations: 0.049861
Vorticity:  0.005501
Viscosity:  0.001362
Update:     0.000159

Forces:     0.000038
Candidates: 0.000091
Neighbors:  0.009843
Iterations: 0.049532
Vorticity:  0.005469
Viscosity:  0.001357
Update:     0.000073

Forces:     0.000037
Candidates: 0.000096
Neighbors:  0.009829
Iterations: 0.049646
Vorticity:  0.005228
Viscosity:  0.001320
Update:     0.000067

Forces:     0.000034
Candidates: 0.000094
Neighbors:  0.009818
Iterations: 0.049282
Vorticity:  0.005339
Viscosity:  0.001326
Update:     0.000067

Forces:     0.000035
Candidates: 0.000092
Neighbors:  0.009866
Iterations: 0.049025
Vorticity:  0.005402
Viscosity:  0.001340
Update:     0.000064

Forces:     0.000059
Candidates: 0.000214
Neighbors:  0.009791
Iterations: 0.049036
Vorticity:  0.005179
Viscosity:  0.001335
Update:     0.000147

Forces:     0.000038
Candidates: 0.000097
Neighbors:  0.009768
Iterations: 0.048781
Vorticity:  0.005153
Viscosity:  0.001306
Update:     0.000066

Forces:     0.000034
Candidates: 0.000095
Neighbors:  0.009805
Iterations: 0.048542
Vorticity:  0.005144
Viscosity:  0.001302
Update:     0.000070

Forces:     0.000034
Candidates: 0.000098
Neighbors:  0.009735
Iterations: 0.048194
Vorticity:  0.005306
Viscosity:  0.001319
Update:     0.000066

Forces:     0.000034
Candidates: 0.000093
Neighbors:  0.009710
Iterations: 0.048274
Vorticity:  0.005116
Viscosity:  0.001320
Update:     0.000071

Forces:     0.000059
Candidates: 0.000217
Neighbors:  0.009725
Iterations: 0.048246
Vorticity:  0.005097
Viscosity:  0.001292
Update:     0.000144

Forces:     0.000035
Candidates: 0.000103
Neighbors:  0.009773
Iterations: 0.047816
Vorticity:  0.005259
Viscosity:  0.001284
Update:     0.000065

Forces:     0.000035
Candidates: 0.000093
Neighbors:  0.009711
Iterations: 0.047718
Vorticity:  0.005066
Viscosity:  0.001309
Update:     0.000079

Forces:     0.000048
Candidates: 0.000092
Neighbors:  0.009682
Iterations: 0.047725
Vorticity:  0.005049
Viscosity:  0.001281
Update:     0.000064

Forces:     0.000033
Candidates: 0.000096
Neighbors:  0.009627
Iterations: 0.047291
Vorticity:  0.005195
Viscosity:  0.001296
Update:     0.000068

Forces:     0.000055
Candidates: 0.000220
Neighbors:  0.009707
Iterations: 0.047161
Vorticity:  0.005018
Viscosity:  0.001297
Update:     0.000153

Forces:     0.000036
Candidates: 0.000092
Neighbors:  0.009633
Iterations: 0.047159
Vorticity:  0.005007
Viscosity:  0.001270
Update:     0.000064

Forces:     0.000033
Candidates: 0.000097
Neighbors:  0.009671
Iterations: 0.046808
Vorticity:  0.005135
Viscosity:  0.001282
Update:     0.000064

Forces:     0.000033
Candidates: 0.000092
Neighbors:  0.009622
Iterations: 0.046708
Vorticity:  0.004973
Viscosity:  0.001279
Update:     0.000064

Forces:     0.000034
Candidates: 0.000093
Neighbors:  0.009619
Iterations: 0.046613
Vorticity:  0.004957
Viscosity:  0.001258
Update:     0.000058

Forces:     0.000058
Candidates: 0.000216
Neighbors:  0.009650
Iterations: 0.046234
Vorticity:  0.005004
Viscosity:  0.001276
Update:     0.000150

Forces:     0.000034
Candidates: 0.000093
Neighbors:  0.009561
Iterations: 0.046323
Vorticity:  0.005066
Viscosity:  0.001269
Update:     0.000073

Forces:     0.000037
Candidates: 0.000096
Neighbors:  0.009540
Iterations: 0.046105
Vorticity:  0.004981
Viscosity:  0.001244
Update:     0.000063

Forces:     0.000032
Candidates: 0.000092
Neighbors:  0.009517
Iterations: 0.045797
Vorticity:  0.004876
Viscosity:  0.001262
Update:     0.000062

Forces:     0.000032
Candidates: 0.000100
Neighbors:  0.009496
Iterations: 0.045640
Vorticity:  0.004942
Viscosity:  0.001245
Update:     0.000059

Forces:     0.000058
Candidates: 0.000217
Neighbors:  0.009583
Iterations: 0.045586
Vorticity:  0.004927
Viscosity:  0.001231
Update:     0.000148

Forces:     0.000033
Candidates: 0.000097
Neighbors:  0.009511
Iterations: 0.045389
Vorticity:  0.004839
Viscosity:  0.001245
Update:     0.000066

Forces:     0.000033
Candidates: 0.000092
Neighbors:  0.009482
Iterations: 0.045232
Vorticity:  0.004807
Viscosity:  0.001227
Update:     0.000067

Forces:     0.000036
Candidates: 0.000094
Neighbors:  0.009474
Iterations: 0.044921
Vorticity:  0.004852
Viscosity:  0.001245
Update:     0.000059

Forces:     0.000032
Candidates: 0.000093
Neighbors:  0.009432
Iterations: 0.044824
Vorticity:  0.004768
Viscosity:  0.001211
Update:     0.000059

Forces:     0.000053
Candidates: 0.000218
Neighbors:  0.009399
Iterations: 0.044512
Vorticity:  0.004748
Viscosity:  0.001234
Update:     0.000153

Forces:     0.000033
Candidates: 0.000097
Neighbors:  0.009444
Iterations: 0.044380
Vorticity:  0.004887
Viscosity:  0.001228
Update:     0.000059

Forces:     0.000031
Candidates: 0.000093
Neighbors:  0.009362
Iterations: 0.044411
Vorticity:  0.004716
Viscosity:  0.001204
Update:     0.000057

Forces:     0.000031
Candidates: 0.000092
Neighbors:  0.009345
Iterations: 0.044065
Vorticity:  0.004858
Viscosity:  0.001223
Update:     0.000063

Forces:     0.000032
Candidates: 0.000096
Neighbors:  0.009384
Iterations: 0.044074
Vorticity:  0.004681
Viscosity:  0.001191
Update:     0.000055

Forces:     0.000053
Candidates: 0.000216
Neighbors:  0.009365
Iterations: 0.043970
Vorticity:  0.004749
Viscosity:  0.001186
Update:     0.000148

Forces:     0.000032
Candidates: 0.000093
Neighbors:  0.009321
Iterations: 0.043673
Vorticity:  0.004636
Viscosity:  0.001185
Update:     0.000060

Forces:     0.000032
Candidates: 0.000093
Neighbors:  0.009283
Iterations: 0.043443
Vorticity:  0.004797
Viscosity:  0.001210
Update:     0.000062

Forces:     0.000030
Candidates: 0.000092
Neighbors:  0.009245
Iterations: 0.043468
Vorticity:  0.004628
Viscosity:  0.001177
Update:     0.000057

Forces:     0.000032
Candidates: 0.000095
Neighbors:  0.009220
Iterations: 0.043317
Vorticity:  0.004594
Viscosity:  0.001175
Update:     0.000057

Forces:     0.000051
Candidates: 0.000216
Neighbors:  0.009296
Iterations: 0.043252
Vorticity:  0.004569
Viscosity:  0.001172
Update:     0.000147

Forces:     0.000031
Candidates: 0.000097
Neighbors:  0.009190
Iterations: 0.042952
Vorticity:  0.004559
Viscosity:  0.001161
Update:     0.000058

Forces:     0.000030
Candidates: 0.000098
Neighbors:  0.009168
Iterations: 0.042728
Vorticity:  0.004540
Viscosity:  0.001184
Update:     0.000059

Forces:     0.000029
Candidates: 0.000092
Neighbors:  0.009239
Iterations: 0.042492
Vorticity:  0.004692
Viscosity:  0.001180
Update:     0.000057

Forces:     0.000031
Candidates: 0.000093
Neighbors:  0.009163
Iterations: 0.042469
Vorticity:  0.004511
Viscosity:  0.001154
Update:     0.000065

Forces:     0.000056
Candidates: 0.000215
Neighbors:  0.009206
Iterations: 0.042138
Vorticity:  0.004501
Viscosity:  0.001172
Update:     0.000144

Forces:     0.000033
Candidates: 0.000092
Neighbors:  0.009148
Iterations: 0.041983
Vorticity:  0.004552
Viscosity:  0.001168
Update:     0.000056

Forces:     0.000029
Candidates: 0.000095
Neighbors:  0.009183
Iterations: 0.041873
Vorticity:  0.004616
Viscosity:  0.001163
Update:     0.000054

Forces:     0.000031
Candidates: 0.000095
Neighbors:  0.009124
Iterations: 0.041797
Vorticity:  0.004455
Viscosity:  0.001149
Update:     0.000059

Forces:     0.000030
Candidates: 0.000094
Neighbors:  0.009078
Iterations: 0.041547
Vorticity:  0.004444
Viscosity:  0.001136
Update:     0.000057

Forces:     0.000050
Candidates: 0.000215
Neighbors:  0.009047
Iterations: 0.041367
Vorticity:  0.004481
Viscosity:  0.001145
Update:     0.000145

Forces:     0.000031
Candidates: 0.000096
Neighbors:  0.009016
Iterations: 0.041225
Vorticity:  0.004522
Viscosity:  0.001145
Update:     0.000056

Forces:     0.000028
Candidates: 0.000095
Neighbors:  0.009099
Iterations: 0.041158
Vorticity:  0.004454
Viscosity:  0.001135
Update:     0.000056

Forces:     0.000029
Candidates: 0.000090
Neighbors:  0.009024
Iterations: 0.040958
Vorticity:  0.004387
Viscosity:  0.001126
Update:     0.000054

Forces:     0.000028
Candidates: 0.000097
Neighbors:  0.009009
Iterations: 0.040793
Vorticity:  0.004373
Viscosity:  0.001121
Update:     0.000053

Forces:     0.000052
Candidates: 0.000218
Neighbors:  0.008988
Iterations: 0.040963
Vorticity:  0.004452
Viscosity:  0.001121
Update:     0.000143

Forces:     0.000032
Candidates: 0.000098
Neighbors:  0.008951
Iterations: 0.040742
Vorticity:  0.004432
Viscosity:  0.001124
Update:     0.000058

Forces:     0.000029
Candidates: 0.000096
Neighbors:  0.008942
Iterations: 0.040558
Vorticity:  0.004410
Viscosity:  0.001118
Update:     0.000055

Forces:     0.000029
Candidates: 0.000093
Neighbors:  0.008926
Iterations: 0.040363
Vorticity:  0.004388
Viscosity:  0.001117
Update:     0.000055

Forces:     0.000029
Candidates: 0.000093
Neighbors:  0.008889
Iterations: 0.040163
Vorticity:  0.004372
Viscosity:  0.001113
Update:     0.000055

Forces:     0.000051
Candidates: 0.000222
Neighbors:  0.008885
Iterations: 0.040017
Vorticity:  0.004351
Viscosity:  0.001105
Update:     0.000142

Forces:     0.000029
Candidates: 0.000097
Neighbors:  0.008864
Iterations: 0.039896
Vorticity:  0.004340
Viscosity:  0.001102
Update:     0.000056

Forces:     0.000028
Candidates: 0.000096
Neighbors:  0.008841
Iterations: 0.039737
Vorticity:  0.004320
Viscosity:  0.001101
Update:     0.000060

Forces:     0.000031
Candidates: 0.000091
Neighbors:  0.008885
Iterations: 0.039587
Vorticity:  0.004309
Viscosity:  0.001098
Update:     0.000054

Forces:     0.000028
Candidates: 0.000097
Neighbors:  0.008817
Iterations: 0.039407
Vorticity:  0.004284
Viscosity:  0.001090
Update:     0.000051

Forces:     0.000055
Candidates: 0.000219
Neighbors:  0.008871
Iterations: 0.039067
Vorticity:  0.004230
Viscosity:  0.001088
Update:     0.000147

Forces:     0.000028
Candidates: 0.000095
Neighbors:  0.008810
Iterations: 0.038971
Vorticity:  0.004211
Viscosity:  0.001088
Update:     0.000052

Forces:     0.000027
Candidates: 0.000093
Neighbors:  0.008788
Iterations: 0.038842
Vorticity:  0.004206
Viscosity:  0.001083
Update:     0.000061

Forces:     0.000027
Candidates: 0.000096
Neighbors:  0.008803
Iterations: 0.038751
Vorticity:  0.004226
Viscosity:  0.001079
Update:     0.000053

Forces:     0.000028
Candidates: 0.000095
Neighbors:  0.008733
Iterations: 0.038661
Vorticity:  0.004200
Viscosity:  0.001078
Update:     0.000058

Forces:     0.000049
Candidates: 0.000218
Neighbors:  0.008719
Iterations: 0.038565
Vorticity:  0.004194
Viscosity:  0.001077
Update:     0.000135

Forces:     0.000031
Candidates: 0.000091
Neighbors:  0.008682
Iterations: 0.038408
Vorticity:  0.004172
Viscosity:  0.001074
Update:     0.000058

Forces:     0.000029
Candidates: 0.000094
Neighbors:  0.008660
Iterations: 0.038257
Vorticity:  0.004137
Viscosity:  0.001068
Update:     0.000055

Forces:     0.000028
Candidates: 0.000095
Neighbors:  0.008729
Iterations: 0.038118
Vorticity:  0.004121
Viscosity:  0.001067
Update:     0.000054

Forces:     0.000028
Candidates: 0.000093
Neighbors:  0.008647
Iterations: 0.038023
Vorticity:  0.004120
Viscosity:  0.001065
Update:     0.000052

Forces:     0.000051
Candidates: 0.000218
Neighbors:  0.008688
Iterations: 0.037879
Vorticity:  0.004110
Viscosity:  0.001057
Update:     0.000145

Forces:     0.000029
Candidates: 0.000092
Neighbors:  0.008625
Iterations: 0.037828
Vorticity:  0.004088
Viscosity:  0.001057
Update:     0.000056

Forces:     0.000028
Candidates: 0.000102
Neighbors:  0.008603
Iterations: 0.037709
Vorticity:  0.004078
Viscosity:  0.001055
Update:     0.000057

Forces:     0.000027
Candidates: 0.000093
Neighbors:  0.008662
Iterations: 0.037592
Vorticity:  0.004068
Viscosity:  0.001051
Update:     0.000052

Forces:     0.000028
Candidates: 0.000092
Neighbors:  0.008569
Iterations: 0.037491
Vorticity:  0.004058
Viscosity:  0.001048
Update:     0.000053

Forces:     0.000050
Candidates: 0.000214
Neighbors:  0.008554
Iterations: 0.037379
Vorticity:  0.004058
Viscosity:  0.001044
Update:     0.000145

Forces:     0.000028
Candidates: 0.000094
Neighbors:  0.008528
Iterations: 0.037256
Vorticity:  0.004048
Viscosity:  0.001043
Update:     0.000054

Forces:     0.000028
Candidates: 0.000090
Neighbors:  0.008531
Iterations: 0.037091
Vorticity:  0.004031
Viscosity:  0.001038
Update:     0.000055

Forces:     0.000027
Candidates: 0.000096
Neighbors:  0.008568
Iterations: 0.037019
Vorticity:  0.004019
Viscosity:  0.001036
Update:     0.000052

Forces:     0.000027
Candidates: 0.000098
Neighbors:  0.008490
Iterations: 0.036929
Vorticity:  0.004006
Viscosity:  0.001034
Update:     0.000056

Forces:     0.000051
Candidates: 0.000227
Neighbors:  0.008578
Iterations: 0.036835
Vorticity:  0.003997
Viscosity:  0.001029
Update:     0.000141

Forces:     0.000031
Candidates: 0.000095
Neighbors:  0.008518
Iterations: 0.036667
Vorticity:  0.003981
Viscosity:  0.001027
Update:     0.000057

Forces:     0.000029
Candidates: 0.000094
Neighbors:  0.008496
Iterations: 0.036589
Vorticity:  0.003976
Viscosity:  0.001025
Update:     0.000051

Forces:     0.000026
Candidates: 0.000095
Neighbors:  0.008488
Iterations: 0.036521
Vorticity:  0.003967
Viscosity:  0.001022
Update:     0.000052

Forces:     0.000027
Candidates: 0.000093
Neighbors:  0.008448
Iterations: 0.036453
Vorticity:  0.003960
Viscosity:  0.001022
Update:     0.000052

Forces:     0.000045
Candidates: 0.000215
Neighbors:  0.008450
Iterations: 0.036413
Vorticity:  0.003955
Viscosity:  0.001019
Update:     0.000143

Forces:     0.000028
Candidates: 0.000095
Neighbors:  0.008517
Iterations: 0.036339
Vorticity:  0.003944
Viscosity:  0.001014
Update:     0.000051

Forces:     0.000028
Candidates: 0.000097
Neighbors:  0.008459
Iterations: 0.036289
Vorticity:  0.003943
Viscosity:  0.001016
Update:     0.000050

Forces:     0.000026
Candidates: 0.000095
Neighbors:  0.008437
Iterations: 0.036241
Vorticity:  0.003940
Viscosity:  0.001013
Update:     0.000052

Forces:     0.000026
Candidates: 0.000096
Neighbors:  0.008437
Iterations: 0.036175
Vorticity:  0.003930
Viscosity:  0.001010
Update:     0.000050

Forces:     0.000050
Candidates: 0.000218
Neighbors:  0.008451
Iterations: 0.036214
Vorticity:  0.003966
Viscosity:  0.001011
Update:     0.000165

Forces:     0.000050
Candidates: 0.000094
Neighbors:  0.008537
Iterations: 0.036085
Vorticity:  0.003932
Viscosity:  0.001014
Update:     0.000057

Forces:     0.000027
Candidates: 0.000094
Neighbors:  0.008480
Iterations: 0.036085
Vorticity:  0.003920
Viscosity:  0.001010
Update:     0.000052

Forces:     0.000027
Candidates: 0.000093
Neighbors:  0.008426
Iterations: 0.036067
Vorticity:  0.003912
Viscosity:  0.001008
Update:     0.000054

Forces:     0.000028
Candidates: 0.000095
Neighbors:  0.008396
Iterations: 0.036027
Vorticity:  0.003910
Viscosity:  0.001009
Update:     0.000052

Forces:     0.000049
Candidates: 0.000218
Neighbors:  0.008462
Iterations: 0.035994
Vorticity:  0.003913
Viscosity:  0.001006
Update:     0.000148

Forces:     0.000027
Candidates: 0.000094
Neighbors:  0.008396
Iterations: 0.035951
Vorticity:  0.003901
Viscosity:  0.001005
Update:     0.000052

Forces:     0.000025
Candidates: 0.000097
Neighbors:  0.008378
Iterations: 0.035911
Vorticity:  0.003900
Viscosity:  0.001007
Update:     0.000054

Forces:     0.000024
Candidates: 0.000095
Neighbors:  0.008433
Iterations: 0.037521
Vorticity:  0.003893
Viscosity:  0.001006
Update:     0.000056

Forces:     0.000030
Candidates: 0.000134
Neighbors:  0.008401
Iterations: 0.035882
Vorticity:  0.003889
Viscosity:  0.001004
Update:     0.000052

Forces:     0.000046
Candidates: 0.000218
Neighbors:  0.008502
Iterations: 0.035864
Vorticity:  0.003888
Viscosity:  0.001003
Update:     0.000142

Forces:     0.000030
Candidates: 0.000094
Neighbors:  0.008381
Iterations: 0.035837
Vorticity:  0.003885
Viscosity:  0.001003
Update:     0.000055

Forces:     0.000026
Candidates: 0.000094
Neighbors:  0.008419
Iterations: 0.035788
Vorticity:  0.003880
Viscosity:  0.001005
Update:     0.000051

Forces:     0.000028
Candidates: 0.000106
Neighbors:  0.008361
Iterations: 0.035757
Vorticity:  0.003879
Viscosity:  0.001001
Update:     0.000050

Forces:     0.000027
Candidates: 0.000096
Neighbors:  0.008444
Iterations: 0.035709
Vorticity:  0.003877
Viscosity:  0.001003
Update:     0.000050

Forces:     0.000050
Candidates: 0.000215
Neighbors:  0.008465
Iterations: 0.035707
Vorticity:  0.003878
Viscosity:  0.001005
Update:     0.000138

Forces:     0.000028
Candidates: 0.000094
Neighbors:  0.008396
Iterations: 0.035670
Vorticity:  0.003873
Viscosity:  0.001002
Update:     0.000053

Forces:     0.000027
Candidates: 0.000096
Neighbors:  0.008390
Iterations: 0.035661
Vorticity:  0.003871
Viscosity:  0.001003
Update:     0.000051

Forces:     0.000026
Candidates: 0.000095
Neighbors:  0.008425
Iterations: 0.035652
Vorticity:  0.003875
Viscosity:  0.001002
Update:     0.000053

Forces:     0.000027
Candidates: 0.000100
Neighbors:  0.008402
Iterations: 0.035646
Vorticity:  0.003869
Viscosity:  0.001002
Update:     0.000051

Forces:     0.000047
Candidates: 0.000215
Neighbors:  0.008475
Iterations: 0.035603
Vorticity:  0.003868
Viscosity:  0.001000
Update:     0.000143

Forces:     0.000028
Candidates: 0.000098
Neighbors:  0.008382
Iterations: 0.035623
Vorticity:  0.003868
Viscosity:  0.001002
Update:     0.000055

Forces:     0.000028
Candidates: 0.000096
Neighbors:  0.008375
Iterations: 0.035600
Vorticity:  0.003865
Viscosity:  0.001003
Update:     0.000054

Forces:     0.000028
Candidates: 0.000098
Neighbors:  0.008358
Iterations: 0.035544
Vorticity:  0.003859
Viscosity:  0.001000
Update:     0.000054

Forces:     0.000026
Candidates: 0.000095
Neighbors:  0.008454
Iterations: 0.035509
Vorticity:  0.003855
Viscosity:  0.001001
Update:     0.000051

Forces:     0.000050
Candidates: 0.000215
Neighbors:  0.008438
Iterations: 0.035500
Vorticity:  0.003851
Viscosity:  0.001000
Update:     0.000142

Forces:     0.000026
Candidates: 0.000096
Neighbors:  0.008388
Iterations: 0.035404
Vorticity:  0.003840
Viscosity:  0.000999
Update:     0.000050

Forces:     0.000027
Candidates: 0.000099
Neighbors:  0.008370
Iterations: 0.035398
Vorticity:  0.003840
Viscosity:  0.000998
Update:     0.000054

Forces:     0.000024
Candidates: 0.000098
Neighbors:  0.008348
Iterations: 0.035326
Vorticity:  0.003829
Viscosity:  0.001000
Update:     0.000051

Forces:     0.000025
Candidates: 0.000097
Neighbors:  0.008429
Iterations: 0.035261
Vorticity:  0.003823
Viscosity:  0.000995
Update:     0.000054

Forces:     0.000048
Candidates: 0.000217
Neighbors:  0.008385
Iterations: 0.035225
Vorticity:  0.003823
Viscosity:  0.000996
Update:     0.000140

Forces:     0.000028
Candidates: 0.000095
Neighbors:  0.008439
Iterations: 0.035198
Vorticity:  0.003817
Viscosity:  0.000994
Update:     0.000052

Forces:     0.000027
Candidates: 0.000094
Neighbors:  0.008389
Iterations: 0.035155
Vorticity:  0.003815
Viscosity:  0.000996
Update:     0.000049

Forces:     0.000026
Candidates: 0.000102
Neighbors:  0.008437
Iterations: 0.035157
Vorticity:  0.003815
Viscosity:  0.000998
Update:     0.000051

Forces:     0.000026
Candidates: 0.000099
Neighbors:  0.008381
Iterations: 0.035123
Vorticity:  0.003810
Viscosity:  0.000988
Update:     0.000052

Forces:     0.000044
Candidates: 0.000215
Neighbors:  0.008416
Iterations: 0.035111
Vorticity:  0.003814
Viscosity:  0.000995
Update:     0.000141

Forces:     0.000026
Candidates: 0.000095
Neighbors:  0.008429
Iterations: 0.035104
Vorticity:  0.003814
Viscosity:  0.000994
Update:     0.000053

Forces:     0.000024
Candidates: 0.000095
Neighbors:  0.008368
Iterations: 0.035126
Vorticity:  0.003819
Viscosity:  0.000991
Update:     0.000052

Forces:     0.000025
Candidates: 0.000098
Neighbors:  0.008354
Iterations: 0.035122
Vorticity:  0.003812
Viscosity:  0.000994
Update:     0.000055

Forces:     0.000024
Candidates: 0.000097
Neighbors:  0.008422
Iterations: 0.035176
Vorticity:  0.003818
Viscosity:  0.000997
Update:     0.000050

Forces:     0.000051
Candidates: 0.000214
Neighbors:  0.008437
Iterations: 0.035219
Vorticity:  0.003828
Viscosity:  0.000993
Update:     0.000142

Forces:     0.000027
Candidates: 0.000099
Neighbors:  0.008365
Iterations: 0.035241
Vorticity:  0.003896
Viscosity:  0.000996
Update:     0.000053

Forces:     0.000029
Candidates: 0.000094
Neighbors:  0.008354
Iterations: 0.035229
Vorticity:  0.003823
Viscosity:  0.000998
Update:     0.000051

Forces:     0.000023
Candidates: 0.000097
Neighbors:  0.008396
Iterations: 0.035246
Vorticity:  0.003829
Viscosity:  0.000992
Update:     0.000049

Forces:     0.000027
Candidates: 0.000096
Neighbors:  0.008346
Iterations: 0.035294
Vorticity:  0.003837
Viscosity:  0.000997
Update:     0.000052

Forces:     0.000049
Candidates: 0.000217
Neighbors:  0.008390
Iterations: 0.035338
Vorticity:  0.003840
Viscosity:  0.001004
Update:     0.000141

Forces:     0.000027
Candidates: 0.000098
Neighbors:  0.008329
Iterations: 0.035373
Vorticity:  0.003846
Viscosity:  0.000998
Update:     0.000054

Forces:     0.000025
Candidates: 0.000097
Neighbors:  0.008396
Iterations: 0.035385
Vorticity:  0.003846
Viscosity:  0.000998
Update:     0.000049

Forces:     0.000027
Candidates: 0.000095
Neighbors:  0.008347
Iterations: 0.035422
Vorticity:  0.003852
Viscosity:  0.001001
Update:     0.000051

Forces:     0.000025
Candidates: 0.000098
Neighbors:  0.008328
Iterations: 0.035431
Vorticity:  0.003851
Viscosity:  0.000996
Update:     0.000055

Forces:     0.000048
Candidates: 0.000217
Neighbors:  0.008320
Iterations: 0.035482
Vorticity:  0.003860
Viscosity:  0.000997
Update:     0.000145

Forces:     0.000027
Candidates: 0.000099
Neighbors:  0.008323
Iterations: 0.035505
Vorticity:  0.003861
Viscosity:  0.001002
Update:     0.000049

Forces:     0.000026
Candidates: 0.000096
Neighbors:  0.008400
Iterations: 0.035497
Vorticity:  0.003864
Viscosity:  0.001000
Update:     0.000051

Forces:     0.000025
Candidates: 0.000096
Neighbors:  0.008329
Iterations: 0.035561
Vorticity:  0.003872
Viscosity:  0.001003
Update:     0.000052

Forces:     0.000027
Candidates: 0.000092
Neighbors:  0.008322
Iterations: 0.035597
Vorticity:  0.003872
Viscosity:  0.001009
Update:     0.000057

Forces:     0.000046
Candidates: 0.000222
Neighbors:  0.008429
Iterations: 0.035633
Vorticity:  0.003872
Viscosity:  0.001010
Update:     0.000142

Forces:     0.000028
Candidates: 0.000098
Neighbors:  0.008345
Iterations: 0.035717
Vorticity:  0.003878
Viscosity:  0.001004
Update:     0.000052

Forces:     0.000025
Candidates: 0.000097
Neighbors:  0.008389
Iterations: 0.035709
Vorticity:  0.003879
Viscosity:  0.001006
Update:     0.000051

Forces:     0.000025
Candidates: 0.000096
Neighbors:  0.008354
Iterations: 0.035706
Vorticity:  0.003881
Viscosity:  0.001009
Update:     0.000050

Forces:     0.000025
Candidates: 0.000098
Neighbors:  0.008410
Iterations: 0.035748
Vorticity:  0.003880
Viscosity:  0.001007
Update:     0.000050

Forces:     0.000048
Candidates: 0.000215
Neighbors:  0.008411
Iterations: 0.035767
Vorticity:  0.003884
Viscosity:  0.001014
Update:     0.000144

Forces:     0.000027
Candidates: 0.000097
Neighbors:  0.008352
Iterations: 0.035817
Vorticity:  0.003893
Viscosity:  0.001006
Update:     0.000052

Forces:     0.000025
Candidates: 0.000097
Neighbors:  0.008398
Iterations: 0.035868
Vorticity:  0.003899
Viscosity:  0.001014
Update:     0.000052

Forces:     0.000025
Candidates: 0.000106
Neighbors:  0.008347
Iterations: 0.035879
Vorticity:  0.003898
Viscosity:  0.001015
Update:     0.000050

Forces:     0.000026
Candidates: 0.000106
Neighbors:  0.008413
Iterations: 0.035886
Vorticity:  0.003902
Viscosity:  0.001012
Update:     0.000050

Forces:     0.000052
Candidates: 0.000218
Neighbors:  0.008373
Iterations: 0.035900
Vorticity:  0.003906
Viscosity:  0.001015
Update:     0.000145

Forces:     0.000026
Candidates: 0.000100
Neighbors:  0.008435
Iterations: 0.035902
Vorticity:  0.003906
Viscosity:  0.001013
Update:     0.000050

Forces:     0.000025
Candidates: 0.000102
Neighbors:  0.008360
Iterations: 0.035934
Vorticity:  0.003931
Viscosity:  0.001016
Update:     0.000076

Forces:     0.000041
Candidates: 0.000100
Neighbors:  0.008419
Iterations: 0.036004
Vorticity:  0.003922
Viscosity:  0.001016
Update:     0.000048

Forces:     0.000025
Candidates: 0.000104
Neighbors:  0.008368
Iterations: 0.036023
Vorticity:  0.003925
Viscosity:  0.001016
Update:     0.000051

Forces:     0.000049
Candidates: 0.000215
Neighbors:  0.008418
Iterations: 0.036068
Vorticity:  0.003917
Viscosity:  0.001015
Update:     0.000155

Forces:     0.000028
Candidates: 0.000108
Neighbors:  0.008387
Iterations: 0.036089
Vorticity:  0.003929
Viscosity:  0.001015
Update:     0.000050

Forces:     0.000025
Candidates: 0.000100
Neighbors:  0.008388
Iterations: 0.036078
Vorticity:  0.003928
Viscosity:  0.001020
Update:     0.000053

Forces:     0.000025
Candidates: 0.000097
Neighbors:  0.008368
Iterations: 0.036123
Vorticity:  0.003929
Viscosity:  0.001018
Update:     0.000051

Forces:     0.000025
Candidates: 0.000102
Neighbors:  0.008361
Iterations: 0.036147
Vorticity:  0.003929
Viscosity:  0.001020
Update:     0.000054

Forces:     0.000045
Candidates: 0.000217
Neighbors:  0.008441
Iterations: 0.036171
Vorticity:  0.003930
Viscosity:  0.001018
Update:     0.000143

Forces:     0.000027
Candidates: 0.000099
Neighbors:  0.008351
Iterations: 0.036184
Vorticity:  0.003928
Viscosity:  0.001023
Update:     0.000049

Forces:     0.000025
Candidates: 0.000101
Neighbors:  0.008417
Iterations: 0.036228
Vorticity:  0.003932
Viscosity:  0.001024
Update:     0.000050

Forces:     0.000025
Candidates: 0.000099
Neighbors:  0.008377
Iterations: 0.036256
Vorticity:  0.003937
Viscosity:  0.001022
Update:     0.000050

Forces:     0.000025
Candidates: 0.000104
Neighbors:  0.008376
Iterations: 0.036242
Vorticity:  0.003939
Viscosity:  0.001023
Update:     0.000049

Forces:     0.000049
Candidates: 0.000220
Neighbors:  0.008433
Iterations: 0.036264
Vorticity:  0.003937
Viscosity:  0.001020
Update:     0.000149

Forces:     0.000030
Candidates: 0.000104
Neighbors:  0.008386
Iterations: 0.036282
Vorticity:  0.003940
Viscosity:  0.001024
Update:     0.000050

Forces:     0.000026
Candidates: 0.000101
Neighbors:  0.008386
Iterations: 0.036303
Vorticity:  0.003949
Viscosity:  0.001020
Update:     0.000054

Forces:     0.000027
Candidates: 0.000108
Neighbors:  0.008394
Iterations: 0.036367
Vorticity:  0.003948
Viscosity:  0.001029
Update:     0.000052

Forces:     0.000026
Candidates: 0.000094
Neighbors:  0.008440
Iterations: 0.036380
Vorticity:  0.003956
Viscosity:  0.001027
Update:     0.000049

Forces:     0.000050
Candidates: 0.000222
Neighbors:  0.008437
Iterations: 0.036390
Vorticity:  0.003953
Viscosity:  0.001030
Update:     0.000146

Forces:     0.000030
Candidates: 0.000098
Neighbors:  0.008445
Iterations: 0.036424
Vorticity:  0.003963
Viscosity:  0.001026
Update:     0.000049

Forces:     0.000026
Candidates: 0.000099
Neighbors:  0.008390
Iterations: 0.036407
Vorticity:  0.003959
Viscosity:  0.001028
Update:     0.000051

Forces:     0.000026
Candidates: 0.000094
Neighbors:  0.008447
Iterations: 0.036446
Vorticity:  0.003962
Viscosity:  0.001033
Update:     0.000050

Forces:     0.000027
Candidates: 0.000094
Neighbors:  0.008396
Iterations: 0.036469
Vorticity:  0.003965
Viscosity:  0.001031
Update:     0.000049

Forces:     0.000047
Candidates: 0.000217
Neighbors:  0.008407
Iterations: 0.036466
Vorticity:  0.003969
Viscosity:  0.001030
Update:     0.000148

Forces:     0.000027
Candidates: 0.000102
Neighbors:  0.008445
Iterations: 0.036507
Vorticity:  0.003970
Viscosity:  0.001034
Update:     0.000053

Forces:     0.000027
Candidates: 0.000099
Neighbors:  0.008395
Iterations: 0.036565
Vorticity:  0.003975
Viscosity:  0.001033
Update:     0.000049

Forces:     0.000026
Candidates: 0.000100
Neighbors:  0.008391
Iterations: 0.036620
Vorticity:  0.003978
Viscosity:  0.001034
Update:     0.000050

Forces:     0.000026
Candidates: 0.000095
Neighbors:  0.008384
Iterations: 0.036653
Vorticity:  0.003980
Viscosity:  0.001037
Update:     0.000052

Forces:     0.000047
Candidates: 0.000219
Neighbors:  0.008461
Iterations: 0.036671
Vorticity:  0.003985
Viscosity:  0.001036
Update:     0.000146

Forces:     0.000025
Candidates: 0.000116
Neighbors:  0.008407
Iterations: 0.036707
Vorticity:  0.003988
Viscosity:  0.001033
Update:     0.000051

Forces:     0.000027
Candidates: 0.000103
Neighbors:  0.008406
Iterations: 0.036740
Vorticity:  0.003992
Viscosity:  0.001039
Update:     0.000052

Forces:     0.000025
Candidates: 0.000105
Neighbors:  0.008411
Iterations: 0.036828
Vorticity:  0.003999
Viscosity:  0.001040
Update:     0.000052

Forces:     0.000027
Candidates: 0.000101
Neighbors:  0.008450
Iterations: 0.036841
Vorticity:  0.004005
Viscosity:  0.001042
Update:     0.000052

Forces:     0.000047
Candidates: 0.000223
Neighbors:  0.008425
Iterations: 0.036890
Vorticity:  0.004010
Viscosity:  0.001043
Update:     0.000144

Forces:     0.000027
Candidates: 0.000105
Neighbors:  0.008463
Iterations: 0.036925
Vorticity:  0.004013
Viscosity:  0.001042
Update:     0.000051

Forces:     0.000027
Candidates: 0.000104
Neighbors:  0.008410
Iterations: 0.036950
Vorticity:  0.004009
Viscosity:  0.001041
Update:     0.000051

Forces:     0.000025
Candidates: 0.000105
Neighbors:  0.008398
Iterations: 0.036988
Vorticity:  0.004020
Viscosity:  0.001042
Update:     0.000053

Forces:     0.000026
Candidates: 0.000098
Neighbors:  0.008366
Iterations: 0.036987
Vorticity:  0.004016
Viscosity:  0.001044
Update:     0.000052

Forces:     0.000045
Candidates: 0.000220
Neighbors:  0.008403
Iterations: 0.037008
Vorticity:  0.004019
Viscosity:  0.001043
Update:     0.000142

Forces:     0.000027
Candidates: 0.000110
Neighbors:  0.008386
Iterations: 0.037008
Vorticity:  0.004019
Viscosity:  0.001052
Update:     0.000052

Forces:     0.000025
Candidates: 0.000102
Neighbors:  0.008455
Iterations: 0.037080
Vorticity:  0.004024
Viscosity:  0.001044
Update:     0.000052

Forces:     0.000025
Candidates: 0.000100
Neighbors:  0.008381
Iterations: 0.037099
Vorticity:  0.004025
Viscosity:  0.001049
Update:     0.000052

Forces:     0.000025
Candidates: 0.000104
Neighbors:  0.008450
Iterations: 0.037088
Vorticity:  0.004028
Viscosity:  0.001046
Update:     0.000048

Forces:     0.000046
Candidates: 0.000218
Neighbors:  0.008406
Iterations: 0.037115
Vorticity:  0.004026
Viscosity:  0.001051
Update:     0.000154

Forces:     0.000027
Candidates: 0.000105
Neighbors:  0.008399
Iterations: 0.037175
Vorticity:  0.004056
Viscosity:  0.001048
Update:     0.000054

Forces:     0.000027
Candidates: 0.000097
Neighbors:  0.008396
Iterations: 0.037401
Vorticity:  0.004032
Viscosity:  0.001089
Update:     0.000056

Forces:     0.000026
Candidates: 0.000099
Neighbors:  0.008381
Iterations: 0.037498
Vorticity:  0.004040
Viscosity:  0.001088
Update:     0.000051

Forces:     0.000028
Candidates: 0.000100
Neighbors:  0.008448
Iterations: 0.037484
Vorticity:  0.004040
Viscosity:  0.001090
Update:     0.000051

Forces:     0.000049
Candidates: 0.000219
Neighbors:  0.008450
Iterations: 0.037544
Vorticity:  0.004060
Viscosity:  0.001092
Update:     0.000152

Forces:     0.000026
Candidates: 0.000108
Neighbors:  0.008392
Iterations: 0.037595
Vorticity:  0.004050
Viscosity:  0.001090
Update:     0.000050

Forces:     0.000027
Candidates: 0.000104
Neighbors:  0.008388
Iterations: 0.037606
Vorticity:  0.004051
Viscosity:  0.001094
Update:     0.000049

Forces:     0.000025
Candidates: 0.000108
Neighbors:  0.008382
Iterations: 0.037684
Vorticity:  0.004058
Viscosity:  0.001098
Update:     0.000051

Forces:     0.000026
Candidates: 0.000101
Neighbors:  0.008384
Iterations: 0.037671
Vorticity:  0.004062
Viscosity:  0.001096
Update:     0.000052

Forces:     0.000047
Candidates: 0.000221
Neighbors:  0.008370
Iterations: 0.037793
Vorticity:  0.004068
Viscosity:  0.001097
Update:     0.000149

Forces:     0.000028
Candidates: 0.000105
Neighbors:  0.008448
Iterations: 0.037854
Vorticity:  0.004074
Viscosity:  0.001098
Update:     0.000052

Forces:     0.000026
Candidates: 0.000098
Neighbors:  0.008383
Iterations: 0.037878
Vorticity:  0.004079
Viscosity:  0.001099
Update:     0.000053

Forces:     0.000027
Candidates: 0.000109
Neighbors:  0.008357
Iterations: 0.037879
Vorticity:  0.004082
Viscosity:  0.001102
Update:     0.000052

Forces:     0.000025
Candidates: 0.000101
Neighbors:  0.008359
Iterations: 0.037939
Vorticity:  0.004088
Viscosity:  0.001105
Update:     0.000051

Forces:     0.000088
Candidates: 0.000255
Neighbors:  0.008397
Iterations: 0.037948
Vorticity:  0.004088
Viscosity:  0.001104
Update:     0.000163

Forces:     0.000027
Candidates: 0.000108
Neighbors:  0.008439
Iterations: 0.038013
Vorticity:  0.004092
Viscosity:  0.001105
Update:     0.000050

Forces:     0.000024
Candidates: 0.000101
Neighbors:  0.008395
Iterations: 0.038036
Vorticity:  0.004096
Viscosity:  0.001107
Update:     0.000050

Forces:     0.000025
Candidates: 0.000098
Neighbors:  0.008390
Iterations: 0.038120
Vorticity:  0.004101
Viscosity:  0.001111
Update:     0.000051

Forces:     0.000026
Candidates: 0.000106
Neighbors:  0.008447
Iterations: 0.038172
Vorticity:  0.004109
Viscosity:  0.001114
Update:     0.000050

Forces:     0.000055
Candidates: 0.000221
Neighbors:  0.008390
Iterations: 0.038216
Vorticity:  0.004115
Viscosity:  0.001115
Update:     0.000150

Forces:     0.000026
Candidates: 0.000114
Neighbors:  0.008440
Iterations: 0.038248
Vorticity:  0.004114
Viscosity:  0.001116
Update:     0.000056

Forces:     0.000026
Candidates: 0.000102
Neighbors:  0.008398
Iterations: 0.038293
Vorticity:  0.004140
Viscosity:  0.001120
Update:     0.000051

Forces:     0.000026
Candidates: 0.000099
Neighbors:  0.008392
Iterations: 0.038338
Vorticity:  0.004142
Viscosity:  0.001115
Update:     0.000052

Forces:     0.000026
Candidates: 0.000102
Neighbors:  0.008465
Iterations: 0.038371
Vorticity:  0.004150
Viscosity:  0.001118
Update:     0.000051

Forces:     0.000048
Candidates: 0.000223
Neighbors:  0.008470
Iterations: 0.038452
Vorticity:  0.004160
Viscosity:  0.001117
Update:     0.000146

Forces:     0.000025
Candidates: 0.000101
Neighbors:  0.008439
Iterations: 0.038478
Vorticity:  0.004158
Viscosity:  0.001125
Update:     0.000050

Forces:     0.000025
Candidates: 0.000104
Neighbors:  0.008428
Iterations: 0.038551
Vorticity:  0.004177
Viscosity:  0.001120
Update:     0.000049

Forces:     0.000027
Candidates: 0.000099
Neighbors:  0.008419
Iterations: 0.038574
Vorticity:  0.004169
Viscosity:  0.001123
Update:     0.000056

Forces:     0.000025
Candidates: 0.000098
Neighbors:  0.008421
Iterations: 0.038658
Vorticity:  0.004187
Viscosity:  0.001124
Update:     0.000054

Forces:     0.000047
Candidates: 0.000235
Neighbors:  0.008479
Iterations: 0.038522
Vorticity:  0.004198
Viscosity:  0.001083
Update:     0.000151

Forces:     0.000029
Candidates: 0.000106
Neighbors:  0.008533
Iterations: 0.038587
Vorticity:  0.004195
Viscosity:  0.001081
Update:     0.000059

Forces:     0.000026
Candidates: 0.000106
Neighbors:  0.008481
Iterations: 0.038653
Vorticity:  0.004206
Viscosity:  0.001085
Update:     0.000053

Forces:     0.000024
Candidates: 0.000097
Neighbors:  0.008453
Iterations: 0.038686
Vorticity:  0.004210
Viscosity:  0.001088
Update:     0.000052

Forces:     0.000026
Candidates: 0.000105
Neighbors:  0.008454
Iterations: 0.038777
Vorticity:  0.004212
Viscosity:  0.001088
Update:     0.000053

Forces:     0.000046
Candidates: 0.000221
Neighbors:  0.008482
Iterations: 0.038800
Vorticity:  0.004216
Viscosity:  0.001093
Update:     0.000154

Forces:     0.000026
Candidates: 0.000105
Neighbors:  0.008482
Iterations: 0.038837
Vorticity:  0.004216
Viscosity:  0.001090
Update:     0.000052

Forces:     0.000024
Candidates: 0.000111
Neighbors:  0.008474
Iterations: 0.038836
Vorticity:  0.004216
Viscosity:  0.001093
Update:     0.000054

Forces:     0.000027
Candidates: 0.000105
Neighbors:  0.008504
Iterations: 0.041698
Vorticity:  0.004284
Viscosity:  0.001098
Update:     0.000138

Forces:     0.000070
Candidates: 0.000104
Neighbors:  0.008733
Iterations: 0.038889
Vorticity:  0.004232
Viscosity:  0.001092
Update:     0.000054

Forces:     0.000049
Candidates: 0.000225
Neighbors:  0.008571
Iterations: 0.038916
Vorticity:  0.004230
Viscosity:  0.001093
Update:     0.000157

Forces:     0.000029
Candidates: 0.000104
Neighbors:  0.008609
Iterations: 0.038970
Vorticity:  0.004229
Viscosity:  0.001096
Update:     0.000048

Forces:     0.000026
Candidates: 0.000103
Neighbors:  0.008537
Iterations: 0.039033
Vorticity:  0.004233
Viscosity:  0.001100
Update:     0.000051

Forces:     0.000026
Candidates: 0.000101
Neighbors:  0.008536
Iterations: 0.039107
Vorticity:  0.004240
Viscosity:  0.001098
Update:     0.000049

Forces:     0.000025
Candidates: 0.000117
Neighbors:  0.008581
Iterations: 0.039155
Vorticity:  0.004248
Viscosity:  0.001101
Update:     0.000052

Forces:     0.000053
Candidates: 0.000219
Neighbors:  0.008579
Iterations: 0.039215
Vorticity:  0.004247
Viscosity:  0.001102
Update:     0.000147

Forces:     0.000029
Candidates: 0.000095
Neighbors:  0.008675
Iterations: 0.039248
Vorticity:  0.004253
Viscosity:  0.001106
Update:     0.000053

Forces:     0.000026
Candidates: 0.000095
Neighbors:  0.008603
Iterations: 0.039254
Vorticity:  0.004256
Viscosity:  0.001106
Update:     0.000048

Forces:     0.000026
Candidates: 0.000103
Neighbors:  0.008630
Iterations: 0.039324
Vorticity:  0.004263
Viscosity:  0.001106
Update:     0.000050

Forces:     0.000028
Candidates: 0.000104
Neighbors:  0.008679
Iterations: 0.039373
Vorticity:  0.004264
Viscosity:  0.001111
Update:     0.000051

Forces:     0.000049
Candidates: 0.000217
Neighbors:  0.008642
Iterations: 0.039456
Vorticity:  0.004282
Viscosity:  0.001113
Update:     0.000145

Forces:     0.000029
Candidates: 0.000102
Neighbors:  0.008697
Iterations: 0.039534
Vorticity:  0.004286
Viscosity:  0.001117
Update:     0.000049

Forces:     0.000026
Candidates: 0.000095
Neighbors:  0.008646
Iterations: 0.039585
Vorticity:  0.004291
Viscosity:  0.001113
Update:     0.000053

Forces:     0.000026
Candidates: 0.000106
Neighbors:  0.008705
Iterations: 0.039645
Vorticity:  0.004297
Viscosity:  0.001112
Update:     0.000049

Forces:     0.000026
Candidates: 0.000114
Neighbors:  0.008651
Iterations: 0.039673
Vorticity:  0.004299
Viscosity:  0.001116
Update:     0.000049

Forces:     0.000051
Candidates: 0.000216
Neighbors:  0.008675
Iterations: 0.039720
Vorticity:  0.004311
Viscosity:  0.001121
Update:     0.000138

Forces:     0.000027
Candidates: 0.000096
Neighbors:  0.008639
Iterations: 0.039823
Vorticity:  0.004330
Viscosity:  0.001122
Update:     0.000052

Forces:     0.000028
Candidates: 0.000100
Neighbors:  0.008738
Iterations: 0.039910
Vorticity:  0.004328
Viscosity:  0.001116
Update:     0.000054

Forces:     0.000031
Candidates: 0.000100
Neighbors:  0.008686
Iterations: 0.039947
Vorticity:  0.004339
Viscosity:  0.001123
Update:     0.000062

Forces:     0.000028
Candidates: 0.000097
Neighbors:  0.008713
Iterations: 0.040029
Vorticity:  0.004346
Viscosity:  0.001129
Update:     0.000052

Total Forces:     0.021924
Total Candidates: 0.058430
Total Neighbors:  4.172104
Total Iterations: 18.829217
Total Vorticity:  2.022120
Total Viscosity:  0.517582
Total Update:     0.039771

