Forces:     0.006959
Candidates: 0.000347
Neighbors:  0.004745
Iterations: 0.014886
Vorticity:  0.001543
Viscosity:  0.000420
Update:     0.000072

Forces:     0.000040
Candidates: 0.000058
Neighbors:  0.003962
Iterations: 0.014765
Vorticity:  0.001547
Viscosity:  0.000418
Update:     0.000051

Forces:     0.000034
Candidates: 0.000059
Neighbors:  0.004598
Iterations: 0.014899
Vorticity:  0.001555
Viscosity:  0.000420
Update:     0.000051

Forces:     0.000030
Candidates: 0.000057
Neighbors:  0.004619
Iterations: 0.015342
Vorticity:  0.001600
Viscosity:  0.000428
Update:     0.000049

Forces:     0.000032
Candidates: 0.000056
Neighbors:  0.004756
Iterations: 0.015670
Vorticity:  0.001634
Viscosity:  0.000432
Update:     0.000056

Forces:     0.000033
Candidates: 0.000203
Neighbors:  0.004750
Iterations: 0.015925
Vorticity:  0.001660
Viscosity:  0.000438
Update:     0.000108

Forces:     0.000038
Candidates: 0.000060
Neighbors:  0.004760
Iterations: 0.016113
Vorticity:  0.001681
Viscosity:  0.000441
Update:     0.000054

Forces:     0.000035
Candidates: 0.000057
Neighbors:  0.004727
Iterations: 0.016246
Vorticity:  0.001696
Viscosity:  0.000446
Update:     0.000054

Forces:     0.000031
Candidates: 0.000056
Neighbors:  0.004804
Iterations: 0.016294
Vorticity:  0.001699
Viscosity:  0.000447
Update:     0.000053

Forces:     0.000035
Candidates: 0.000058
Neighbors:  0.004782
Iterations: 0.016346
Vorticity:  0.001705
Viscosity:  0.000446
Update:     0.000052

Forces:     0.000034
Candidates: 0.000201
Neighbors:  0.004750
Iterations: 0.016343
Vorticity:  0.001701
Viscosity:  0.000447
Update:     0.000107

Forces:     0.000035
Candidates: 0.000056
Neighbors:  0.004713
Iterations: 0.016323
Vorticity:  0.001700
Viscosity:  0.000448
Update:     0.000051

Forces:     0.000035
Candidates: 0.000057
Neighbors:  0.004800
Iterations: 0.016316
Vorticity:  0.001700
Viscosity:  0.000451
Update:     0.000053

Forces:     0.000032
Candidates: 0.000058
Neighbors:  0.004737
Iterations: 0.016339
Vorticity:  0.001702
Viscosity:  0.000448
Update:     0.000050

Forces:     0.000032
Candidates: 0.000054
Neighbors:  0.004706
Iterations: 0.016323
Vorticity:  0.001695
Viscosity:  0.000449
Update:     0.000055

Forces:     0.000033
Candidates: 0.000194
Neighbors:  0.004818
Iterations: 0.016328
Vorticity:  0.001693
Viscosity:  0.000452
Update:     0.000107

Forces:     0.000036
Candidates: 0.000058
Neighbors:  0.004745
Iterations: 0.016309
Vorticity:  0.001696
Viscosity:  0.000448
Update:     0.000051

Forces:     0.000035
Candidates: 0.000067
Neighbors:  0.004698
Iterations: 0.016283
Vorticity:  0.001696
Viscosity:  0.000452
Update:     0.000053

Forces:     0.000033
Candidates: 0.000059
Neighbors:  0.004701
Iterations: 0.016269
Vorticity:  0.001691
Viscosity:  0.000453
Update:     0.000050

Forces:     0.000033
Candidates: 0.000053
Neighbors:  0.004707
Iterations: 0.016272
Vorticity:  0.001691
Viscosity:  0.000449
Update:     0.000052

Forces:     0.000035
Candidates: 0.000194
Neighbors:  0.004805
Iterations: 0.016247
Vorticity:  0.001688
Viscosity:  0.000450
Update:     0.000106

Forces:     0.000038
Candidates: 0.000060
Neighbors:  0.004760
Iterations: 0.016268
Vorticity:  0.001688
Viscosity:  0.000458
Update:     0.000055

Forces:     0.000035
Candidates: 0.000059
Neighbors:  0.004774
Iterations: 0.016250
Vorticity:  0.001684
Viscosity:  0.000454
Update:     0.000051

Forces:     0.000033
Candidates: 0.000060
Neighbors:  0.004779
Iterations: 0.016616
Vorticity:  0.001703
Viscosity:  0.000454
Update:     0.000066

Forces:     0.000032
Candidates: 0.000063
Neighbors:  0.004840
Iterations: 0.016483
Vorticity:  0.001704
Viscosity:  0.000453
Update:     0.000052

Forces:     0.000028
Candidates: 0.000185
Neighbors:  0.004808
Iterations: 0.016496
Vorticity:  0.001704
Viscosity:  0.000457
Update:     0.000097

Forces:     0.000027
Candidates: 0.000064
Neighbors:  0.004789
Iterations: 0.016488
Vorticity:  0.001702
Viscosity:  0.000453
Update:     0.000050

Forces:     0.000027
Candidates: 0.000062
Neighbors:  0.004777
Iterations: 0.016482
Vorticity:  0.001701
Viscosity:  0.000454
Update:     0.000049

Forces:     0.000026
Candidates: 0.000067
Neighbors:  0.004778
Iterations: 0.016483
Vorticity:  0.001701
Viscosity:  0.000458
Update:     0.000052

Forces:     0.000027
Candidates: 0.000068
Neighbors:  0.004793
Iterations: 0.016498
Vorticity:  0.001703
Viscosity:  0.000455
Update:     0.000048

Forces:     0.000033
Candidates: 0.000181
Neighbors:  0.004825
Iterations: 0.016516
Vorticity:  0.001703
Viscosity:  0.000455
Update:     0.000097

Forces:     0.000028
Candidates: 0.000070
Neighbors:  0.004795
Iterations: 0.016529
Vorticity:  0.001704
Viscosity:  0.000458
Update:     0.000045

Forces:     0.000026
Candidates: 0.000066
Neighbors:  0.004814
Iterations: 0.016563
Vorticity:  0.001706
Viscosity:  0.000460
Update:     0.000048

Forces:     0.000026
Candidates: 0.000066
Neighbors:  0.004821
Iterations: 0.016576
Vorticity:  0.001708
Viscosity:  0.000458
Update:     0.000051

Forces:     0.000028
Candidates: 0.000065
Neighbors:  0.004833
Iterations: 0.016624
Vorticity:  0.001713
Viscosity:  0.000469
Update:     0.000048

Forces:     0.000037
Candidates: 0.000182
Neighbors:  0.004787
Iterations: 0.016698
Vorticity:  0.001732
Viscosity:  0.000464
Update:     0.000098

Forces:     0.000030
Candidates: 0.000066
Neighbors:  0.004827
Iterations: 0.016536
Vorticity:  0.001703
Viscosity:  0.000466
Update:     0.000051

Forces:     0.000031
Candidates: 0.000090
Neighbors:  0.004810
Iterations: 0.016539
Vorticity:  0.001709
Viscosity:  0.000469
Update:     0.000055

Forces:     0.000033
Candidates: 0.000068
Neighbors:  0.004779
Iterations: 0.016577
Vorticity:  0.001711
Viscosity:  0.000467
Update:     0.000051

Forces:     0.000030
Candidates: 0.000065
Neighbors:  0.004762
Iterations: 0.016590
Vorticity:  0.001713
Viscosity:  0.000469
Update:     0.000050

Forces:     0.000046
Candidates: 0.000187
Neighbors:  0.004813
Iterations: 0.016649
Vorticity:  0.001717
Viscosity:  0.000473
Update:     0.000093

Forces:     0.000030
Candidates: 0.000071
Neighbors:  0.004780
Iterations: 0.016701
Vorticity:  0.001721
Viscosity:  0.000472
Update:     0.000052

Forces:     0.000028
Candidates: 0.000072
Neighbors:  0.004788
Iterations: 0.016744
Vorticity:  0.001722
Viscosity:  0.000473
Update:     0.000054

Forces:     0.000029
Candidates: 0.000073
Neighbors:  0.004798
Iterations: 0.016787
Vorticity:  0.001731
Viscosity:  0.000473
Update:     0.000049

Forces:     0.000028
Candidates: 0.000071
Neighbors:  0.004815
Iterations: 0.016837
Vorticity:  0.001733
Viscosity:  0.000475
Update:     0.000052

Forces:     0.000040
Candidates: 0.000188
Neighbors:  0.004929
Iterations: 0.017039
Vorticity:  0.001764
Viscosity:  0.000473
Update:     0.000095

Forces:     0.000030
Candidates: 0.000071
Neighbors:  0.005000
Iterations: 0.017141
Vorticity:  0.001769
Viscosity:  0.000477
Update:     0.000052

Forces:     0.000027
Candidates: 0.000068
Neighbors:  0.004981
Iterations: 0.017210
Vorticity:  0.001778
Viscosity:  0.000480
Update:     0.000051

Forces:     0.000027
Candidates: 0.000070
Neighbors:  0.005078
Iterations: 0.017288
Vorticity:  0.001784
Viscosity:  0.000478
Update:     0.000051

Forces:     0.000029
Candidates: 0.000076
Neighbors:  0.005034
Iterations: 0.017333
Vorticity:  0.001792
Viscosity:  0.000480
Update:     0.000049

Forces:     0.000042
Candidates: 0.000187
Neighbors:  0.005139
Iterations: 0.017379
Vorticity:  0.001798
Viscosity:  0.000479
Update:     0.000099

Forces:     0.000032
Candidates: 0.000073
Neighbors:  0.005050
Iterations: 0.017444
Vorticity:  0.001803
Viscosity:  0.000480
Update:     0.000047

Forces:     0.000029
Candidates: 0.000081
Neighbors:  0.005107
Iterations: 0.017476
Vorticity:  0.001813
Viscosity:  0.000483
Update:     0.000049

Forces:     0.000033
Candidates: 0.000072
Neighbors:  0.005084
Iterations: 0.017532
Vorticity:  0.001818
Viscosity:  0.000487
Update:     0.000050

Forces:     0.000029
Candidates: 0.000071
Neighbors:  0.005085
Iterations: 0.017594
Vorticity:  0.001823
Viscosity:  0.000488
Update:     0.000049

Forces:     0.000044
Candidates: 0.000187
Neighbors:  0.005135
Iterations: 0.017691
Vorticity:  0.001837
Viscosity:  0.000486
Update:     0.000096

Forces:     0.000032
Candidates: 0.000070
Neighbors:  0.005152
Iterations: 0.017771
Vorticity:  0.001846
Viscosity:  0.000488
Update:     0.000050

Forces:     0.000032
Candidates: 0.000071
Neighbors:  0.005134
Iterations: 0.017859
Vorticity:  0.001856
Viscosity:  0.000489
Update:     0.000048

Forces:     0.000027
Candidates: 0.000076
Neighbors:  0.005128
Iterations: 0.017933
Vorticity:  0.001862
Viscosity:  0.000493
Update:     0.000045

Forces:     0.000030
Candidates: 0.000071
Neighbors:  0.005105
Iterations: 0.018044
Vorticity:  0.001880
Viscosity:  0.000495
Update:     0.000047

Forces:     0.000170
Candidates: 0.000372
Neighbors:  0.005776
Iterations: 0.018237
Vorticity:  0.001890
Viscosity:  0.000507
Update:     0.000087

Forces:     0.000021
Candidates: 0.000067
Neighbors:  0.005152
Iterations: 0.018319
Vorticity:  0.001904
Viscosity:  0.000507
Update:     0.000051

Forces:     0.000030
Candidates: 0.000068
Neighbors:  0.005142
Iterations: 0.018452
Vorticity:  0.001920
Viscosity:  0.000508
Update:     0.000046

Forces:     0.000030
Candidates: 0.000075
Neighbors:  0.005143
Iterations: 0.018540
Vorticity:  0.001932
Viscosity:  0.000510
Update:     0.000047

Forces:     0.000029
Candidates: 0.000083
Neighbors:  0.005238
Iterations: 0.018661
Vorticity:  0.001946
Viscosity:  0.000515
Update:     0.000050

Forces:     0.000045
Candidates: 0.000191
Neighbors:  0.005268
Iterations: 0.018808
Vorticity:  0.001962
Viscosity:  0.000518
Update:     0.000095

Forces:     0.000034
Candidates: 0.000069
Neighbors:  0.005284
Iterations: 0.018915
Vorticity:  0.001972
Viscosity:  0.000519
Update:     0.000052

Forces:     0.000030
Candidates: 0.000068
Neighbors:  0.005247
Iterations: 0.019031
Vorticity:  0.001988
Viscosity:  0.000524
Update:     0.000049

Forces:     0.000031
Candidates: 0.000068
Neighbors:  0.005236
Iterations: 0.019184
Vorticity:  0.002008
Viscosity:  0.000523
Update:     0.000049

Forces:     0.000030
Candidates: 0.000070
Neighbors:  0.005330
Iterations: 0.019372
Vorticity:  0.002024
Viscosity:  0.000527
Update:     0.000049

Forces:     0.000054
Candidates: 0.000196
Neighbors:  0.005336
Iterations: 0.019520
Vorticity:  0.002041
Viscosity:  0.000534
Update:     0.000093

Forces:     0.000031
Candidates: 0.000068
Neighbors:  0.005280
Iterations: 0.019690
Vorticity:  0.002057
Viscosity:  0.000536
Update:     0.000057

Forces:     0.000029
Candidates: 0.000071
Neighbors:  0.005402
Iterations: 0.019837
Vorticity:  0.002077
Viscosity:  0.000540
Update:     0.000054

Forces:     0.000033
Candidates: 0.000070
Neighbors:  0.005384
Iterations: 0.020025
Vorticity:  0.002096
Viscosity:  0.000541
Update:     0.000052

Forces:     0.000033
Candidates: 0.000070
Neighbors:  0.005392
Iterations: 0.020202
Vorticity:  0.002115
Viscosity:  0.000545
Update:     0.000050

Forces:     0.000051
Candidates: 0.000186
Neighbors:  0.005412
Iterations: 0.020373
Vorticity:  0.002136
Viscosity:  0.000552
Update:     0.000091

Forces:     0.000032
Candidates: 0.000069
Neighbors:  0.005491
Iterations: 0.020578
Vorticity:  0.002155
Viscosity:  0.000558
Update:     0.000054

Forces:     0.000031
Candidates: 0.000071
Neighbors:  0.005470
Iterations: 0.020771
Vorticity:  0.002178
Viscosity:  0.000562
Update:     0.000054

Forces:     0.000033
Candidates: 0.000069
Neighbors:  0.005471
Iterations: 0.020988
Vorticity:  0.002195
Viscosity:  0.000570
Update:     0.000048

Forces:     0.000032
Candidates: 0.000069
Neighbors:  0.005463
Iterations: 0.021199
Vorticity:  0.002217
Viscosity:  0.000570
Update:     0.000049

Forces:     0.000058
Candidates: 0.000195
Neighbors:  0.005258
Iterations: 0.020104
Vorticity:  0.002114
Viscosity:  0.000560
Update:     0.000096

Forces:     0.000032
Candidates: 0.000081
Neighbors:  0.005488
Iterations: 0.020608
Vorticity:  0.002132
Viscosity:  0.000568
Update:     0.000052

Forces:     0.000030
Candidates: 0.000072
Neighbors:  0.005503
Iterations: 0.020783
Vorticity:  0.002149
Viscosity:  0.000573
Update:     0.000054

Forces:     0.000031
Candidates: 0.000071
Neighbors:  0.005524
Iterations: 0.020967
Vorticity:  0.002168
Viscosity:  0.000579
Update:     0.000052

Forces:     0.000032
Candidates: 0.000073
Neighbors:  0.005650
Iterations: 0.021173
Vorticity:  0.002190
Viscosity:  0.000585
Update:     0.000052

Forces:     0.000056
Candidates: 0.000192
Neighbors:  0.005391
Iterations: 0.020973
Vorticity:  0.002210
Viscosity:  0.000584
Update:     0.000093

Forces:     0.000035
Candidates: 0.000082
Neighbors:  0.005696
Iterations: 0.021504
Vorticity:  0.002228
Viscosity:  0.000594
Update:     0.000055

Forces:     0.000034
Candidates: 0.000074
Neighbors:  0.005652
Iterations: 0.021711
Vorticity:  0.002249
Viscosity:  0.000599
Update:     0.000054

Forces:     0.000033
Candidates: 0.000074
Neighbors:  0.005740
Iterations: 0.021937
Vorticity:  0.002270
Viscosity:  0.000603
Update:     0.000057

Forces:     0.000035
Candidates: 0.000075
Neighbors:  0.005708
Iterations: 0.022159
Vorticity:  0.002298
Viscosity:  0.000608
Update:     0.000050

Forces:     0.000054
Candidates: 0.000197
Neighbors:  0.005584
Iterations: 0.022090
Vorticity:  0.002323
Viscosity:  0.000614
Update:     0.000090

Forces:     0.000034
Candidates: 0.000074
Neighbors:  0.005787
Iterations: 0.023071
Vorticity:  0.002455
Viscosity:  0.000643
Update:     0.000051

Forces:     0.000036
Candidates: 0.000074
Neighbors:  0.005831
Iterations: 0.023743
Vorticity:  0.002481
Viscosity:  0.000653
Update:     0.000053

Forces:     0.000035
Candidates: 0.000072
Neighbors:  0.005853
Iterations: 0.024036
Vorticity:  0.002514
Viscosity:  0.000658
Update:     0.000051

Forces:     0.000035
Candidates: 0.000074
Neighbors:  0.005863
Iterations: 0.024304
Vorticity:  0.002542
Viscosity:  0.000664
Update:     0.000052

Forces:     0.000050
Candidates: 0.000195
Neighbors:  0.005893
Iterations: 0.024625
Vorticity:  0.002577
Viscosity:  0.000674
Update:     0.000091

Forces:     0.000035
Candidates: 0.000078
Neighbors:  0.005909
Iterations: 0.024917
Vorticity:  0.002608
Viscosity:  0.000683
Update:     0.000055

Forces:     0.000033
Candidates: 0.000077
Neighbors:  0.005998
Iterations: 0.025251
Vorticity:  0.002644
Viscosity:  0.000691
Update:     0.000055

Forces:     0.000035
Candidates: 0.000075
Neighbors:  0.005963
Iterations: 0.025571
Vorticity:  0.002705
Viscosity:  0.000701
Update:     0.000053

Forces:     0.000036
Candidates: 0.000078
Neighbors:  0.006067
Iterations: 0.025887
Vorticity:  0.002711
Viscosity:  0.000708
Update:     0.000055

Forces:     0.000056
Candidates: 0.000201
Neighbors:  0.006058
Iterations: 0.026247
Vorticity:  0.002749
Viscosity:  0.000717
Update:     0.000093

Forces:     0.000035
Candidates: 0.000079
Neighbors:  0.006137
Iterations: 0.026588
Vorticity:  0.002787
Viscosity:  0.000722
Update:     0.000054

Forces:     0.000041
Candidates: 0.000089
Neighbors:  0.006116
Iterations: 0.026909
Vorticity:  0.002822
Viscosity:  0.000732
Update:     0.000054

Forces:     0.000037
Candidates: 0.000079
Neighbors:  0.006131
Iterations: 0.027290
Vorticity:  0.002862
Viscosity:  0.000742
Update:     0.000054

Forces:     0.000036
Candidates: 0.000083
Neighbors:  0.006121
Iterations: 0.027633
Vorticity:  0.002902
Viscosity:  0.000754
Update:     0.000057

Forces:     0.000061
Candidates: 0.000201
Neighbors:  0.006261
Iterations: 0.028027
Vorticity:  0.002943
Viscosity:  0.000762
Update:     0.000095

Forces:     0.000039
Candidates: 0.000078
Neighbors:  0.006213
Iterations: 0.028407
Vorticity:  0.002988
Viscosity:  0.000774
Update:     0.000056

Forces:     0.000037
Candidates: 0.000081
Neighbors:  0.006325
Iterations: 0.028749
Vorticity:  0.003024
Viscosity:  0.000780
Update:     0.000056

Forces:     0.000038
Candidates: 0.000077
Neighbors:  0.006325
Iterations: 0.029171
Vorticity:  0.003070
Viscosity:  0.000794
Update:     0.000056

Forces:     0.000039
Candidates: 0.000078
Neighbors:  0.006341
Iterations: 0.029517
Vorticity:  0.003107
Viscosity:  0.000799
Update:     0.000055

Forces:     0.000064
Candidates: 0.000192
Neighbors:  0.006376
Iterations: 0.029894
Vorticity:  0.003148
Viscosity:  0.000810
Update:     0.000093

Forces:     0.000040
Candidates: 0.000081
Neighbors:  0.006388
Iterations: 0.030312
Vorticity:  0.003195
Viscosity:  0.000822
Update:     0.000059

Forces:     0.000038
Candidates: 0.000080
Neighbors:  0.006490
Iterations: 0.030756
Vorticity:  0.003242
Viscosity:  0.000833
Update:     0.000061

Forces:     0.000039
Candidates: 0.000080
Neighbors:  0.006469
Iterations: 0.031173
Vorticity:  0.003288
Viscosity:  0.000841
Update:     0.000058

Forces:     0.000039
Candidates: 0.000082
Neighbors:  0.006555
Iterations: 0.031537
Vorticity:  0.003334
Viscosity:  0.000854
Update:     0.000060

Forces:     0.000067
Candidates: 0.000192
Neighbors:  0.006551
Iterations: 0.031947
Vorticity:  0.003378
Viscosity:  0.000857
Update:     0.000091

Forces:     0.000041
Candidates: 0.000082
Neighbors:  0.006571
Iterations: 0.032346
Vorticity:  0.003417
Viscosity:  0.000872
Update:     0.000060

Forces:     0.000038
Candidates: 0.000082
Neighbors:  0.006569
Iterations: 0.032805
Vorticity:  0.003470
Viscosity:  0.000884
Update:     0.000061

Forces:     0.000040
Candidates: 0.000080
Neighbors:  0.006614
Iterations: 0.033242
Vorticity:  0.003515
Viscosity:  0.000895
Update:     0.000062

Forces:     0.000039
Candidates: 0.000090
Neighbors:  0.006718
Iterations: 0.033645
Vorticity:  0.003562
Viscosity:  0.000905
Update:     0.000061

Forces:     0.000064
Candidates: 0.000202
Neighbors:  0.006685
Iterations: 0.034058
Vorticity:  0.003604
Viscosity:  0.000914
Update:     0.000094

Forces:     0.000041
Candidates: 0.000083
Neighbors:  0.006821
Iterations: 0.034505
Vorticity:  0.003655
Viscosity:  0.000923
Update:     0.000059

Forces:     0.000044
Candidates: 0.000082
Neighbors:  0.006828
Iterations: 0.034882
Vorticity:  0.003699
Viscosity:  0.000934
Update:     0.000068

Forces:     0.000042
Candidates: 0.000083
Neighbors:  0.006868
Iterations: 0.035285
Vorticity:  0.003738
Viscosity:  0.000940
Update:     0.000062

Forces:     0.000043
Candidates: 0.000082
Neighbors:  0.006856
Iterations: 0.035620
Vorticity:  0.003777
Viscosity:  0.000950
Update:     0.000061

Forces:     0.000071
Candidates: 0.000199
Neighbors:  0.006934
Iterations: 0.036013
Vorticity:  0.003819
Viscosity:  0.000959
Update:     0.000099

Forces:     0.000048
Candidates: 0.000097
Neighbors:  0.006978
Iterations: 0.036400
Vorticity:  0.003863
Viscosity:  0.000970
Update:     0.000062

Forces:     0.000043
Candidates: 0.000082
Neighbors:  0.007008
Iterations: 0.036797
Vorticity:  0.003906
Viscosity:  0.000979
Update:     0.000064

Forces:     0.000047
Candidates: 0.000082
Neighbors:  0.007063
Iterations: 0.037072
Vorticity:  0.003931
Viscosity:  0.000987
Update:     0.000061

Forces:     0.000045
Candidates: 0.000082
Neighbors:  0.007091
Iterations: 0.037389
Vorticity:  0.003967
Viscosity:  0.000998
Update:     0.000063

Forces:     0.000071
Candidates: 0.000200
Neighbors:  0.007075
Iterations: 0.037701
Vorticity:  0.004002
Viscosity:  0.001000
Update:     0.000097

Forces:     0.000045
Candidates: 0.000084
Neighbors:  0.007128
Iterations: 0.037989
Vorticity:  0.004031
Viscosity:  0.001011
Update:     0.000064

Forces:     0.000045
Candidates: 0.000085
Neighbors:  0.007113
Iterations: 0.038265
Vorticity:  0.004067
Viscosity:  0.001021
Update:     0.000074

Forces:     0.000046
Candidates: 0.000086
Neighbors:  0.007150
Iterations: 0.038589
Vorticity:  0.004104
Viscosity:  0.001026
Update:     0.000063

Forces:     0.000042
Candidates: 0.000084
Neighbors:  0.007183
Iterations: 0.038895
Vorticity:  0.004128
Viscosity:  0.001031
Update:     0.000063

Forces:     0.000072
Candidates: 0.000197
Neighbors:  0.007304
Iterations: 0.039101
Vorticity:  0.004150
Viscosity:  0.001039
Update:     0.000097

Forces:     0.000046
Candidates: 0.000087
Neighbors:  0.007310
Iterations: 0.039327
Vorticity:  0.004177
Viscosity:  0.001046
Update:     0.000064

Forces:     0.000046
Candidates: 0.000082
Neighbors:  0.007285
Iterations: 0.039574
Vorticity:  0.004202
Viscosity:  0.001050
Update:     0.000065

Forces:     0.000045
Candidates: 0.000090
Neighbors:  0.007305
Iterations: 0.039814
Vorticity:  0.004230
Viscosity:  0.001058
Update:     0.000065

Forces:     0.000044
Candidates: 0.000084
Neighbors:  0.007355
Iterations: 0.039962
Vorticity:  0.004247
Viscosity:  0.001062
Update:     0.000068

Forces:     0.000074
Candidates: 0.000197
Neighbors:  0.007526
Iterations: 0.040128
Vorticity:  0.004265
Viscosity:  0.001068
Update:     0.000097

Forces:     0.000051
Candidates: 0.000088
Neighbors:  0.007517
Iterations: 0.040266
Vorticity:  0.004288
Viscosity:  0.001073
Update:     0.000067

Forces:     0.000046
Candidates: 0.000084
Neighbors:  0.007492
Iterations: 0.040421
Vorticity:  0.004291
Viscosity:  0.001075
Update:     0.000069

Forces:     0.000047
Candidates: 0.000088
Neighbors:  0.007597
Iterations: 0.040601
Vorticity:  0.004314
Viscosity:  0.001092
Update:     0.000068

Forces:     0.000047
Candidates: 0.000085
Neighbors:  0.007568
Iterations: 0.040737
Vorticity:  0.004330
Viscosity:  0.001091
Update:     0.000068

Forces:     0.000077
Candidates: 0.000186
Neighbors:  0.007606
Iterations: 0.041615
Vorticity:  0.004353
Viscosity:  0.001097
Update:     0.000100

Forces:     0.000060
Candidates: 0.000088
Neighbors:  0.007729
Iterations: 0.041029
Vorticity:  0.004361
Viscosity:  0.001102
Update:     0.000068

Forces:     0.000048
Candidates: 0.000093
Neighbors:  0.007647
Iterations: 0.041135
Vorticity:  0.004373
Viscosity:  0.001107
Update:     0.000068

Forces:     0.000045
Candidates: 0.000090
Neighbors:  0.007765
Iterations: 0.041265
Vorticity:  0.004386
Viscosity:  0.001107
Update:     0.000067

Forces:     0.000048
Candidates: 0.000086
Neighbors:  0.007785
Iterations: 0.041375
Vorticity:  0.004399
Viscosity:  0.001108
Update:     0.000068

Forces:     0.000080
Candidates: 0.000198
Neighbors:  0.007808
Iterations: 0.041545
Vorticity:  0.004415
Viscosity:  0.001114
Update:     0.000095

Forces:     0.000045
Candidates: 0.000086
Neighbors:  0.007877
Iterations: 0.041711
Vorticity:  0.004436
Viscosity:  0.001117
Update:     0.000069

Forces:     0.000047
Candidates: 0.000087
Neighbors:  0.007909
Iterations: 0.041898
Vorticity:  0.004465
Viscosity:  0.001124
Update:     0.000066

Forces:     0.000049
Candidates: 0.000088
Neighbors:  0.007870
Iterations: 0.042045
Vorticity:  0.004483
Viscosity:  0.001134
Update:     0.000071

Forces:     0.000047
Candidates: 0.000086
Neighbors:  0.007851
Iterations: 0.042191
Vorticity:  0.004503
Viscosity:  0.001137
Update:     0.000073

Forces:     0.000086
Candidates: 0.000200
Neighbors:  0.007912
Iterations: 0.042354
Vorticity:  0.004517
Viscosity:  0.001140
Update:     0.000096

Forces:     0.000051
Candidates: 0.000087
Neighbors:  0.008030
Iterations: 0.042471
Vorticity:  0.004536
Viscosity:  0.001141
Update:     0.000067

Forces:     0.000049
Candidates: 0.000089
Neighbors:  0.007982
Iterations: 0.042574
Vorticity:  0.004551
Viscosity:  0.001146
Update:     0.000074

Forces:     0.000051
Candidates: 0.000089
Neighbors:  0.008085
Iterations: 0.042732
Vorticity:  0.004563
Viscosity:  0.001151
Update:     0.000069

Forces:     0.000048
Candidates: 0.000088
Neighbors:  0.008122
Iterations: 0.042863
Vorticity:  0.004584
Viscosity:  0.001151
Update:     0.000071

Forces:     0.000086
Candidates: 0.000197
Neighbors:  0.008135
Iterations: 0.043002
Vorticity:  0.004595
Viscosity:  0.001157
Update:     0.000100

Forces:     0.000051
Candidates: 0.000087
Neighbors:  0.008134
Iterations: 0.043085
Vorticity:  0.004602
Viscosity:  0.001163
Update:     0.000072

Forces:     0.000049
Candidates: 0.000087
Neighbors:  0.008108
Iterations: 0.043176
Vorticity:  0.004614
Viscosity:  0.001169
Update:     0.000069

Forces:     0.000047
Candidates: 0.000086
Neighbors:  0.008110
Iterations: 0.043303
Vorticity:  0.004625
Viscosity:  0.001174
Update:     0.000074

Forces:     0.000050
Candidates: 0.000089
Neighbors:  0.008148
Iterations: 0.043374
Vorticity:  0.004638
Viscosity:  0.001179
Update:     0.000072

Forces:     0.000077
Candidates: 0.000195
Neighbors:  0.008283
Iterations: 0.043514
Vorticity:  0.004654
Viscosity:  0.001180
Update:     0.000097

Forces:     0.000049
Candidates: 0.000090
Neighbors:  0.008268
Iterations: 0.043609
Vorticity:  0.004666
Viscosity:  0.001183
Update:     0.000072

Forces:     0.000049
Candidates: 0.000090
Neighbors:  0.008238
Iterations: 0.043728
Vorticity:  0.004677
Viscosity:  0.001185
Update:     0.000074

Forces:     0.000049
Candidates: 0.000089
Neighbors:  0.008306
Iterations: 0.043885
Vorticity:  0.004697
Viscosity:  0.001190
Update:     0.000073

Forces:     0.000050
Candidates: 0.000087
Neighbors:  0.008250
Iterations: 0.044026
Vorticity:  0.004709
Viscosity:  0.001191
Update:     0.000067

Forces:     0.000094
Candidates: 0.000201
Neighbors:  0.008345
Iterations: 0.044137
Vorticity:  0.004726
Viscosity:  0.001194
Update:     0.000097

Forces:     0.000053
Candidates: 0.000089
Neighbors:  0.008285
Iterations: 0.044284
Vorticity:  0.004739
Viscosity:  0.001201
Update:     0.000077

Forces:     0.000050
Candidates: 0.000086
Neighbors:  0.008246
Iterations: 0.044444
Vorticity:  0.004759
Viscosity:  0.001203
Update:     0.000068

Forces:     0.000048
Candidates: 0.000089
Neighbors:  0.008356
Iterations: 0.044604
Vorticity:  0.004775
Viscosity:  0.001211
Update:     0.000068

Forces:     0.000051
Candidates: 0.000092
Neighbors:  0.008307
Iterations: 0.044779
Vorticity:  0.004790
Viscosity:  0.001214
Update:     0.000071

Forces:     0.000072
Candidates: 0.000198
Neighbors:  0.008397
Iterations: 0.044817
Vorticity:  0.004796
Viscosity:  0.001213
Update:     0.000096

Forces:     0.000052
Candidates: 0.000089
Neighbors:  0.008384
Iterations: 0.044912
Vorticity:  0.004808
Viscosity:  0.001215
Update:     0.000067

Forces:     0.000051
Candidates: 0.000090
Neighbors:  0.008329
Iterations: 0.044975
Vorticity:  0.004818
Viscosity:  0.001225
Update:     0.000069

Forces:     0.000050
Candidates: 0.000090
Neighbors:  0.008397
Iterations: 0.045106
Vorticity:  0.004829
Viscosity:  0.001231
Update:     0.000066

Forces:     0.000052
Candidates: 0.000091
Neighbors:  0.008392
Iterations: 0.045273
Vorticity:  0.004846
Viscosity:  0.001231
Update:     0.000067

Forces:     0.000084
Candidates: 0.000198
Neighbors:  0.008358
Iterations: 0.045414
Vorticity:  0.004861
Viscosity:  0.001235
Update:     0.000095

Forces:     0.000047
Candidates: 0.000089
Neighbors:  0.008445
Iterations: 0.045480
Vorticity:  0.004867
Viscosity:  0.001235
Update:     0.000067

Forces:     0.000048
Candidates: 0.000090
Neighbors:  0.008438
Iterations: 0.045569
Vorticity:  0.004875
Viscosity:  0.001244
Update:     0.000067

Forces:     0.000052
Candidates: 0.000089
Neighbors:  0.008388
Iterations: 0.045666
Vorticity:  0.004885
Viscosity:  0.001243
Update:     0.000073

Forces:     0.000051
Candidates: 0.000091
Neighbors:  0.008480
Iterations: 0.045748
Vorticity:  0.004897
Viscosity:  0.001246
Update:     0.000067

Forces:     0.000081
Candidates: 0.000195
Neighbors:  0.008407
Iterations: 0.045737
Vorticity:  0.004898
Viscosity:  0.001246
Update:     0.000099

Forces:     0.000049
Candidates: 0.000090
Neighbors:  0.008500
Iterations: 0.045798
Vorticity:  0.004903
Viscosity:  0.001248
Update:     0.000070

Forces:     0.000050
Candidates: 0.000087
Neighbors:  0.008477
Iterations: 0.045863
Vorticity:  0.004912
Viscosity:  0.001253
Update:     0.000066

Forces:     0.000053
Candidates: 0.000088
Neighbors:  0.008423
Iterations: 0.045895
Vorticity:  0.004916
Viscosity:  0.001247
Update:     0.000077

Forces:     0.000050
Candidates: 0.000094
Neighbors:  0.008400
Iterations: 0.045886
Vorticity:  0.004912
Viscosity:  0.001254
Update:     0.000074

Forces:     0.000075
Candidates: 0.000189
Neighbors:  0.008431
Iterations: 0.045908
Vorticity:  0.004919
Viscosity:  0.001254
Update:     0.000095

Forces:     0.000049
Candidates: 0.000093
Neighbors:  0.008416
Iterations: 0.045926
Vorticity:  0.004919
Viscosity:  0.001260
Update:     0.000069

Forces:     0.000048
Candidates: 0.000091
Neighbors:  0.008411
Iterations: 0.045940
Vorticity:  0.004919
Viscosity:  0.001256
Update:     0.000070

Forces:     0.000048
Candidates: 0.000091
Neighbors:  0.008416
Iterations: 0.045893
Vorticity:  0.004913
Viscosity:  0.001257
Update:     0.000071

Forces:     0.000049
Candidates: 0.000092
Neighbors:  0.008419
Iterations: 0.045818
Vorticity:  0.004908
Viscosity:  0.001259
Update:     0.000069

Forces:     0.000079
Candidates: 0.000193
Neighbors:  0.008425
Iterations: 0.045769
Vorticity:  0.004902
Viscosity:  0.001251
Update:     0.000098

Forces:     0.000051
Candidates: 0.000092
Neighbors:  0.008518
Iterations: 0.045727
Vorticity:  0.004900
Viscosity:  0.001248
Update:     0.000070

Forces:     0.000050
Candidates: 0.000091
Neighbors:  0.008467
Iterations: 0.045704
Vorticity:  0.004893
Viscosity:  0.001253
Update:     0.000068

Forces:     0.000048
Candidates: 0.000088
Neighbors:  0.008428
Iterations: 0.045647
Vorticity:  0.004888
Viscosity:  0.001250
Update:     0.000068

Forces:     0.000046
Candidates: 0.000090
Neighbors:  0.008512
Iterations: 0.045551
Vorticity:  0.004879
Viscosity:  0.001253
Update:     0.000070

Forces:     0.000081
Candidates: 0.000198
Neighbors:  0.008503
Iterations: 0.045582
Vorticity:  0.004885
Viscosity:  0.001259
Update:     0.000094

Forces:     0.000049
Candidates: 0.000090
Neighbors:  0.008436
Iterations: 0.045547
Vorticity:  0.004884
Viscosity:  0.001250
Update:     0.000071

Forces:     0.000049
Candidates: 0.000090
Neighbors:  0.008400
Iterations: 0.045383
Vorticity:  0.004861
Viscosity:  0.001249
Update:     0.000066

Forces:     0.000050
Candidates: 0.000097
Neighbors:  0.008498
Iterations: 0.045304
Vorticity:  0.004852
Viscosity:  0.001255
Update:     0.000064

Forces:     0.000050
Candidates: 0.000089
Neighbors:  0.008429
Iterations: 0.045147
Vorticity:  0.004834
Viscosity:  0.001247
Update:     0.000071

Forces:     0.000076
Candidates: 0.000189
Neighbors:  0.008511
Iterations: 0.045034
Vorticity:  0.004825
Viscosity:  0.001249
Update:     0.000095

Forces:     0.000048
Candidates: 0.000091
Neighbors:  0.008469
Iterations: 0.044874
Vorticity:  0.004805
Viscosity:  0.001247
Update:     0.000067

Forces:     0.000048
Candidates: 0.000092
Neighbors:  0.008411
Iterations: 0.044722
Vorticity:  0.004790
Viscosity:  0.001241
Update:     0.000071

Forces:     0.000045
Candidates: 0.000092
Neighbors:  0.008385
Iterations: 0.044551
Vorticity:  0.004777
Viscosity:  0.001240
Update:     0.000069

Forces:     0.000049
Candidates: 0.000090
Neighbors:  0.008470
Iterations: 0.044447
Vorticity:  0.004761
Viscosity:  0.001232
Update:     0.000069

Forces:     0.000077
Candidates: 0.000190
Neighbors:  0.008404
Iterations: 0.044309
Vorticity:  0.004744
Viscosity:  0.001234
Update:     0.000096

Forces:     0.000048
Candidates: 0.000094
Neighbors:  0.008361
Iterations: 0.044060
Vorticity:  0.004725
Viscosity:  0.001215
Update:     0.000068

Forces:     0.000048
Candidates: 0.000095
Neighbors:  0.008353
Iterations: 0.043801
Vorticity:  0.004694
Viscosity:  0.001217
Update:     0.000062

Forces:     0.000047
Candidates: 0.000089
Neighbors:  0.008444
Iterations: 0.043672
Vorticity:  0.004678
Viscosity:  0.001209
Update:     0.000064

Forces:     0.000050
Candidates: 0.000090
Neighbors:  0.008425
Iterations: 0.043606
Vorticity:  0.004666
Viscosity:  0.001206
Update:     0.000059

Forces:     0.000071
Candidates: 0.000197
Neighbors:  0.008424
Iterations: 0.043520
Vorticity:  0.004650
Viscosity:  0.001200
Update:     0.000096

Forces:     0.000048
Candidates: 0.000091
Neighbors:  0.008401
Iterations: 0.043510
Vorticity:  0.004642
Viscosity:  0.001193
Update:     0.000067

Forces:     0.000046
Candidates: 0.000091
Neighbors:  0.008342
Iterations: 0.043451
Vorticity:  0.004635
Viscosity:  0.001191
Update:     0.000064

Forces:     0.000046
Candidates: 0.000089
Neighbors:  0.008325
Iterations: 0.043320
Vorticity:  0.004615
Viscosity:  0.001184
Update:     0.000064

Forces:     0.000044
Candidates: 0.000089
Neighbors:  0.008310
Iterations: 0.043265
Vorticity:  0.004608
Viscosity:  0.001180
Update:     0.000060

Forces:     0.000069
Candidates: 0.000200
Neighbors:  0.008321
Iterations: 0.043258
Vorticity:  0.004616
Viscosity:  0.001187
Update:     0.000097

Forces:     0.000044
Candidates: 0.000092
Neighbors:  0.008378
Iterations: 0.043173
Vorticity:  0.004613
Viscosity:  0.001184
Update:     0.000066

Forces:     0.000047
Candidates: 0.000091
Neighbors:  0.008332
Iterations: 0.043054
Vorticity:  0.004604
Viscosity:  0.001182
Update:     0.000063

Forces:     0.000044
Candidates: 0.000091
Neighbors:  0.008280
Iterations: 0.043876
Vorticity:  0.004597
Viscosity:  0.001175
Update:     0.000135

Forces:     0.000097
Candidates: 0.000092
Neighbors:  0.008408
Iterations: 0.042908
Vorticity:  0.004592
Viscosity:  0.001182
Update:     0.000060

Forces:     0.000073
Candidates: 0.000203
Neighbors:  0.008272
Iterations: 0.042793
Vorticity:  0.004574
Viscosity:  0.001174
Update:     0.000100

Forces:     0.000046
Candidates: 0.000091
Neighbors:  0.008219
Iterations: 0.044178
Vorticity:  0.004568
Viscosity:  0.001176
Update:     0.000063

Forces:     0.000046
Candidates: 0.000090
Neighbors:  0.008322
Iterations: 0.042611
Vorticity:  0.004557
Viscosity:  0.001172
Update:     0.000057

Forces:     0.000044
Candidates: 0.000090
Neighbors:  0.008288
Iterations: 0.042556
Vorticity:  0.004542
Viscosity:  0.001172
Update:     0.000060

Forces:     0.000043
Candidates: 0.000092
Neighbors:  0.008271
Iterations: 0.042497
Vorticity:  0.004541
Viscosity:  0.001162
Update:     0.000058

Forces:     0.000080
Candidates: 0.000198
Neighbors:  0.008293
Iterations: 0.042345
Vorticity:  0.004527
Viscosity:  0.001167
Update:     0.000092

Forces:     0.000044
Candidates: 0.000091
Neighbors:  0.008221
Iterations: 0.042277
Vorticity:  0.004510
Viscosity:  0.001155
Update:     0.000058

Forces:     0.000039
Candidates: 0.000092
Neighbors:  0.008263
Iterations: 0.042148
Vorticity:  0.004502
Viscosity:  0.001154
Update:     0.000059

Forces:     0.000044
Candidates: 0.000090
Neighbors:  0.008237
Iterations: 0.042059
Vorticity:  0.004485
Viscosity:  0.001158
Update:     0.000058

Forces:     0.000043
Candidates: 0.000088
Neighbors:  0.008191
Iterations: 0.041974
Vorticity:  0.004477
Viscosity:  0.001155
Update:     0.000060

Forces:     0.000070
Candidates: 0.000193
Neighbors:  0.008289
Iterations: 0.041877
Vorticity:  0.004467
Viscosity:  0.001154
Update:     0.000093

Forces:     0.000044
Candidates: 0.000090
Neighbors:  0.008196
Iterations: 0.041817
Vorticity:  0.004455
Viscosity:  0.001153
Update:     0.000055

Forces:     0.000042
Candidates: 0.000088
Neighbors:  0.008157
Iterations: 0.041692
Vorticity:  0.004442
Viscosity:  0.001152
Update:     0.000055

Forces:     0.000040
Candidates: 0.000101
Neighbors:  0.008245
Iterations: 0.041605
Vorticity:  0.004439
Viscosity:  0.001142
Update:     0.000057

Forces:     0.000041
Candidates: 0.000089
Neighbors:  0.008213
Iterations: 0.041469
Vorticity:  0.004422
Viscosity:  0.001152
Update:     0.000064

Forces:     0.000070
Candidates: 0.000191
Neighbors:  0.008222
Iterations: 0.041326
Vorticity:  0.004411
Viscosity:  0.001141
Update:     0.000091

Forces:     0.000041
Candidates: 0.000094
Neighbors:  0.008134
Iterations: 0.041167
Vorticity:  0.004389
Viscosity:  0.001141
Update:     0.000057

Forces:     0.000043
Candidates: 0.000086
Neighbors:  0.008193
Iterations: 0.040983
Vorticity:  0.004377
Viscosity:  0.001133
Update:     0.000053

Forces:     0.000042
Candidates: 0.000091
Neighbors:  0.008160
Iterations: 0.040857
Vorticity:  0.004371
Viscosity:  0.001136
Update:     0.000056

Forces:     0.000041
Candidates: 0.000091
Neighbors:  0.008121
Iterations: 0.040729
Vorticity:  0.004359
Viscosity:  0.001127
Update:     0.000056

Forces:     0.000075
Candidates: 0.000197
Neighbors:  0.008124
Iterations: 0.040687
Vorticity:  0.004351
Viscosity:  0.001134
Update:     0.000092

Forces:     0.000044
Candidates: 0.000088
Neighbors:  0.008075
Iterations: 0.040530
Vorticity:  0.004330
Viscosity:  0.001119
Update:     0.000054

Forces:     0.000038
Candidates: 0.000091
Neighbors:  0.008136
Iterations: 0.040440
Vorticity:  0.004325
Viscosity:  0.001116
Update:     0.000051

Forces:     0.000041
Candidates: 0.000089
Neighbors:  0.008091
Iterations: 0.040341
Vorticity:  0.004317
Viscosity:  0.001114
Update:     0.000056

Forces:     0.000042
Candidates: 0.000097
Neighbors:  0.008023
Iterations: 0.040219
Vorticity:  0.004293
Viscosity:  0.001110
Update:     0.000052

Forces:     0.000062
Candidates: 0.000206
Neighbors:  0.008041
Iterations: 0.040028
Vorticity:  0.004279
Viscosity:  0.001106
Update:     0.000091

Forces:     0.000038
Candidates: 0.000090
Neighbors:  0.008091
Iterations: 0.039926
Vorticity:  0.004262
Viscosity:  0.001107
Update:     0.000054

Forces:     0.000038
Candidates: 0.000092
Neighbors:  0.008008
Iterations: 0.039801
Vorticity:  0.004250
Viscosity:  0.001100
Update:     0.000060

Forces:     0.000040
Candidates: 0.000089
Neighbors:  0.008073
Iterations: 0.039692
Vorticity:  0.004239
Viscosity:  0.001098
Update:     0.000049

Forces:     0.000041
Candidates: 0.000088
Neighbors:  0.007987
Iterations: 0.039557
Vorticity:  0.004223
Viscosity:  0.001097
Update:     0.000052

Forces:     0.000060
Candidates: 0.000198
Neighbors:  0.008070
Iterations: 0.039382
Vorticity:  0.004197
Viscosity:  0.001096
Update:     0.000095

Forces:     0.000039
Candidates: 0.000089
Neighbors:  0.007956
Iterations: 0.039333
Vorticity:  0.004185
Viscosity:  0.001091
Update:     0.000051

Forces:     0.000038
Candidates: 0.000090
Neighbors:  0.008016
Iterations: 0.039246
Vorticity:  0.004178
Viscosity:  0.001092
Update:     0.000052

Forces:     0.000041
Candidates: 0.000089
Neighbors:  0.007968
Iterations: 0.039122
Vorticity:  0.004164
Viscosity:  0.001087
Update:     0.000049

Forces:     0.000038
Candidates: 0.000089
Neighbors:  0.007902
Iterations: 0.038952
Vorticity:  0.004141
Viscosity:  0.001085
Update:     0.000052

Forces:     0.000062
Candidates: 0.000199
Neighbors:  0.007872
Iterations: 0.038818
Vorticity:  0.004121
Viscosity:  0.001081
Update:     0.000092

Forces:     0.000039
Candidates: 0.000090
Neighbors:  0.007851
Iterations: 0.038628
Vorticity:  0.004114
Viscosity:  0.001076
Update:     0.000052

Forces:     0.000040
Candidates: 0.000095
Neighbors:  0.007820
Iterations: 0.038435
Vorticity:  0.004098
Viscosity:  0.001076
Update:     0.000048

Forces:     0.000035
Candidates: 0.000090
Neighbors:  0.007777
Iterations: 0.038361
Vorticity:  0.004077
Viscosity:  0.001084
Update:     0.000055

Forces:     0.000037
Candidates: 0.000089
Neighbors:  0.007876
Iterations: 0.038140
Vorticity:  0.004064
Viscosity:  0.001071
Update:     0.000053

Forces:     0.000063
Candidates: 0.000194
Neighbors:  0.007786
Iterations: 0.038039
Vorticity:  0.004052
Viscosity:  0.001064
Update:     0.000092

Forces:     0.000036
Candidates: 0.000094
Neighbors:  0.007749
Iterations: 0.037802
Vorticity:  0.004022
Viscosity:  0.001062
Update:     0.000052

Forces:     0.000037
Candidates: 0.000089
Neighbors:  0.007817
Iterations: 0.037604
Vorticity:  0.004015
Viscosity:  0.001054
Update:     0.000050

Forces:     0.000039
Candidates: 0.000089
Neighbors:  0.007736
Iterations: 0.037423
Vorticity:  0.003986
Viscosity:  0.001053
Update:     0.000053

Forces:     0.000039
Candidates: 0.000090
Neighbors:  0.007789
Iterations: 0.037167
Vorticity:  0.003982
Viscosity:  0.001046
Update:     0.000055

Forces:     0.000062
Candidates: 0.000194
Neighbors:  0.007744
Iterations: 0.036934
Vorticity:  0.003942
Viscosity:  0.001043
Update:     0.000092

Forces:     0.000042
Candidates: 0.000091
Neighbors:  0.007706
Iterations: 0.036725
Vorticity:  0.003920
Viscosity:  0.001046
Update:     0.000046

Forces:     0.000039
Candidates: 0.000090
Neighbors:  0.007685
Iterations: 0.036505
Vorticity:  0.003898
Viscosity:  0.001031
Update:     0.000046

Forces:     0.000038
Candidates: 0.000092
Neighbors:  0.007663
Iterations: 0.036317
Vorticity:  0.003875
Viscosity:  0.001026
Update:     0.000046

Forces:     0.000038
Candidates: 0.000088
Neighbors:  0.007636
Iterations: 0.036129
Vorticity:  0.003852
Viscosity:  0.001019
Update:     0.000047

Forces:     0.000061
Candidates: 0.000192
Neighbors:  0.007688
Iterations: 0.035891
Vorticity:  0.003826
Viscosity:  0.001013
Update:     0.000092

Forces:     0.000039
Candidates: 0.000090
Neighbors:  0.007589
Iterations: 0.035668
Vorticity:  0.003806
Viscosity:  0.001009
Update:     0.000053

Forces:     0.000034
Candidates: 0.000091
Neighbors:  0.007551
Iterations: 0.035489
Vorticity:  0.003790
Viscosity:  0.001001
Update:     0.000049

Forces:     0.000035
Candidates: 0.000090
Neighbors:  0.007537
Iterations: 0.035341
Vorticity:  0.003773
Viscosity:  0.000996
Update:     0.000048

Forces:     0.000037
Candidates: 0.000090
Neighbors:  0.007603
Iterations: 0.035207
Vorticity:  0.003760
Viscosity:  0.000996
Update:     0.000049

Forces:     0.000060
Candidates: 0.000202
Neighbors:  0.007506
Iterations: 0.035042
Vorticity:  0.003740
Viscosity:  0.000993
Update:     0.000091

Forces:     0.000035
Candidates: 0.000090
Neighbors:  0.007468
Iterations: 0.034910
Vorticity:  0.003714
Viscosity:  0.000989
Update:     0.000050

Forces:     0.000035
Candidates: 0.000089
Neighbors:  0.007524
Iterations: 0.034762
Vorticity:  0.003704
Viscosity:  0.000983
Update:     0.000051

Forces:     0.000037
Candidates: 0.000110
Neighbors:  0.007444
Iterations: 0.034579
Vorticity:  0.003686
Viscosity:  0.000980
Update:     0.000046

Forces:     0.000035
Candidates: 0.000091
Neighbors:  0.007485
Iterations: 0.034436
Vorticity:  0.003668
Viscosity:  0.000984
Update:     0.000048

Forces:     0.000063
Candidates: 0.000194
Neighbors:  0.007422
Iterations: 0.034323
Vorticity:  0.003654
Viscosity:  0.000980
Update:     0.000093

Forces:     0.000038
Candidates: 0.000098
Neighbors:  0.007449
Iterations: 0.034221
Vorticity:  0.003644
Viscosity:  0.000978
Update:     0.000047

Forces:     0.000037
Candidates: 0.000089
Neighbors:  0.007414
Iterations: 0.034086
Vorticity:  0.003630
Viscosity:  0.000976
Update:     0.000045

Forces:     0.000038
Candidates: 0.000091
Neighbors:  0.007408
Iterations: 0.034046
Vorticity:  0.003635
Viscosity:  0.000971
Update:     0.000047

Forces:     0.000035
Candidates: 0.000092
Neighbors:  0.007355
Iterations: 0.034016
Vorticity:  0.003630
Viscosity:  0.000973
Update:     0.000049

Forces:     0.000059
Candidates: 0.000207
Neighbors:  0.007318
Iterations: 0.034683
Vorticity:  0.003632
Viscosity:  0.000976
Update:     0.000098

Forces:     0.000051
Candidates: 0.000097
Neighbors:  0.007439
Iterations: 0.034003
Vorticity:  0.003629
Viscosity:  0.000972
Update:     0.000047

Forces:     0.000037
Candidates: 0.000092
Neighbors:  0.007364
Iterations: 0.034017
Vorticity:  0.003627
Viscosity:  0.000967
Update:     0.000048

Forces:     0.000036
Candidates: 0.000092
Neighbors:  0.007327
Iterations: 0.034080
Vorticity:  0.003625
Viscosity:  0.000976
Update:     0.000046

Forces:     0.000035
Candidates: 0.000090
Neighbors:  0.007295
Iterations: 0.034054
Vorticity:  0.003629
Viscosity:  0.000975
Update:     0.000048

Forces:     0.000054
Candidates: 0.000195
Neighbors:  0.007247
Iterations: 0.033815
Vorticity:  0.003627
Viscosity:  0.000973
Update:     0.000090

Forces:     0.000038
Candidates: 0.000091
Neighbors:  0.007287
Iterations: 0.033896
Vorticity:  0.003618
Viscosity:  0.000968
Update:     0.000046

Forces:     0.000034
Candidates: 0.000090
Neighbors:  0.007356
Iterations: 0.033874
Vorticity:  0.003612
Viscosity:  0.000964
Update:     0.000047

Forces:     0.000037
Candidates: 0.000089
Neighbors:  0.007275
Iterations: 0.033888
Vorticity:  0.003618
Viscosity:  0.000967
Update:     0.000046

Forces:     0.000035
Candidates: 0.000092
Neighbors:  0.007328
Iterations: 0.033822
Vorticity:  0.003611
Viscosity:  0.000971
Update:     0.000047

Forces:     0.000056
Candidates: 0.000200
Neighbors:  0.007210
Iterations: 0.033603
Vorticity:  0.003612
Viscosity:  0.000966
Update:     0.000091

Forces:     0.000033
Candidates: 0.000091
Neighbors:  0.007248
Iterations: 0.033835
Vorticity:  0.003610
Viscosity:  0.000965
Update:     0.000046

Forces:     0.000037
Candidates: 0.000090
Neighbors:  0.007222
Iterations: 0.033809
Vorticity:  0.003610
Viscosity:  0.000968
Update:     0.000050

Forces:     0.000037
Candidates: 0.000090
Neighbors:  0.007211
Iterations: 0.033753
Vorticity:  0.003603
Viscosity:  0.000959
Update:     0.000047

Forces:     0.000035
Candidates: 0.000091
Neighbors:  0.007194
Iterations: 0.033691
Vorticity:  0.003597
Viscosity:  0.000968
Update:     0.000047

Forces:     0.000053
Candidates: 0.000196
Neighbors:  0.007256
Iterations: 0.033632
Vorticity:  0.003592
Viscosity:  0.000967
Update:     0.000097

Forces:     0.000037
Candidates: 0.000093
Neighbors:  0.007179
Iterations: 0.033567
Vorticity:  0.003587
Viscosity:  0.000965
Update:     0.000045

Forces:     0.000037
Candidates: 0.000092
Neighbors:  0.007245
Iterations: 0.033544
Vorticity:  0.003584
Viscosity:  0.000960
Update:     0.000048

Forces:     0.000038
Candidates: 0.000096
Neighbors:  0.007174
Iterations: 0.033470
Vorticity:  0.003577
Viscosity:  0.000959
Update:     0.000046

Forces:     0.000032
Candidates: 0.000094
Neighbors:  0.007218
Iterations: 0.033419
Vorticity:  0.003567
Viscosity:  0.000963
Update:     0.000045

Forces:     0.000055
Candidates: 0.000196
Neighbors:  0.007246
Iterations: 0.033413
Vorticity:  0.003569
Viscosity:  0.000957
Update:     0.000093

Forces:     0.000036
Candidates: 0.000092
Neighbors:  0.007175
Iterations: 0.033354
Vorticity:  0.003562
Viscosity:  0.000952
Update:     0.000049

Forces:     0.000037
Candidates: 0.000092
Neighbors:  0.007168
Iterations: 0.033286
Vorticity:  0.003553
Viscosity:  0.000949
Update:     0.000043

Forces:     0.000035
Candidates: 0.000091
Neighbors:  0.007163
Iterations: 0.033225
Vorticity:  0.003543
Viscosity:  0.000949
Update:     0.000047

Forces:     0.000034
Candidates: 0.000093
Neighbors:  0.007123
Iterations: 0.033143
Vorticity:  0.003539
Viscosity:  0.000947
Update:     0.000045

Forces:     0.000054
Candidates: 0.000202
Neighbors:  0.007176
Iterations: 0.033073
Vorticity:  0.003533
Viscosity:  0.000947
Update:     0.000091

Forces:     0.000035
Candidates: 0.000092
Neighbors:  0.007090
Iterations: 0.032987
Vorticity:  0.003521
Viscosity:  0.000946
Update:     0.000045

Forces:     0.000034
Candidates: 0.000092
Neighbors:  0.007159
Iterations: 0.032966
Vorticity:  0.003519
Viscosity:  0.000945
Update:     0.000044

Forces:     0.000036
Candidates: 0.000093
Neighbors:  0.007115
Iterations: 0.032856
Vorticity:  0.003509
Viscosity:  0.000942
Update:     0.000044

Forces:     0.000040
Candidates: 0.000100
Neighbors:  0.007077
Iterations: 0.032744
Vorticity:  0.003500
Viscosity:  0.000938
Update:     0.000046

Forces:     0.000056
Candidates: 0.000200
Neighbors:  0.007138
Iterations: 0.032676
Vorticity:  0.003491
Viscosity:  0.000940
Update:     0.000089

Forces:     0.000035
Candidates: 0.000089
Neighbors:  0.007033
Iterations: 0.032582
Vorticity:  0.003478
Viscosity:  0.000934
Update:     0.000046

Forces:     0.000033
Candidates: 0.000096
Neighbors:  0.007114
Iterations: 0.032522
Vorticity:  0.003472
Viscosity:  0.000934
Update:     0.000045

Forces:     0.000035
Candidates: 0.000090
Neighbors:  0.007045
Iterations: 0.032415
Vorticity:  0.003458
Viscosity:  0.000931
Update:     0.000044

Forces:     0.000035
Candidates: 0.000092
Neighbors:  0.007100
Iterations: 0.032320
Vorticity:  0.003452
Viscosity:  0.000930
Update:     0.000046

Forces:     0.000053
Candidates: 0.000195
Neighbors:  0.007112
Iterations: 0.032248
Vorticity:  0.003445
Viscosity:  0.000926
Update:     0.000092

Forces:     0.000035
Candidates: 0.000089
Neighbors:  0.007041
Iterations: 0.032129
Vorticity:  0.003429
Viscosity:  0.000925
Update:     0.000046

Forces:     0.000035
Candidates: 0.000090
Neighbors:  0.007044
Iterations: 0.032038
Vorticity:  0.003419
Viscosity:  0.000920
Update:     0.000047

Forces:     0.000037
Candidates: 0.000099
Neighbors:  0.007034
Iterations: 0.031922
Vorticity:  0.003409
Viscosity:  0.000920
Update:     0.000044

Forces:     0.000035
Candidates: 0.000092
Neighbors:  0.007010
Iterations: 0.031846
Vorticity:  0.003398
Viscosity:  0.000921
Update:     0.000045

Forces:     0.000056
Candidates: 0.000213
Neighbors:  0.007084
Iterations: 0.031744
Vorticity:  0.003396
Viscosity:  0.000917
Update:     0.000089

Forces:     0.000037
Candidates: 0.000093
Neighbors:  0.007028
Iterations: 0.031692
Vorticity:  0.003381
Viscosity:  0.000913
Update:     0.000046

Forces:     0.000035
Candidates: 0.000093
Neighbors:  0.007007
Iterations: 0.031565
Vorticity:  0.003371
Viscosity:  0.000912
Update:     0.000045

Forces:     0.000034
Candidates: 0.000093
Neighbors:  0.006996
Iterations: 0.031478
Vorticity:  0.003363
Viscosity:  0.000908
Update:     0.000045

Forces:     0.000035
Candidates: 0.000091
Neighbors:  0.006953
Iterations: 0.031383
Vorticity:  0.003356
Viscosity:  0.000909
Update:     0.000047

Forces:     0.000053
Candidates: 0.000196
Neighbors:  0.007007
Iterations: 0.031270
Vorticity:  0.003345
Viscosity:  0.000907
Update:     0.000086

Forces:     0.000034
Candidates: 0.000092
Neighbors:  0.007016
Iterations: 0.031202
Vorticity:  0.003334
Viscosity:  0.000904
Update:     0.000048

Forces:     0.000035
Candidates: 0.000090
Neighbors:  0.006975
Iterations: 0.031171
Vorticity:  0.003327
Viscosity:  0.000906
Update:     0.000049

Forces:     0.000038
Candidates: 0.000092
Neighbors:  0.006969
Iterations: 0.031080
Vorticity:  0.003322
Viscosity:  0.000903
Update:     0.000050

Forces:     0.000036
Candidates: 0.000104
Neighbors:  0.006928
Iterations: 0.031007
Vorticity:  0.003312
Viscosity:  0.000904
Update:     0.000048

Forces:     0.000056
Candidates: 0.000193
Neighbors:  0.006876
Iterations: 0.030913
Vorticity:  0.003307
Viscosity:  0.000894
Update:     0.000092

Forces:     0.000034
Candidates: 0.000101
Neighbors:  0.006917
Iterations: 0.030890
Vorticity:  0.003306
Viscosity:  0.000896
Update:     0.000045

Forces:     0.000032
Candidates: 0.000092
Neighbors:  0.006960
Iterations: 0.030803
Vorticity:  0.003292
Viscosity:  0.000894
Update:     0.000046

Forces:     0.000035
Candidates: 0.000092
Neighbors:  0.006898
Iterations: 0.042924
Vorticity:  0.003282
Viscosity:  0.000891
Update:     0.000065

Forces:     0.000054
Candidates: 0.000091
Neighbors:  0.007007
Iterations: 0.030633
Vorticity:  0.003277
Viscosity:  0.000887
Update:     0.000047

Forces:     0.000050
Candidates: 0.000196
Neighbors:  0.006879
Iterations: 0.030487
Vorticity:  0.003264
Viscosity:  0.000887
Update:     0.000091

Forces:     0.000033
Candidates: 0.000101
Neighbors:  0.006868
Iterations: 0.030472
Vorticity:  0.003259
Viscosity:  0.000881
Update:     0.000042

Forces:     0.000035
Candidates: 0.000093
Neighbors:  0.006873
Iterations: 0.030443
Vorticity:  0.003252
Viscosity:  0.000882
Update:     0.000045

Forces:     0.000031
Candidates: 0.000094
Neighbors:  0.006862
Iterations: 0.030413
Vorticity:  0.003248
Viscosity:  0.000880
Update:     0.000044

Forces:     0.000035
Candidates: 0.000089
Neighbors:  0.006959
Iterations: 0.030410
Vorticity:  0.003239
Viscosity:  0.000880
Update:     0.000046

Forces:     0.000056
Candidates: 0.000198
Neighbors:  0.006899
Iterations: 0.030326
Vorticity:  0.003241
Viscosity:  0.000880
Update:     0.000095

Forces:     0.000033
Candidates: 0.000093
Neighbors:  0.006957
Iterations: 0.030295
Vorticity:  0.003232
Viscosity:  0.000877
Update:     0.000044

Forces:     0.000035
Candidates: 0.000091
Neighbors:  0.006891
Iterations: 0.030256
Vorticity:  0.003228
Viscosity:  0.000882
Update:     0.000046

Forces:     0.000035
Candidates: 0.000093
Neighbors:  0.006969
Iterations: 0.030213
Vorticity:  0.003227
Viscosity:  0.000881
Update:     0.000044

Forces:     0.000035
Candidates: 0.000092
Neighbors:  0.006929
Iterations: 0.030184
Vorticity:  0.003225
Viscosity:  0.000881
Update:     0.000043

Forces:     0.000052
Candidates: 0.000202
Neighbors:  0.006898
Iterations: 0.030193
Vorticity:  0.003227
Viscosity:  0.000885
Update:     0.000091

Forces:     0.000033
Candidates: 0.000091
Neighbors:  0.006960
Iterations: 0.030172
Vorticity:  0.003230
Viscosity:  0.000885
Update:     0.000043

Forces:     0.000035
Candidates: 0.000094
Neighbors:  0.006935
Iterations: 0.030169
Vorticity:  0.003233
Viscosity:  0.000884
Update:     0.000043

Forces:     0.000034
Candidates: 0.000094
Neighbors:  0.006883
Iterations: 0.030161
Vorticity:  0.003229
Viscosity:  0.000879
Update:     0.000043

Forces:     0.000032
Candidates: 0.000097
Neighbors:  0.006958
Iterations: 0.030155
Vorticity:  0.003231
Viscosity:  0.000883
Update:     0.000045

Forces:     0.000052
Candidates: 0.000194
Neighbors:  0.006915
Iterations: 0.030192
Vorticity:  0.003234
Viscosity:  0.000884
Update:     0.000090

Forces:     0.000035
Candidates: 0.000091
Neighbors:  0.006894
Iterations: 0.030205
Vorticity:  0.003236
Viscosity:  0.000885
Update:     0.000044

Forces:     0.000033
Candidates: 0.000091
Neighbors:  0.006895
Iterations: 0.030228
Vorticity:  0.003235
Viscosity:  0.000885
Update:     0.000043

Forces:     0.000031
Candidates: 0.000095
Neighbors:  0.006890
Iterations: 0.030249
Vorticity:  0.003237
Viscosity:  0.000886
Update:     0.000041

Forces:     0.000033
Candidates: 0.000094
Neighbors:  0.006899
Iterations: 0.030283
Vorticity:  0.003238
Viscosity:  0.000887
Update:     0.000045

Forces:     0.000056
Candidates: 0.000197
Neighbors:  0.007005
Iterations: 0.030313
Vorticity:  0.003245
Viscosity:  0.000888
Update:     0.000091

Forces:     0.000034
Candidates: 0.000096
Neighbors:  0.006967
Iterations: 0.030310
Vorticity:  0.003247
Viscosity:  0.000890
Update:     0.000043

Forces:     0.000033
Candidates: 0.000092
Neighbors:  0.006937
Iterations: 0.030320
Vorticity:  0.003249
Viscosity:  0.000885
Update:     0.000046

Forces:     0.000031
Candidates: 0.000091
Neighbors:  0.007009
Iterations: 0.030313
Vorticity:  0.003250
Viscosity:  0.000891
Update:     0.000045

Forces:     0.000034
Candidates: 0.000092
Neighbors:  0.006997
Iterations: 0.030371
Vorticity:  0.003252
Viscosity:  0.000888
Update:     0.000041

Forces:     0.000051
Candidates: 0.000202
Neighbors:  0.007016
Iterations: 0.030386
Vorticity:  0.003255
Viscosity:  0.000885
Update:     0.000087

Forces:     0.000034
Candidates: 0.000093
Neighbors:  0.006978
Iterations: 0.030412
Vorticity:  0.003253
Viscosity:  0.000889
Update:     0.000043

Forces:     0.000032
Candidates: 0.000093
Neighbors:  0.007046
Iterations: 0.030433
Vorticity:  0.003256
Viscosity:  0.000894
Update:     0.000045

Forces:     0.000037
Candidates: 0.000092
Neighbors:  0.007032
Iterations: 0.030422
Vorticity:  0.003258
Viscosity:  0.000885
Update:     0.000048

Forces:     0.000036
Candidates: 0.000091
Neighbors:  0.007031
Iterations: 0.030426
Vorticity:  0.003260
Viscosity:  0.000892
Update:     0.000043

Forces:     0.000051
Candidates: 0.000195
Neighbors:  0.007020
Iterations: 0.030458
Vorticity:  0.003264
Viscosity:  0.000894
Update:     0.000089

Forces:     0.000032
Candidates: 0.000094
Neighbors:  0.006987
Iterations: 0.030451
Vorticity:  0.003263
Viscosity:  0.000888
Update:     0.000045

Forces:     0.000032
Candidates: 0.000100
Neighbors:  0.007073
Iterations: 0.030455
Vorticity:  0.003260
Viscosity:  0.000889
Update:     0.000047

Forces:     0.000036
Candidates: 0.000094
Neighbors:  0.007025
Iterations: 0.030494
Vorticity:  0.003262
Viscosity:  0.000897
Update:     0.000045

Forces:     0.000034
Candidates: 0.000091
Neighbors:  0.006996
Iterations: 0.030553
Vorticity:  0.003268
Viscosity:  0.000896
Update:     0.000043

Forces:     0.000051
Candidates: 0.000195
Neighbors:  0.007007
Iterations: 0.030574
Vorticity:  0.003274
Viscosity:  0.000897
Update:     0.000090

Forces:     0.000031
Candidates: 0.000094
Neighbors:  0.007008
Iterations: 0.030593
Vorticity:  0.003277
Viscosity:  0.000899
Update:     0.000043

Forces:     0.000030
Candidates: 0.000093
Neighbors:  0.007082
Iterations: 0.030620
Vorticity:  0.003275
Viscosity:  0.000900
Update:     0.000042

Forces:     0.000035
Candidates: 0.000091
Neighbors:  0.007062
Iterations: 0.030671
Vorticity:  0.003281
Viscosity:  0.000896
Update:     0.000045

Forces:     0.000032
Candidates: 0.000092
Neighbors:  0.007008
Iterations: 0.030687
Vorticity:  0.003286
Viscosity:  0.000898
Update:     0.000042

Forces:     0.000051
Candidates: 0.000197
Neighbors:  0.007008
Iterations: 0.030667
Vorticity:  0.003282
Viscosity:  0.000899
Update:     0.000093

Forces:     0.000037
Candidates: 0.000099
Neighbors:  0.006999
Iterations: 0.030702
Vorticity:  0.003288
Viscosity:  0.000897
Update:     0.000048

Forces:     0.000031
Candidates: 0.000095
Neighbors:  0.007059
Iterations: 0.030731
Vorticity:  0.003292
Viscosity:  0.000902
Update:     0.000046

Forces:     0.000034
Candidates: 0.000094
Neighbors:  0.007024
Iterations: 0.030761
Vorticity:  0.003292
Viscosity:  0.000897
Update:     0.000046

Forces:     0.000033
Candidates: 0.000092
Neighbors:  0.007078
Iterations: 0.031517
Vorticity:  0.003289
Viscosity:  0.000900
Update:     0.000128

Forces:     0.000091
Candidates: 0.000206
Neighbors:  0.007146
Iterations: 0.030786
Vorticity:  0.003296
Viscosity:  0.000903
Update:     0.000092

Forces:     0.000035
Candidates: 0.000094
Neighbors:  0.007020
Iterations: 0.030827
Vorticity:  0.003293
Viscosity:  0.000902
Update:     0.000043

Forces:     0.000031
Candidates: 0.000094
Neighbors:  0.006992
Iterations: 0.030821
Vorticity:  0.003313
Viscosity:  0.001018
Update:     0.000092

Forces:     0.000080
Candidates: 0.000105
Neighbors:  0.007139
Iterations: 0.031896
Vorticity:  0.003298
Viscosity:  0.000905
Update:     0.000061

Forces:     0.000051
Candidates: 0.000095
Neighbors:  0.007030
Iterations: 0.030809
Vorticity:  0.003298
Viscosity:  0.000902
Update:     0.000042

Forces:     0.000056
Candidates: 0.000199
Neighbors:  0.007003
Iterations: 0.030803
Vorticity:  0.003294
Viscosity:  0.000898
Update:     0.000089

Forces:     0.000036
Candidates: 0.000097
Neighbors:  0.007089
Iterations: 0.030791
Vorticity:  0.003298
Viscosity:  0.000908
Update:     0.000044

Forces:     0.000035
Candidates: 0.000092
Neighbors:  0.007024
Iterations: 0.030783
Vorticity:  0.003296
Viscosity:  0.000900
Update:     0.000044

Forces:     0.000033
Candidates: 0.000091
Neighbors:  0.007074
Iterations: 0.030790
Vorticity:  0.003297
Viscosity:  0.000902
Update:     0.000045

Forces:     0.000034
Candidates: 0.000091
Neighbors:  0.006998
Iterations: 0.030792
Vorticity:  0.003296
Viscosity:  0.000905
Update:     0.000046

Forces:     0.000056
Candidates: 0.000198
Neighbors:  0.007075
Iterations: 0.030796
Vorticity:  0.003298
Viscosity:  0.000902
Update:     0.000089

Forces:     0.000034
Candidates: 0.000095
Neighbors:  0.007021
Iterations: 0.030758
Vorticity:  0.003295
Viscosity:  0.000903
Update:     0.000046

Forces:     0.000035
Candidates: 0.000092
Neighbors:  0.007005
Iterations: 0.030729
Vorticity:  0.003291
Viscosity:  0.000900
Update:     0.000045

Forces:     0.000032
Candidates: 0.000098
Neighbors:  0.007005
Iterations: 0.030762
Vorticity:  0.003291
Viscosity:  0.000899
Update:     0.000044

Forces:     0.000037
Candidates: 0.000093
Neighbors:  0.006958
Iterations: 0.030765
Vorticity:  0.003291
Viscosity:  0.000905
Update:     0.000041

Forces:     0.000059
Candidates: 0.000202
Neighbors:  0.006946
Iterations: 0.030767
Vorticity:  0.003291
Viscosity:  0.000903
Update:     0.000086

Forces:     0.000032
Candidates: 0.000093
Neighbors:  0.006934
Iterations: 0.030726
Vorticity:  0.003291
Viscosity:  0.000904
Update:     0.000043

Forces:     0.000031
Candidates: 0.000092
Neighbors:  0.007013
Iterations: 0.030721
Vorticity:  0.003288
Viscosity:  0.000902
Update:     0.000047

Forces:     0.000033
Candidates: 0.000093
Neighbors:  0.006970
Iterations: 0.030731
Vorticity:  0.003287
Viscosity:  0.000903
Update:     0.000045

Forces:     0.000035
Candidates: 0.000093
Neighbors:  0.006967
Iterations: 0.030731
Vorticity:  0.003287
Viscosity:  0.000901
Update:     0.000045

Forces:     0.000057
Candidates: 0.000198
Neighbors:  0.007035
Iterations: 0.030735
Vorticity:  0.003291
Viscosity:  0.000903
Update:     0.000087

Forces:     0.000034
Candidates: 0.000103
Neighbors:  0.006978
Iterations: 0.030731
Vorticity:  0.003290
Viscosity:  0.000903
Update:     0.000047

Forces:     0.000034
Candidates: 0.000096
Neighbors:  0.006953
Iterations: 0.030723
Vorticity:  0.003288
Viscosity:  0.000900
Update:     0.000043

Forces:     0.000038
Candidates: 0.000108
Neighbors:  0.006942
Iterations: 0.030717
Vorticity:  0.003292
Viscosity:  0.000900
Update:     0.000041

Forces:     0.000036
Candidates: 0.000091
Neighbors:  0.006902
Iterations: 0.030726
Vorticity:  0.003287
Viscosity:  0.000902
Update:     0.000043

Forces:     0.000053
Candidates: 0.000197
Neighbors:  0.006918
Iterations: 0.030747
Vorticity:  0.003287
Viscosity:  0.000904
Update:     0.000091

Forces:     0.000031
Candidates: 0.000093
Neighbors:  0.006958
Iterations: 0.030713
Vorticity:  0.003284
Viscosity:  0.000904
Update:     0.000047

Forces:     0.000035
Candidates: 0.000093
Neighbors:  0.006925
Iterations: 0.030677
Vorticity:  0.003283
Viscosity:  0.000904
Update:     0.000042

Forces:     0.000033
Candidates: 0.000094
Neighbors:  0.006883
Iterations: 0.030702
Vorticity:  0.003282
Viscosity:  0.000907
Update:     0.000043

Forces:     0.000032
Candidates: 0.000090
Neighbors:  0.006954
Iterations: 0.030657
Vorticity:  0.003282
Viscosity:  0.000908
Update:     0.000044

Forces:     0.000049
Candidates: 0.000200
Neighbors:  0.006928
Iterations: 0.030641
Vorticity:  0.003284
Viscosity:  0.000902
Update:     0.000095

Forces:     0.000034
Candidates: 0.000092
Neighbors:  0.006903
Iterations: 0.030633
Vorticity:  0.003287
Viscosity:  0.000903
Update:     0.000048

Forces:     0.000039
Candidates: 0.000100
Neighbors:  0.006861
Iterations: 0.030634
Vorticity:  0.003278
Viscosity:  0.000907
Update:     0.000042

Forces:     0.000033
Candidates: 0.000093
Neighbors:  0.006909
Iterations: 0.030587
Vorticity:  0.003275
Viscosity:  0.000909
Update:     0.000042

Forces:     0.000035
Candidates: 0.000091
Neighbors:  0.006876
Iterations: 0.030611
Vorticity:  0.003276
Viscosity:  0.000906
Update:     0.000043

Forces:     0.000054
Candidates: 0.000197
Neighbors:  0.006855
Iterations: 0.030541
Vorticity:  0.003275
Viscosity:  0.000909
Update:     0.000089

Forces:     0.000032
Candidates: 0.000091
Neighbors:  0.006803
Iterations: 0.030527
Vorticity:  0.003265
Viscosity:  0.000905
Update:     0.000043

Forces:     0.000033
Candidates: 0.000093
Neighbors:  0.006806
Iterations: 0.030498
Vorticity:  0.003264
Viscosity:  0.000904
Update:     0.000048

Forces:     0.000032
Candidates: 0.000097
Neighbors:  0.006886
Iterations: 0.030462
Vorticity:  0.003260
Viscosity:  0.000906
Update:     0.000049

Forces:     0.000035
Candidates: 0.000094
Neighbors:  0.006867
Iterations: 0.030451
Vorticity:  0.003260
Viscosity:  0.000907
Update:     0.000045

Forces:     0.000052
Candidates: 0.000198
Neighbors:  0.006889
Iterations: 0.030415
Vorticity:  0.003258
Viscosity:  0.000901
Update:     0.000089

Forces:     0.000035
Candidates: 0.000096
Neighbors:  0.006858
Iterations: 0.030388
Vorticity:  0.003248
Viscosity:  0.000902
Update:     0.000048

Forces:     0.000034
Candidates: 0.000101
Neighbors:  0.006858
Iterations: 0.030334
Vorticity:  0.003243
Viscosity:  0.000902
Update:     0.000047

Forces:     0.000034
Candidates: 0.000093
Neighbors:  0.006824
Iterations: 0.030318
Vorticity:  0.003239
Viscosity:  0.000899
Update:     0.000043

Forces:     0.000032
Candidates: 0.000101
Neighbors:  0.006882
Iterations: 0.030274
Vorticity:  0.003233
Viscosity:  0.000899
Update:     0.000046

Forces:     0.000064
Candidates: 0.000197
Neighbors:  0.006895
Iterations: 0.030228
Vorticity:  0.003238
Viscosity:  0.000899
Update:     0.000089

Forces:     0.000035
Candidates: 0.000096
Neighbors:  0.006837
Iterations: 0.030231
Vorticity:  0.003240
Viscosity:  0.000895
Update:     0.000048

Forces:     0.000036
Candidates: 0.000103
Neighbors:  0.006903
Iterations: 0.030223
Vorticity:  0.003246
Viscosity:  0.000895
Update:     0.000046

Forces:     0.000035
Candidates: 0.000094
Neighbors:  0.006870
Iterations: 0.030248
Vorticity:  0.003252
Viscosity:  0.000896
Update:     0.000048

Forces:     0.000034
Candidates: 0.000101
Neighbors:  0.006890
Iterations: 0.030261
Vorticity:  0.003258
Viscosity:  0.000899
Update:     0.000048

Forces:     0.000052
Candidates: 0.000195
Neighbors:  0.006906
Iterations: 0.030459
Vorticity:  0.003262
Viscosity:  0.000899
Update:     0.000088

Forces:     0.000039
Candidates: 0.000101
Neighbors:  0.006857
Iterations: 0.030347
Vorticity:  0.003263
Viscosity:  0.000896
Update:     0.000046

Forces:     0.000032
Candidates: 0.000093
Neighbors:  0.006837
Iterations: 0.030402
Vorticity:  0.003272
Viscosity:  0.000902
Update:     0.000044

Forces:     0.000034
Candidates: 0.000095
Neighbors:  0.006839
Iterations: 0.030424
Vorticity:  0.003274
Viscosity:  0.000901
Update:     0.000043

Forces:     0.000032
Candidates: 0.000093
Neighbors:  0.006914
Iterations: 0.030488
Vorticity:  0.003282
Viscosity:  0.000899
Update:     0.000048

Forces:     0.000061
Candidates: 0.000212
Neighbors:  0.006888
Iterations: 0.030800
Vorticity:  0.003286
Viscosity:  0.001020
Update:     0.000102

Forces:     0.000034
Candidates: 0.000095
Neighbors:  0.006927
Iterations: 0.030598
Vorticity:  0.003293
Viscosity:  0.000900
Update:     0.000044

Forces:     0.000033
Candidates: 0.000093
Neighbors:  0.006853
Iterations: 0.030666
Vorticity:  0.003303
Viscosity:  0.000893
Update:     0.000050

Forces:     0.000035
Candidates: 0.000095
Neighbors:  0.006828
Iterations: 0.030688
Vorticity:  0.003306
Viscosity:  0.000892
Update:     0.000045

Forces:     0.000037
Candidates: 0.000102
Neighbors:  0.006926
Iterations: 0.030743
Vorticity:  0.003309
Viscosity:  0.000898
Update:     0.000048

Forces:     0.000056
Candidates: 0.000196
Neighbors:  0.006909
Iterations: 0.031105
Vorticity:  0.003309
Viscosity:  0.000902
Update:     0.000088

Forces:     0.000034
Candidates: 0.000096
Neighbors:  0.006863
Iterations: 0.030809
Vorticity:  0.003313
Viscosity:  0.000902
Update:     0.000048

Forces:     0.000033
Candidates: 0.000095
Neighbors:  0.006934
Iterations: 0.030876
Vorticity:  0.003327
Viscosity:  0.000901
Update:     0.000046

Forces:     0.000034
Candidates: 0.000100
Neighbors:  0.006861
Iterations: 0.030935
Vorticity:  0.003331
Viscosity:  0.000906
Update:     0.000046

Forces:     0.000034
Candidates: 0.000090
Neighbors:  0.006945
Iterations: 0.030950
Vorticity:  0.003332
Viscosity:  0.000904
Update:     0.000043

Forces:     0.000053
Candidates: 0.000193
Neighbors:  0.006889
Iterations: 0.031317
Vorticity:  0.003341
Viscosity:  0.000908
Update:     0.000086

Forces:     0.000034
Candidates: 0.000093
Neighbors:  0.006955
Iterations: 0.031071
Vorticity:  0.003344
Viscosity:  0.000910
Update:     0.000044

Forces:     0.000034
Candidates: 0.000091
Neighbors:  0.006882
Iterations: 0.031125
Vorticity:  0.003351
Viscosity:  0.000912
Update:     0.000046

Forces:     0.000033
Candidates: 0.000097
Neighbors:  0.006944
Iterations: 0.031240
Vorticity:  0.003364
Viscosity:  0.000907
Update:     0.000043

Forces:     0.000034
Candidates: 0.000091
Neighbors:  0.006933
Iterations: 0.031317
Vorticity:  0.003368
Viscosity:  0.000911
Update:     0.000045

Forces:     0.000055
Candidates: 0.000195
Neighbors:  0.006949
Iterations: 0.031654
Vorticity:  0.003385
Viscosity:  0.000911
Update:     0.000090

Forces:     0.000035
Candidates: 0.000093
Neighbors:  0.006916
Iterations: 0.031475
Vorticity:  0.003388
Viscosity:  0.000915
Update:     0.000047

Forces:     0.000033
Candidates: 0.000094
Neighbors:  0.006983
Iterations: 0.031559
Vorticity:  0.003400
Viscosity:  0.000924
Update:     0.000046

Forces:     0.000035
Candidates: 0.000096
Neighbors:  0.006927
Iterations: 0.031647
Vorticity:  0.003403
Viscosity:  0.000916
Update:     0.000047

Forces:     0.000035
Candidates: 0.000100
Neighbors:  0.006899
Iterations: 0.031681
Vorticity:  0.003417
Viscosity:  0.000921
Update:     0.000046

Forces:     0.000054
Candidates: 0.000198
Neighbors:  0.007012
Iterations: 0.032059
Vorticity:  0.003421
Viscosity:  0.000922
Update:     0.000088

Forces:     0.000035
Candidates: 0.000094
Neighbors:  0.006945
Iterations: 0.031826
Vorticity:  0.003431
Viscosity:  0.000926
Update:     0.000046

Forces:     0.000036
Candidates: 0.000096
Neighbors:  0.007014
Iterations: 0.031890
Vorticity:  0.003432
Viscosity:  0.000923
Update:     0.000048

Forces:     0.000034
Candidates: 0.000094
Neighbors:  0.006955
Iterations: 0.031942
Vorticity:  0.003439
Viscosity:  0.000928
Update:     0.000044

Forces:     0.000033
Candidates: 0.000098
Neighbors:  0.007033
Iterations: 0.032016
Vorticity:  0.003441
Viscosity:  0.000931
Update:     0.000047

Forces:     0.000056
Candidates: 0.000196
Neighbors:  0.007031
Iterations: 0.032333
Vorticity:  0.003455
Viscosity:  0.000931
Update:     0.000090

Forces:     0.000035
Candidates: 0.000094
Neighbors:  0.007029
Iterations: 0.032165
Vorticity:  0.003457
Viscosity:  0.000935
Update:     0.000044

Forces:     0.000034
Candidates: 0.000093
Neighbors:  0.006998
Iterations: 0.032218
Vorticity:  0.003466
Viscosity:  0.000943
Update:     0.000043

Forces:     0.000032
Candidates: 0.000094
Neighbors:  0.007060
Iterations: 0.032284
Vorticity:  0.003474
Viscosity:  0.000943
Update:     0.000047

Forces:     0.000036
Candidates: 0.000094
Neighbors:  0.007035
Iterations: 0.032339
Vorticity:  0.003483
Viscosity:  0.000953
Update:     0.000045

Forces:     0.000062
Candidates: 0.000191
Neighbors:  0.007059
Iterations: 0.032621
Vorticity:  0.003483
Viscosity:  0.000945
Update:     0.000089

Forces:     0.000034
Candidates: 0.000101
Neighbors:  0.007019
Iterations: 0.032448
Vorticity:  0.003494
Viscosity:  0.000944
Update:     0.000045

Forces:     0.000035
Candidates: 0.000099
Neighbors:  0.007091
Iterations: 0.032507
Vorticity:  0.003501
Viscosity:  0.000947
Update:     0.000044

Forces:     0.000033
Candidates: 0.000096
Neighbors:  0.007023
Iterations: 0.032604
Vorticity:  0.003502
Viscosity:  0.000952
Update:     0.000046

Forces:     0.000034
Candidates: 0.000094
Neighbors:  0.007090
Iterations: 0.032683
Vorticity:  0.003511
Viscosity:  0.000956
Update:     0.000047

Forces:     0.000059
Candidates: 0.000198
Neighbors:  0.007050
Iterations: 0.032856
Vorticity:  0.003522
Viscosity:  0.000955
Update:     0.000089

Forces:     0.000035
Candidates: 0.000094
Neighbors:  0.007023
Iterations: 0.032862
Vorticity:  0.003525
Viscosity:  0.000955
Update:     0.000047

Forces:     0.000035
Candidates: 0.000092
Neighbors:  0.007104
Iterations: 0.032773
Vorticity:  0.003529
Viscosity:  0.000961
Update:     0.000049

Forces:     0.000038
Candidates: 0.000101
Neighbors:  0.007068
Iterations: 0.032845
Vorticity:  0.003531
Viscosity:  0.000963
Update:     0.000044

Forces:     0.000036
Candidates: 0.000104
Neighbors:  0.007055
Iterations: 0.032917
Vorticity:  0.003535
Viscosity:  0.000966
Update:     0.000045

Forces:     0.000048
Candidates: 0.000197
Neighbors:  0.007131
Iterations: 0.033114
Vorticity:  0.003544
Viscosity:  0.000966
Update:     0.000089

Forces:     0.000035
Candidates: 0.000096
Neighbors:  0.007079
Iterations: 0.033013
Vorticity:  0.003550
Viscosity:  0.000966
Update:     0.000051

Forces:     0.000035
Candidates: 0.000096
Neighbors:  0.007103
Iterations: 0.033072
Vorticity:  0.003557
Viscosity:  0.000967
Update:     0.000046

Forces:     0.000035
Candidates: 0.000095
Neighbors:  0.007113
Iterations: 0.033120
Vorticity:  0.003560
Viscosity:  0.000974
Update:     0.000052

Forces:     0.000034
Candidates: 0.000094
Neighbors:  0.007118
Iterations: 0.033228
Vorticity:  0.003563
Viscosity:  0.000967
Update:     0.000048

Forces:     0.000061
Candidates: 0.000197
Neighbors:  0.007144
Iterations: 0.033384
Vorticity:  0.003571
Viscosity:  0.000976
Update:     0.000089

Forces:     0.000034
Candidates: 0.000093
Neighbors:  0.007114
Iterations: 0.033395
Vorticity:  0.003573
Viscosity:  0.000974
Update:     0.000048

Forces:     0.000036
Candidates: 0.000095
Neighbors:  0.007081
Iterations: 0.033450
Vorticity:  0.003582
Viscosity:  0.000974
Update:     0.000047

Forces:     0.000035
Candidates: 0.000096
Neighbors:  0.007160
Iterations: 0.033537
Vorticity:  0.003596
Viscosity:  0.000981
Update:     0.000044

Forces:     0.000035
Candidates: 0.000094
Neighbors:  0.007116
Iterations: 0.033575
Vorticity:  0.003595
Viscosity:  0.000980
Update:     0.000044

Forces:     0.000054
Candidates: 0.000195
Neighbors:  0.007199
Iterations: 0.033561
Vorticity:  0.003605
Viscosity:  0.000982
Update:     0.000091

Forces:     0.000037
Candidates: 0.000096
Neighbors:  0.007118
Iterations: 0.033655
Vorticity:  0.003602
Viscosity:  0.000988
Update:     0.000047

Forces:     0.000035
Candidates: 0.000105
Neighbors:  0.007083
Iterations: 0.033655
Vorticity:  0.003599
Viscosity:  0.000986
Update:     0.000049

Forces:     0.000034
Candidates: 0.000096
Neighbors:  0.007101
Iterations: 0.033756
Vorticity:  0.003610
Viscosity:  0.000987
Update:     0.000045

Forces:     0.000032
Candidates: 0.000096
Neighbors:  0.007175
Iterations: 0.033775
Vorticity:  0.003611
Viscosity:  0.000985
Update:     0.000046

Total Forces:     0.028120
Total Candidates: 0.054745
Total Neighbors:  3.466999
Total Iterations: 16.073388
Total Vorticity:  1.710081
Total Viscosity:  0.451921
Total Update:     0.030653

