Total Forces:     0.002893
Total Candidates: 0.006311
Total Neighbors:  1.108321
Total Iterations: 4.693980
Total Vorticity:  0.453464
Total Viscosity:  0.120411
Total Update:     0.006517
Total Time: 6.391898

Total Forces:     0.004366
Total Candidates: 0.012295
Total Neighbors:  1.250866
Total Iterations: 5.316072
Total Vorticity:  0.513545
Total Viscosity:  0.136819
Total Update:     0.014691
Total Time: 7.248654

Total Forces:     0.004280
Total Candidates: 0.021433
Total Neighbors:  1.776218
Total Iterations: 7.888133
Total Vorticity:  0.765021
Total Viscosity:  0.245353
Total Update:     0.016140
Total Time: 10.716577

Total Forces:     0.016877
Total Candidates: 0.043158
Total Neighbors:  1.994632
Total Iterations: 8.387608
Total Vorticity:  0.799913
Total Viscosity:  0.251720
Total Update:     0.032041
Total Time: 11.525950

Total Forces:     0.017914
Total Candidates: 0.053882
Total Neighbors:  2.584514
Total Iterations: 10.703856
Total Vorticity:  1.149642
Total Viscosity:  0.307079
Total Update:     0.029522
Total Time: 14.846409

Total Forces:     0.016101
Total Candidates: 0.052981
Total Neighbors:  4.014581
Total Iterations: 17.644321
Total Vorticity:  1.926707
Total Viscosity:  0.511739
Total Update:     0.031842
Total Time: 24.198272

Total Forces:     0.060752
Total Candidates: 0.073198
Total Neighbors:  4.122691
Total Iterations: 17.549472
Total Vorticity:  1.893783
Total Viscosity:  0.512743
Total Update:     0.055141
Total Time: 24.267778

Total Forces:     0.054244
Total Candidates: 0.086562
Total Neighbors:  4.248828
Total Iterations: 17.333181
Total Vorticity:  1.870786
Total Viscosity:  0.512278
Total Update:     0.097538
Total Time: 24.203415

